2023-10-03 18:43:16,588 [INFO] Activator:176 - 


2023-10-03 18:43:16,592 [INFO] Activator:177 - !SESSION log4j initialized
2023-10-03 18:43:20,528 [INFO] LogOutputStream:77 - [STDOUT_REDIRECT] 
2023-10-03 18:43:23,777 [INFO] ApplicationProperties:184 - Using Application install path: /opt/st/stm32cubeide_1.13.0/plugins/com.st.stm32cube.common.mx_6.9.0.202307051724
2023-10-03 18:43:23,795 [INFO] DbMcusXml:78 - Set database path to: /opt/st/stm32cubeide_1.13.0/plugins/com.st.stm32cube.common.mx_6.9.0.202307051724//db//mcu/
2023-10-03 18:43:23,795 [INFO] ApiDb:274 - Set plugin database path to: /opt/st/stm32cubeide_1.13.0/plugins/com.st.stm32cube.common.mx_6.9.0.202307051724//db//plugins/boardmanager/
2023-10-03 18:43:23,796 [WARN] ApiDb:259 - Overriding images path with different value:  => /opt/st/stm32cubeide_1.13.0/plugins/com.st.stm32cube.common.mx_6.9.0.202307051724//db//plugins/mcufinder/images/
2023-10-03 18:43:23,805 [INFO] ApiDb:250 - Set database path to: /home/manjunath/.stmcufinder/plugins/mcufinder//mcu/
2023-10-03 18:43:23,806 [INFO] DbMcusAds:125 - Set database path to: /home/manjunath/.stmcufinder/plugins/mcufinder//mcu/
2023-10-03 18:43:23,808 [INFO] CrossReferenceDbSqlite:203 - Set database path to: /home/manjunath/.stmcufinder/plugins/mcufinder//mcu/cs/
2023-10-03 18:43:23,950 [INFO] RulesReader:64 - Compatibility file has been processed (293 Rules)
2023-10-03 18:43:24,001 [INFO] DbMcusXml:78 - Set database path to: /opt/st/stm32cubeide_1.13.0/plugins/com.st.stm32cube.common.mx_6.9.0.202307051724//db//mcu/
2023-10-03 18:43:24,001 [INFO] ApiDb:274 - Set plugin database path to: /opt/st/stm32cubeide_1.13.0/plugins/com.st.stm32cube.common.mx_6.9.0.202307051724//db//plugins/boardmanager/
2023-10-03 18:43:24,001 [INFO] ApiDb:261 - Set plugin images path to: /opt/st/stm32cubeide_1.13.0/plugins/com.st.stm32cube.common.mx_6.9.0.202307051724//db//plugins/mcufinder/images/
2023-10-03 18:43:24,002 [WARN] DbFile:41 - Overriding database path with different value: /home/manjunath/.stmcufinder/plugins/mcufinder/ => /home/manjunath/.stmcufinder/plugins/mcufinder
2023-10-03 18:43:24,002 [INFO] ApiDb:250 - Set database path to: /home/manjunath/.stmcufinder/plugins/mcufinder//mcu/
2023-10-03 18:43:24,002 [WARN] DbFile:41 - Overriding database path with different value: /home/manjunath/.stmcufinder/plugins/mcufinder/ => /home/manjunath/.stmcufinder/plugins/mcufinder
2023-10-03 18:43:24,002 [INFO] DbMcusAds:125 - Set database path to: /home/manjunath/.stmcufinder/plugins/mcufinder//mcu/
2023-10-03 18:43:24,002 [WARN] DbFile:41 - Overriding database path with different value: /home/manjunath/.stmcufinder/plugins/mcufinder/ => /home/manjunath/.stmcufinder/plugins/mcufinder
2023-10-03 18:43:24,002 [WARN] DbFile:41 - Overriding database path with different value: /home/manjunath/.stmcufinder/plugins/mcufinder/ => /home/manjunath/.stmcufinder/plugins/mcufinder
2023-10-03 18:43:24,002 [INFO] CrossReferenceDbSqlite:203 - Set database path to: /home/manjunath/.stmcufinder/plugins/mcufinder//mcu/cs/
2023-10-03 18:43:24,060 [INFO] MainPanel:262 - HeapMemory: 268435456
2023-10-03 18:43:24,144 [INFO] DbMcusXml:78 - Set database path to: /opt/st/stm32cubeide_1.13.0/plugins/com.st.stm32cube.common.mx_6.9.0.202307051724//db//mcu/
2023-10-03 18:43:24,144 [INFO] ApiDb:274 - Set plugin database path to: /opt/st/stm32cubeide_1.13.0/plugins/com.st.stm32cube.common.mx_6.9.0.202307051724//db//plugins/boardmanager/
2023-10-03 18:43:24,144 [INFO] ApiDb:261 - Set plugin images path to: /opt/st/stm32cubeide_1.13.0/plugins/com.st.stm32cube.common.mx_6.9.0.202307051724//db//plugins/mcufinder/images/
2023-10-03 18:43:24,144 [WARN] DbFile:41 - Overriding database path with different value: /home/manjunath/.stmcufinder/plugins/mcufinder/ => /home/manjunath/.stmcufinder/plugins/mcufinder
2023-10-03 18:43:24,144 [INFO] ApiDb:250 - Set database path to: /home/manjunath/.stmcufinder/plugins/mcufinder//mcu/
2023-10-03 18:43:24,144 [WARN] DbFile:41 - Overriding database path with different value: /home/manjunath/.stmcufinder/plugins/mcufinder/ => /home/manjunath/.stmcufinder/plugins/mcufinder
2023-10-03 18:43:24,145 [INFO] DbMcusAds:125 - Set database path to: /home/manjunath/.stmcufinder/plugins/mcufinder//mcu/
2023-10-03 18:43:24,145 [WARN] DbFile:41 - Overriding database path with different value: /home/manjunath/.stmcufinder/plugins/mcufinder/ => /home/manjunath/.stmcufinder/plugins/mcufinder
2023-10-03 18:43:24,145 [WARN] DbFile:41 - Overriding database path with different value: /home/manjunath/.stmcufinder/plugins/mcufinder/ => /home/manjunath/.stmcufinder/plugins/mcufinder
2023-10-03 18:43:24,145 [INFO] CrossReferenceDbSqlite:203 - Set database path to: /home/manjunath/.stmcufinder/plugins/mcufinder//mcu/cs/
2023-10-03 18:43:24,160 [INFO] ApplicationProperties:184 - Using Application install path: /opt/st/stm32cubeide_1.13.0/plugins/com.st.stm32cube.common.mx_6.9.0.202307051724
2023-10-03 18:43:24,162 [INFO] PluginManage:196 - Search for loadable plugins [exclusion list=, ]
2023-10-03 18:43:24,164 [INFO] PluginManage:310 - Check plugin analytics
2023-10-03 18:43:24,336 [INFO] AnalyticsPlugin:253 - Accepted Software Licenses: 
2023-10-03 18:43:24,337 [INFO] AnalyticsPlugin:255 - Accepted CMSIS Pack Licenses: 
2023-10-03 18:43:24,337 [INFO] AnalyticsPlugin:257 - Accepted Firmware Licenses: FW.F4.1.27.0
2023-10-03 18:43:24,339 [INFO] PluginManage:359 - Loaded plugin analytics (category:tool,tabindex:-1)
2023-10-03 18:43:24,339 [INFO] PluginManage:310 - Check plugin cadmodel
2023-10-03 18:43:24,416 [INFO] CADModel:105 - Init CAD model plugin
2023-10-03 18:43:24,416 [INFO] PluginManage:359 - Loaded plugin cadmodel (category:power,tabindex:5)
2023-10-03 18:43:24,416 [INFO] PluginManage:310 - Check plugin clock
2023-10-03 18:43:24,424 [INFO] PluginManage:359 - Loaded plugin clock (category:base,tabindex:2)
2023-10-03 18:43:24,425 [INFO] PluginManage:310 - Check plugin ddr
2023-10-03 18:43:24,427 [INFO] PluginManage:359 - Loaded plugin ddr (category:tool,tabindex:6)
2023-10-03 18:43:24,427 [INFO] PluginManage:310 - Check plugin filemanager
2023-10-03 18:43:24,535 [INFO] PluginManage:359 - Loaded plugin filemanager (category:base,tabindex:10)
2023-10-03 18:43:24,535 [INFO] PluginManage:310 - Check plugin ipmanager
2023-10-03 18:43:24,540 [INFO] PluginManage:359 - Loaded plugin ipmanager (category:base,tabindex:5)
2023-10-03 18:43:24,540 [INFO] PluginManage:310 - Check plugin lpbam
2023-10-03 18:43:24,550 [INFO] PluginManage:359 - Loaded plugin lpbam (category:base,tabindex:0)
2023-10-03 18:43:24,551 [INFO] PluginManage:310 - Check plugin memorymap
2023-10-03 18:43:24,564 [INFO] PluginManage:359 - Loaded plugin memorymap (category:base,tabindex:4)
2023-10-03 18:43:24,565 [INFO] PluginManage:310 - Check plugin pinoutandconfiguration
2023-10-03 18:43:24,572 [INFO] PluginManage:359 - Loaded plugin pinoutandconfiguration (category:base,tabindex:1)
2023-10-03 18:43:24,573 [INFO] PluginManage:310 - Check plugin pinoutconfig
2023-10-03 18:43:24,655 [WARN] SupportedApi:132 - Cannot load RTOS API schema: s4s-elt-must-match.1: The content of 'definitions' must match (annotation?, (simpleType | complexType)?, (unique | key | keyref)*)). A problem was found starting at: attribute.
2023-10-03 18:43:24,776 [INFO] PluginManage:359 - Loaded plugin pinoutconfig (category:base,tabindex:0)
2023-10-03 18:43:24,776 [INFO] PluginManage:310 - Check plugin power
2023-10-03 18:43:24,787 [INFO] PluginManage:359 - Loaded plugin power (category:power,tabindex:4)
2023-10-03 18:43:24,787 [INFO] PluginManage:310 - Check plugin projectmanager
2023-10-03 18:43:24,804 [INFO] PluginManage:359 - Loaded plugin projectmanager (category:projectmanager,tabindex:3)
2023-10-03 18:43:24,804 [INFO] PluginManage:310 - Check plugin thirdparty
2023-10-03 18:43:24,937 [INFO] PluginManage:359 - Loaded plugin thirdparty (category:base,tabindex:-1)
2023-10-03 18:43:24,937 [WARN] IntegrityCheckThread:84 - waiting for thirdparty lock release [integrity check]
2023-10-03 18:43:24,937 [INFO] PluginManage:310 - Check plugin tools
2023-10-03 18:43:24,937 [INFO] IntegrityCheckThread:86 - entering critical section [integrity check]
2023-10-03 18:43:24,938 [INFO] ThirdPartyUpdaterWithRetryManager:70 - Updater plugin not ready yet. [1/15]
2023-10-03 18:43:24,939 [INFO] PluginManage:359 - Loaded plugin tools (category:base,tabindex:7)
2023-10-03 18:43:24,939 [INFO] PluginManage:310 - Check plugin tutovideos
2023-10-03 18:43:25,109 [INFO] PluginManage:359 - Loaded plugin tutovideos (category:base,tabindex:-1)
2023-10-03 18:43:25,110 [INFO] PluginManage:310 - Check plugin updater
2023-10-03 18:43:25,120 [INFO] PluginManage:359 - Loaded plugin updater (category:base,tabindex:12)
2023-10-03 18:43:25,120 [INFO] PluginManage:310 - Check plugin userauth
2023-10-03 18:43:25,125 [INFO] UserAuth:113 - Init User Auth plugin
2023-10-03 18:43:25,125 [INFO] PluginManage:359 - Loaded plugin userauth (category:base,tabindex:14)
2023-10-03 18:43:25,125 [INFO] PluginManage:283 - PluginManage : Loaded plugins [17]
2023-10-03 18:43:25,292 [INFO] PinOutPanel:1499 - setPackage(No Configuration,No Configuration)
2023-10-03 18:43:25,375 [INFO] CADModel:165 - CPN selected for project level
2023-10-03 18:43:25,375 [INFO] CADModel:114 - Register for checkConnection events
2023-10-03 18:43:25,388 [INFO] IPUIPlugin:80 - create IPUIPlugin
2023-10-03 18:43:25,388 [INFO] PluginManager:220 - loadIPPluginJar : add hash
2023-10-03 18:43:25,391 [INFO] IPUIPlugin:80 - create IPUIPlugin
2023-10-03 18:43:25,391 [INFO] PluginManager:220 - loadIPPluginJar : add ipddr
2023-10-03 18:43:25,392 [INFO] IPUIPlugin:80 - create IPUIPlugin
2023-10-03 18:43:25,393 [INFO] PluginManager:220 - loadIPPluginJar : add genericplugin
2023-10-03 18:43:25,394 [INFO] IPUIPlugin:80 - create IPUIPlugin
2023-10-03 18:43:25,394 [INFO] PluginManager:220 - loadIPPluginJar : add fatfs
2023-10-03 18:43:25,400 [INFO] IPUIPlugin:80 - create IPUIPlugin
2023-10-03 18:43:25,402 [INFO] PluginManager:220 - loadIPPluginJar : add plateformsettings
2023-10-03 18:43:25,404 [INFO] IPUIPlugin:80 - create IPUIPlugin
2023-10-03 18:43:25,404 [INFO] PluginManager:220 - loadIPPluginJar : add pdm2pcm
2023-10-03 18:43:25,406 [INFO] IPUIPlugin:80 - create IPUIPlugin
2023-10-03 18:43:25,406 [INFO] PluginManager:220 - loadIPPluginJar : add cryp
2023-10-03 18:43:25,407 [INFO] IPUIPlugin:80 - create IPUIPlugin
2023-10-03 18:43:25,408 [INFO] PluginManager:220 - loadIPPluginJar : add tim
2023-10-03 18:43:25,411 [INFO] IPUIPlugin:80 - create IPUIPlugin
2023-10-03 18:43:25,411 [INFO] PluginManager:220 - loadIPPluginJar : add spi
2023-10-03 18:43:25,417 [INFO] IPUIPlugin:80 - create IPUIPlugin
2023-10-03 18:43:25,417 [INFO] PluginManager:220 - loadIPPluginJar : add mdma
2023-10-03 18:43:25,419 [INFO] IPUIPlugin:80 - create IPUIPlugin
2023-10-03 18:43:25,419 [INFO] PluginManager:220 - loadIPPluginJar : add aes
2023-10-03 18:43:25,421 [INFO] IPUIPlugin:80 - create IPUIPlugin
2023-10-03 18:43:25,421 [INFO] PluginManager:220 - loadIPPluginJar : add gfxmmu
2023-10-03 18:43:25,423 [INFO] IPUIPlugin:80 - create IPUIPlugin
2023-10-03 18:43:25,423 [INFO] PluginManager:220 - loadIPPluginJar : add ucpd
2023-10-03 18:43:25,424 [INFO] IPUIPlugin:80 - create IPUIPlugin
2023-10-03 18:43:25,424 [INFO] PluginManager:220 - loadIPPluginJar : add quadspi
2023-10-03 18:43:25,426 [INFO] IPUIPlugin:80 - create IPUIPlugin
2023-10-03 18:43:25,426 [INFO] PluginManager:220 - loadIPPluginJar : add tracer_emb
2023-10-03 18:43:25,428 [INFO] IPUIPlugin:80 - create IPUIPlugin
2023-10-03 18:43:25,428 [INFO] PluginManager:220 - loadIPPluginJar : add dfsdm
2023-10-03 18:43:25,431 [INFO] IPUIPlugin:80 - create IPUIPlugin
2023-10-03 18:43:25,431 [INFO] PluginManager:220 - loadIPPluginJar : add sai
2023-10-03 18:43:25,433 [INFO] IPUIPlugin:80 - create IPUIPlugin
2023-10-03 18:43:25,433 [INFO] PluginManager:220 - loadIPPluginJar : add lorawan
2023-10-03 18:43:25,435 [INFO] IPUIPlugin:80 - create IPUIPlugin
2023-10-03 18:43:25,435 [INFO] PluginManager:220 - loadIPPluginJar : add usbx
2023-10-03 18:43:25,441 [INFO] IPUIPlugin:80 - create IPUIPlugin
2023-10-03 18:43:25,441 [INFO] PluginManager:220 - loadIPPluginJar : add linkedlist
2023-10-03 18:43:25,442 [INFO] IPUIPlugin:80 - create IPUIPlugin
2023-10-03 18:43:25,442 [INFO] PluginManager:220 - loadIPPluginJar : add ltdc
2023-10-03 18:43:25,445 [INFO] IPUIPlugin:80 - create IPUIPlugin
2023-10-03 18:43:25,446 [INFO] PluginManager:220 - loadIPPluginJar : add nvic
2023-10-03 18:43:25,449 [INFO] IPUIPlugin:80 - create IPUIPlugin
2023-10-03 18:43:25,449 [INFO] PluginManager:220 - loadIPPluginJar : add gtzc
2023-10-03 18:43:25,455 [INFO] IPUIPlugin:80 - create IPUIPlugin
2023-10-03 18:43:25,455 [INFO] PluginManager:220 - loadIPPluginJar : add freertos
2023-10-03 18:43:25,460 [INFO] IPUIPlugin:80 - create IPUIPlugin
2023-10-03 18:43:25,461 [INFO] PluginManager:220 - loadIPPluginJar : add dma
2023-10-03 18:43:25,463 [INFO] IPUIPlugin:80 - create IPUIPlugin
2023-10-03 18:43:25,463 [INFO] PluginManager:220 - loadIPPluginJar : add tsc
2023-10-03 18:43:25,466 [INFO] IPUIPlugin:80 - create IPUIPlugin
2023-10-03 18:43:25,466 [INFO] PluginManager:220 - loadIPPluginJar : add usart
2023-10-03 18:43:25,468 [INFO] IPUIPlugin:80 - create IPUIPlugin
2023-10-03 18:43:25,468 [INFO] PluginManager:220 - loadIPPluginJar : add comp
2023-10-03 18:43:25,470 [INFO] IPUIPlugin:80 - create IPUIPlugin
2023-10-03 18:43:25,470 [INFO] PluginManager:220 - loadIPPluginJar : add i2s
2023-10-03 18:43:25,473 [INFO] IPUIPlugin:80 - create IPUIPlugin
2023-10-03 18:43:25,473 [INFO] PluginManager:220 - loadIPPluginJar : add i2c
2023-10-03 18:43:25,475 [INFO] IPUIPlugin:80 - create IPUIPlugin
2023-10-03 18:43:25,475 [INFO] PluginManager:220 - loadIPPluginJar : add i3c
2023-10-03 18:43:25,480 [INFO] IPUIPlugin:80 - create IPUIPlugin
2023-10-03 18:43:25,480 [INFO] PluginManager:220 - loadIPPluginJar : add resmgrutility
2023-10-03 18:43:25,484 [INFO] IPUIPlugin:80 - create IPUIPlugin
2023-10-03 18:43:25,485 [INFO] PluginManager:220 - loadIPPluginJar : add stm32_wpan
2023-10-03 18:43:25,487 [INFO] IPUIPlugin:80 - create IPUIPlugin
2023-10-03 18:43:25,487 [INFO] PluginManager:220 - loadIPPluginJar : add dma3
2023-10-03 18:43:25,489 [INFO] IPUIPlugin:80 - create IPUIPlugin
2023-10-03 18:43:25,489 [INFO] PluginManager:220 - loadIPPluginJar : add touchsensing
2023-10-03 18:43:25,491 [INFO] IPUIPlugin:80 - create IPUIPlugin
2023-10-03 18:43:25,491 [INFO] PluginManager:220 - loadIPPluginJar : add can
2023-10-03 18:43:25,494 [INFO] IPUIPlugin:80 - create IPUIPlugin
2023-10-03 18:43:25,494 [INFO] PluginManager:220 - loadIPPluginJar : add fmc
2023-10-03 18:43:25,499 [INFO] IPUIPlugin:80 - create IPUIPlugin
2023-10-03 18:43:25,499 [INFO] PluginManager:220 - loadIPPluginJar : add gic
2023-10-03 18:43:25,501 [INFO] IPUIPlugin:80 - create IPUIPlugin
2023-10-03 18:43:25,501 [INFO] PluginManager:220 - loadIPPluginJar : add ts
2023-10-03 18:43:25,503 [INFO] IPUIPlugin:80 - create IPUIPlugin
2023-10-03 18:43:25,503 [INFO] PluginManager:220 - loadIPPluginJar : add opamp
2023-10-03 18:43:25,522 [INFO] IPUIPlugin:80 - create IPUIPlugin
2023-10-03 18:43:25,522 [INFO] PluginManager:220 - loadIPPluginJar : add gpio
2023-10-03 18:43:25,524 [INFO] IPUIPlugin:80 - create IPUIPlugin
2023-10-03 18:43:25,524 [INFO] PluginManager:220 - loadIPPluginJar : add openamp
2023-10-03 18:43:25,529 [INFO] IPUIPlugin:80 - create IPUIPlugin
2023-10-03 18:43:25,529 [INFO] PluginManager:220 - loadIPPluginJar : add adc
2023-10-03 18:43:25,621 [INFO] CADModel:165 - CPN selected for project level
2023-10-03 18:43:25,621 [INFO] CADModel:114 - Register for checkConnection events
2023-10-03 18:43:25,622 [FATAL] Updater:308 - Updater called before beeing initialized
2023-10-03 18:43:25,622 [ERROR] CADModel:125 - Updater not yet initialized, retry later 
2023-10-03 18:43:25,736 [INFO] CADModel:165 - CPN selected for project level
2023-10-03 18:43:25,736 [INFO] CADModel:114 - Register for checkConnection events
2023-10-03 18:43:25,736 [FATAL] Updater:308 - Updater called before beeing initialized
2023-10-03 18:43:25,736 [ERROR] CADModel:125 - Updater not yet initialized, retry later 
2023-10-03 18:43:25,739 [FATAL] Updater:308 - Updater called before beeing initialized
2023-10-03 18:43:25,798 [FATAL] Updater:308 - Updater called before beeing initialized
2023-10-03 18:43:25,803 [INFO] DbMcusAds:53 - JSON generation date=Tue Mar 07 14:20:55 IST 2023 (1678179055114)
2023-10-03 18:43:25,803 [FATAL] Updater:308 - Updater called before beeing initialized
2023-10-03 18:43:25,836 [WARN] DetailPanel:346 - Failed to get advertising image, set to default
2023-10-03 18:43:26,010 [FATAL] Updater:308 - Updater called before beeing initialized
2023-10-03 18:43:26,012 [FATAL] Updater:308 - Updater called before beeing initialized
2023-10-03 18:43:26,012 [FATAL] Updater:308 - Updater called before beeing initialized
2023-10-03 18:43:26,013 [WARN] DetailPanel:346 - Failed to get advertising image, set to default
2023-10-03 18:43:26,013 [FATAL] Updater:308 - Updater called before beeing initialized
2023-10-03 18:43:26,079 [ERROR] Updater:1120 - MainUpdater not yet initialized. External WinMGr cannot be set.
2023-10-03 18:43:26,081 [INFO] Updater:1056 - Updater Version found : 6.9.0
2023-10-03 18:43:26,100 [INFO] ApplicationProperties:184 - Using Application install path: /opt/st/stm32cubeide_1.13.0/plugins/com.st.stm32cube.common.mx_6.9.0.202307051724
2023-10-03 18:43:26,253 [INFO] MainUpdater:2868 - connection check result : 10
2023-10-03 18:43:26,253 [INFO] MainUpdater:3562 - Updater definition file requires update
2023-10-03 18:43:26,254 [INFO] MainUpdater:285 - Updater Check For Update Now.
2023-10-03 18:43:26,254 [INFO] MicroXplorer:498 - Change Database Version : DB.6.0.90
2023-10-03 18:43:26,257 [INFO] McuFinderGlobals:63 - Set McuFinder mode to 2 (CubeIDE integrated)
2023-10-03 18:43:26,278 [INFO] ServerAccessManage:473 - Download File updaters.zip
2023-10-03 18:43:26,365 [INFO] FileExtend:240 - Unzip File : updaters.zip
2023-10-03 18:43:26,365 [INFO] FileExtend:255 - Standard Zip Deflate
2023-10-03 18:43:26,552 [INFO] ServerAccessManage:473 - Download File PacksControlFlags.xml
2023-10-03 18:43:26,643 [INFO] ServerAccessManage:473 - Download File cubemx.pidx
