2023-07-16 20:08:26,211 [INFO] Activator:176 - 


2023-07-16 20:08:26,215 [INFO] Activator:177 - !SESSION log4j initialized
2023-07-16 20:08:31,109 [INFO] LogOutputStream:77 - [STDOUT_REDIRECT] 
2023-07-16 20:08:38,871 [INFO] ApplicationProperties:184 - Using Application install path: /opt/st/stm32cubeide_1.13.0/plugins/com.st.stm32cube.common.mx_6.9.0.202307051724
2023-07-16 20:08:38,885 [INFO] DbMcusXml:78 - Set database path to: /opt/st/stm32cubeide_1.13.0/plugins/com.st.stm32cube.common.mx_6.9.0.202307051724//db//mcu/
2023-07-16 20:08:38,885 [INFO] ApiDb:274 - Set plugin database path to: /opt/st/stm32cubeide_1.13.0/plugins/com.st.stm32cube.common.mx_6.9.0.202307051724//db//plugins/boardmanager/
2023-07-16 20:08:38,885 [WARN] ApiDb:259 - Overriding images path with different value:  => /opt/st/stm32cubeide_1.13.0/plugins/com.st.stm32cube.common.mx_6.9.0.202307051724//db//plugins/mcufinder/images/
2023-07-16 20:08:38,893 [INFO] ApiDb:250 - Set database path to: /home/manjunath/.stmcufinder/plugins/mcufinder//mcu/
2023-07-16 20:08:38,894 [INFO] DbMcusAds:125 - Set database path to: /home/manjunath/.stmcufinder/plugins/mcufinder//mcu/
2023-07-16 20:08:39,324 [INFO] CrossReferenceDbSqlite:203 - Set database path to: /home/manjunath/.stmcufinder/plugins/mcufinder//mcu/cs/
2023-07-16 20:08:39,442 [INFO] RulesReader:64 - Compatibility file has been processed (293 Rules)
2023-07-16 20:08:39,496 [INFO] DbMcusXml:78 - Set database path to: /opt/st/stm32cubeide_1.13.0/plugins/com.st.stm32cube.common.mx_6.9.0.202307051724//db//mcu/
2023-07-16 20:08:39,497 [INFO] ApiDb:274 - Set plugin database path to: /opt/st/stm32cubeide_1.13.0/plugins/com.st.stm32cube.common.mx_6.9.0.202307051724//db//plugins/boardmanager/
2023-07-16 20:08:39,497 [INFO] ApiDb:261 - Set plugin images path to: /opt/st/stm32cubeide_1.13.0/plugins/com.st.stm32cube.common.mx_6.9.0.202307051724//db//plugins/mcufinder/images/
2023-07-16 20:08:39,497 [WARN] DbFile:41 - Overriding database path with different value: /home/manjunath/.stmcufinder/plugins/mcufinder/ => /home/manjunath/.stmcufinder/plugins/mcufinder
2023-07-16 20:08:39,497 [INFO] ApiDb:250 - Set database path to: /home/manjunath/.stmcufinder/plugins/mcufinder//mcu/
2023-07-16 20:08:39,497 [WARN] DbFile:41 - Overriding database path with different value: /home/manjunath/.stmcufinder/plugins/mcufinder/ => /home/manjunath/.stmcufinder/plugins/mcufinder
2023-07-16 20:08:39,497 [INFO] DbMcusAds:125 - Set database path to: /home/manjunath/.stmcufinder/plugins/mcufinder//mcu/
2023-07-16 20:08:39,497 [WARN] DbFile:41 - Overriding database path with different value: /home/manjunath/.stmcufinder/plugins/mcufinder/ => /home/manjunath/.stmcufinder/plugins/mcufinder
2023-07-16 20:08:39,498 [WARN] DbFile:41 - Overriding database path with different value: /home/manjunath/.stmcufinder/plugins/mcufinder/ => /home/manjunath/.stmcufinder/plugins/mcufinder
2023-07-16 20:08:39,543 [INFO] CrossReferenceDbSqlite:203 - Set database path to: /home/manjunath/.stmcufinder/plugins/mcufinder//mcu/cs/
2023-07-16 20:08:39,628 [INFO] MainPanel:262 - HeapMemory: 268435456
2023-07-16 20:08:39,698 [INFO] DbMcusXml:78 - Set database path to: /opt/st/stm32cubeide_1.13.0/plugins/com.st.stm32cube.common.mx_6.9.0.202307051724//db//mcu/
2023-07-16 20:08:39,698 [INFO] ApiDb:274 - Set plugin database path to: /opt/st/stm32cubeide_1.13.0/plugins/com.st.stm32cube.common.mx_6.9.0.202307051724//db//plugins/boardmanager/
2023-07-16 20:08:39,698 [INFO] ApiDb:261 - Set plugin images path to: /opt/st/stm32cubeide_1.13.0/plugins/com.st.stm32cube.common.mx_6.9.0.202307051724//db//plugins/mcufinder/images/
2023-07-16 20:08:39,698 [WARN] DbFile:41 - Overriding database path with different value: /home/manjunath/.stmcufinder/plugins/mcufinder/ => /home/manjunath/.stmcufinder/plugins/mcufinder
2023-07-16 20:08:39,699 [INFO] ApiDb:250 - Set database path to: /home/manjunath/.stmcufinder/plugins/mcufinder//mcu/
2023-07-16 20:08:39,699 [WARN] DbFile:41 - Overriding database path with different value: /home/manjunath/.stmcufinder/plugins/mcufinder/ => /home/manjunath/.stmcufinder/plugins/mcufinder
2023-07-16 20:08:39,699 [INFO] DbMcusAds:125 - Set database path to: /home/manjunath/.stmcufinder/plugins/mcufinder//mcu/
2023-07-16 20:08:39,699 [WARN] DbFile:41 - Overriding database path with different value: /home/manjunath/.stmcufinder/plugins/mcufinder/ => /home/manjunath/.stmcufinder/plugins/mcufinder
2023-07-16 20:08:39,699 [WARN] DbFile:41 - Overriding database path with different value: /home/manjunath/.stmcufinder/plugins/mcufinder/ => /home/manjunath/.stmcufinder/plugins/mcufinder
2023-07-16 20:08:40,330 [INFO] CrossReferenceDbSqlite:203 - Set database path to: /home/manjunath/.stmcufinder/plugins/mcufinder//mcu/cs/
2023-07-16 20:08:40,346 [INFO] ApplicationProperties:184 - Using Application install path: /opt/st/stm32cubeide_1.13.0/plugins/com.st.stm32cube.common.mx_6.9.0.202307051724
2023-07-16 20:08:40,348 [INFO] PluginManage:196 - Search for loadable plugins [exclusion list=, ]
2023-07-16 20:08:40,350 [INFO] PluginManage:310 - Check plugin analytics
2023-07-16 20:08:40,544 [INFO] AnalyticsPlugin:253 - Accepted Software Licenses: 
2023-07-16 20:08:40,544 [INFO] AnalyticsPlugin:255 - Accepted CMSIS Pack Licenses: 
2023-07-16 20:08:40,544 [INFO] AnalyticsPlugin:257 - Accepted Firmware Licenses: FW.F4.1.27.0
2023-07-16 20:08:40,547 [INFO] PluginManage:359 - Loaded plugin analytics (category:tool,tabindex:-1)
2023-07-16 20:08:40,547 [INFO] PluginManage:310 - Check plugin cadmodel
2023-07-16 20:08:40,625 [INFO] CADModel:105 - Init CAD model plugin
2023-07-16 20:08:40,625 [INFO] PluginManage:359 - Loaded plugin cadmodel (category:power,tabindex:5)
2023-07-16 20:08:40,625 [INFO] PluginManage:310 - Check plugin clock
2023-07-16 20:08:40,634 [INFO] PluginManage:359 - Loaded plugin clock (category:base,tabindex:2)
2023-07-16 20:08:40,635 [INFO] PluginManage:310 - Check plugin ddr
2023-07-16 20:08:40,637 [INFO] PluginManage:359 - Loaded plugin ddr (category:tool,tabindex:6)
2023-07-16 20:08:40,637 [INFO] PluginManage:310 - Check plugin filemanager
2023-07-16 20:08:40,727 [INFO] PluginManage:359 - Loaded plugin filemanager (category:base,tabindex:10)
2023-07-16 20:08:40,727 [INFO] PluginManage:310 - Check plugin ipmanager
2023-07-16 20:08:40,732 [INFO] PluginManage:359 - Loaded plugin ipmanager (category:base,tabindex:5)
2023-07-16 20:08:40,732 [INFO] PluginManage:310 - Check plugin lpbam
2023-07-16 20:08:40,741 [INFO] PluginManage:359 - Loaded plugin lpbam (category:base,tabindex:0)
2023-07-16 20:08:40,741 [INFO] PluginManage:310 - Check plugin memorymap
2023-07-16 20:08:40,751 [INFO] PluginManage:359 - Loaded plugin memorymap (category:base,tabindex:4)
2023-07-16 20:08:40,752 [INFO] PluginManage:310 - Check plugin pinoutandconfiguration
2023-07-16 20:08:40,759 [INFO] PluginManage:359 - Loaded plugin pinoutandconfiguration (category:base,tabindex:1)
2023-07-16 20:08:40,759 [INFO] PluginManage:310 - Check plugin pinoutconfig
2023-07-16 20:08:40,824 [WARN] SupportedApi:132 - Cannot load RTOS API schema: s4s-elt-must-match.1: The content of 'definitions' must match (annotation?, (simpleType | complexType)?, (unique | key | keyref)*)). A problem was found starting at: attribute.
2023-07-16 20:08:40,952 [INFO] PluginManage:359 - Loaded plugin pinoutconfig (category:base,tabindex:0)
2023-07-16 20:08:40,953 [INFO] PluginManage:310 - Check plugin power
2023-07-16 20:08:40,962 [INFO] PluginManage:359 - Loaded plugin power (category:power,tabindex:4)
2023-07-16 20:08:40,963 [INFO] PluginManage:310 - Check plugin projectmanager
2023-07-16 20:08:40,980 [INFO] PluginManage:359 - Loaded plugin projectmanager (category:projectmanager,tabindex:3)
2023-07-16 20:08:40,980 [INFO] PluginManage:310 - Check plugin thirdparty
2023-07-16 20:08:41,138 [INFO] PluginManage:359 - Loaded plugin thirdparty (category:base,tabindex:-1)
2023-07-16 20:08:41,138 [INFO] PluginManage:310 - Check plugin tools
2023-07-16 20:08:41,138 [WARN] IntegrityCheckThread:84 - waiting for thirdparty lock release [integrity check]
2023-07-16 20:08:41,139 [INFO] IntegrityCheckThread:86 - entering critical section [integrity check]
2023-07-16 20:08:41,139 [INFO] ThirdPartyUpdaterWithRetryManager:70 - Updater plugin not ready yet. [1/15]
2023-07-16 20:08:41,141 [INFO] PluginManage:359 - Loaded plugin tools (category:base,tabindex:7)
2023-07-16 20:08:41,142 [INFO] PluginManage:310 - Check plugin tutovideos
2023-07-16 20:08:41,265 [INFO] PluginManage:359 - Loaded plugin tutovideos (category:base,tabindex:-1)
2023-07-16 20:08:41,265 [INFO] PluginManage:310 - Check plugin updater
2023-07-16 20:08:41,277 [INFO] PluginManage:359 - Loaded plugin updater (category:base,tabindex:12)
2023-07-16 20:08:41,277 [INFO] PluginManage:310 - Check plugin userauth
2023-07-16 20:08:41,282 [INFO] UserAuth:113 - Init User Auth plugin
2023-07-16 20:08:41,282 [INFO] PluginManage:359 - Loaded plugin userauth (category:base,tabindex:14)
2023-07-16 20:08:41,283 [INFO] PluginManage:283 - PluginManage : Loaded plugins [17]
2023-07-16 20:08:41,428 [INFO] PinOutPanel:1499 - setPackage(No Configuration,No Configuration)
2023-07-16 20:08:41,498 [INFO] CADModel:165 - CPN selected for project level
2023-07-16 20:08:41,499 [INFO] CADModel:114 - Register for checkConnection events
2023-07-16 20:08:41,511 [INFO] IPUIPlugin:80 - create IPUIPlugin
2023-07-16 20:08:41,512 [INFO] PluginManager:220 - loadIPPluginJar : add hash
2023-07-16 20:08:41,514 [INFO] IPUIPlugin:80 - create IPUIPlugin
2023-07-16 20:08:41,514 [INFO] PluginManager:220 - loadIPPluginJar : add ipddr
2023-07-16 20:08:41,516 [INFO] IPUIPlugin:80 - create IPUIPlugin
2023-07-16 20:08:41,516 [INFO] PluginManager:220 - loadIPPluginJar : add genericplugin
2023-07-16 20:08:41,518 [INFO] IPUIPlugin:80 - create IPUIPlugin
2023-07-16 20:08:41,518 [INFO] PluginManager:220 - loadIPPluginJar : add fatfs
2023-07-16 20:08:41,524 [INFO] IPUIPlugin:80 - create IPUIPlugin
2023-07-16 20:08:41,526 [INFO] PluginManager:220 - loadIPPluginJar : add plateformsettings
2023-07-16 20:08:41,529 [INFO] IPUIPlugin:80 - create IPUIPlugin
2023-07-16 20:08:41,529 [INFO] PluginManager:220 - loadIPPluginJar : add pdm2pcm
2023-07-16 20:08:41,531 [INFO] IPUIPlugin:80 - create IPUIPlugin
2023-07-16 20:08:41,531 [INFO] PluginManager:220 - loadIPPluginJar : add cryp
2023-07-16 20:08:41,533 [INFO] IPUIPlugin:80 - create IPUIPlugin
2023-07-16 20:08:41,533 [INFO] PluginManager:220 - loadIPPluginJar : add tim
2023-07-16 20:08:41,535 [INFO] IPUIPlugin:80 - create IPUIPlugin
2023-07-16 20:08:41,535 [INFO] PluginManager:220 - loadIPPluginJar : add spi
2023-07-16 20:08:41,541 [INFO] IPUIPlugin:80 - create IPUIPlugin
2023-07-16 20:08:41,541 [INFO] PluginManager:220 - loadIPPluginJar : add mdma
2023-07-16 20:08:41,544 [INFO] IPUIPlugin:80 - create IPUIPlugin
2023-07-16 20:08:41,544 [INFO] PluginManager:220 - loadIPPluginJar : add aes
2023-07-16 20:08:41,546 [INFO] IPUIPlugin:80 - create IPUIPlugin
2023-07-16 20:08:41,546 [INFO] PluginManager:220 - loadIPPluginJar : add gfxmmu
2023-07-16 20:08:41,548 [INFO] IPUIPlugin:80 - create IPUIPlugin
2023-07-16 20:08:41,548 [INFO] PluginManager:220 - loadIPPluginJar : add ucpd
2023-07-16 20:08:41,549 [INFO] IPUIPlugin:80 - create IPUIPlugin
2023-07-16 20:08:41,549 [INFO] PluginManager:220 - loadIPPluginJar : add quadspi
2023-07-16 20:08:41,551 [INFO] IPUIPlugin:80 - create IPUIPlugin
2023-07-16 20:08:41,551 [INFO] PluginManager:220 - loadIPPluginJar : add tracer_emb
2023-07-16 20:08:41,553 [INFO] IPUIPlugin:80 - create IPUIPlugin
2023-07-16 20:08:41,553 [INFO] PluginManager:220 - loadIPPluginJar : add dfsdm
2023-07-16 20:08:41,556 [INFO] IPUIPlugin:80 - create IPUIPlugin
2023-07-16 20:08:41,556 [INFO] PluginManager:220 - loadIPPluginJar : add sai
2023-07-16 20:08:41,559 [INFO] IPUIPlugin:80 - create IPUIPlugin
2023-07-16 20:08:41,559 [INFO] PluginManager:220 - loadIPPluginJar : add lorawan
2023-07-16 20:08:41,562 [INFO] IPUIPlugin:80 - create IPUIPlugin
2023-07-16 20:08:41,562 [INFO] PluginManager:220 - loadIPPluginJar : add usbx
2023-07-16 20:08:41,568 [INFO] IPUIPlugin:80 - create IPUIPlugin
2023-07-16 20:08:41,568 [INFO] PluginManager:220 - loadIPPluginJar : add linkedlist
2023-07-16 20:08:41,570 [INFO] IPUIPlugin:80 - create IPUIPlugin
2023-07-16 20:08:41,570 [INFO] PluginManager:220 - loadIPPluginJar : add ltdc
2023-07-16 20:08:41,573 [INFO] IPUIPlugin:80 - create IPUIPlugin
2023-07-16 20:08:41,574 [INFO] PluginManager:220 - loadIPPluginJar : add nvic
2023-07-16 20:08:41,576 [INFO] IPUIPlugin:80 - create IPUIPlugin
2023-07-16 20:08:41,576 [INFO] PluginManager:220 - loadIPPluginJar : add gtzc
2023-07-16 20:08:41,582 [INFO] IPUIPlugin:80 - create IPUIPlugin
2023-07-16 20:08:41,582 [INFO] PluginManager:220 - loadIPPluginJar : add freertos
2023-07-16 20:08:41,588 [INFO] IPUIPlugin:80 - create IPUIPlugin
2023-07-16 20:08:41,589 [INFO] PluginManager:220 - loadIPPluginJar : add dma
2023-07-16 20:08:41,590 [INFO] IPUIPlugin:80 - create IPUIPlugin
2023-07-16 20:08:41,590 [INFO] PluginManager:220 - loadIPPluginJar : add tsc
2023-07-16 20:08:41,592 [INFO] IPUIPlugin:80 - create IPUIPlugin
2023-07-16 20:08:41,592 [INFO] PluginManager:220 - loadIPPluginJar : add usart
2023-07-16 20:08:41,593 [INFO] IPUIPlugin:80 - create IPUIPlugin
2023-07-16 20:08:41,593 [INFO] PluginManager:220 - loadIPPluginJar : add comp
2023-07-16 20:08:41,594 [INFO] IPUIPlugin:80 - create IPUIPlugin
2023-07-16 20:08:41,594 [INFO] PluginManager:220 - loadIPPluginJar : add i2s
2023-07-16 20:08:41,596 [INFO] IPUIPlugin:80 - create IPUIPlugin
2023-07-16 20:08:41,596 [INFO] PluginManager:220 - loadIPPluginJar : add i2c
2023-07-16 20:08:41,599 [INFO] IPUIPlugin:80 - create IPUIPlugin
2023-07-16 20:08:41,599 [INFO] PluginManager:220 - loadIPPluginJar : add i3c
2023-07-16 20:08:41,606 [INFO] IPUIPlugin:80 - create IPUIPlugin
2023-07-16 20:08:41,607 [INFO] PluginManager:220 - loadIPPluginJar : add resmgrutility
2023-07-16 20:08:41,612 [INFO] IPUIPlugin:80 - create IPUIPlugin
2023-07-16 20:08:41,612 [INFO] PluginManager:220 - loadIPPluginJar : add stm32_wpan
2023-07-16 20:08:41,614 [INFO] IPUIPlugin:80 - create IPUIPlugin
2023-07-16 20:08:41,614 [INFO] PluginManager:220 - loadIPPluginJar : add dma3
2023-07-16 20:08:41,618 [INFO] IPUIPlugin:80 - create IPUIPlugin
2023-07-16 20:08:41,618 [INFO] PluginManager:220 - loadIPPluginJar : add touchsensing
2023-07-16 20:08:41,620 [INFO] IPUIPlugin:80 - create IPUIPlugin
2023-07-16 20:08:41,620 [INFO] PluginManager:220 - loadIPPluginJar : add can
2023-07-16 20:08:41,625 [INFO] IPUIPlugin:80 - create IPUIPlugin
2023-07-16 20:08:41,625 [INFO] PluginManager:220 - loadIPPluginJar : add fmc
2023-07-16 20:08:41,629 [INFO] IPUIPlugin:80 - create IPUIPlugin
2023-07-16 20:08:41,629 [INFO] PluginManager:220 - loadIPPluginJar : add gic
2023-07-16 20:08:41,630 [INFO] IPUIPlugin:80 - create IPUIPlugin
2023-07-16 20:08:41,631 [INFO] PluginManager:220 - loadIPPluginJar : add ts
2023-07-16 20:08:41,633 [INFO] IPUIPlugin:80 - create IPUIPlugin
2023-07-16 20:08:41,633 [INFO] PluginManager:220 - loadIPPluginJar : add opamp
2023-07-16 20:08:41,637 [INFO] IPUIPlugin:80 - create IPUIPlugin
2023-07-16 20:08:41,637 [INFO] PluginManager:220 - loadIPPluginJar : add gpio
2023-07-16 20:08:41,639 [INFO] IPUIPlugin:80 - create IPUIPlugin
2023-07-16 20:08:41,639 [INFO] PluginManager:220 - loadIPPluginJar : add openamp
2023-07-16 20:08:41,644 [INFO] IPUIPlugin:80 - create IPUIPlugin
2023-07-16 20:08:41,644 [INFO] PluginManager:220 - loadIPPluginJar : add adc
2023-07-16 20:08:41,737 [INFO] CADModel:165 - CPN selected for project level
2023-07-16 20:08:41,737 [INFO] CADModel:114 - Register for checkConnection events
2023-07-16 20:08:41,738 [FATAL] Updater:308 - Updater called before beeing initialized
2023-07-16 20:08:41,738 [ERROR] CADModel:125 - Updater not yet initialized, retry later 
2023-07-16 20:08:41,868 [INFO] CADModel:165 - CPN selected for project level
2023-07-16 20:08:41,868 [INFO] CADModel:114 - Register for checkConnection events
2023-07-16 20:08:41,868 [FATAL] Updater:308 - Updater called before beeing initialized
2023-07-16 20:08:41,868 [ERROR] CADModel:125 - Updater not yet initialized, retry later 
2023-07-16 20:08:41,871 [FATAL] Updater:308 - Updater called before beeing initialized
2023-07-16 20:08:41,948 [FATAL] Updater:308 - Updater called before beeing initialized
2023-07-16 20:08:41,954 [INFO] DbMcusAds:53 - JSON generation date=Tue Mar 07 14:20:55 IST 2023 (1678179055335)
2023-07-16 20:08:41,954 [FATAL] Updater:308 - Updater called before beeing initialized
2023-07-16 20:08:41,982 [WARN] DetailPanel:346 - Failed to get advertising image, set to default
2023-07-16 20:08:42,047 [FATAL] Updater:308 - Updater called before beeing initialized
2023-07-16 20:08:42,049 [FATAL] Updater:308 - Updater called before beeing initialized
2023-07-16 20:08:42,049 [FATAL] Updater:308 - Updater called before beeing initialized
2023-07-16 20:08:42,049 [WARN] DetailPanel:346 - Failed to get advertising image, set to default
2023-07-16 20:08:42,050 [FATAL] Updater:308 - Updater called before beeing initialized
2023-07-16 20:08:42,075 [ERROR] Updater:1120 - MainUpdater not yet initialized. External WinMGr cannot be set.
2023-07-16 20:08:42,078 [INFO] Updater:1056 - Updater Version found : 6.9.0
2023-07-16 20:08:42,097 [INFO] ApplicationProperties:184 - Using Application install path: /opt/st/stm32cubeide_1.13.0/plugins/com.st.stm32cube.common.mx_6.9.0.202307051724
2023-07-16 20:08:42,318 [INFO] MainUpdater:2868 - connection check result : 10
2023-07-16 20:08:42,319 [INFO] MainUpdater:285 - Updater Check For Update Now.
2023-07-16 20:08:42,319 [INFO] MicroXplorer:498 - Change Database Version : DB.6.0.90
2023-07-16 20:08:42,323 [INFO] McuFinderGlobals:63 - Set McuFinder mode to 2 (CubeIDE integrated)
2023-07-16 20:08:42,323 [INFO] UserAuth:179 - activating auth plugin
2023-07-16 20:08:42,325 [INFO] UserAuth:393 - Internet connection configuration mode: 1
2023-07-16 20:08:42,343 [INFO] JxBrowserEngine:151 - Initiate JxBrowser Engine with user profile folder
2023-07-16 20:08:42,494 [INFO] CheckServerUpdateThread:120 - End of CheckServer Thread
2023-07-16 20:08:43,136 [INFO] WebApp:157 - Instantiating new browser for Auth
2023-07-16 20:08:43,572 [INFO] WebApp:753 - Register for checkConnection events
2023-07-16 20:08:43,572 [INFO] WebApp:390 - Apply proxy settings
2023-07-16 20:08:43,572 [INFO] WebApp:475 - Chromium requires no authentication
2023-07-16 20:08:43,578 [INFO] WebApp:418 - Direct internet connection detected
2023-07-16 20:08:43,682 [INFO] WebApp:188 - Starting web application
2023-07-16 20:08:43,682 [INFO] WebApp:520 - Web application path used /opt/st/stm32cubeide_1.13.0/plugins/com.st.stm32cube.common.mx_6.9.0.202307051724/db/plugins/mcufinder/reactClient1/index.html
2023-07-16 20:08:44,188 [INFO] ThirdParty:978 - Integrity check success = true
2023-07-16 20:08:44,188 [INFO] IntegrityCheckThread:100 - exiting critical section [integrity check]
2023-07-16 20:08:44,189 [INFO] IntegrityCheckThread:103 - End integrity checks thread
2023-07-16 20:08:54,697 [ERROR] LogOutputStream:75 - [STDERR_REDIRECT] 
