2023-07-26 14:30:29,933 [INFO] Activator:176 - 


2023-07-26 14:30:29,937 [INFO] Activator:177 - !SESSION log4j initialized
2023-07-26 14:30:34,608 [INFO] LogOutputStream:77 - [STDOUT_REDIRECT] 
2023-07-26 14:30:36,364 [INFO] ApplicationProperties:184 - Using Application install path: /opt/st/stm32cubeide_1.13.0/plugins/com.st.stm32cube.common.mx_6.9.0.202307051724
2023-07-26 14:30:36,385 [INFO] DbMcusXml:78 - Set database path to: /opt/st/stm32cubeide_1.13.0/plugins/com.st.stm32cube.common.mx_6.9.0.202307051724//db//mcu/
2023-07-26 14:30:36,385 [INFO] ApiDb:274 - Set plugin database path to: /opt/st/stm32cubeide_1.13.0/plugins/com.st.stm32cube.common.mx_6.9.0.202307051724//db//plugins/boardmanager/
2023-07-26 14:30:36,385 [WARN] ApiDb:259 - Overriding images path with different value:  => /opt/st/stm32cubeide_1.13.0/plugins/com.st.stm32cube.common.mx_6.9.0.202307051724//db//plugins/mcufinder/images/
2023-07-26 14:30:36,398 [INFO] ApiDb:250 - Set database path to: /home/manjunath/.stmcufinder/plugins/mcufinder//mcu/
2023-07-26 14:30:36,400 [INFO] DbMcusAds:125 - Set database path to: /home/manjunath/.stmcufinder/plugins/mcufinder//mcu/
2023-07-26 14:30:36,403 [INFO] CrossReferenceDbSqlite:203 - Set database path to: /home/manjunath/.stmcufinder/plugins/mcufinder//mcu/cs/
2023-07-26 14:30:36,564 [INFO] RulesReader:64 - Compatibility file has been processed (293 Rules)
2023-07-26 14:30:36,618 [INFO] DbMcusXml:78 - Set database path to: /opt/st/stm32cubeide_1.13.0/plugins/com.st.stm32cube.common.mx_6.9.0.202307051724//db//mcu/
2023-07-26 14:30:36,619 [INFO] ApiDb:274 - Set plugin database path to: /opt/st/stm32cubeide_1.13.0/plugins/com.st.stm32cube.common.mx_6.9.0.202307051724//db//plugins/boardmanager/
2023-07-26 14:30:36,619 [INFO] ApiDb:261 - Set plugin images path to: /opt/st/stm32cubeide_1.13.0/plugins/com.st.stm32cube.common.mx_6.9.0.202307051724//db//plugins/mcufinder/images/
2023-07-26 14:30:36,619 [WARN] DbFile:41 - Overriding database path with different value: /home/manjunath/.stmcufinder/plugins/mcufinder/ => /home/manjunath/.stmcufinder/plugins/mcufinder
2023-07-26 14:30:36,619 [INFO] ApiDb:250 - Set database path to: /home/manjunath/.stmcufinder/plugins/mcufinder//mcu/
2023-07-26 14:30:36,619 [WARN] DbFile:41 - Overriding database path with different value: /home/manjunath/.stmcufinder/plugins/mcufinder/ => /home/manjunath/.stmcufinder/plugins/mcufinder
2023-07-26 14:30:36,619 [INFO] DbMcusAds:125 - Set database path to: /home/manjunath/.stmcufinder/plugins/mcufinder//mcu/
2023-07-26 14:30:36,619 [WARN] DbFile:41 - Overriding database path with different value: /home/manjunath/.stmcufinder/plugins/mcufinder/ => /home/manjunath/.stmcufinder/plugins/mcufinder
2023-07-26 14:30:36,620 [WARN] DbFile:41 - Overriding database path with different value: /home/manjunath/.stmcufinder/plugins/mcufinder/ => /home/manjunath/.stmcufinder/plugins/mcufinder
2023-07-26 14:30:36,620 [INFO] CrossReferenceDbSqlite:203 - Set database path to: /home/manjunath/.stmcufinder/plugins/mcufinder//mcu/cs/
2023-07-26 14:30:36,680 [INFO] MainPanel:262 - HeapMemory: 268435456
2023-07-26 14:30:36,754 [INFO] DbMcusXml:78 - Set database path to: /opt/st/stm32cubeide_1.13.0/plugins/com.st.stm32cube.common.mx_6.9.0.202307051724//db//mcu/
2023-07-26 14:30:36,754 [INFO] ApiDb:274 - Set plugin database path to: /opt/st/stm32cubeide_1.13.0/plugins/com.st.stm32cube.common.mx_6.9.0.202307051724//db//plugins/boardmanager/
2023-07-26 14:30:36,754 [INFO] ApiDb:261 - Set plugin images path to: /opt/st/stm32cubeide_1.13.0/plugins/com.st.stm32cube.common.mx_6.9.0.202307051724//db//plugins/mcufinder/images/
2023-07-26 14:30:36,755 [WARN] DbFile:41 - Overriding database path with different value: /home/manjunath/.stmcufinder/plugins/mcufinder/ => /home/manjunath/.stmcufinder/plugins/mcufinder
2023-07-26 14:30:36,755 [INFO] ApiDb:250 - Set database path to: /home/manjunath/.stmcufinder/plugins/mcufinder//mcu/
2023-07-26 14:30:36,755 [WARN] DbFile:41 - Overriding database path with different value: /home/manjunath/.stmcufinder/plugins/mcufinder/ => /home/manjunath/.stmcufinder/plugins/mcufinder
2023-07-26 14:30:36,755 [INFO] DbMcusAds:125 - Set database path to: /home/manjunath/.stmcufinder/plugins/mcufinder//mcu/
2023-07-26 14:30:36,755 [WARN] DbFile:41 - Overriding database path with different value: /home/manjunath/.stmcufinder/plugins/mcufinder/ => /home/manjunath/.stmcufinder/plugins/mcufinder
2023-07-26 14:30:36,755 [WARN] DbFile:41 - Overriding database path with different value: /home/manjunath/.stmcufinder/plugins/mcufinder/ => /home/manjunath/.stmcufinder/plugins/mcufinder
2023-07-26 14:30:36,755 [INFO] CrossReferenceDbSqlite:203 - Set database path to: /home/manjunath/.stmcufinder/plugins/mcufinder//mcu/cs/
2023-07-26 14:30:36,768 [INFO] ApplicationProperties:184 - Using Application install path: /opt/st/stm32cubeide_1.13.0/plugins/com.st.stm32cube.common.mx_6.9.0.202307051724
2023-07-26 14:30:36,770 [INFO] PluginManage:196 - Search for loadable plugins [exclusion list=, ]
2023-07-26 14:30:36,771 [INFO] PluginManage:310 - Check plugin analytics
2023-07-26 14:30:36,917 [INFO] AnalyticsPlugin:253 - Accepted Software Licenses: 
2023-07-26 14:30:36,917 [INFO] AnalyticsPlugin:255 - Accepted CMSIS Pack Licenses: 
2023-07-26 14:30:36,917 [INFO] AnalyticsPlugin:257 - Accepted Firmware Licenses: FW.F4.1.27.0
2023-07-26 14:30:36,920 [INFO] PluginManage:359 - Loaded plugin analytics (category:tool,tabindex:-1)
2023-07-26 14:30:36,920 [INFO] PluginManage:310 - Check plugin cadmodel
2023-07-26 14:30:36,947 [INFO] CADModel:105 - Init CAD model plugin
2023-07-26 14:30:36,947 [INFO] PluginManage:359 - Loaded plugin cadmodel (category:power,tabindex:5)
2023-07-26 14:30:36,947 [INFO] PluginManage:310 - Check plugin clock
2023-07-26 14:30:36,957 [INFO] PluginManage:359 - Loaded plugin clock (category:base,tabindex:2)
2023-07-26 14:30:36,957 [INFO] PluginManage:310 - Check plugin ddr
2023-07-26 14:30:36,959 [INFO] PluginManage:359 - Loaded plugin ddr (category:tool,tabindex:6)
2023-07-26 14:30:36,959 [INFO] PluginManage:310 - Check plugin filemanager
2023-07-26 14:30:37,071 [INFO] PluginManage:359 - Loaded plugin filemanager (category:base,tabindex:10)
2023-07-26 14:30:37,071 [INFO] PluginManage:310 - Check plugin ipmanager
2023-07-26 14:30:37,076 [INFO] PluginManage:359 - Loaded plugin ipmanager (category:base,tabindex:5)
2023-07-26 14:30:37,077 [INFO] PluginManage:310 - Check plugin lpbam
2023-07-26 14:30:37,084 [INFO] PluginManage:359 - Loaded plugin lpbam (category:base,tabindex:0)
2023-07-26 14:30:37,084 [INFO] PluginManage:310 - Check plugin memorymap
2023-07-26 14:30:37,092 [INFO] PluginManage:359 - Loaded plugin memorymap (category:base,tabindex:4)
2023-07-26 14:30:37,092 [INFO] PluginManage:310 - Check plugin pinoutandconfiguration
2023-07-26 14:30:37,098 [INFO] PluginManage:359 - Loaded plugin pinoutandconfiguration (category:base,tabindex:1)
2023-07-26 14:30:37,098 [INFO] PluginManage:310 - Check plugin pinoutconfig
2023-07-26 14:30:37,165 [WARN] SupportedApi:132 - Cannot load RTOS API schema: s4s-elt-must-match.1: The content of 'definitions' must match (annotation?, (simpleType | complexType)?, (unique | key | keyref)*)). A problem was found starting at: attribute.
2023-07-26 14:30:37,278 [INFO] PluginManage:359 - Loaded plugin pinoutconfig (category:base,tabindex:0)
2023-07-26 14:30:37,279 [INFO] PluginManage:310 - Check plugin power
2023-07-26 14:30:37,291 [INFO] PluginManage:359 - Loaded plugin power (category:power,tabindex:4)
2023-07-26 14:30:37,291 [INFO] PluginManage:310 - Check plugin projectmanager
2023-07-26 14:30:37,306 [INFO] PluginManage:359 - Loaded plugin projectmanager (category:projectmanager,tabindex:3)
2023-07-26 14:30:37,306 [INFO] PluginManage:310 - Check plugin thirdparty
2023-07-26 14:30:37,415 [ERROR] ConfigurationRetriever:142 - IOException on connection: Connect timed out
2023-07-26 14:30:37,418 [INFO] PluginManage:359 - Loaded plugin thirdparty (category:base,tabindex:-1)
2023-07-26 14:30:37,418 [INFO] PluginManage:310 - Check plugin tools
2023-07-26 14:30:37,421 [INFO] PluginManage:359 - Loaded plugin tools (category:base,tabindex:7)
2023-07-26 14:30:37,421 [INFO] PluginManage:310 - Check plugin tutovideos
2023-07-26 14:30:37,421 [WARN] IntegrityCheckThread:84 - waiting for thirdparty lock release [integrity check]
2023-07-26 14:30:37,428 [INFO] IntegrityCheckThread:86 - entering critical section [integrity check]
2023-07-26 14:30:37,428 [INFO] ThirdPartyUpdaterWithRetryManager:70 - Updater plugin not ready yet. [1/15]
2023-07-26 14:30:37,554 [INFO] PluginManage:359 - Loaded plugin tutovideos (category:base,tabindex:-1)
2023-07-26 14:30:37,554 [INFO] PluginManage:310 - Check plugin updater
2023-07-26 14:30:37,563 [INFO] PluginManage:359 - Loaded plugin updater (category:base,tabindex:12)
2023-07-26 14:30:37,563 [INFO] PluginManage:310 - Check plugin userauth
2023-07-26 14:30:37,567 [INFO] UserAuth:113 - Init User Auth plugin
2023-07-26 14:30:37,567 [INFO] PluginManage:359 - Loaded plugin userauth (category:base,tabindex:14)
2023-07-26 14:30:37,568 [INFO] PluginManage:283 - PluginManage : Loaded plugins [17]
2023-07-26 14:30:37,717 [INFO] PinOutPanel:1499 - setPackage(No Configuration,No Configuration)
2023-07-26 14:30:37,798 [INFO] CADModel:165 - CPN selected for project level
2023-07-26 14:30:37,798 [INFO] CADModel:114 - Register for checkConnection events
2023-07-26 14:30:37,811 [INFO] IPUIPlugin:80 - create IPUIPlugin
2023-07-26 14:30:37,812 [INFO] PluginManager:220 - loadIPPluginJar : add hash
2023-07-26 14:30:37,815 [INFO] IPUIPlugin:80 - create IPUIPlugin
2023-07-26 14:30:37,815 [INFO] PluginManager:220 - loadIPPluginJar : add ipddr
2023-07-26 14:30:37,817 [INFO] IPUIPlugin:80 - create IPUIPlugin
2023-07-26 14:30:37,817 [INFO] PluginManager:220 - loadIPPluginJar : add genericplugin
2023-07-26 14:30:37,818 [INFO] IPUIPlugin:80 - create IPUIPlugin
2023-07-26 14:30:37,818 [INFO] PluginManager:220 - loadIPPluginJar : add fatfs
2023-07-26 14:30:37,824 [INFO] IPUIPlugin:80 - create IPUIPlugin
2023-07-26 14:30:37,827 [INFO] PluginManager:220 - loadIPPluginJar : add plateformsettings
2023-07-26 14:30:37,830 [INFO] IPUIPlugin:80 - create IPUIPlugin
2023-07-26 14:30:37,830 [INFO] PluginManager:220 - loadIPPluginJar : add pdm2pcm
2023-07-26 14:30:37,832 [INFO] IPUIPlugin:80 - create IPUIPlugin
2023-07-26 14:30:37,832 [INFO] PluginManager:220 - loadIPPluginJar : add cryp
2023-07-26 14:30:37,835 [INFO] IPUIPlugin:80 - create IPUIPlugin
2023-07-26 14:30:37,835 [INFO] PluginManager:220 - loadIPPluginJar : add tim
2023-07-26 14:30:37,840 [INFO] IPUIPlugin:80 - create IPUIPlugin
2023-07-26 14:30:37,840 [INFO] PluginManager:220 - loadIPPluginJar : add spi
2023-07-26 14:30:37,869 [INFO] IPUIPlugin:80 - create IPUIPlugin
2023-07-26 14:30:37,871 [INFO] PluginManager:220 - loadIPPluginJar : add mdma
2023-07-26 14:30:37,874 [INFO] IPUIPlugin:80 - create IPUIPlugin
2023-07-26 14:30:37,874 [INFO] PluginManager:220 - loadIPPluginJar : add aes
2023-07-26 14:30:37,876 [INFO] IPUIPlugin:80 - create IPUIPlugin
2023-07-26 14:30:37,876 [INFO] PluginManager:220 - loadIPPluginJar : add gfxmmu
2023-07-26 14:30:37,878 [INFO] IPUIPlugin:80 - create IPUIPlugin
2023-07-26 14:30:37,878 [INFO] PluginManager:220 - loadIPPluginJar : add ucpd
2023-07-26 14:30:37,880 [INFO] IPUIPlugin:80 - create IPUIPlugin
2023-07-26 14:30:37,880 [INFO] PluginManager:220 - loadIPPluginJar : add quadspi
2023-07-26 14:30:37,882 [INFO] IPUIPlugin:80 - create IPUIPlugin
2023-07-26 14:30:37,882 [INFO] PluginManager:220 - loadIPPluginJar : add tracer_emb
2023-07-26 14:30:37,884 [INFO] IPUIPlugin:80 - create IPUIPlugin
2023-07-26 14:30:37,884 [INFO] PluginManager:220 - loadIPPluginJar : add dfsdm
2023-07-26 14:30:37,887 [INFO] IPUIPlugin:80 - create IPUIPlugin
2023-07-26 14:30:37,887 [INFO] PluginManager:220 - loadIPPluginJar : add sai
2023-07-26 14:30:37,890 [INFO] IPUIPlugin:80 - create IPUIPlugin
2023-07-26 14:30:37,890 [INFO] PluginManager:220 - loadIPPluginJar : add lorawan
2023-07-26 14:30:37,894 [INFO] IPUIPlugin:80 - create IPUIPlugin
2023-07-26 14:30:37,894 [INFO] PluginManager:220 - loadIPPluginJar : add usbx
2023-07-26 14:30:37,902 [INFO] IPUIPlugin:80 - create IPUIPlugin
2023-07-26 14:30:37,902 [INFO] PluginManager:220 - loadIPPluginJar : add linkedlist
2023-07-26 14:30:37,903 [INFO] IPUIPlugin:80 - create IPUIPlugin
2023-07-26 14:30:37,904 [INFO] PluginManager:220 - loadIPPluginJar : add ltdc
2023-07-26 14:30:37,908 [INFO] IPUIPlugin:80 - create IPUIPlugin
2023-07-26 14:30:37,909 [INFO] PluginManager:220 - loadIPPluginJar : add nvic
2023-07-26 14:30:37,912 [INFO] IPUIPlugin:80 - create IPUIPlugin
2023-07-26 14:30:37,912 [INFO] PluginManager:220 - loadIPPluginJar : add gtzc
2023-07-26 14:30:37,918 [INFO] IPUIPlugin:80 - create IPUIPlugin
2023-07-26 14:30:37,918 [INFO] PluginManager:220 - loadIPPluginJar : add freertos
2023-07-26 14:30:37,926 [INFO] IPUIPlugin:80 - create IPUIPlugin
2023-07-26 14:30:37,926 [INFO] PluginManager:220 - loadIPPluginJar : add dma
2023-07-26 14:30:37,928 [INFO] IPUIPlugin:80 - create IPUIPlugin
2023-07-26 14:30:37,928 [INFO] PluginManager:220 - loadIPPluginJar : add tsc
2023-07-26 14:30:37,931 [INFO] IPUIPlugin:80 - create IPUIPlugin
2023-07-26 14:30:37,931 [INFO] PluginManager:220 - loadIPPluginJar : add usart
2023-07-26 14:30:37,933 [INFO] IPUIPlugin:80 - create IPUIPlugin
2023-07-26 14:30:37,933 [INFO] PluginManager:220 - loadIPPluginJar : add comp
2023-07-26 14:30:37,935 [INFO] IPUIPlugin:80 - create IPUIPlugin
2023-07-26 14:30:37,936 [INFO] PluginManager:220 - loadIPPluginJar : add i2s
2023-07-26 14:30:37,938 [INFO] IPUIPlugin:80 - create IPUIPlugin
2023-07-26 14:30:37,938 [INFO] PluginManager:220 - loadIPPluginJar : add i2c
2023-07-26 14:30:37,941 [INFO] IPUIPlugin:80 - create IPUIPlugin
2023-07-26 14:30:37,942 [INFO] PluginManager:220 - loadIPPluginJar : add i3c
2023-07-26 14:30:37,948 [INFO] IPUIPlugin:80 - create IPUIPlugin
2023-07-26 14:30:37,949 [INFO] PluginManager:220 - loadIPPluginJar : add resmgrutility
2023-07-26 14:30:37,954 [INFO] IPUIPlugin:80 - create IPUIPlugin
2023-07-26 14:30:37,954 [INFO] PluginManager:220 - loadIPPluginJar : add stm32_wpan
2023-07-26 14:30:37,956 [INFO] IPUIPlugin:80 - create IPUIPlugin
2023-07-26 14:30:37,957 [INFO] PluginManager:220 - loadIPPluginJar : add dma3
2023-07-26 14:30:37,960 [INFO] IPUIPlugin:80 - create IPUIPlugin
2023-07-26 14:30:37,960 [INFO] PluginManager:220 - loadIPPluginJar : add touchsensing
2023-07-26 14:30:37,963 [INFO] IPUIPlugin:80 - create IPUIPlugin
2023-07-26 14:30:37,963 [INFO] PluginManager:220 - loadIPPluginJar : add can
2023-07-26 14:30:37,968 [INFO] IPUIPlugin:80 - create IPUIPlugin
2023-07-26 14:30:37,969 [INFO] PluginManager:220 - loadIPPluginJar : add fmc
2023-07-26 14:30:37,974 [INFO] IPUIPlugin:80 - create IPUIPlugin
2023-07-26 14:30:37,974 [INFO] PluginManager:220 - loadIPPluginJar : add gic
2023-07-26 14:30:37,976 [INFO] IPUIPlugin:80 - create IPUIPlugin
2023-07-26 14:30:37,976 [INFO] PluginManager:220 - loadIPPluginJar : add ts
2023-07-26 14:30:37,978 [INFO] IPUIPlugin:80 - create IPUIPlugin
2023-07-26 14:30:37,978 [INFO] PluginManager:220 - loadIPPluginJar : add opamp
2023-07-26 14:30:37,983 [INFO] IPUIPlugin:80 - create IPUIPlugin
2023-07-26 14:30:37,983 [INFO] PluginManager:220 - loadIPPluginJar : add gpio
2023-07-26 14:30:37,986 [INFO] IPUIPlugin:80 - create IPUIPlugin
2023-07-26 14:30:37,986 [INFO] PluginManager:220 - loadIPPluginJar : add openamp
2023-07-26 14:30:37,991 [INFO] IPUIPlugin:80 - create IPUIPlugin
2023-07-26 14:30:37,992 [INFO] PluginManager:220 - loadIPPluginJar : add adc
2023-07-26 14:30:38,097 [INFO] CADModel:165 - CPN selected for project level
2023-07-26 14:30:38,098 [INFO] CADModel:114 - Register for checkConnection events
2023-07-26 14:30:38,098 [FATAL] Updater:308 - Updater called before beeing initialized
2023-07-26 14:30:38,098 [ERROR] CADModel:125 - Updater not yet initialized, retry later 
2023-07-26 14:30:38,234 [INFO] CADModel:165 - CPN selected for project level
2023-07-26 14:30:38,234 [INFO] CADModel:114 - Register for checkConnection events
2023-07-26 14:30:38,234 [FATAL] Updater:308 - Updater called before beeing initialized
2023-07-26 14:30:38,234 [ERROR] CADModel:125 - Updater not yet initialized, retry later 
2023-07-26 14:30:38,237 [FATAL] Updater:308 - Updater called before beeing initialized
2023-07-26 14:30:38,315 [FATAL] Updater:308 - Updater called before beeing initialized
2023-07-26 14:30:38,321 [INFO] DbMcusAds:53 - JSON generation date=Tue Mar 07 14:20:55 IST 2023 (1678179055114)
2023-07-26 14:30:38,321 [FATAL] Updater:308 - Updater called before beeing initialized
2023-07-26 14:30:38,353 [WARN] DetailPanel:346 - Failed to get advertising image, set to default
2023-07-26 14:30:38,425 [FATAL] Updater:308 - Updater called before beeing initialized
2023-07-26 14:30:38,427 [FATAL] Updater:308 - Updater called before beeing initialized
2023-07-26 14:30:38,427 [FATAL] Updater:308 - Updater called before beeing initialized
2023-07-26 14:30:38,427 [WARN] DetailPanel:346 - Failed to get advertising image, set to default
2023-07-26 14:30:38,428 [FATAL] Updater:308 - Updater called before beeing initialized
2023-07-26 14:30:38,455 [ERROR] Updater:1120 - MainUpdater not yet initialized. External WinMGr cannot be set.
2023-07-26 14:30:38,457 [INFO] Updater:1056 - Updater Version found : 6.9.0
2023-07-26 14:30:38,474 [INFO] ApplicationProperties:184 - Using Application install path: /opt/st/stm32cubeide_1.13.0/plugins/com.st.stm32cube.common.mx_6.9.0.202307051724
2023-07-26 14:30:39,424 [ERROR] ConfigurationRetriever:142 - IOException on connection: Connect timed out
2023-07-26 14:30:40,429 [INFO] ThirdPartyUpdaterWithRetryManager:70 - Updater plugin not ready yet. [2/15]
2023-07-26 14:30:40,545 [WARN] ServerAccessManage:1168 - Warning during Server Connection :  timeout Connect timed out
2023-07-26 14:30:41,426 [ERROR] ConfigurationRetriever:142 - IOException on connection: Connect timed out
2023-07-26 14:30:41,927 [ERROR] ConfigurationRetriever:142 - IOException on connection: Connect timed out
2023-07-26 14:30:42,547 [WARN] ServerAccessManage:1168 - Warning during Server Connection :  timeout Connect timed out
2023-07-26 14:30:42,550 [INFO] MainUpdater:2868 - connection check result : 22
2023-07-26 14:30:42,550 [INFO] MainUpdater:285 - Updater Check For Update Now.
2023-07-26 14:30:42,551 [INFO] MicroXplorer:498 - Change Database Version : DB.6.0.90
2023-07-26 14:30:42,557 [INFO] McuFinderGlobals:63 - Set McuFinder mode to 2 (CubeIDE integrated)
2023-07-26 14:30:42,732 [INFO] CheckServerUpdateThread:120 - End of CheckServer Thread
2023-07-26 14:30:43,547 [WARN] PackLoader:240 - Cannot read IP mode file for STMicroelectronics.X-CUBE-SMBUS.2.1.0
2023-07-26 14:30:43,608 [WARN] PackLoader:240 - Cannot read IP mode file for STMicroelectronics.X-CUBE-AZRTOS-F7.1.1.0
2023-07-26 14:30:43,622 [WARN] PackLoader:240 - Cannot read IP mode file for STMicroelectronics.FP-SNS-MOTENV1.4.3.2
2023-07-26 14:30:43,630 [WARN] PackLoader:240 - Cannot read IP mode file for STMicroelectronics.FP-SNS-FLIGHT1.5.0.1
2023-07-26 14:30:43,637 [WARN] PackLoader:240 - Cannot read IP mode file for STMicroelectronics.X-CUBE-BLE1.6.2.4
2023-07-26 14:30:43,646 [WARN] PackLoader:240 - Cannot read IP mode file for STMicroelectronics.X-CUBE-DISPLAY.3.0.0
2023-07-26 14:30:43,681 [WARN] PackLoader:240 - Cannot read IP mode file for emotas.I-CUBE-CANOPEN.1.3.0
2023-07-26 14:30:43,696 [WARN] PackLoader:240 - Cannot read IP mode file for STMicroelectronics.X-CUBE-TOUCHGFX.4.22.0
2023-07-26 14:30:43,710 [INFO] LogOutputStream:77 - [STDOUT_REDIRECT] 1 : Invalid condition id : UX_CORESTACK_Condition cause : null
2023-07-26 14:30:43,711 [INFO] LogOutputStream:77 - [STDOUT_REDIRECT] 1 : Invalid condition id : UX_CORESTACK_Condition cause : null
2023-07-26 14:30:43,711 [INFO] LogOutputStream:77 - [STDOUT_REDIRECT] 1 : Invalid condition id : UX_CORESTACK_Condition cause : null
2023-07-26 14:30:43,711 [INFO] LogOutputStream:77 - [STDOUT_REDIRECT] 1 : Invalid condition id : UX_CORESTACK_Condition cause : null
2023-07-26 14:30:43,712 [INFO] LogOutputStream:77 - [STDOUT_REDIRECT] 1 : Invalid condition id : UX_CORESTACK_Condition cause : null
2023-07-26 14:30:43,717 [WARN] PackLoader:240 - Cannot read IP mode file for STMicroelectronics.X-CUBE-AZRTOS-WL.2.0.0
2023-07-26 14:30:43,728 [WARN] PackLoader:240 - Cannot read IP mode file for WES.I-CUBE-Cesium.1.3.0
2023-07-26 14:30:43,734 [WARN] PackLoader:240 - Cannot read IP mode file for STMicroelectronics.X-CUBE-BLE2.3.3.0
2023-07-26 14:30:43,741 [WARN] PackLoader:240 - Cannot read IP mode file for STMicroelectronics.X-CUBE-ALGOBUILD.1.3.0
2023-07-26 14:30:43,764 [WARN] PackLoader:240 - Cannot read IP mode file for STMicroelectronics.X-CUBE-AZRTOS-G0.1.1.0
2023-07-26 14:30:43,773 [WARN] PackLoader:240 - Cannot read IP mode file for STMicroelectronics.X-CUBE-NFC4.3.0.0
2023-07-26 14:30:43,778 [WARN] PackLoader:240 - Cannot read IP mode file for STMicroelectronics.FP-ATR-SIGFOX1.3.2.0
2023-07-26 14:30:43,850 [WARN] PackLoader:240 - Cannot read IP mode file for SEGGER.I-CUBE-embOS.1.3.1
2023-07-26 14:30:43,911 [WARN] PackLoader:240 - Cannot read IP mode file for STMicroelectronics.X-CUBE-GNSS1.6.0.0
2023-07-26 14:30:43,937 [WARN] PackLoader:240 - Cannot read IP mode file for STMicroelectronics.X-CUBE-AZRTOS-F4.1.1.0
2023-07-26 14:30:43,943 [WARN] PackLoader:240 - Cannot read IP mode file for wolfSSL.I-CUBE-wolfSSL.5.6.3
2023-07-26 14:30:43,986 [WARN] PackLoader:240 - Cannot read IP mode file for STMicroelectronics.X-CUBE-MEMS1.9.6.0
2023-07-26 14:30:44,157 [WARN] PackLoader:240 - Cannot read IP mode file for STMicroelectronics.X-CUBE-BLEMGR.2.0.0
2023-07-26 14:30:44,180 [WARN] ConditionMgr:438 - getConditionDescription Invalid condition id : UX DEVICE CLASS RTOS Condition cause : null
2023-07-26 14:30:44,180 [WARN] ConditionMgr:438 - getConditionDescription Invalid condition id : UX DEVICE CLASS RTOS Condition cause : null
2023-07-26 14:30:44,183 [WARN] PackLoader:240 - Cannot read IP mode file for STMicroelectronics.X-CUBE-AZRTOS-H7.3.1.0
2023-07-26 14:30:44,185 [WARN] ConditionMgr:1039 - genDependencies : Invalid condition id : UX DEVICE CLASS RTOS Condition cause : null
2023-07-26 14:30:44,185 [WARN] ConditionMgr:1039 - genDependencies : Invalid condition id : UX DEVICE CLASS RTOS Condition cause : null
2023-07-26 14:30:44,186 [WARN] ConditionMgr:1039 - genDependencies : Invalid condition id : UX DEVICE CLASS RTOS Condition cause : null
2023-07-26 14:30:44,186 [WARN] ConditionMgr:1039 - genDependencies : Invalid condition id : UX DEVICE CLASS RTOS Condition cause : null
2023-07-26 14:30:44,186 [WARN] ConditionMgr:1039 - genDependencies : Invalid condition id : UX DEVICE CLASS RTOS Condition cause : null
2023-07-26 14:30:44,203 [WARN] PackLoader:240 - Cannot read IP mode file for STMicroelectronics.X-CUBE-NFC7.1.0.1
2023-07-26 14:30:44,209 [WARN] PackLoader:240 - Cannot read IP mode file for STMicroelectronics.X-CUBE-EEPRMA1.4.1.0
2023-07-26 14:30:44,232 [WARN] ConditionMgr:438 - getConditionDescription Invalid condition id : LAN8742 Phy interface Condition cause : null
2023-07-26 14:30:44,233 [WARN] PackLoader:240 - Cannot read IP mode file for STMicroelectronics.X-CUBE-AZRTOS-L4.2.0.0
2023-07-26 14:30:44,234 [WARN] ConditionMgr:1039 - genDependencies : Invalid condition id : LAN8742 Phy interface Condition cause : null
2023-07-26 14:30:44,234 [WARN] ConditionMgr:1039 - genDependencies : Invalid condition id : LAN8742 Phy interface Condition cause : null
2023-07-26 14:30:44,235 [WARN] ConditionMgr:1039 - genDependencies : Invalid condition id : LAN8742 Phy interface Condition cause : null
2023-07-26 14:30:44,245 [WARN] PackLoader:240 - Cannot read IP mode file for STMicroelectronics.X-CUBE-SFXS2LP1.4.0.0
2023-07-26 14:30:44,251 [WARN] PackLoader:240 - Cannot read IP mode file for STMicroelectronics.X-CUBE-ISPU.1.1.0
2023-07-26 14:30:44,257 [WARN] PackLoader:240 - Cannot read IP mode file for STMicroelectronics.X-CUBE-FREERTOS.1.0.1
2023-07-26 14:30:44,274 [WARN] PackLoader:240 - Cannot read IP mode file for STMicroelectronics.X-CUBE-AZRTOS-L5.1.1.0
2023-07-26 14:30:44,287 [WARN] PackLoader:240 - Cannot read IP mode file for STMicroelectronics.X-CUBE-AI.8.0.1
2023-07-26 14:30:44,298 [WARN] PackLoader:240 - Cannot read IP mode file for STMicroelectronics.X-CUBE-SUBG2.5.0.0
2023-07-26 14:30:44,314 [WARN] PackLoader:240 - Cannot read IP mode file for STMicroelectronics.X-CUBE-TOF1.3.3.1
2023-07-26 14:30:44,362 [WARN] PackLoader:240 - Cannot read IP mode file for STMicroelectronics.X-CUBE-AZRTOS-G4.2.0.0
2023-07-26 14:30:44,378 [WARN] PackLoader:240 - Cannot read IP mode file for portGmbH.I-Cube-SoM-uGOAL.1.1.0
2023-07-26 14:30:44,381 [WARN] PackLoader:240 - Cannot read IP mode file for STMicroelectronics.X-CUBE-ALS.1.0.1
2023-07-26 14:30:44,397 [WARN] PackLoader:240 - Cannot read IP mode file for STMicroelectronics.X-CUBE-AZRTOS-WB.1.1.0
2023-07-26 14:30:44,401 [WARN] PackLoader:240 - Cannot read IP mode file for STMicroelectronics.FP-ATR-ASTRA1.2.0.0
2023-07-26 14:30:44,402 [INFO] ThirdParty:978 - Integrity check success = true
2023-07-26 14:30:44,403 [INFO] IntegrityCheckThread:100 - exiting critical section [integrity check]
2023-07-26 14:30:44,403 [INFO] IntegrityCheckThread:103 - End integrity checks thread
2023-07-26 14:30:46,931 [ERROR] ConfigurationRetriever:142 - IOException on connection: Connect timed out
2023-07-26 14:30:51,934 [ERROR] ConfigurationRetriever:142 - IOException on connection: Connect timed out
2023-07-26 14:31:02,990 [ERROR] LogOutputStream:75 - [STDERR_REDIRECT] SLF4J: Failed to load class "org.slf4j.impl.StaticLoggerBinder".
2023-07-26 14:31:02,991 [ERROR] LogOutputStream:75 - [STDERR_REDIRECT] SLF4J: Defaulting to no-operation (NOP) logger implementation
2023-07-26 14:31:02,991 [ERROR] LogOutputStream:75 - [STDERR_REDIRECT] SLF4J: See http://www.slf4j.org/codes.html#StaticLoggerBinder for further details.
