2023-08-04 09:51:59,180 [INFO] Activator:176 - 


2023-08-04 09:51:59,185 [INFO] Activator:177 - !SESSION log4j initialized
2023-08-04 09:52:02,259 [INFO] LogOutputStream:77 - [STDOUT_REDIRECT] 
2023-08-04 09:52:02,852 [ERROR] ConfigurationRetriever:142 - IOException on connection: sw-center.st.com
2023-08-04 09:52:02,853 [ERROR] ConfigurationRetriever:142 - IOException on connection: sw-center.st.com
2023-08-04 09:52:02,853 [ERROR] ConfigurationRetriever:142 - IOException on connection: sw-center.st.com
2023-08-04 09:52:04,370 [INFO] ApplicationProperties:184 - Using Application install path: /opt/st/stm32cubeide_1.13.0/plugins/com.st.stm32cube.common.mx_6.9.0.202307051724
2023-08-04 09:52:04,405 [INFO] DbMcusXml:78 - Set database path to: /opt/st/stm32cubeide_1.13.0/plugins/com.st.stm32cube.common.mx_6.9.0.202307051724//db//mcu/
2023-08-04 09:52:04,405 [INFO] ApiDb:274 - Set plugin database path to: /opt/st/stm32cubeide_1.13.0/plugins/com.st.stm32cube.common.mx_6.9.0.202307051724//db//plugins/boardmanager/
2023-08-04 09:52:04,406 [WARN] ApiDb:259 - Overriding images path with different value:  => /opt/st/stm32cubeide_1.13.0/plugins/com.st.stm32cube.common.mx_6.9.0.202307051724//db//plugins/mcufinder/images/
2023-08-04 09:52:04,423 [INFO] ApiDb:250 - Set database path to: /home/manjunath/.stmcufinder/plugins/mcufinder//mcu/
2023-08-04 09:52:04,425 [INFO] DbMcusAds:125 - Set database path to: /home/manjunath/.stmcufinder/plugins/mcufinder//mcu/
2023-08-04 09:52:04,427 [INFO] CrossReferenceDbSqlite:203 - Set database path to: /home/manjunath/.stmcufinder/plugins/mcufinder//mcu/cs/
2023-08-04 09:52:04,607 [INFO] RulesReader:64 - Compatibility file has been processed (293 Rules)
2023-08-04 09:52:04,675 [INFO] DbMcusXml:78 - Set database path to: /opt/st/stm32cubeide_1.13.0/plugins/com.st.stm32cube.common.mx_6.9.0.202307051724//db//mcu/
2023-08-04 09:52:04,676 [INFO] ApiDb:274 - Set plugin database path to: /opt/st/stm32cubeide_1.13.0/plugins/com.st.stm32cube.common.mx_6.9.0.202307051724//db//plugins/boardmanager/
2023-08-04 09:52:04,676 [INFO] ApiDb:261 - Set plugin images path to: /opt/st/stm32cubeide_1.13.0/plugins/com.st.stm32cube.common.mx_6.9.0.202307051724//db//plugins/mcufinder/images/
2023-08-04 09:52:04,676 [WARN] DbFile:41 - Overriding database path with different value: /home/manjunath/.stmcufinder/plugins/mcufinder/ => /home/manjunath/.stmcufinder/plugins/mcufinder
2023-08-04 09:52:04,676 [INFO] ApiDb:250 - Set database path to: /home/manjunath/.stmcufinder/plugins/mcufinder//mcu/
2023-08-04 09:52:04,676 [WARN] DbFile:41 - Overriding database path with different value: /home/manjunath/.stmcufinder/plugins/mcufinder/ => /home/manjunath/.stmcufinder/plugins/mcufinder
2023-08-04 09:52:04,676 [INFO] DbMcusAds:125 - Set database path to: /home/manjunath/.stmcufinder/plugins/mcufinder//mcu/
2023-08-04 09:52:04,677 [WARN] DbFile:41 - Overriding database path with different value: /home/manjunath/.stmcufinder/plugins/mcufinder/ => /home/manjunath/.stmcufinder/plugins/mcufinder
2023-08-04 09:52:04,677 [WARN] DbFile:41 - Overriding database path with different value: /home/manjunath/.stmcufinder/plugins/mcufinder/ => /home/manjunath/.stmcufinder/plugins/mcufinder
2023-08-04 09:52:04,677 [INFO] CrossReferenceDbSqlite:203 - Set database path to: /home/manjunath/.stmcufinder/plugins/mcufinder//mcu/cs/
2023-08-04 09:52:04,834 [INFO] MainPanel:262 - HeapMemory: 268435456
2023-08-04 09:52:04,939 [INFO] DbMcusXml:78 - Set database path to: /opt/st/stm32cubeide_1.13.0/plugins/com.st.stm32cube.common.mx_6.9.0.202307051724//db//mcu/
2023-08-04 09:52:04,939 [INFO] ApiDb:274 - Set plugin database path to: /opt/st/stm32cubeide_1.13.0/plugins/com.st.stm32cube.common.mx_6.9.0.202307051724//db//plugins/boardmanager/
2023-08-04 09:52:04,939 [INFO] ApiDb:261 - Set plugin images path to: /opt/st/stm32cubeide_1.13.0/plugins/com.st.stm32cube.common.mx_6.9.0.202307051724//db//plugins/mcufinder/images/
2023-08-04 09:52:04,939 [WARN] DbFile:41 - Overriding database path with different value: /home/manjunath/.stmcufinder/plugins/mcufinder/ => /home/manjunath/.stmcufinder/plugins/mcufinder
2023-08-04 09:52:04,940 [INFO] ApiDb:250 - Set database path to: /home/manjunath/.stmcufinder/plugins/mcufinder//mcu/
2023-08-04 09:52:04,940 [WARN] DbFile:41 - Overriding database path with different value: /home/manjunath/.stmcufinder/plugins/mcufinder/ => /home/manjunath/.stmcufinder/plugins/mcufinder
2023-08-04 09:52:04,940 [INFO] DbMcusAds:125 - Set database path to: /home/manjunath/.stmcufinder/plugins/mcufinder//mcu/
2023-08-04 09:52:04,940 [WARN] DbFile:41 - Overriding database path with different value: /home/manjunath/.stmcufinder/plugins/mcufinder/ => /home/manjunath/.stmcufinder/plugins/mcufinder
2023-08-04 09:52:04,940 [WARN] DbFile:41 - Overriding database path with different value: /home/manjunath/.stmcufinder/plugins/mcufinder/ => /home/manjunath/.stmcufinder/plugins/mcufinder
2023-08-04 09:52:04,940 [INFO] CrossReferenceDbSqlite:203 - Set database path to: /home/manjunath/.stmcufinder/plugins/mcufinder//mcu/cs/
2023-08-04 09:52:04,960 [INFO] ApplicationProperties:184 - Using Application install path: /opt/st/stm32cubeide_1.13.0/plugins/com.st.stm32cube.common.mx_6.9.0.202307051724
2023-08-04 09:52:04,961 [INFO] PluginManage:196 - Search for loadable plugins [exclusion list=, ]
2023-08-04 09:52:04,963 [INFO] PluginManage:310 - Check plugin analytics
2023-08-04 09:52:05,251 [INFO] AnalyticsPlugin:253 - Accepted Software Licenses: 
2023-08-04 09:52:05,252 [INFO] AnalyticsPlugin:255 - Accepted CMSIS Pack Licenses: 
2023-08-04 09:52:05,252 [INFO] AnalyticsPlugin:257 - Accepted Firmware Licenses: FW.F4.1.27.0
2023-08-04 09:52:05,254 [INFO] PluginManage:359 - Loaded plugin analytics (category:tool,tabindex:-1)
2023-08-04 09:52:05,255 [INFO] PluginManage:310 - Check plugin cadmodel
2023-08-04 09:52:05,262 [ERROR] ConfigurationRetriever:142 - IOException on connection: sw-center.st.com
2023-08-04 09:52:05,263 [ERROR] ConfigurationRetriever:142 - IOException on connection: sw-center.st.com
2023-08-04 09:52:05,264 [ERROR] ConfigurationRetriever:142 - IOException on connection: sw-center.st.com
2023-08-04 09:52:05,285 [INFO] CADModel:105 - Init CAD model plugin
2023-08-04 09:52:05,286 [INFO] PluginManage:359 - Loaded plugin cadmodel (category:power,tabindex:5)
2023-08-04 09:52:05,286 [INFO] PluginManage:310 - Check plugin clock
2023-08-04 09:52:05,295 [INFO] PluginManage:359 - Loaded plugin clock (category:base,tabindex:2)
2023-08-04 09:52:05,296 [INFO] PluginManage:310 - Check plugin ddr
2023-08-04 09:52:05,298 [INFO] PluginManage:359 - Loaded plugin ddr (category:tool,tabindex:6)
2023-08-04 09:52:05,299 [INFO] PluginManage:310 - Check plugin filemanager
2023-08-04 09:52:05,421 [INFO] PluginManage:359 - Loaded plugin filemanager (category:base,tabindex:10)
2023-08-04 09:52:05,422 [INFO] PluginManage:310 - Check plugin ipmanager
2023-08-04 09:52:05,430 [INFO] PluginManage:359 - Loaded plugin ipmanager (category:base,tabindex:5)
2023-08-04 09:52:05,430 [INFO] PluginManage:310 - Check plugin lpbam
2023-08-04 09:52:05,444 [INFO] PluginManage:359 - Loaded plugin lpbam (category:base,tabindex:0)
2023-08-04 09:52:05,444 [INFO] PluginManage:310 - Check plugin memorymap
2023-08-04 09:52:05,453 [INFO] PluginManage:359 - Loaded plugin memorymap (category:base,tabindex:4)
2023-08-04 09:52:05,453 [INFO] PluginManage:310 - Check plugin pinoutandconfiguration
2023-08-04 09:52:05,459 [INFO] PluginManage:359 - Loaded plugin pinoutandconfiguration (category:base,tabindex:1)
2023-08-04 09:52:05,460 [INFO] PluginManage:310 - Check plugin pinoutconfig
2023-08-04 09:52:05,548 [WARN] SupportedApi:132 - Cannot load RTOS API schema: s4s-elt-must-match.1: The content of 'definitions' must match (annotation?, (simpleType | complexType)?, (unique | key | keyref)*)). A problem was found starting at: attribute.
2023-08-04 09:52:05,671 [INFO] PluginManage:359 - Loaded plugin pinoutconfig (category:base,tabindex:0)
2023-08-04 09:52:05,671 [INFO] PluginManage:310 - Check plugin power
2023-08-04 09:52:05,681 [INFO] PluginManage:359 - Loaded plugin power (category:power,tabindex:4)
2023-08-04 09:52:05,682 [INFO] PluginManage:310 - Check plugin projectmanager
2023-08-04 09:52:05,698 [INFO] PluginManage:359 - Loaded plugin projectmanager (category:projectmanager,tabindex:3)
2023-08-04 09:52:05,698 [INFO] PluginManage:310 - Check plugin thirdparty
2023-08-04 09:52:05,851 [WARN] IntegrityCheckThread:84 - waiting for thirdparty lock release [integrity check]
2023-08-04 09:52:05,851 [INFO] IntegrityCheckThread:86 - entering critical section [integrity check]
2023-08-04 09:52:05,852 [INFO] ThirdPartyUpdaterWithRetryManager:70 - Updater plugin not ready yet. [1/15]
2023-08-04 09:52:05,852 [INFO] PluginManage:359 - Loaded plugin thirdparty (category:base,tabindex:-1)
2023-08-04 09:52:05,852 [INFO] PluginManage:310 - Check plugin tools
2023-08-04 09:52:05,854 [INFO] PluginManage:359 - Loaded plugin tools (category:base,tabindex:7)
2023-08-04 09:52:05,854 [INFO] PluginManage:310 - Check plugin tutovideos
2023-08-04 09:52:05,979 [INFO] PluginManage:359 - Loaded plugin tutovideos (category:base,tabindex:-1)
2023-08-04 09:52:05,979 [INFO] PluginManage:310 - Check plugin updater
2023-08-04 09:52:05,991 [INFO] PluginManage:359 - Loaded plugin updater (category:base,tabindex:12)
2023-08-04 09:52:05,992 [INFO] PluginManage:310 - Check plugin userauth
2023-08-04 09:52:05,995 [INFO] UserAuth:113 - Init User Auth plugin
2023-08-04 09:52:05,996 [INFO] PluginManage:359 - Loaded plugin userauth (category:base,tabindex:14)
2023-08-04 09:52:05,996 [INFO] PluginManage:283 - PluginManage : Loaded plugins [17]
2023-08-04 09:52:06,142 [INFO] PinOutPanel:1499 - setPackage(No Configuration,No Configuration)
2023-08-04 09:52:06,215 [INFO] CADModel:165 - CPN selected for project level
2023-08-04 09:52:06,215 [INFO] CADModel:114 - Register for checkConnection events
2023-08-04 09:52:06,226 [INFO] IPUIPlugin:80 - create IPUIPlugin
2023-08-04 09:52:06,226 [INFO] PluginManager:220 - loadIPPluginJar : add hash
2023-08-04 09:52:06,229 [INFO] IPUIPlugin:80 - create IPUIPlugin
2023-08-04 09:52:06,229 [INFO] PluginManager:220 - loadIPPluginJar : add ipddr
2023-08-04 09:52:06,230 [INFO] IPUIPlugin:80 - create IPUIPlugin
2023-08-04 09:52:06,231 [INFO] PluginManager:220 - loadIPPluginJar : add genericplugin
2023-08-04 09:52:06,232 [INFO] IPUIPlugin:80 - create IPUIPlugin
2023-08-04 09:52:06,232 [INFO] PluginManager:220 - loadIPPluginJar : add fatfs
2023-08-04 09:52:06,237 [INFO] IPUIPlugin:80 - create IPUIPlugin
2023-08-04 09:52:06,239 [INFO] PluginManager:220 - loadIPPluginJar : add plateformsettings
2023-08-04 09:52:06,241 [INFO] IPUIPlugin:80 - create IPUIPlugin
2023-08-04 09:52:06,241 [INFO] PluginManager:220 - loadIPPluginJar : add pdm2pcm
2023-08-04 09:52:06,242 [INFO] IPUIPlugin:80 - create IPUIPlugin
2023-08-04 09:52:06,242 [INFO] PluginManager:220 - loadIPPluginJar : add cryp
2023-08-04 09:52:06,243 [INFO] IPUIPlugin:80 - create IPUIPlugin
2023-08-04 09:52:06,243 [INFO] PluginManager:220 - loadIPPluginJar : add tim
2023-08-04 09:52:06,245 [INFO] IPUIPlugin:80 - create IPUIPlugin
2023-08-04 09:52:06,245 [INFO] PluginManager:220 - loadIPPluginJar : add spi
2023-08-04 09:52:06,249 [INFO] IPUIPlugin:80 - create IPUIPlugin
2023-08-04 09:52:06,249 [INFO] PluginManager:220 - loadIPPluginJar : add mdma
2023-08-04 09:52:06,250 [INFO] IPUIPlugin:80 - create IPUIPlugin
2023-08-04 09:52:06,250 [INFO] PluginManager:220 - loadIPPluginJar : add aes
2023-08-04 09:52:06,252 [INFO] IPUIPlugin:80 - create IPUIPlugin
2023-08-04 09:52:06,252 [INFO] PluginManager:220 - loadIPPluginJar : add gfxmmu
2023-08-04 09:52:06,253 [INFO] IPUIPlugin:80 - create IPUIPlugin
2023-08-04 09:52:06,253 [INFO] PluginManager:220 - loadIPPluginJar : add ucpd
2023-08-04 09:52:06,253 [INFO] IPUIPlugin:80 - create IPUIPlugin
2023-08-04 09:52:06,254 [INFO] PluginManager:220 - loadIPPluginJar : add quadspi
2023-08-04 09:52:06,255 [INFO] IPUIPlugin:80 - create IPUIPlugin
2023-08-04 09:52:06,255 [INFO] PluginManager:220 - loadIPPluginJar : add tracer_emb
2023-08-04 09:52:06,256 [INFO] IPUIPlugin:80 - create IPUIPlugin
2023-08-04 09:52:06,256 [INFO] PluginManager:220 - loadIPPluginJar : add dfsdm
2023-08-04 09:52:06,258 [INFO] IPUIPlugin:80 - create IPUIPlugin
2023-08-04 09:52:06,259 [INFO] PluginManager:220 - loadIPPluginJar : add sai
2023-08-04 09:52:06,260 [INFO] IPUIPlugin:80 - create IPUIPlugin
2023-08-04 09:52:06,260 [INFO] PluginManager:220 - loadIPPluginJar : add lorawan
2023-08-04 09:52:06,262 [INFO] IPUIPlugin:80 - create IPUIPlugin
2023-08-04 09:52:06,262 [INFO] PluginManager:220 - loadIPPluginJar : add usbx
2023-08-04 09:52:06,267 [INFO] IPUIPlugin:80 - create IPUIPlugin
2023-08-04 09:52:06,267 [INFO] PluginManager:220 - loadIPPluginJar : add linkedlist
2023-08-04 09:52:06,268 [INFO] IPUIPlugin:80 - create IPUIPlugin
2023-08-04 09:52:06,268 [INFO] PluginManager:220 - loadIPPluginJar : add ltdc
2023-08-04 09:52:06,270 [INFO] IPUIPlugin:80 - create IPUIPlugin
2023-08-04 09:52:06,271 [INFO] PluginManager:220 - loadIPPluginJar : add nvic
2023-08-04 09:52:06,273 [INFO] IPUIPlugin:80 - create IPUIPlugin
2023-08-04 09:52:06,273 [INFO] PluginManager:220 - loadIPPluginJar : add gtzc
2023-08-04 09:52:06,277 [INFO] IPUIPlugin:80 - create IPUIPlugin
2023-08-04 09:52:06,277 [INFO] PluginManager:220 - loadIPPluginJar : add freertos
2023-08-04 09:52:06,280 [INFO] IPUIPlugin:80 - create IPUIPlugin
2023-08-04 09:52:06,280 [INFO] PluginManager:220 - loadIPPluginJar : add dma
2023-08-04 09:52:06,281 [INFO] IPUIPlugin:80 - create IPUIPlugin
2023-08-04 09:52:06,281 [INFO] PluginManager:220 - loadIPPluginJar : add tsc
2023-08-04 09:52:06,282 [INFO] IPUIPlugin:80 - create IPUIPlugin
2023-08-04 09:52:06,282 [INFO] PluginManager:220 - loadIPPluginJar : add usart
2023-08-04 09:52:06,283 [INFO] IPUIPlugin:80 - create IPUIPlugin
2023-08-04 09:52:06,283 [INFO] PluginManager:220 - loadIPPluginJar : add comp
2023-08-04 09:52:06,285 [INFO] IPUIPlugin:80 - create IPUIPlugin
2023-08-04 09:52:06,285 [INFO] PluginManager:220 - loadIPPluginJar : add i2s
2023-08-04 09:52:06,286 [INFO] IPUIPlugin:80 - create IPUIPlugin
2023-08-04 09:52:06,286 [INFO] PluginManager:220 - loadIPPluginJar : add i2c
2023-08-04 09:52:06,288 [INFO] IPUIPlugin:80 - create IPUIPlugin
2023-08-04 09:52:06,288 [INFO] PluginManager:220 - loadIPPluginJar : add i3c
2023-08-04 09:52:06,292 [INFO] IPUIPlugin:80 - create IPUIPlugin
2023-08-04 09:52:06,292 [INFO] PluginManager:220 - loadIPPluginJar : add resmgrutility
2023-08-04 09:52:06,295 [INFO] IPUIPlugin:80 - create IPUIPlugin
2023-08-04 09:52:06,295 [INFO] PluginManager:220 - loadIPPluginJar : add stm32_wpan
2023-08-04 09:52:06,296 [INFO] IPUIPlugin:80 - create IPUIPlugin
2023-08-04 09:52:06,296 [INFO] PluginManager:220 - loadIPPluginJar : add dma3
2023-08-04 09:52:06,298 [INFO] IPUIPlugin:80 - create IPUIPlugin
2023-08-04 09:52:06,298 [INFO] PluginManager:220 - loadIPPluginJar : add touchsensing
2023-08-04 09:52:06,299 [INFO] IPUIPlugin:80 - create IPUIPlugin
2023-08-04 09:52:06,299 [INFO] PluginManager:220 - loadIPPluginJar : add can
2023-08-04 09:52:06,301 [INFO] IPUIPlugin:80 - create IPUIPlugin
2023-08-04 09:52:06,301 [INFO] PluginManager:220 - loadIPPluginJar : add fmc
2023-08-04 09:52:06,304 [INFO] IPUIPlugin:80 - create IPUIPlugin
2023-08-04 09:52:06,304 [INFO] PluginManager:220 - loadIPPluginJar : add gic
2023-08-04 09:52:06,305 [INFO] IPUIPlugin:80 - create IPUIPlugin
2023-08-04 09:52:06,305 [INFO] PluginManager:220 - loadIPPluginJar : add ts
2023-08-04 09:52:06,307 [INFO] IPUIPlugin:80 - create IPUIPlugin
2023-08-04 09:52:06,307 [INFO] PluginManager:220 - loadIPPluginJar : add opamp
2023-08-04 09:52:06,309 [INFO] IPUIPlugin:80 - create IPUIPlugin
2023-08-04 09:52:06,310 [INFO] PluginManager:220 - loadIPPluginJar : add gpio
2023-08-04 09:52:06,311 [INFO] IPUIPlugin:80 - create IPUIPlugin
2023-08-04 09:52:06,311 [INFO] PluginManager:220 - loadIPPluginJar : add openamp
2023-08-04 09:52:06,315 [INFO] IPUIPlugin:80 - create IPUIPlugin
2023-08-04 09:52:06,315 [INFO] PluginManager:220 - loadIPPluginJar : add adc
2023-08-04 09:52:06,412 [INFO] CADModel:165 - CPN selected for project level
2023-08-04 09:52:06,412 [INFO] CADModel:114 - Register for checkConnection events
2023-08-04 09:52:06,413 [FATAL] Updater:308 - Updater called before beeing initialized
2023-08-04 09:52:06,413 [ERROR] CADModel:125 - Updater not yet initialized, retry later 
2023-08-04 09:52:06,522 [INFO] CADModel:165 - CPN selected for project level
2023-08-04 09:52:06,522 [INFO] CADModel:114 - Register for checkConnection events
2023-08-04 09:52:06,522 [FATAL] Updater:308 - Updater called before beeing initialized
2023-08-04 09:52:06,522 [ERROR] CADModel:125 - Updater not yet initialized, retry later 
2023-08-04 09:52:06,524 [FATAL] Updater:308 - Updater called before beeing initialized
2023-08-04 09:52:06,604 [FATAL] Updater:308 - Updater called before beeing initialized
2023-08-04 09:52:06,610 [INFO] DbMcusAds:53 - JSON generation date=Tue Mar 07 14:20:55 IST 2023 (1678179055114)
2023-08-04 09:52:06,610 [FATAL] Updater:308 - Updater called before beeing initialized
2023-08-04 09:52:06,636 [WARN] DetailPanel:346 - Failed to get advertising image, set to default
2023-08-04 09:52:06,718 [FATAL] Updater:308 - Updater called before beeing initialized
2023-08-04 09:52:06,720 [FATAL] Updater:308 - Updater called before beeing initialized
2023-08-04 09:52:06,720 [FATAL] Updater:308 - Updater called before beeing initialized
2023-08-04 09:52:06,720 [WARN] DetailPanel:346 - Failed to get advertising image, set to default
2023-08-04 09:52:06,721 [FATAL] Updater:308 - Updater called before beeing initialized
2023-08-04 09:52:06,747 [ERROR] Updater:1120 - MainUpdater not yet initialized. External WinMGr cannot be set.
2023-08-04 09:52:06,749 [INFO] Updater:1056 - Updater Version found : 6.9.0
2023-08-04 09:52:06,765 [INFO] ApplicationProperties:184 - Using Application install path: /opt/st/stm32cubeide_1.13.0/plugins/com.st.stm32cube.common.mx_6.9.0.202307051724
2023-08-04 09:52:06,854 [ERROR] ServerAccessManage:1146 - Warning during Server Connection :  Unknown host sw-center.st.com
2023-08-04 09:52:06,871 [INFO] MainUpdater:2868 - connection check result : 22
2023-08-04 09:52:06,883 [INFO] MainUpdater:285 - Updater Check For Update Now.
2023-08-04 09:52:06,884 [INFO] MicroXplorer:498 - Change Database Version : DB.6.0.90
2023-08-04 09:52:06,891 [INFO] McuFinderGlobals:63 - Set McuFinder mode to 2 (CubeIDE integrated)
2023-08-04 09:52:07,068 [INFO] CheckServerUpdateThread:120 - End of CheckServer Thread
2023-08-04 09:52:09,157 [WARN] PackLoader:240 - Cannot read IP mode file for STMicroelectronics.X-CUBE-SMBUS.2.1.0
2023-08-04 09:52:09,235 [WARN] PackLoader:240 - Cannot read IP mode file for STMicroelectronics.X-CUBE-AZRTOS-F7.1.1.0
2023-08-04 09:52:09,265 [WARN] PackLoader:240 - Cannot read IP mode file for STMicroelectronics.FP-SNS-MOTENV1.4.3.2
2023-08-04 09:52:09,273 [WARN] PackLoader:240 - Cannot read IP mode file for STMicroelectronics.FP-SNS-FLIGHT1.5.0.1
2023-08-04 09:52:09,286 [WARN] PackLoader:240 - Cannot read IP mode file for STMicroelectronics.X-CUBE-BLE1.6.2.4
2023-08-04 09:52:09,299 [WARN] PackLoader:240 - Cannot read IP mode file for STMicroelectronics.X-CUBE-DISPLAY.3.0.0
2023-08-04 09:52:09,311 [WARN] PackLoader:240 - Cannot read IP mode file for emotas.I-CUBE-CANOPEN.1.3.0
2023-08-04 09:52:09,322 [WARN] PackLoader:240 - Cannot read IP mode file for STMicroelectronics.X-CUBE-TOUCHGFX.4.22.0
2023-08-04 09:52:09,344 [INFO] LogOutputStream:77 - [STDOUT_REDIRECT] 1 : Invalid condition id : UX_CORESTACK_Condition cause : null
2023-08-04 09:52:09,345 [INFO] LogOutputStream:77 - [STDOUT_REDIRECT] 1 : Invalid condition id : UX_CORESTACK_Condition cause : null
2023-08-04 09:52:09,346 [INFO] LogOutputStream:77 - [STDOUT_REDIRECT] 1 : Invalid condition id : UX_CORESTACK_Condition cause : null
2023-08-04 09:52:09,348 [INFO] LogOutputStream:77 - [STDOUT_REDIRECT] 1 : Invalid condition id : UX_CORESTACK_Condition cause : null
2023-08-04 09:52:09,349 [INFO] LogOutputStream:77 - [STDOUT_REDIRECT] 1 : Invalid condition id : UX_CORESTACK_Condition cause : null
2023-08-04 09:52:09,361 [WARN] PackLoader:240 - Cannot read IP mode file for STMicroelectronics.X-CUBE-AZRTOS-WL.2.0.0
2023-08-04 09:52:09,381 [WARN] PackLoader:240 - Cannot read IP mode file for WES.I-CUBE-Cesium.1.3.0
2023-08-04 09:52:09,386 [WARN] PackLoader:240 - Cannot read IP mode file for STMicroelectronics.X-CUBE-BLE2.3.3.0
2023-08-04 09:52:09,393 [WARN] PackLoader:240 - Cannot read IP mode file for STMicroelectronics.X-CUBE-ALGOBUILD.1.3.0
2023-08-04 09:52:09,418 [WARN] PackLoader:240 - Cannot read IP mode file for STMicroelectronics.X-CUBE-AZRTOS-G0.1.1.0
2023-08-04 09:52:09,428 [WARN] PackLoader:240 - Cannot read IP mode file for STMicroelectronics.X-CUBE-NFC4.3.0.0
2023-08-04 09:52:09,433 [WARN] PackLoader:240 - Cannot read IP mode file for STMicroelectronics.FP-ATR-SIGFOX1.3.2.0
2023-08-04 09:52:09,461 [WARN] PackLoader:240 - Cannot read IP mode file for SEGGER.I-CUBE-embOS.1.3.1
2023-08-04 09:52:09,597 [WARN] PackLoader:240 - Cannot read IP mode file for STMicroelectronics.X-CUBE-GNSS1.6.0.0
2023-08-04 09:52:09,653 [WARN] PackLoader:240 - Cannot read IP mode file for STMicroelectronics.X-CUBE-AZRTOS-F4.1.1.0
2023-08-04 09:52:09,698 [WARN] PackLoader:240 - Cannot read IP mode file for wolfSSL.I-CUBE-wolfSSL.5.6.3
2023-08-04 09:52:09,782 [WARN] PackLoader:240 - Cannot read IP mode file for STMicroelectronics.X-CUBE-MEMS1.9.6.0
2023-08-04 09:52:10,072 [WARN] PackLoader:240 - Cannot read IP mode file for STMicroelectronics.X-CUBE-BLEMGR.2.0.0
2023-08-04 09:52:10,117 [WARN] ConditionMgr:438 - getConditionDescription Invalid condition id : UX DEVICE CLASS RTOS Condition cause : null
2023-08-04 09:52:10,117 [WARN] ConditionMgr:438 - getConditionDescription Invalid condition id : UX DEVICE CLASS RTOS Condition cause : null
2023-08-04 09:52:10,129 [WARN] PackLoader:240 - Cannot read IP mode file for STMicroelectronics.X-CUBE-AZRTOS-H7.3.1.0
2023-08-04 09:52:10,133 [WARN] ConditionMgr:1039 - genDependencies : Invalid condition id : UX DEVICE CLASS RTOS Condition cause : null
2023-08-04 09:52:10,133 [WARN] ConditionMgr:1039 - genDependencies : Invalid condition id : UX DEVICE CLASS RTOS Condition cause : null
2023-08-04 09:52:10,134 [WARN] ConditionMgr:1039 - genDependencies : Invalid condition id : UX DEVICE CLASS RTOS Condition cause : null
2023-08-04 09:52:10,135 [WARN] ConditionMgr:1039 - genDependencies : Invalid condition id : UX DEVICE CLASS RTOS Condition cause : null
2023-08-04 09:52:10,135 [WARN] ConditionMgr:1039 - genDependencies : Invalid condition id : UX DEVICE CLASS RTOS Condition cause : null
2023-08-04 09:52:10,145 [WARN] PackLoader:240 - Cannot read IP mode file for STMicroelectronics.X-CUBE-NFC7.1.0.1
2023-08-04 09:52:10,156 [WARN] PackLoader:240 - Cannot read IP mode file for STMicroelectronics.X-CUBE-EEPRMA1.4.1.0
2023-08-04 09:52:10,190 [WARN] ConditionMgr:438 - getConditionDescription Invalid condition id : LAN8742 Phy interface Condition cause : null
2023-08-04 09:52:10,191 [WARN] PackLoader:240 - Cannot read IP mode file for STMicroelectronics.X-CUBE-AZRTOS-L4.2.0.0
2023-08-04 09:52:10,193 [WARN] ConditionMgr:1039 - genDependencies : Invalid condition id : LAN8742 Phy interface Condition cause : null
2023-08-04 09:52:10,193 [WARN] ConditionMgr:1039 - genDependencies : Invalid condition id : LAN8742 Phy interface Condition cause : null
2023-08-04 09:52:10,194 [WARN] ConditionMgr:1039 - genDependencies : Invalid condition id : LAN8742 Phy interface Condition cause : null
2023-08-04 09:52:10,205 [WARN] PackLoader:240 - Cannot read IP mode file for STMicroelectronics.X-CUBE-SFXS2LP1.4.0.0
2023-08-04 09:52:10,210 [WARN] PackLoader:240 - Cannot read IP mode file for STMicroelectronics.X-CUBE-ISPU.1.1.0
2023-08-04 09:52:10,216 [WARN] PackLoader:240 - Cannot read IP mode file for STMicroelectronics.X-CUBE-FREERTOS.1.0.1
2023-08-04 09:52:10,266 [WARN] PackLoader:240 - Cannot read IP mode file for STMicroelectronics.X-CUBE-AZRTOS-L5.1.1.0
2023-08-04 09:52:10,282 [WARN] PackLoader:240 - Cannot read IP mode file for STMicroelectronics.X-CUBE-AI.8.0.1
2023-08-04 09:52:10,293 [WARN] PackLoader:240 - Cannot read IP mode file for STMicroelectronics.X-CUBE-SUBG2.5.0.0
2023-08-04 09:52:10,312 [WARN] PackLoader:240 - Cannot read IP mode file for STMicroelectronics.X-CUBE-TOF1.3.3.1
2023-08-04 09:52:10,359 [WARN] PackLoader:240 - Cannot read IP mode file for STMicroelectronics.X-CUBE-AZRTOS-G4.2.0.0
2023-08-04 09:52:10,376 [WARN] PackLoader:240 - Cannot read IP mode file for portGmbH.I-Cube-SoM-uGOAL.1.1.0
2023-08-04 09:52:10,385 [WARN] PackLoader:240 - Cannot read IP mode file for STMicroelectronics.X-CUBE-ALS.1.0.1
2023-08-04 09:52:10,401 [WARN] PackLoader:240 - Cannot read IP mode file for STMicroelectronics.X-CUBE-AZRTOS-WB.1.1.0
2023-08-04 09:52:10,407 [WARN] PackLoader:240 - Cannot read IP mode file for STMicroelectronics.FP-ATR-ASTRA1.2.0.0
2023-08-04 09:52:10,408 [INFO] ThirdParty:978 - Integrity check success = true
2023-08-04 09:52:10,408 [INFO] IntegrityCheckThread:100 - exiting critical section [integrity check]
2023-08-04 09:52:10,409 [INFO] IntegrityCheckThread:103 - End integrity checks thread
2023-08-04 09:52:27,273 [ERROR] LogOutputStream:75 - [STDERR_REDIRECT] SLF4J: Failed to load class "org.slf4j.impl.StaticLoggerBinder".
2023-08-04 09:52:27,274 [ERROR] LogOutputStream:75 - [STDERR_REDIRECT] SLF4J: Defaulting to no-operation (NOP) logger implementation
2023-08-04 09:52:27,274 [ERROR] LogOutputStream:75 - [STDERR_REDIRECT] SLF4J: See http://www.slf4j.org/codes.html#StaticLoggerBinder for further details.
2023-08-04 09:53:24,338 [ERROR] ConfigurationRetriever:142 - IOException on connection: sw-center.st.com
2023-08-04 09:53:24,339 [ERROR] ConfigurationRetriever:142 - IOException on connection: sw-center.st.com
2023-08-04 09:53:24,339 [ERROR] ConfigurationRetriever:142 - IOException on connection: sw-center.st.com
2023-08-04 09:54:19,313 [ERROR] ConfigurationRetriever:142 - IOException on connection: sw-center.st.com
2023-08-04 09:54:19,315 [ERROR] ConfigurationRetriever:142 - IOException on connection: sw-center.st.com
2023-08-04 09:54:19,315 [ERROR] ConfigurationRetriever:142 - IOException on connection: sw-center.st.com
2023-08-04 15:10:51,702 [INFO] Activator:176 - 


2023-08-04 15:10:51,704 [INFO] Activator:177 - !SESSION log4j initialized
2023-08-04 15:10:55,889 [INFO] LogOutputStream:77 - [STDOUT_REDIRECT] 
2023-08-04 15:10:58,203 [INFO] ApplicationProperties:184 - Using Application install path: /opt/st/stm32cubeide_1.13.0/plugins/com.st.stm32cube.common.mx_6.9.0.202307051724
2023-08-04 15:10:58,222 [INFO] DbMcusXml:78 - Set database path to: /opt/st/stm32cubeide_1.13.0/plugins/com.st.stm32cube.common.mx_6.9.0.202307051724//db//mcu/
2023-08-04 15:10:58,223 [INFO] ApiDb:274 - Set plugin database path to: /opt/st/stm32cubeide_1.13.0/plugins/com.st.stm32cube.common.mx_6.9.0.202307051724//db//plugins/boardmanager/
2023-08-04 15:10:58,224 [WARN] ApiDb:259 - Overriding images path with different value:  => /opt/st/stm32cubeide_1.13.0/plugins/com.st.stm32cube.common.mx_6.9.0.202307051724//db//plugins/mcufinder/images/
2023-08-04 15:10:58,234 [INFO] ApiDb:250 - Set database path to: /home/manjunath/.stmcufinder/plugins/mcufinder//mcu/
2023-08-04 15:10:58,235 [INFO] DbMcusAds:125 - Set database path to: /home/manjunath/.stmcufinder/plugins/mcufinder//mcu/
2023-08-04 15:10:58,238 [INFO] CrossReferenceDbSqlite:203 - Set database path to: /home/manjunath/.stmcufinder/plugins/mcufinder//mcu/cs/
2023-08-04 15:10:58,383 [INFO] RulesReader:64 - Compatibility file has been processed (293 Rules)
2023-08-04 15:10:58,456 [INFO] DbMcusXml:78 - Set database path to: /opt/st/stm32cubeide_1.13.0/plugins/com.st.stm32cube.common.mx_6.9.0.202307051724//db//mcu/
2023-08-04 15:10:58,456 [INFO] ApiDb:274 - Set plugin database path to: /opt/st/stm32cubeide_1.13.0/plugins/com.st.stm32cube.common.mx_6.9.0.202307051724//db//plugins/boardmanager/
2023-08-04 15:10:58,456 [INFO] ApiDb:261 - Set plugin images path to: /opt/st/stm32cubeide_1.13.0/plugins/com.st.stm32cube.common.mx_6.9.0.202307051724//db//plugins/mcufinder/images/
2023-08-04 15:10:58,457 [WARN] DbFile:41 - Overriding database path with different value: /home/manjunath/.stmcufinder/plugins/mcufinder/ => /home/manjunath/.stmcufinder/plugins/mcufinder
2023-08-04 15:10:58,457 [INFO] ApiDb:250 - Set database path to: /home/manjunath/.stmcufinder/plugins/mcufinder//mcu/
2023-08-04 15:10:58,457 [WARN] DbFile:41 - Overriding database path with different value: /home/manjunath/.stmcufinder/plugins/mcufinder/ => /home/manjunath/.stmcufinder/plugins/mcufinder
2023-08-04 15:10:58,457 [INFO] DbMcusAds:125 - Set database path to: /home/manjunath/.stmcufinder/plugins/mcufinder//mcu/
2023-08-04 15:10:58,457 [WARN] DbFile:41 - Overriding database path with different value: /home/manjunath/.stmcufinder/plugins/mcufinder/ => /home/manjunath/.stmcufinder/plugins/mcufinder
2023-08-04 15:10:58,457 [WARN] DbFile:41 - Overriding database path with different value: /home/manjunath/.stmcufinder/plugins/mcufinder/ => /home/manjunath/.stmcufinder/plugins/mcufinder
2023-08-04 15:10:58,457 [INFO] CrossReferenceDbSqlite:203 - Set database path to: /home/manjunath/.stmcufinder/plugins/mcufinder//mcu/cs/
2023-08-04 15:10:58,530 [INFO] MainPanel:262 - HeapMemory: 268435456
2023-08-04 15:10:58,622 [INFO] DbMcusXml:78 - Set database path to: /opt/st/stm32cubeide_1.13.0/plugins/com.st.stm32cube.common.mx_6.9.0.202307051724//db//mcu/
2023-08-04 15:10:58,622 [INFO] ApiDb:274 - Set plugin database path to: /opt/st/stm32cubeide_1.13.0/plugins/com.st.stm32cube.common.mx_6.9.0.202307051724//db//plugins/boardmanager/
2023-08-04 15:10:58,623 [INFO] ApiDb:261 - Set plugin images path to: /opt/st/stm32cubeide_1.13.0/plugins/com.st.stm32cube.common.mx_6.9.0.202307051724//db//plugins/mcufinder/images/
2023-08-04 15:10:58,623 [WARN] DbFile:41 - Overriding database path with different value: /home/manjunath/.stmcufinder/plugins/mcufinder/ => /home/manjunath/.stmcufinder/plugins/mcufinder
2023-08-04 15:10:58,623 [INFO] ApiDb:250 - Set database path to: /home/manjunath/.stmcufinder/plugins/mcufinder//mcu/
2023-08-04 15:10:58,623 [WARN] DbFile:41 - Overriding database path with different value: /home/manjunath/.stmcufinder/plugins/mcufinder/ => /home/manjunath/.stmcufinder/plugins/mcufinder
2023-08-04 15:10:58,623 [INFO] DbMcusAds:125 - Set database path to: /home/manjunath/.stmcufinder/plugins/mcufinder//mcu/
2023-08-04 15:10:58,623 [WARN] DbFile:41 - Overriding database path with different value: /home/manjunath/.stmcufinder/plugins/mcufinder/ => /home/manjunath/.stmcufinder/plugins/mcufinder
2023-08-04 15:10:58,623 [WARN] DbFile:41 - Overriding database path with different value: /home/manjunath/.stmcufinder/plugins/mcufinder/ => /home/manjunath/.stmcufinder/plugins/mcufinder
2023-08-04 15:10:58,624 [INFO] CrossReferenceDbSqlite:203 - Set database path to: /home/manjunath/.stmcufinder/plugins/mcufinder//mcu/cs/
2023-08-04 15:10:58,638 [INFO] ApplicationProperties:184 - Using Application install path: /opt/st/stm32cubeide_1.13.0/plugins/com.st.stm32cube.common.mx_6.9.0.202307051724
2023-08-04 15:10:58,639 [INFO] PluginManage:196 - Search for loadable plugins [exclusion list=, ]
2023-08-04 15:10:58,640 [INFO] PluginManage:310 - Check plugin analytics
2023-08-04 15:10:58,834 [INFO] AnalyticsPlugin:253 - Accepted Software Licenses: 
2023-08-04 15:10:58,834 [INFO] AnalyticsPlugin:255 - Accepted CMSIS Pack Licenses: 
2023-08-04 15:10:58,834 [INFO] AnalyticsPlugin:257 - Accepted Firmware Licenses: FW.F4.1.27.0
2023-08-04 15:10:58,837 [INFO] PluginManage:359 - Loaded plugin analytics (category:tool,tabindex:-1)
2023-08-04 15:10:58,837 [INFO] PluginManage:310 - Check plugin cadmodel
2023-08-04 15:10:58,869 [INFO] CADModel:105 - Init CAD model plugin
2023-08-04 15:10:58,869 [INFO] PluginManage:359 - Loaded plugin cadmodel (category:power,tabindex:5)
2023-08-04 15:10:58,870 [INFO] PluginManage:310 - Check plugin clock
2023-08-04 15:10:58,879 [INFO] PluginManage:359 - Loaded plugin clock (category:base,tabindex:2)
2023-08-04 15:10:58,880 [INFO] PluginManage:310 - Check plugin ddr
2023-08-04 15:10:58,882 [INFO] PluginManage:359 - Loaded plugin ddr (category:tool,tabindex:6)
2023-08-04 15:10:58,882 [INFO] PluginManage:310 - Check plugin filemanager
2023-08-04 15:10:59,008 [INFO] PluginManage:359 - Loaded plugin filemanager (category:base,tabindex:10)
2023-08-04 15:10:59,008 [INFO] PluginManage:310 - Check plugin ipmanager
2023-08-04 15:10:59,013 [INFO] PluginManage:359 - Loaded plugin ipmanager (category:base,tabindex:5)
2023-08-04 15:10:59,014 [INFO] PluginManage:310 - Check plugin lpbam
2023-08-04 15:10:59,024 [INFO] PluginManage:359 - Loaded plugin lpbam (category:base,tabindex:0)
2023-08-04 15:10:59,024 [INFO] PluginManage:310 - Check plugin memorymap
2023-08-04 15:10:59,036 [INFO] PluginManage:359 - Loaded plugin memorymap (category:base,tabindex:4)
2023-08-04 15:10:59,036 [INFO] PluginManage:310 - Check plugin pinoutandconfiguration
2023-08-04 15:10:59,043 [INFO] PluginManage:359 - Loaded plugin pinoutandconfiguration (category:base,tabindex:1)
2023-08-04 15:10:59,044 [INFO] PluginManage:310 - Check plugin pinoutconfig
2023-08-04 15:10:59,125 [WARN] SupportedApi:132 - Cannot load RTOS API schema: s4s-elt-must-match.1: The content of 'definitions' must match (annotation?, (simpleType | complexType)?, (unique | key | keyref)*)). A problem was found starting at: attribute.
2023-08-04 15:10:59,253 [INFO] PluginManage:359 - Loaded plugin pinoutconfig (category:base,tabindex:0)
2023-08-04 15:10:59,254 [INFO] PluginManage:310 - Check plugin power
2023-08-04 15:10:59,269 [INFO] PluginManage:359 - Loaded plugin power (category:power,tabindex:4)
2023-08-04 15:10:59,269 [INFO] PluginManage:310 - Check plugin projectmanager
2023-08-04 15:10:59,283 [INFO] PluginManage:359 - Loaded plugin projectmanager (category:projectmanager,tabindex:3)
2023-08-04 15:10:59,283 [INFO] PluginManage:310 - Check plugin thirdparty
2023-08-04 15:10:59,408 [INFO] PluginManage:359 - Loaded plugin thirdparty (category:base,tabindex:-1)
2023-08-04 15:10:59,408 [WARN] IntegrityCheckThread:84 - waiting for thirdparty lock release [integrity check]
2023-08-04 15:10:59,409 [INFO] PluginManage:310 - Check plugin tools
2023-08-04 15:10:59,409 [INFO] IntegrityCheckThread:86 - entering critical section [integrity check]
2023-08-04 15:10:59,410 [INFO] ThirdPartyUpdaterWithRetryManager:70 - Updater plugin not ready yet. [1/15]
2023-08-04 15:10:59,411 [INFO] PluginManage:359 - Loaded plugin tools (category:base,tabindex:7)
2023-08-04 15:10:59,411 [INFO] PluginManage:310 - Check plugin tutovideos
2023-08-04 15:10:59,558 [INFO] PluginManage:359 - Loaded plugin tutovideos (category:base,tabindex:-1)
2023-08-04 15:10:59,558 [INFO] PluginManage:310 - Check plugin updater
2023-08-04 15:10:59,572 [INFO] PluginManage:359 - Loaded plugin updater (category:base,tabindex:12)
2023-08-04 15:10:59,572 [INFO] PluginManage:310 - Check plugin userauth
2023-08-04 15:10:59,577 [INFO] UserAuth:113 - Init User Auth plugin
2023-08-04 15:10:59,577 [INFO] PluginManage:359 - Loaded plugin userauth (category:base,tabindex:14)
2023-08-04 15:10:59,577 [INFO] PluginManage:283 - PluginManage : Loaded plugins [17]
2023-08-04 15:10:59,727 [INFO] PinOutPanel:1499 - setPackage(No Configuration,No Configuration)
2023-08-04 15:10:59,799 [INFO] CADModel:165 - CPN selected for project level
2023-08-04 15:10:59,799 [INFO] CADModel:114 - Register for checkConnection events
2023-08-04 15:10:59,814 [INFO] IPUIPlugin:80 - create IPUIPlugin
2023-08-04 15:10:59,814 [INFO] PluginManager:220 - loadIPPluginJar : add hash
2023-08-04 15:10:59,817 [INFO] IPUIPlugin:80 - create IPUIPlugin
2023-08-04 15:10:59,817 [INFO] PluginManager:220 - loadIPPluginJar : add ipddr
2023-08-04 15:10:59,818 [INFO] IPUIPlugin:80 - create IPUIPlugin
2023-08-04 15:10:59,818 [INFO] PluginManager:220 - loadIPPluginJar : add genericplugin
2023-08-04 15:10:59,819 [INFO] IPUIPlugin:80 - create IPUIPlugin
2023-08-04 15:10:59,819 [INFO] PluginManager:220 - loadIPPluginJar : add fatfs
2023-08-04 15:10:59,824 [INFO] IPUIPlugin:80 - create IPUIPlugin
2023-08-04 15:10:59,826 [INFO] PluginManager:220 - loadIPPluginJar : add plateformsettings
2023-08-04 15:10:59,827 [INFO] IPUIPlugin:80 - create IPUIPlugin
2023-08-04 15:10:59,828 [INFO] PluginManager:220 - loadIPPluginJar : add pdm2pcm
2023-08-04 15:10:59,829 [INFO] IPUIPlugin:80 - create IPUIPlugin
2023-08-04 15:10:59,829 [INFO] PluginManager:220 - loadIPPluginJar : add cryp
2023-08-04 15:10:59,830 [INFO] IPUIPlugin:80 - create IPUIPlugin
2023-08-04 15:10:59,830 [INFO] PluginManager:220 - loadIPPluginJar : add tim
2023-08-04 15:10:59,831 [INFO] IPUIPlugin:80 - create IPUIPlugin
2023-08-04 15:10:59,831 [INFO] PluginManager:220 - loadIPPluginJar : add spi
2023-08-04 15:10:59,836 [INFO] IPUIPlugin:80 - create IPUIPlugin
2023-08-04 15:10:59,836 [INFO] PluginManager:220 - loadIPPluginJar : add mdma
2023-08-04 15:10:59,838 [INFO] IPUIPlugin:80 - create IPUIPlugin
2023-08-04 15:10:59,838 [INFO] PluginManager:220 - loadIPPluginJar : add aes
2023-08-04 15:10:59,840 [INFO] IPUIPlugin:80 - create IPUIPlugin
2023-08-04 15:10:59,840 [INFO] PluginManager:220 - loadIPPluginJar : add gfxmmu
2023-08-04 15:10:59,841 [INFO] IPUIPlugin:80 - create IPUIPlugin
2023-08-04 15:10:59,841 [INFO] PluginManager:220 - loadIPPluginJar : add ucpd
2023-08-04 15:10:59,842 [INFO] IPUIPlugin:80 - create IPUIPlugin
2023-08-04 15:10:59,842 [INFO] PluginManager:220 - loadIPPluginJar : add quadspi
2023-08-04 15:10:59,843 [INFO] IPUIPlugin:80 - create IPUIPlugin
2023-08-04 15:10:59,843 [INFO] PluginManager:220 - loadIPPluginJar : add tracer_emb
2023-08-04 15:10:59,844 [INFO] IPUIPlugin:80 - create IPUIPlugin
2023-08-04 15:10:59,844 [INFO] PluginManager:220 - loadIPPluginJar : add dfsdm
2023-08-04 15:10:59,846 [INFO] IPUIPlugin:80 - create IPUIPlugin
2023-08-04 15:10:59,846 [INFO] PluginManager:220 - loadIPPluginJar : add sai
2023-08-04 15:10:59,848 [INFO] IPUIPlugin:80 - create IPUIPlugin
2023-08-04 15:10:59,848 [INFO] PluginManager:220 - loadIPPluginJar : add lorawan
2023-08-04 15:10:59,850 [INFO] IPUIPlugin:80 - create IPUIPlugin
2023-08-04 15:10:59,850 [INFO] PluginManager:220 - loadIPPluginJar : add usbx
2023-08-04 15:10:59,856 [INFO] IPUIPlugin:80 - create IPUIPlugin
2023-08-04 15:10:59,856 [INFO] PluginManager:220 - loadIPPluginJar : add linkedlist
2023-08-04 15:10:59,857 [INFO] IPUIPlugin:80 - create IPUIPlugin
2023-08-04 15:10:59,857 [INFO] PluginManager:220 - loadIPPluginJar : add ltdc
2023-08-04 15:10:59,859 [INFO] IPUIPlugin:80 - create IPUIPlugin
2023-08-04 15:10:59,859 [INFO] PluginManager:220 - loadIPPluginJar : add nvic
2023-08-04 15:10:59,861 [INFO] IPUIPlugin:80 - create IPUIPlugin
2023-08-04 15:10:59,861 [INFO] PluginManager:220 - loadIPPluginJar : add gtzc
2023-08-04 15:10:59,865 [INFO] IPUIPlugin:80 - create IPUIPlugin
2023-08-04 15:10:59,865 [INFO] PluginManager:220 - loadIPPluginJar : add freertos
2023-08-04 15:10:59,871 [INFO] IPUIPlugin:80 - create IPUIPlugin
2023-08-04 15:10:59,871 [INFO] PluginManager:220 - loadIPPluginJar : add dma
2023-08-04 15:10:59,872 [INFO] IPUIPlugin:80 - create IPUIPlugin
2023-08-04 15:10:59,872 [INFO] PluginManager:220 - loadIPPluginJar : add tsc
2023-08-04 15:10:59,875 [INFO] IPUIPlugin:80 - create IPUIPlugin
2023-08-04 15:10:59,875 [INFO] PluginManager:220 - loadIPPluginJar : add usart
2023-08-04 15:10:59,876 [INFO] IPUIPlugin:80 - create IPUIPlugin
2023-08-04 15:10:59,876 [INFO] PluginManager:220 - loadIPPluginJar : add comp
2023-08-04 15:10:59,878 [INFO] IPUIPlugin:80 - create IPUIPlugin
2023-08-04 15:10:59,878 [INFO] PluginManager:220 - loadIPPluginJar : add i2s
2023-08-04 15:10:59,880 [INFO] IPUIPlugin:80 - create IPUIPlugin
2023-08-04 15:10:59,880 [INFO] PluginManager:220 - loadIPPluginJar : add i2c
2023-08-04 15:10:59,883 [INFO] IPUIPlugin:80 - create IPUIPlugin
2023-08-04 15:10:59,883 [INFO] PluginManager:220 - loadIPPluginJar : add i3c
2023-08-04 15:10:59,889 [INFO] IPUIPlugin:80 - create IPUIPlugin
2023-08-04 15:10:59,889 [INFO] PluginManager:220 - loadIPPluginJar : add resmgrutility
2023-08-04 15:10:59,892 [INFO] IPUIPlugin:80 - create IPUIPlugin
2023-08-04 15:10:59,893 [INFO] PluginManager:220 - loadIPPluginJar : add stm32_wpan
2023-08-04 15:10:59,894 [INFO] IPUIPlugin:80 - create IPUIPlugin
2023-08-04 15:10:59,895 [INFO] PluginManager:220 - loadIPPluginJar : add dma3
2023-08-04 15:10:59,897 [INFO] IPUIPlugin:80 - create IPUIPlugin
2023-08-04 15:10:59,897 [INFO] PluginManager:220 - loadIPPluginJar : add touchsensing
2023-08-04 15:10:59,899 [INFO] IPUIPlugin:80 - create IPUIPlugin
2023-08-04 15:10:59,899 [INFO] PluginManager:220 - loadIPPluginJar : add can
2023-08-04 15:10:59,903 [INFO] IPUIPlugin:80 - create IPUIPlugin
2023-08-04 15:10:59,903 [INFO] PluginManager:220 - loadIPPluginJar : add fmc
2023-08-04 15:10:59,907 [INFO] IPUIPlugin:80 - create IPUIPlugin
2023-08-04 15:10:59,907 [INFO] PluginManager:220 - loadIPPluginJar : add gic
2023-08-04 15:10:59,909 [INFO] IPUIPlugin:80 - create IPUIPlugin
2023-08-04 15:10:59,909 [INFO] PluginManager:220 - loadIPPluginJar : add ts
2023-08-04 15:10:59,911 [INFO] IPUIPlugin:80 - create IPUIPlugin
2023-08-04 15:10:59,911 [INFO] PluginManager:220 - loadIPPluginJar : add opamp
2023-08-04 15:10:59,915 [INFO] IPUIPlugin:80 - create IPUIPlugin
2023-08-04 15:10:59,915 [INFO] PluginManager:220 - loadIPPluginJar : add gpio
2023-08-04 15:10:59,918 [INFO] IPUIPlugin:80 - create IPUIPlugin
2023-08-04 15:10:59,918 [INFO] PluginManager:220 - loadIPPluginJar : add openamp
2023-08-04 15:10:59,923 [INFO] IPUIPlugin:80 - create IPUIPlugin
2023-08-04 15:10:59,924 [INFO] PluginManager:220 - loadIPPluginJar : add adc
2023-08-04 15:11:00,025 [INFO] CADModel:165 - CPN selected for project level
2023-08-04 15:11:00,026 [INFO] CADModel:114 - Register for checkConnection events
2023-08-04 15:11:00,026 [FATAL] Updater:308 - Updater called before beeing initialized
2023-08-04 15:11:00,027 [ERROR] CADModel:125 - Updater not yet initialized, retry later 
2023-08-04 15:11:00,135 [INFO] CADModel:165 - CPN selected for project level
2023-08-04 15:11:00,135 [INFO] CADModel:114 - Register for checkConnection events
2023-08-04 15:11:00,135 [FATAL] Updater:308 - Updater called before beeing initialized
2023-08-04 15:11:00,135 [ERROR] CADModel:125 - Updater not yet initialized, retry later 
2023-08-04 15:11:00,137 [FATAL] Updater:308 - Updater called before beeing initialized
2023-08-04 15:11:00,209 [FATAL] Updater:308 - Updater called before beeing initialized
2023-08-04 15:11:00,214 [INFO] DbMcusAds:53 - JSON generation date=Tue Mar 07 14:20:55 IST 2023 (1678179055114)
2023-08-04 15:11:00,214 [FATAL] Updater:308 - Updater called before beeing initialized
2023-08-04 15:11:00,244 [WARN] DetailPanel:346 - Failed to get advertising image, set to default
2023-08-04 15:11:00,309 [FATAL] Updater:308 - Updater called before beeing initialized
2023-08-04 15:11:00,310 [FATAL] Updater:308 - Updater called before beeing initialized
2023-08-04 15:11:00,310 [FATAL] Updater:308 - Updater called before beeing initialized
2023-08-04 15:11:00,310 [WARN] DetailPanel:346 - Failed to get advertising image, set to default
2023-08-04 15:11:00,311 [FATAL] Updater:308 - Updater called before beeing initialized
2023-08-04 15:11:00,336 [ERROR] Updater:1120 - MainUpdater not yet initialized. External WinMGr cannot be set.
2023-08-04 15:11:00,337 [INFO] Updater:1056 - Updater Version found : 6.9.0
2023-08-04 15:11:00,349 [INFO] ApplicationProperties:184 - Using Application install path: /opt/st/stm32cubeide_1.13.0/plugins/com.st.stm32cube.common.mx_6.9.0.202307051724
2023-08-04 15:11:00,506 [INFO] MainUpdater:2868 - connection check result : 10
2023-08-04 15:11:00,508 [INFO] MainUpdater:285 - Updater Check For Update Now.
2023-08-04 15:11:00,509 [INFO] MicroXplorer:498 - Change Database Version : DB.6.0.90
2023-08-04 15:11:00,515 [INFO] McuFinderGlobals:63 - Set McuFinder mode to 2 (CubeIDE integrated)
2023-08-04 15:11:00,722 [INFO] CheckServerUpdateThread:120 - End of CheckServer Thread
2023-08-04 15:11:02,508 [WARN] PackLoader:240 - Cannot read IP mode file for STMicroelectronics.X-CUBE-SMBUS.2.1.0
2023-08-04 15:11:02,550 [WARN] PackLoader:240 - Cannot read IP mode file for STMicroelectronics.X-CUBE-AZRTOS-F7.1.1.0
2023-08-04 15:11:02,562 [WARN] PackLoader:240 - Cannot read IP mode file for STMicroelectronics.FP-SNS-MOTENV1.4.3.2
2023-08-04 15:11:02,569 [WARN] PackLoader:240 - Cannot read IP mode file for STMicroelectronics.FP-SNS-FLIGHT1.5.0.1
2023-08-04 15:11:02,577 [WARN] PackLoader:240 - Cannot read IP mode file for STMicroelectronics.X-CUBE-BLE1.6.2.4
2023-08-04 15:11:02,586 [WARN] PackLoader:240 - Cannot read IP mode file for STMicroelectronics.X-CUBE-DISPLAY.3.0.0
2023-08-04 15:11:02,632 [WARN] PackLoader:240 - Cannot read IP mode file for emotas.I-CUBE-CANOPEN.1.3.0
2023-08-04 15:11:02,641 [WARN] PackLoader:240 - Cannot read IP mode file for STMicroelectronics.X-CUBE-TOUCHGFX.4.22.0
2023-08-04 15:11:02,668 [INFO] LogOutputStream:77 - [STDOUT_REDIRECT] 1 : Invalid condition id : UX_CORESTACK_Condition cause : null
2023-08-04 15:11:02,670 [INFO] LogOutputStream:77 - [STDOUT_REDIRECT] 1 : Invalid condition id : UX_CORESTACK_Condition cause : null
2023-08-04 15:11:02,670 [INFO] LogOutputStream:77 - [STDOUT_REDIRECT] 1 : Invalid condition id : UX_CORESTACK_Condition cause : null
2023-08-04 15:11:02,672 [INFO] LogOutputStream:77 - [STDOUT_REDIRECT] 1 : Invalid condition id : UX_CORESTACK_Condition cause : null
2023-08-04 15:11:02,673 [INFO] LogOutputStream:77 - [STDOUT_REDIRECT] 1 : Invalid condition id : UX_CORESTACK_Condition cause : null
2023-08-04 15:11:02,687 [WARN] PackLoader:240 - Cannot read IP mode file for STMicroelectronics.X-CUBE-AZRTOS-WL.2.0.0
2023-08-04 15:11:02,707 [WARN] PackLoader:240 - Cannot read IP mode file for WES.I-CUBE-Cesium.1.3.0
2023-08-04 15:11:02,715 [WARN] PackLoader:240 - Cannot read IP mode file for STMicroelectronics.X-CUBE-BLE2.3.3.0
2023-08-04 15:11:02,730 [WARN] PackLoader:240 - Cannot read IP mode file for STMicroelectronics.X-CUBE-ALGOBUILD.1.3.0
2023-08-04 15:11:02,787 [WARN] PackLoader:240 - Cannot read IP mode file for STMicroelectronics.X-CUBE-AZRTOS-G0.1.1.0
2023-08-04 15:11:02,807 [WARN] PackLoader:240 - Cannot read IP mode file for STMicroelectronics.X-CUBE-NFC4.3.0.0
2023-08-04 15:11:02,815 [WARN] PackLoader:240 - Cannot read IP mode file for STMicroelectronics.FP-ATR-SIGFOX1.3.2.0
2023-08-04 15:11:02,886 [WARN] PackLoader:240 - Cannot read IP mode file for SEGGER.I-CUBE-embOS.1.3.1
2023-08-04 15:11:02,962 [WARN] PackLoader:240 - Cannot read IP mode file for STMicroelectronics.X-CUBE-GNSS1.6.0.0
2023-08-04 15:11:02,983 [WARN] PackLoader:240 - Cannot read IP mode file for STMicroelectronics.X-CUBE-AZRTOS-F4.1.1.0
2023-08-04 15:11:02,990 [WARN] PackLoader:240 - Cannot read IP mode file for wolfSSL.I-CUBE-wolfSSL.5.6.3
2023-08-04 15:11:03,089 [WARN] PackLoader:240 - Cannot read IP mode file for STMicroelectronics.X-CUBE-MEMS1.9.6.0
2023-08-04 15:11:03,265 [WARN] PackLoader:240 - Cannot read IP mode file for STMicroelectronics.X-CUBE-BLEMGR.2.0.0
2023-08-04 15:11:03,287 [WARN] ConditionMgr:438 - getConditionDescription Invalid condition id : UX DEVICE CLASS RTOS Condition cause : null
2023-08-04 15:11:03,287 [WARN] ConditionMgr:438 - getConditionDescription Invalid condition id : UX DEVICE CLASS RTOS Condition cause : null
2023-08-04 15:11:03,290 [WARN] PackLoader:240 - Cannot read IP mode file for STMicroelectronics.X-CUBE-AZRTOS-H7.3.1.0
2023-08-04 15:11:03,299 [WARN] ConditionMgr:1039 - genDependencies : Invalid condition id : UX DEVICE CLASS RTOS Condition cause : null
2023-08-04 15:11:03,299 [WARN] ConditionMgr:1039 - genDependencies : Invalid condition id : UX DEVICE CLASS RTOS Condition cause : null
2023-08-04 15:11:03,300 [WARN] ConditionMgr:1039 - genDependencies : Invalid condition id : UX DEVICE CLASS RTOS Condition cause : null
2023-08-04 15:11:03,300 [WARN] ConditionMgr:1039 - genDependencies : Invalid condition id : UX DEVICE CLASS RTOS Condition cause : null
2023-08-04 15:11:03,300 [WARN] ConditionMgr:1039 - genDependencies : Invalid condition id : UX DEVICE CLASS RTOS Condition cause : null
2023-08-04 15:11:03,306 [WARN] PackLoader:240 - Cannot read IP mode file for STMicroelectronics.X-CUBE-NFC7.1.0.1
2023-08-04 15:11:03,310 [WARN] PackLoader:240 - Cannot read IP mode file for STMicroelectronics.X-CUBE-EEPRMA1.4.1.0
2023-08-04 15:11:03,328 [WARN] ConditionMgr:438 - getConditionDescription Invalid condition id : LAN8742 Phy interface Condition cause : null
2023-08-04 15:11:03,328 [WARN] PackLoader:240 - Cannot read IP mode file for STMicroelectronics.X-CUBE-AZRTOS-L4.2.0.0
2023-08-04 15:11:03,329 [WARN] ConditionMgr:1039 - genDependencies : Invalid condition id : LAN8742 Phy interface Condition cause : null
2023-08-04 15:11:03,330 [WARN] ConditionMgr:1039 - genDependencies : Invalid condition id : LAN8742 Phy interface Condition cause : null
2023-08-04 15:11:03,330 [WARN] ConditionMgr:1039 - genDependencies : Invalid condition id : LAN8742 Phy interface Condition cause : null
2023-08-04 15:11:03,336 [WARN] PackLoader:240 - Cannot read IP mode file for STMicroelectronics.X-CUBE-SFXS2LP1.4.0.0
2023-08-04 15:11:03,340 [WARN] PackLoader:240 - Cannot read IP mode file for STMicroelectronics.X-CUBE-ISPU.1.1.0
2023-08-04 15:11:03,345 [WARN] PackLoader:240 - Cannot read IP mode file for STMicroelectronics.X-CUBE-FREERTOS.1.0.1
2023-08-04 15:11:03,358 [WARN] PackLoader:240 - Cannot read IP mode file for STMicroelectronics.X-CUBE-AZRTOS-L5.1.1.0
2023-08-04 15:11:03,363 [WARN] PackLoader:240 - Cannot read IP mode file for STMicroelectronics.X-CUBE-AI.8.0.1
2023-08-04 15:11:03,371 [WARN] PackLoader:240 - Cannot read IP mode file for STMicroelectronics.X-CUBE-SUBG2.5.0.0
2023-08-04 15:11:03,384 [WARN] PackLoader:240 - Cannot read IP mode file for STMicroelectronics.X-CUBE-TOF1.3.3.1
2023-08-04 15:11:03,404 [WARN] PackLoader:240 - Cannot read IP mode file for STMicroelectronics.X-CUBE-AZRTOS-G4.2.0.0
2023-08-04 15:11:03,409 [WARN] PackLoader:240 - Cannot read IP mode file for portGmbH.I-Cube-SoM-uGOAL.1.1.0
2023-08-04 15:11:03,412 [WARN] PackLoader:240 - Cannot read IP mode file for STMicroelectronics.X-CUBE-ALS.1.0.1
2023-08-04 15:11:03,423 [WARN] PackLoader:240 - Cannot read IP mode file for STMicroelectronics.X-CUBE-AZRTOS-WB.1.1.0
2023-08-04 15:11:03,428 [WARN] PackLoader:240 - Cannot read IP mode file for STMicroelectronics.FP-ATR-ASTRA1.2.0.0
2023-08-04 15:11:03,428 [INFO] ThirdParty:978 - Integrity check success = true
2023-08-04 15:11:03,428 [INFO] IntegrityCheckThread:100 - exiting critical section [integrity check]
2023-08-04 15:11:03,428 [INFO] IntegrityCheckThread:103 - End integrity checks thread
2023-08-04 15:11:21,100 [ERROR] LogOutputStream:75 - [STDERR_REDIRECT] SLF4J: Failed to load class "org.slf4j.impl.StaticLoggerBinder".
2023-08-04 15:11:21,100 [ERROR] LogOutputStream:75 - [STDERR_REDIRECT] SLF4J: Defaulting to no-operation (NOP) logger implementation
2023-08-04 15:11:21,100 [ERROR] LogOutputStream:75 - [STDERR_REDIRECT] SLF4J: See http://www.slf4j.org/codes.html#StaticLoggerBinder for further details.
