2023-09-17 21:33:21,373 [INFO] Activator:176 - 


2023-09-17 21:33:21,377 [INFO] Activator:177 - !SESSION log4j initialized
2023-09-17 21:33:24,875 [INFO] LogOutputStream:77 - [STDOUT_REDIRECT] 
2023-09-17 21:33:25,463 [ERROR] ConfigurationRetriever:142 - IOException on connection: sw-center.st.com
2023-09-17 21:33:25,464 [ERROR] ConfigurationRetriever:142 - IOException on connection: sw-center.st.com
2023-09-17 21:33:25,465 [ERROR] ConfigurationRetriever:142 - IOException on connection: sw-center.st.com
2023-09-17 21:33:25,488 [ERROR] ConfigurationRetriever:142 - IOException on connection: sw-center.st.com
2023-09-17 21:33:25,488 [ERROR] ConfigurationRetriever:142 - IOException on connection: sw-center.st.com
2023-09-17 21:33:25,489 [ERROR] ConfigurationRetriever:142 - IOException on connection: sw-center.st.com
2023-09-17 21:33:28,503 [INFO] ApplicationProperties:184 - Using Application install path: /opt/st/stm32cubeide_1.13.0/plugins/com.st.stm32cube.common.mx_6.9.0.202307051724
2023-09-17 21:33:28,576 [INFO] DbMcusXml:78 - Set database path to: /opt/st/stm32cubeide_1.13.0/plugins/com.st.stm32cube.common.mx_6.9.0.202307051724//db//mcu/
2023-09-17 21:33:28,577 [INFO] ApiDb:274 - Set plugin database path to: /opt/st/stm32cubeide_1.13.0/plugins/com.st.stm32cube.common.mx_6.9.0.202307051724//db//plugins/boardmanager/
2023-09-17 21:33:28,577 [WARN] ApiDb:259 - Overriding images path with different value:  => /opt/st/stm32cubeide_1.13.0/plugins/com.st.stm32cube.common.mx_6.9.0.202307051724//db//plugins/mcufinder/images/
2023-09-17 21:33:28,628 [INFO] ApiDb:250 - Set database path to: /home/manjunath/.stmcufinder/plugins/mcufinder//mcu/
2023-09-17 21:33:28,629 [INFO] DbMcusAds:125 - Set database path to: /home/manjunath/.stmcufinder/plugins/mcufinder//mcu/
2023-09-17 21:33:28,635 [INFO] CrossReferenceDbSqlite:203 - Set database path to: /home/manjunath/.stmcufinder/plugins/mcufinder//mcu/cs/
2023-09-17 21:33:28,923 [INFO] RulesReader:64 - Compatibility file has been processed (293 Rules)
2023-09-17 21:33:29,069 [INFO] DbMcusXml:78 - Set database path to: /opt/st/stm32cubeide_1.13.0/plugins/com.st.stm32cube.common.mx_6.9.0.202307051724//db//mcu/
2023-09-17 21:33:29,070 [INFO] ApiDb:274 - Set plugin database path to: /opt/st/stm32cubeide_1.13.0/plugins/com.st.stm32cube.common.mx_6.9.0.202307051724//db//plugins/boardmanager/
2023-09-17 21:33:29,070 [INFO] ApiDb:261 - Set plugin images path to: /opt/st/stm32cubeide_1.13.0/plugins/com.st.stm32cube.common.mx_6.9.0.202307051724//db//plugins/mcufinder/images/
2023-09-17 21:33:29,070 [WARN] DbFile:41 - Overriding database path with different value: /home/manjunath/.stmcufinder/plugins/mcufinder/ => /home/manjunath/.stmcufinder/plugins/mcufinder
2023-09-17 21:33:29,070 [INFO] ApiDb:250 - Set database path to: /home/manjunath/.stmcufinder/plugins/mcufinder//mcu/
2023-09-17 21:33:29,070 [WARN] DbFile:41 - Overriding database path with different value: /home/manjunath/.stmcufinder/plugins/mcufinder/ => /home/manjunath/.stmcufinder/plugins/mcufinder
2023-09-17 21:33:29,070 [INFO] DbMcusAds:125 - Set database path to: /home/manjunath/.stmcufinder/plugins/mcufinder//mcu/
2023-09-17 21:33:29,070 [WARN] DbFile:41 - Overriding database path with different value: /home/manjunath/.stmcufinder/plugins/mcufinder/ => /home/manjunath/.stmcufinder/plugins/mcufinder
2023-09-17 21:33:29,070 [WARN] DbFile:41 - Overriding database path with different value: /home/manjunath/.stmcufinder/plugins/mcufinder/ => /home/manjunath/.stmcufinder/plugins/mcufinder
2023-09-17 21:33:29,070 [INFO] CrossReferenceDbSqlite:203 - Set database path to: /home/manjunath/.stmcufinder/plugins/mcufinder//mcu/cs/
2023-09-17 21:33:29,156 [INFO] MainPanel:262 - HeapMemory: 478150656
2023-09-17 21:33:29,251 [INFO] DbMcusXml:78 - Set database path to: /opt/st/stm32cubeide_1.13.0/plugins/com.st.stm32cube.common.mx_6.9.0.202307051724//db//mcu/
2023-09-17 21:33:29,251 [INFO] ApiDb:274 - Set plugin database path to: /opt/st/stm32cubeide_1.13.0/plugins/com.st.stm32cube.common.mx_6.9.0.202307051724//db//plugins/boardmanager/
2023-09-17 21:33:29,251 [INFO] ApiDb:261 - Set plugin images path to: /opt/st/stm32cubeide_1.13.0/plugins/com.st.stm32cube.common.mx_6.9.0.202307051724//db//plugins/mcufinder/images/
2023-09-17 21:33:29,252 [WARN] DbFile:41 - Overriding database path with different value: /home/manjunath/.stmcufinder/plugins/mcufinder/ => /home/manjunath/.stmcufinder/plugins/mcufinder
2023-09-17 21:33:29,252 [INFO] ApiDb:250 - Set database path to: /home/manjunath/.stmcufinder/plugins/mcufinder//mcu/
2023-09-17 21:33:29,252 [WARN] DbFile:41 - Overriding database path with different value: /home/manjunath/.stmcufinder/plugins/mcufinder/ => /home/manjunath/.stmcufinder/plugins/mcufinder
2023-09-17 21:33:29,252 [INFO] DbMcusAds:125 - Set database path to: /home/manjunath/.stmcufinder/plugins/mcufinder//mcu/
2023-09-17 21:33:29,252 [WARN] DbFile:41 - Overriding database path with different value: /home/manjunath/.stmcufinder/plugins/mcufinder/ => /home/manjunath/.stmcufinder/plugins/mcufinder
2023-09-17 21:33:29,252 [WARN] DbFile:41 - Overriding database path with different value: /home/manjunath/.stmcufinder/plugins/mcufinder/ => /home/manjunath/.stmcufinder/plugins/mcufinder
2023-09-17 21:33:29,253 [INFO] CrossReferenceDbSqlite:203 - Set database path to: /home/manjunath/.stmcufinder/plugins/mcufinder//mcu/cs/
2023-09-17 21:33:29,266 [INFO] ApplicationProperties:184 - Using Application install path: /opt/st/stm32cubeide_1.13.0/plugins/com.st.stm32cube.common.mx_6.9.0.202307051724
2023-09-17 21:33:29,267 [INFO] PluginManage:196 - Search for loadable plugins [exclusion list=, ]
2023-09-17 21:33:29,269 [INFO] PluginManage:310 - Check plugin analytics
2023-09-17 21:33:29,438 [INFO] AnalyticsPlugin:253 - Accepted Software Licenses: 
2023-09-17 21:33:29,438 [INFO] AnalyticsPlugin:255 - Accepted CMSIS Pack Licenses: 
2023-09-17 21:33:29,438 [INFO] AnalyticsPlugin:257 - Accepted Firmware Licenses: FW.F4.1.27.0
2023-09-17 21:33:29,441 [INFO] PluginManage:359 - Loaded plugin analytics (category:tool,tabindex:-1)
2023-09-17 21:33:29,441 [INFO] PluginManage:310 - Check plugin cadmodel
2023-09-17 21:33:29,453 [ERROR] ConfigurationRetriever:142 - IOException on connection: sw-center.st.com
2023-09-17 21:33:29,454 [ERROR] ConfigurationRetriever:142 - IOException on connection: sw-center.st.com
2023-09-17 21:33:29,454 [ERROR] ConfigurationRetriever:142 - IOException on connection: sw-center.st.com
2023-09-17 21:33:29,475 [INFO] CADModel:105 - Init CAD model plugin
2023-09-17 21:33:29,476 [INFO] PluginManage:359 - Loaded plugin cadmodel (category:power,tabindex:5)
2023-09-17 21:33:29,476 [INFO] PluginManage:310 - Check plugin clock
2023-09-17 21:33:29,488 [INFO] PluginManage:359 - Loaded plugin clock (category:base,tabindex:2)
2023-09-17 21:33:29,488 [INFO] PluginManage:310 - Check plugin ddr
2023-09-17 21:33:29,490 [INFO] PluginManage:359 - Loaded plugin ddr (category:tool,tabindex:6)
2023-09-17 21:33:29,490 [INFO] PluginManage:310 - Check plugin filemanager
2023-09-17 21:33:29,610 [INFO] PluginManage:359 - Loaded plugin filemanager (category:base,tabindex:10)
2023-09-17 21:33:29,610 [INFO] PluginManage:310 - Check plugin ipmanager
2023-09-17 21:33:29,616 [INFO] PluginManage:359 - Loaded plugin ipmanager (category:base,tabindex:5)
2023-09-17 21:33:29,616 [INFO] PluginManage:310 - Check plugin lpbam
2023-09-17 21:33:29,627 [INFO] PluginManage:359 - Loaded plugin lpbam (category:base,tabindex:0)
2023-09-17 21:33:29,628 [INFO] PluginManage:310 - Check plugin memorymap
2023-09-17 21:33:29,640 [INFO] PluginManage:359 - Loaded plugin memorymap (category:base,tabindex:4)
2023-09-17 21:33:29,640 [INFO] PluginManage:310 - Check plugin pinoutandconfiguration
2023-09-17 21:33:29,648 [INFO] PluginManage:359 - Loaded plugin pinoutandconfiguration (category:base,tabindex:1)
2023-09-17 21:33:29,648 [INFO] PluginManage:310 - Check plugin pinoutconfig
2023-09-17 21:33:29,731 [WARN] SupportedApi:132 - Cannot load RTOS API schema: s4s-elt-must-match.1: The content of 'definitions' must match (annotation?, (simpleType | complexType)?, (unique | key | keyref)*)). A problem was found starting at: attribute.
2023-09-17 21:33:29,908 [INFO] PluginManage:359 - Loaded plugin pinoutconfig (category:base,tabindex:0)
2023-09-17 21:33:29,908 [INFO] PluginManage:310 - Check plugin power
2023-09-17 21:33:29,918 [INFO] PluginManage:359 - Loaded plugin power (category:power,tabindex:4)
2023-09-17 21:33:29,918 [INFO] PluginManage:310 - Check plugin projectmanager
2023-09-17 21:33:29,931 [INFO] PluginManage:359 - Loaded plugin projectmanager (category:projectmanager,tabindex:3)
2023-09-17 21:33:29,931 [INFO] PluginManage:310 - Check plugin thirdparty
2023-09-17 21:33:30,042 [INFO] PluginManage:359 - Loaded plugin thirdparty (category:base,tabindex:-1)
2023-09-17 21:33:30,042 [INFO] PluginManage:310 - Check plugin tools
2023-09-17 21:33:30,044 [INFO] PluginManage:359 - Loaded plugin tools (category:base,tabindex:7)
2023-09-17 21:33:30,044 [INFO] PluginManage:310 - Check plugin tutovideos
2023-09-17 21:33:30,042 [WARN] IntegrityCheckThread:84 - waiting for thirdparty lock release [integrity check]
2023-09-17 21:33:30,045 [INFO] IntegrityCheckThread:86 - entering critical section [integrity check]
2023-09-17 21:33:30,050 [INFO] ThirdPartyUpdaterWithRetryManager:70 - Updater plugin not ready yet. [1/15]
2023-09-17 21:33:30,227 [INFO] PluginManage:359 - Loaded plugin tutovideos (category:base,tabindex:-1)
2023-09-17 21:33:30,228 [INFO] PluginManage:310 - Check plugin updater
2023-09-17 21:33:30,241 [INFO] PluginManage:359 - Loaded plugin updater (category:base,tabindex:12)
2023-09-17 21:33:30,241 [INFO] PluginManage:310 - Check plugin userauth
2023-09-17 21:33:30,248 [INFO] UserAuth:113 - Init User Auth plugin
2023-09-17 21:33:30,248 [INFO] PluginManage:359 - Loaded plugin userauth (category:base,tabindex:14)
2023-09-17 21:33:30,249 [INFO] PluginManage:283 - PluginManage : Loaded plugins [17]
2023-09-17 21:33:30,427 [INFO] PinOutPanel:1499 - setPackage(No Configuration,No Configuration)
2023-09-17 21:33:30,522 [INFO] CADModel:165 - CPN selected for project level
2023-09-17 21:33:30,523 [INFO] CADModel:114 - Register for checkConnection events
2023-09-17 21:33:30,535 [INFO] IPUIPlugin:80 - create IPUIPlugin
2023-09-17 21:33:30,536 [INFO] PluginManager:220 - loadIPPluginJar : add hash
2023-09-17 21:33:30,538 [INFO] IPUIPlugin:80 - create IPUIPlugin
2023-09-17 21:33:30,538 [INFO] PluginManager:220 - loadIPPluginJar : add ipddr
2023-09-17 21:33:30,539 [INFO] IPUIPlugin:80 - create IPUIPlugin
2023-09-17 21:33:30,539 [INFO] PluginManager:220 - loadIPPluginJar : add genericplugin
2023-09-17 21:33:30,540 [INFO] IPUIPlugin:80 - create IPUIPlugin
2023-09-17 21:33:30,540 [INFO] PluginManager:220 - loadIPPluginJar : add fatfs
2023-09-17 21:33:30,545 [INFO] IPUIPlugin:80 - create IPUIPlugin
2023-09-17 21:33:30,547 [INFO] PluginManager:220 - loadIPPluginJar : add plateformsettings
2023-09-17 21:33:30,550 [INFO] IPUIPlugin:80 - create IPUIPlugin
2023-09-17 21:33:30,550 [INFO] PluginManager:220 - loadIPPluginJar : add pdm2pcm
2023-09-17 21:33:30,551 [INFO] IPUIPlugin:80 - create IPUIPlugin
2023-09-17 21:33:30,551 [INFO] PluginManager:220 - loadIPPluginJar : add cryp
2023-09-17 21:33:30,553 [INFO] IPUIPlugin:80 - create IPUIPlugin
2023-09-17 21:33:30,553 [INFO] PluginManager:220 - loadIPPluginJar : add tim
2023-09-17 21:33:30,555 [INFO] IPUIPlugin:80 - create IPUIPlugin
2023-09-17 21:33:30,555 [INFO] PluginManager:220 - loadIPPluginJar : add spi
2023-09-17 21:33:30,560 [INFO] IPUIPlugin:80 - create IPUIPlugin
2023-09-17 21:33:30,561 [INFO] PluginManager:220 - loadIPPluginJar : add mdma
2023-09-17 21:33:30,563 [INFO] IPUIPlugin:80 - create IPUIPlugin
2023-09-17 21:33:30,564 [INFO] PluginManager:220 - loadIPPluginJar : add aes
2023-09-17 21:33:30,565 [INFO] IPUIPlugin:80 - create IPUIPlugin
2023-09-17 21:33:30,566 [INFO] PluginManager:220 - loadIPPluginJar : add gfxmmu
2023-09-17 21:33:30,567 [INFO] IPUIPlugin:80 - create IPUIPlugin
2023-09-17 21:33:30,567 [INFO] PluginManager:220 - loadIPPluginJar : add ucpd
2023-09-17 21:33:30,568 [INFO] IPUIPlugin:80 - create IPUIPlugin
2023-09-17 21:33:30,568 [INFO] PluginManager:220 - loadIPPluginJar : add quadspi
2023-09-17 21:33:30,569 [INFO] IPUIPlugin:80 - create IPUIPlugin
2023-09-17 21:33:30,570 [INFO] PluginManager:220 - loadIPPluginJar : add tracer_emb
2023-09-17 21:33:30,571 [INFO] IPUIPlugin:80 - create IPUIPlugin
2023-09-17 21:33:30,571 [INFO] PluginManager:220 - loadIPPluginJar : add dfsdm
2023-09-17 21:33:30,573 [INFO] IPUIPlugin:80 - create IPUIPlugin
2023-09-17 21:33:30,573 [INFO] PluginManager:220 - loadIPPluginJar : add sai
2023-09-17 21:33:30,575 [INFO] IPUIPlugin:80 - create IPUIPlugin
2023-09-17 21:33:30,575 [INFO] PluginManager:220 - loadIPPluginJar : add lorawan
2023-09-17 21:33:30,577 [INFO] IPUIPlugin:80 - create IPUIPlugin
2023-09-17 21:33:30,577 [INFO] PluginManager:220 - loadIPPluginJar : add usbx
2023-09-17 21:33:30,583 [INFO] IPUIPlugin:80 - create IPUIPlugin
2023-09-17 21:33:30,584 [INFO] PluginManager:220 - loadIPPluginJar : add linkedlist
2023-09-17 21:33:30,584 [INFO] IPUIPlugin:80 - create IPUIPlugin
2023-09-17 21:33:30,584 [INFO] PluginManager:220 - loadIPPluginJar : add ltdc
2023-09-17 21:33:30,587 [INFO] IPUIPlugin:80 - create IPUIPlugin
2023-09-17 21:33:30,587 [INFO] PluginManager:220 - loadIPPluginJar : add nvic
2023-09-17 21:33:30,589 [INFO] IPUIPlugin:80 - create IPUIPlugin
2023-09-17 21:33:30,589 [INFO] PluginManager:220 - loadIPPluginJar : add gtzc
2023-09-17 21:33:30,593 [INFO] IPUIPlugin:80 - create IPUIPlugin
2023-09-17 21:33:30,593 [INFO] PluginManager:220 - loadIPPluginJar : add freertos
2023-09-17 21:33:30,600 [INFO] IPUIPlugin:80 - create IPUIPlugin
2023-09-17 21:33:30,600 [INFO] PluginManager:220 - loadIPPluginJar : add dma
2023-09-17 21:33:30,601 [INFO] IPUIPlugin:80 - create IPUIPlugin
2023-09-17 21:33:30,601 [INFO] PluginManager:220 - loadIPPluginJar : add tsc
2023-09-17 21:33:30,603 [INFO] IPUIPlugin:80 - create IPUIPlugin
2023-09-17 21:33:30,603 [INFO] PluginManager:220 - loadIPPluginJar : add usart
2023-09-17 21:33:30,605 [INFO] IPUIPlugin:80 - create IPUIPlugin
2023-09-17 21:33:30,605 [INFO] PluginManager:220 - loadIPPluginJar : add comp
2023-09-17 21:33:30,606 [INFO] IPUIPlugin:80 - create IPUIPlugin
2023-09-17 21:33:30,606 [INFO] PluginManager:220 - loadIPPluginJar : add i2s
2023-09-17 21:33:30,608 [INFO] IPUIPlugin:80 - create IPUIPlugin
2023-09-17 21:33:30,608 [INFO] PluginManager:220 - loadIPPluginJar : add i2c
2023-09-17 21:33:30,610 [INFO] IPUIPlugin:80 - create IPUIPlugin
2023-09-17 21:33:30,610 [INFO] PluginManager:220 - loadIPPluginJar : add i3c
2023-09-17 21:33:30,615 [INFO] IPUIPlugin:80 - create IPUIPlugin
2023-09-17 21:33:30,615 [INFO] PluginManager:220 - loadIPPluginJar : add resmgrutility
2023-09-17 21:33:30,619 [INFO] IPUIPlugin:80 - create IPUIPlugin
2023-09-17 21:33:30,619 [INFO] PluginManager:220 - loadIPPluginJar : add stm32_wpan
2023-09-17 21:33:30,621 [INFO] IPUIPlugin:80 - create IPUIPlugin
2023-09-17 21:33:30,621 [INFO] PluginManager:220 - loadIPPluginJar : add dma3
2023-09-17 21:33:30,623 [INFO] IPUIPlugin:80 - create IPUIPlugin
2023-09-17 21:33:30,624 [INFO] PluginManager:220 - loadIPPluginJar : add touchsensing
2023-09-17 21:33:30,625 [INFO] IPUIPlugin:80 - create IPUIPlugin
2023-09-17 21:33:30,625 [INFO] PluginManager:220 - loadIPPluginJar : add can
2023-09-17 21:33:30,629 [INFO] IPUIPlugin:80 - create IPUIPlugin
2023-09-17 21:33:30,629 [INFO] PluginManager:220 - loadIPPluginJar : add fmc
2023-09-17 21:33:30,634 [INFO] IPUIPlugin:80 - create IPUIPlugin
2023-09-17 21:33:30,634 [INFO] PluginManager:220 - loadIPPluginJar : add gic
2023-09-17 21:33:30,636 [INFO] IPUIPlugin:80 - create IPUIPlugin
2023-09-17 21:33:30,636 [INFO] PluginManager:220 - loadIPPluginJar : add ts
2023-09-17 21:33:30,638 [INFO] IPUIPlugin:80 - create IPUIPlugin
2023-09-17 21:33:30,638 [INFO] PluginManager:220 - loadIPPluginJar : add opamp
2023-09-17 21:33:30,642 [INFO] IPUIPlugin:80 - create IPUIPlugin
2023-09-17 21:33:30,642 [INFO] PluginManager:220 - loadIPPluginJar : add gpio
2023-09-17 21:33:30,660 [INFO] IPUIPlugin:80 - create IPUIPlugin
2023-09-17 21:33:30,660 [INFO] PluginManager:220 - loadIPPluginJar : add openamp
2023-09-17 21:33:30,666 [INFO] IPUIPlugin:80 - create IPUIPlugin
2023-09-17 21:33:30,666 [INFO] PluginManager:220 - loadIPPluginJar : add adc
2023-09-17 21:33:30,761 [INFO] CADModel:165 - CPN selected for project level
2023-09-17 21:33:30,762 [INFO] CADModel:114 - Register for checkConnection events
2023-09-17 21:33:30,762 [FATAL] Updater:308 - Updater called before beeing initialized
2023-09-17 21:33:30,762 [ERROR] CADModel:125 - Updater not yet initialized, retry later 
2023-09-17 21:33:30,909 [INFO] CADModel:165 - CPN selected for project level
2023-09-17 21:33:30,909 [INFO] CADModel:114 - Register for checkConnection events
2023-09-17 21:33:30,909 [FATAL] Updater:308 - Updater called before beeing initialized
2023-09-17 21:33:30,909 [ERROR] CADModel:125 - Updater not yet initialized, retry later 
2023-09-17 21:33:30,912 [FATAL] Updater:308 - Updater called before beeing initialized
2023-09-17 21:33:30,991 [FATAL] Updater:308 - Updater called before beeing initialized
2023-09-17 21:33:31,001 [INFO] DbMcusAds:53 - JSON generation date=Tue Mar 07 14:20:55 IST 2023 (1678179055114)
2023-09-17 21:33:31,001 [FATAL] Updater:308 - Updater called before beeing initialized
2023-09-17 21:33:31,034 [WARN] DetailPanel:346 - Failed to get advertising image, set to default
2023-09-17 21:33:31,099 [FATAL] Updater:308 - Updater called before beeing initialized
2023-09-17 21:33:31,101 [FATAL] Updater:308 - Updater called before beeing initialized
2023-09-17 21:33:31,101 [FATAL] Updater:308 - Updater called before beeing initialized
2023-09-17 21:33:31,101 [WARN] DetailPanel:346 - Failed to get advertising image, set to default
2023-09-17 21:33:31,102 [FATAL] Updater:308 - Updater called before beeing initialized
2023-09-17 21:33:31,130 [ERROR] Updater:1120 - MainUpdater not yet initialized. External WinMGr cannot be set.
2023-09-17 21:33:31,132 [INFO] Updater:1056 - Updater Version found : 6.9.0
2023-09-17 21:33:31,152 [INFO] ApplicationProperties:184 - Using Application install path: /opt/st/stm32cubeide_1.13.0/plugins/com.st.stm32cube.common.mx_6.9.0.202307051724
2023-09-17 21:33:31,240 [ERROR] ServerAccessManage:1146 - Warning during Server Connection :  Unknown host sw-center.st.com
2023-09-17 21:33:31,243 [INFO] MainUpdater:2868 - connection check result : 22
2023-09-17 21:33:31,244 [INFO] MainUpdater:285 - Updater Check For Update Now.
2023-09-17 21:33:31,244 [INFO] MicroXplorer:498 - Change Database Version : DB.6.0.90
2023-09-17 21:33:31,257 [INFO] McuFinderGlobals:63 - Set McuFinder mode to 2 (CubeIDE integrated)
2023-09-17 21:33:31,534 [INFO] CheckServerUpdateThread:120 - End of CheckServer Thread
2023-09-17 21:33:33,167 [WARN] PackLoader:240 - Cannot read IP mode file for STMicroelectronics.X-CUBE-SMBUS.2.1.0
2023-09-17 21:33:33,223 [WARN] PackLoader:240 - Cannot read IP mode file for STMicroelectronics.X-CUBE-AZRTOS-F7.1.1.0
2023-09-17 21:33:33,242 [WARN] PackLoader:240 - Cannot read IP mode file for STMicroelectronics.FP-SNS-MOTENV1.4.3.2
2023-09-17 21:33:33,254 [WARN] PackLoader:240 - Cannot read IP mode file for STMicroelectronics.FP-SNS-FLIGHT1.5.0.1
2023-09-17 21:33:33,268 [WARN] PackLoader:240 - Cannot read IP mode file for STMicroelectronics.X-CUBE-BLE1.6.2.4
2023-09-17 21:33:33,274 [WARN] PackLoader:240 - Cannot read IP mode file for STMicroelectronics.FP-SNS-FLIGHT1.5.0.2
2023-09-17 21:33:33,313 [WARN] PackLoader:240 - Cannot read IP mode file for STMicroelectronics.X-CUBE-DISPLAY.3.0.0
2023-09-17 21:33:33,336 [WARN] PackLoader:240 - Cannot read IP mode file for STMicroelectronics.X-CUBE-BLE1.7.0.0
2023-09-17 21:33:33,351 [WARN] PackLoader:240 - Cannot read IP mode file for emotas.I-CUBE-CANOPEN.1.3.0
2023-09-17 21:33:33,364 [WARN] PackLoader:240 - Cannot read IP mode file for STMicroelectronics.X-CUBE-TOUCHGFX.4.22.0
2023-09-17 21:33:33,368 [WARN] PackLoader:240 - Cannot read IP mode file for STMicroelectronics.FP-SNS-SMARTAG2.1.2.0
2023-09-17 21:33:33,396 [INFO] LogOutputStream:77 - [STDOUT_REDIRECT] 1 : Invalid condition id : UX_CORESTACK_Condition cause : null
2023-09-17 21:33:33,397 [INFO] LogOutputStream:77 - [STDOUT_REDIRECT] 1 : Invalid condition id : UX_CORESTACK_Condition cause : null
2023-09-17 21:33:33,397 [INFO] LogOutputStream:77 - [STDOUT_REDIRECT] 1 : Invalid condition id : UX_CORESTACK_Condition cause : null
2023-09-17 21:33:33,397 [INFO] LogOutputStream:77 - [STDOUT_REDIRECT] 1 : Invalid condition id : UX_CORESTACK_Condition cause : null
2023-09-17 21:33:33,397 [INFO] LogOutputStream:77 - [STDOUT_REDIRECT] 1 : Invalid condition id : UX_CORESTACK_Condition cause : null
2023-09-17 21:33:33,400 [WARN] PackLoader:240 - Cannot read IP mode file for STMicroelectronics.X-CUBE-AZRTOS-WL.2.0.0
2023-09-17 21:33:33,418 [WARN] PackLoader:240 - Cannot read IP mode file for WES.I-CUBE-Cesium.1.3.0
2023-09-17 21:33:33,423 [WARN] PackLoader:240 - Cannot read IP mode file for STMicroelectronics.X-CUBE-BLE2.3.3.0
2023-09-17 21:33:33,441 [WARN] PackLoader:240 - Cannot read IP mode file for STMicroelectronics.X-CUBE-ALGOBUILD.1.3.0
2023-09-17 21:33:33,472 [WARN] PackLoader:240 - Cannot read IP mode file for STMicroelectronics.X-CUBE-AZRTOS-G0.1.1.0
2023-09-17 21:33:33,490 [WARN] PackLoader:240 - Cannot read IP mode file for STMicroelectronics.X-CUBE-NFC4.3.0.0
2023-09-17 21:33:33,496 [WARN] PackLoader:240 - Cannot read IP mode file for STMicroelectronics.FP-ATR-SIGFOX1.3.2.0
2023-09-17 21:33:33,564 [WARN] PackLoader:240 - Cannot read IP mode file for SEGGER.I-CUBE-embOS.1.3.1
2023-09-17 21:33:33,644 [WARN] PackLoader:240 - Cannot read IP mode file for STMicroelectronics.X-CUBE-GNSS1.6.0.0
2023-09-17 21:33:33,684 [WARN] PackLoader:240 - Cannot read IP mode file for STMicroelectronics.X-CUBE-AZRTOS-F4.1.1.0
2023-09-17 21:33:33,694 [WARN] PackLoader:240 - Cannot read IP mode file for wolfSSL.I-CUBE-wolfSSL.5.6.3
2023-09-17 21:33:33,728 [WARN] PackLoader:240 - Cannot read IP mode file for STMicroelectronics.X-CUBE-AZRTOS-L5.2.0.0
2023-09-17 21:33:33,783 [WARN] PackLoader:240 - Cannot read IP mode file for STMicroelectronics.X-CUBE-MEMS1.9.6.0
2023-09-17 21:33:33,914 [WARN] PackLoader:240 - Cannot read IP mode file for STMicroelectronics.X-CUBE-BLEMGR.2.0.0
2023-09-17 21:33:33,927 [WARN] ConditionMgr:438 - getConditionDescription Invalid condition id : UX DEVICE CLASS RTOS Condition cause : null
2023-09-17 21:33:33,927 [WARN] ConditionMgr:438 - getConditionDescription Invalid condition id : UX DEVICE CLASS RTOS Condition cause : null
2023-09-17 21:33:33,930 [WARN] PackLoader:240 - Cannot read IP mode file for STMicroelectronics.X-CUBE-AZRTOS-H7.3.1.0
2023-09-17 21:33:33,931 [WARN] ConditionMgr:1039 - genDependencies : Invalid condition id : UX DEVICE CLASS RTOS Condition cause : null
2023-09-17 21:33:33,932 [WARN] ConditionMgr:1039 - genDependencies : Invalid condition id : UX DEVICE CLASS RTOS Condition cause : null
2023-09-17 21:33:33,932 [WARN] ConditionMgr:1039 - genDependencies : Invalid condition id : UX DEVICE CLASS RTOS Condition cause : null
2023-09-17 21:33:33,932 [WARN] ConditionMgr:1039 - genDependencies : Invalid condition id : UX DEVICE CLASS RTOS Condition cause : null
2023-09-17 21:33:33,932 [WARN] ConditionMgr:1039 - genDependencies : Invalid condition id : UX DEVICE CLASS RTOS Condition cause : null
2023-09-17 21:33:33,937 [WARN] PackLoader:240 - Cannot read IP mode file for STMicroelectronics.X-CUBE-NFC7.1.0.1
2023-09-17 21:33:33,942 [WARN] PackLoader:240 - Cannot read IP mode file for STMicroelectronics.X-CUBE-NFC6.3.0.0
2023-09-17 21:33:33,946 [WARN] PackLoader:240 - Cannot read IP mode file for STMicroelectronics.X-CUBE-EEPRMA1.4.1.0
2023-09-17 21:33:33,949 [WARN] PackLoader:240 - Cannot read IP mode file for STMicroelectronics.X-CUBE-AI.8.1.0
2023-09-17 21:33:33,960 [WARN] ConditionMgr:438 - getConditionDescription Invalid condition id : LAN8742 Phy interface Condition cause : null
2023-09-17 21:33:33,960 [WARN] PackLoader:240 - Cannot read IP mode file for STMicroelectronics.X-CUBE-AZRTOS-L4.2.0.0
2023-09-17 21:33:33,961 [WARN] ConditionMgr:1039 - genDependencies : Invalid condition id : LAN8742 Phy interface Condition cause : null
2023-09-17 21:33:33,961 [WARN] ConditionMgr:1039 - genDependencies : Invalid condition id : LAN8742 Phy interface Condition cause : null
2023-09-17 21:33:33,962 [WARN] ConditionMgr:1039 - genDependencies : Invalid condition id : LAN8742 Phy interface Condition cause : null
2023-09-17 21:33:33,969 [WARN] PackLoader:240 - Cannot read IP mode file for STMicroelectronics.X-CUBE-SFXS2LP1.4.0.0
2023-09-17 21:33:33,973 [WARN] PackLoader:240 - Cannot read IP mode file for STMicroelectronics.X-CUBE-ISPU.1.1.0
2023-09-17 21:33:33,984 [WARN] ConditionMgr:438 - getConditionDescription Invalid condition id : UX DEVICE CLASS RTOS Condition cause : null
2023-09-17 21:33:33,985 [WARN] ConditionMgr:438 - getConditionDescription Invalid condition id : UX DEVICE CLASS RTOS Condition cause : null
2023-09-17 21:33:33,986 [WARN] PackLoader:240 - Cannot read IP mode file for STMicroelectronics.X-CUBE-AZRTOS-WB.2.0.0
2023-09-17 21:33:33,986 [WARN] ConditionMgr:1039 - genDependencies : Invalid condition id : UX DEVICE CLASS RTOS Condition cause : null
2023-09-17 21:33:33,987 [WARN] ConditionMgr:1039 - genDependencies : Invalid condition id : UX DEVICE CLASS RTOS Condition cause : null
2023-09-17 21:33:33,987 [WARN] ConditionMgr:1039 - genDependencies : Invalid condition id : UX DEVICE CLASS RTOS Condition cause : null
2023-09-17 21:33:33,987 [WARN] ConditionMgr:1039 - genDependencies : Invalid condition id : UX DEVICE CLASS RTOS Condition cause : null
2023-09-17 21:33:33,987 [WARN] ConditionMgr:1039 - genDependencies : Invalid condition id : UX DEVICE CLASS RTOS Condition cause : null
2023-09-17 21:33:33,990 [WARN] PackLoader:240 - Cannot read IP mode file for STMicroelectronics.X-CUBE-FREERTOS.1.0.1
2023-09-17 21:33:33,998 [WARN] PackLoader:240 - Cannot read IP mode file for STMicroelectronics.X-CUBE-AZRTOS-L5.1.1.0
2023-09-17 21:33:34,001 [WARN] PackLoader:240 - Cannot read IP mode file for STMicroelectronics.X-CUBE-AI.8.0.1
2023-09-17 21:33:34,006 [WARN] PackLoader:240 - Cannot read IP mode file for STMicroelectronics.X-CUBE-SUBG2.5.0.0
2023-09-17 21:33:34,015 [WARN] PackLoader:240 - Cannot read IP mode file for STMicroelectronics.X-CUBE-TOF1.3.3.1
2023-09-17 21:33:34,029 [WARN] PackLoader:240 - Cannot read IP mode file for STMicroelectronics.X-CUBE-AZRTOS-G4.2.0.0
2023-09-17 21:33:34,032 [WARN] PackLoader:240 - Cannot read IP mode file for STMicroelectronics.X-CUBE-FREERTOS.1.1.0
2023-09-17 21:33:34,035 [WARN] PackLoader:240 - Cannot read IP mode file for portGmbH.I-Cube-SoM-uGOAL.1.1.0
2023-09-17 21:33:34,043 [WARN] PackLoader:240 - Cannot read IP mode file for STMicroelectronics.X-CUBE-ALS.1.0.1
2023-09-17 21:33:34,051 [WARN] PackLoader:240 - Cannot read IP mode file for STMicroelectronics.X-CUBE-AZRTOS-WB.1.1.0
2023-09-17 21:33:34,054 [WARN] PackLoader:240 - Cannot read IP mode file for STMicroelectronics.FP-ATR-ASTRA1.2.0.0
2023-09-17 21:33:34,054 [INFO] ThirdParty:978 - Integrity check success = true
2023-09-17 21:33:34,054 [INFO] IntegrityCheckThread:100 - exiting critical section [integrity check]
2023-09-17 21:33:34,055 [INFO] IntegrityCheckThread:103 - End integrity checks thread
2023-09-17 21:33:51,577 [ERROR] LogOutputStream:75 - [STDERR_REDIRECT] SLF4J: Failed to load class "org.slf4j.impl.StaticLoggerBinder".
2023-09-17 21:33:51,577 [ERROR] LogOutputStream:75 - [STDERR_REDIRECT] SLF4J: Defaulting to no-operation (NOP) logger implementation
2023-09-17 21:33:51,578 [ERROR] LogOutputStream:75 - [STDERR_REDIRECT] SLF4J: See http://www.slf4j.org/codes.html#StaticLoggerBinder for further details.
