2023-10-31 09:44:36,375 [INFO] Activator:176 - 


2023-10-31 09:44:36,378 [INFO] Activator:177 - !SESSION log4j initialized
2023-10-31 09:44:38,173 [INFO] ApplicationProperties:184 - Using Application install path: /opt/st/stm32cubeide_1.13.0/plugins/com.st.stm32cube.common.mx_6.9.0.202307051724
2023-10-31 09:44:38,188 [INFO] DbMcusXml:78 - Set database path to: /opt/st/stm32cubeide_1.13.0/plugins/com.st.stm32cube.common.mx_6.9.0.202307051724//db//mcu/
2023-10-31 09:44:38,188 [INFO] ApiDb:274 - Set plugin database path to: /opt/st/stm32cubeide_1.13.0/plugins/com.st.stm32cube.common.mx_6.9.0.202307051724//db//plugins/boardmanager/
2023-10-31 09:44:38,188 [WARN] ApiDb:259 - Overriding images path with different value:  => /opt/st/stm32cubeide_1.13.0/plugins/com.st.stm32cube.common.mx_6.9.0.202307051724//db//plugins/mcufinder/images/
2023-10-31 09:44:38,196 [INFO] ApiDb:250 - Set database path to: /home/manjunath/.stmcufinder/plugins/mcufinder//mcu/
2023-10-31 09:44:38,197 [INFO] DbMcusAds:125 - Set database path to: /home/manjunath/.stmcufinder/plugins/mcufinder//mcu/
2023-10-31 09:44:38,674 [INFO] CrossReferenceDbSqlite:203 - Set database path to: /home/manjunath/.stmcufinder/plugins/mcufinder//mcu/cs/
2023-10-31 09:44:38,775 [INFO] RulesReader:64 - Compatibility file has been processed (293 Rules)
2023-10-31 09:44:38,837 [INFO] DbMcusXml:78 - Set database path to: /opt/st/stm32cubeide_1.13.0/plugins/com.st.stm32cube.common.mx_6.9.0.202307051724//db//mcu/
2023-10-31 09:44:38,838 [INFO] ApiDb:274 - Set plugin database path to: /opt/st/stm32cubeide_1.13.0/plugins/com.st.stm32cube.common.mx_6.9.0.202307051724//db//plugins/boardmanager/
2023-10-31 09:44:38,838 [INFO] ApiDb:261 - Set plugin images path to: /opt/st/stm32cubeide_1.13.0/plugins/com.st.stm32cube.common.mx_6.9.0.202307051724//db//plugins/mcufinder/images/
2023-10-31 09:44:38,838 [WARN] DbFile:41 - Overriding database path with different value: /home/manjunath/.stmcufinder/plugins/mcufinder/ => /home/manjunath/.stmcufinder/plugins/mcufinder
2023-10-31 09:44:38,838 [INFO] ApiDb:250 - Set database path to: /home/manjunath/.stmcufinder/plugins/mcufinder//mcu/
2023-10-31 09:44:38,838 [WARN] DbFile:41 - Overriding database path with different value: /home/manjunath/.stmcufinder/plugins/mcufinder/ => /home/manjunath/.stmcufinder/plugins/mcufinder
2023-10-31 09:44:38,838 [INFO] DbMcusAds:125 - Set database path to: /home/manjunath/.stmcufinder/plugins/mcufinder//mcu/
2023-10-31 09:44:38,838 [WARN] DbFile:41 - Overriding database path with different value: /home/manjunath/.stmcufinder/plugins/mcufinder/ => /home/manjunath/.stmcufinder/plugins/mcufinder
2023-10-31 09:44:38,838 [WARN] DbFile:41 - Overriding database path with different value: /home/manjunath/.stmcufinder/plugins/mcufinder/ => /home/manjunath/.stmcufinder/plugins/mcufinder
2023-10-31 09:44:38,839 [INFO] CrossReferenceDbSqlite:203 - Set database path to: /home/manjunath/.stmcufinder/plugins/mcufinder//mcu/cs/
2023-10-31 09:44:38,912 [INFO] MainPanel:262 - HeapMemory: 268435456
2023-10-31 09:44:39,002 [INFO] DbMcusXml:78 - Set database path to: /opt/st/stm32cubeide_1.13.0/plugins/com.st.stm32cube.common.mx_6.9.0.202307051724//db//mcu/
2023-10-31 09:44:39,003 [INFO] ApiDb:274 - Set plugin database path to: /opt/st/stm32cubeide_1.13.0/plugins/com.st.stm32cube.common.mx_6.9.0.202307051724//db//plugins/boardmanager/
2023-10-31 09:44:39,003 [INFO] ApiDb:261 - Set plugin images path to: /opt/st/stm32cubeide_1.13.0/plugins/com.st.stm32cube.common.mx_6.9.0.202307051724//db//plugins/mcufinder/images/
2023-10-31 09:44:39,003 [WARN] DbFile:41 - Overriding database path with different value: /home/manjunath/.stmcufinder/plugins/mcufinder/ => /home/manjunath/.stmcufinder/plugins/mcufinder
2023-10-31 09:44:39,003 [INFO] ApiDb:250 - Set database path to: /home/manjunath/.stmcufinder/plugins/mcufinder//mcu/
2023-10-31 09:44:39,003 [WARN] DbFile:41 - Overriding database path with different value: /home/manjunath/.stmcufinder/plugins/mcufinder/ => /home/manjunath/.stmcufinder/plugins/mcufinder
2023-10-31 09:44:39,004 [INFO] DbMcusAds:125 - Set database path to: /home/manjunath/.stmcufinder/plugins/mcufinder//mcu/
2023-10-31 09:44:39,004 [WARN] DbFile:41 - Overriding database path with different value: /home/manjunath/.stmcufinder/plugins/mcufinder/ => /home/manjunath/.stmcufinder/plugins/mcufinder
2023-10-31 09:44:39,004 [WARN] DbFile:41 - Overriding database path with different value: /home/manjunath/.stmcufinder/plugins/mcufinder/ => /home/manjunath/.stmcufinder/plugins/mcufinder
2023-10-31 09:44:39,004 [INFO] CrossReferenceDbSqlite:203 - Set database path to: /home/manjunath/.stmcufinder/plugins/mcufinder//mcu/cs/
2023-10-31 09:44:39,017 [INFO] ApplicationProperties:184 - Using Application install path: /opt/st/stm32cubeide_1.13.0/plugins/com.st.stm32cube.common.mx_6.9.0.202307051724
2023-10-31 09:44:39,019 [INFO] PluginManage:196 - Search for loadable plugins [exclusion list=, ]
2023-10-31 09:44:39,020 [INFO] PluginManage:310 - Check plugin analytics
2023-10-31 09:44:39,287 [INFO] AnalyticsPlugin:253 - Accepted Software Licenses: 
2023-10-31 09:44:39,287 [INFO] AnalyticsPlugin:255 - Accepted CMSIS Pack Licenses: 
2023-10-31 09:44:39,287 [INFO] AnalyticsPlugin:257 - Accepted Firmware Licenses: FW.F4.1.27.0
2023-10-31 09:44:39,290 [INFO] PluginManage:359 - Loaded plugin analytics (category:tool,tabindex:-1)
2023-10-31 09:44:39,290 [INFO] PluginManage:310 - Check plugin cadmodel
2023-10-31 09:44:39,324 [INFO] CADModel:105 - Init CAD model plugin
2023-10-31 09:44:39,325 [INFO] PluginManage:359 - Loaded plugin cadmodel (category:power,tabindex:5)
2023-10-31 09:44:39,325 [INFO] PluginManage:310 - Check plugin clock
2023-10-31 09:44:39,339 [INFO] PluginManage:359 - Loaded plugin clock (category:base,tabindex:2)
2023-10-31 09:44:39,339 [INFO] PluginManage:310 - Check plugin ddr
2023-10-31 09:44:39,341 [INFO] PluginManage:359 - Loaded plugin ddr (category:tool,tabindex:6)
2023-10-31 09:44:39,342 [INFO] PluginManage:310 - Check plugin filemanager
2023-10-31 09:44:39,557 [INFO] PluginManage:359 - Loaded plugin filemanager (category:base,tabindex:10)
2023-10-31 09:44:39,558 [INFO] PluginManage:310 - Check plugin ipmanager
2023-10-31 09:44:39,564 [INFO] PluginManage:359 - Loaded plugin ipmanager (category:base,tabindex:5)
2023-10-31 09:44:39,564 [INFO] PluginManage:310 - Check plugin lpbam
2023-10-31 09:44:39,575 [INFO] PluginManage:359 - Loaded plugin lpbam (category:base,tabindex:0)
2023-10-31 09:44:39,575 [INFO] PluginManage:310 - Check plugin memorymap
2023-10-31 09:44:39,587 [INFO] PluginManage:359 - Loaded plugin memorymap (category:base,tabindex:4)
2023-10-31 09:44:39,587 [INFO] PluginManage:310 - Check plugin pinoutandconfiguration
2023-10-31 09:44:39,595 [INFO] PluginManage:359 - Loaded plugin pinoutandconfiguration (category:base,tabindex:1)
2023-10-31 09:44:39,595 [INFO] PluginManage:310 - Check plugin pinoutconfig
2023-10-31 09:44:39,702 [WARN] SupportedApi:132 - Cannot load RTOS API schema: s4s-elt-must-match.1: The content of 'definitions' must match (annotation?, (simpleType | complexType)?, (unique | key | keyref)*)). A problem was found starting at: attribute.
2023-10-31 09:44:39,807 [INFO] PluginManage:359 - Loaded plugin pinoutconfig (category:base,tabindex:0)
2023-10-31 09:44:39,807 [INFO] PluginManage:310 - Check plugin power
2023-10-31 09:44:39,820 [INFO] PluginManage:359 - Loaded plugin power (category:power,tabindex:4)
2023-10-31 09:44:39,820 [INFO] PluginManage:310 - Check plugin projectmanager
2023-10-31 09:44:39,832 [INFO] PluginManage:359 - Loaded plugin projectmanager (category:projectmanager,tabindex:3)
2023-10-31 09:44:39,832 [INFO] PluginManage:310 - Check plugin thirdparty
2023-10-31 09:44:39,939 [INFO] PluginManage:359 - Loaded plugin thirdparty (category:base,tabindex:-1)
2023-10-31 09:44:39,939 [INFO] PluginManage:310 - Check plugin tools
2023-10-31 09:44:39,938 [WARN] IntegrityCheckThread:84 - waiting for thirdparty lock release [integrity check]
2023-10-31 09:44:39,940 [INFO] IntegrityCheckThread:86 - entering critical section [integrity check]
2023-10-31 09:44:39,940 [INFO] ThirdPartyUpdaterWithRetryManager:70 - Updater plugin not ready yet. [1/15]
2023-10-31 09:44:39,941 [INFO] PluginManage:359 - Loaded plugin tools (category:base,tabindex:7)
2023-10-31 09:44:39,941 [INFO] PluginManage:310 - Check plugin tutovideos
2023-10-31 09:44:40,068 [INFO] PluginManage:359 - Loaded plugin tutovideos (category:base,tabindex:-1)
2023-10-31 09:44:40,068 [INFO] PluginManage:310 - Check plugin updater
2023-10-31 09:44:40,078 [INFO] PluginManage:359 - Loaded plugin updater (category:base,tabindex:12)
2023-10-31 09:44:40,078 [INFO] PluginManage:310 - Check plugin userauth
2023-10-31 09:44:40,082 [INFO] UserAuth:113 - Init User Auth plugin
2023-10-31 09:44:40,082 [INFO] PluginManage:359 - Loaded plugin userauth (category:base,tabindex:14)
2023-10-31 09:44:40,083 [INFO] PluginManage:283 - PluginManage : Loaded plugins [17]
2023-10-31 09:44:40,246 [INFO] PinOutPanel:1499 - setPackage(No Configuration,No Configuration)
2023-10-31 09:44:40,316 [INFO] CADModel:165 - CPN selected for project level
2023-10-31 09:44:40,316 [INFO] CADModel:114 - Register for checkConnection events
2023-10-31 09:44:40,326 [INFO] IPUIPlugin:80 - create IPUIPlugin
2023-10-31 09:44:40,326 [INFO] PluginManager:220 - loadIPPluginJar : add hash
2023-10-31 09:44:40,329 [INFO] IPUIPlugin:80 - create IPUIPlugin
2023-10-31 09:44:40,329 [INFO] PluginManager:220 - loadIPPluginJar : add ipddr
2023-10-31 09:44:40,330 [INFO] IPUIPlugin:80 - create IPUIPlugin
2023-10-31 09:44:40,330 [INFO] PluginManager:220 - loadIPPluginJar : add genericplugin
2023-10-31 09:44:40,331 [INFO] IPUIPlugin:80 - create IPUIPlugin
2023-10-31 09:44:40,331 [INFO] PluginManager:220 - loadIPPluginJar : add fatfs
2023-10-31 09:44:40,336 [INFO] IPUIPlugin:80 - create IPUIPlugin
2023-10-31 09:44:40,338 [INFO] PluginManager:220 - loadIPPluginJar : add plateformsettings
2023-10-31 09:44:40,340 [INFO] IPUIPlugin:80 - create IPUIPlugin
2023-10-31 09:44:40,340 [INFO] PluginManager:220 - loadIPPluginJar : add pdm2pcm
2023-10-31 09:44:40,342 [INFO] IPUIPlugin:80 - create IPUIPlugin
2023-10-31 09:44:40,342 [INFO] PluginManager:220 - loadIPPluginJar : add cryp
2023-10-31 09:44:40,344 [INFO] IPUIPlugin:80 - create IPUIPlugin
2023-10-31 09:44:40,344 [INFO] PluginManager:220 - loadIPPluginJar : add tim
2023-10-31 09:44:40,345 [INFO] IPUIPlugin:80 - create IPUIPlugin
2023-10-31 09:44:40,345 [INFO] PluginManager:220 - loadIPPluginJar : add spi
2023-10-31 09:44:40,352 [INFO] IPUIPlugin:80 - create IPUIPlugin
2023-10-31 09:44:40,352 [INFO] PluginManager:220 - loadIPPluginJar : add mdma
2023-10-31 09:44:40,354 [INFO] IPUIPlugin:80 - create IPUIPlugin
2023-10-31 09:44:40,354 [INFO] PluginManager:220 - loadIPPluginJar : add aes
2023-10-31 09:44:40,357 [INFO] IPUIPlugin:80 - create IPUIPlugin
2023-10-31 09:44:40,357 [INFO] PluginManager:220 - loadIPPluginJar : add gfxmmu
2023-10-31 09:44:40,358 [INFO] IPUIPlugin:80 - create IPUIPlugin
2023-10-31 09:44:40,359 [INFO] PluginManager:220 - loadIPPluginJar : add ucpd
2023-10-31 09:44:40,359 [INFO] IPUIPlugin:80 - create IPUIPlugin
2023-10-31 09:44:40,360 [INFO] PluginManager:220 - loadIPPluginJar : add quadspi
2023-10-31 09:44:40,361 [INFO] IPUIPlugin:80 - create IPUIPlugin
2023-10-31 09:44:40,361 [INFO] PluginManager:220 - loadIPPluginJar : add tracer_emb
2023-10-31 09:44:40,363 [INFO] IPUIPlugin:80 - create IPUIPlugin
2023-10-31 09:44:40,363 [INFO] PluginManager:220 - loadIPPluginJar : add dfsdm
2023-10-31 09:44:40,366 [INFO] IPUIPlugin:80 - create IPUIPlugin
2023-10-31 09:44:40,366 [INFO] PluginManager:220 - loadIPPluginJar : add sai
2023-10-31 09:44:40,368 [INFO] IPUIPlugin:80 - create IPUIPlugin
2023-10-31 09:44:40,368 [INFO] PluginManager:220 - loadIPPluginJar : add lorawan
2023-10-31 09:44:40,370 [INFO] IPUIPlugin:80 - create IPUIPlugin
2023-10-31 09:44:40,370 [INFO] PluginManager:220 - loadIPPluginJar : add usbx
2023-10-31 09:44:40,375 [INFO] IPUIPlugin:80 - create IPUIPlugin
2023-10-31 09:44:40,376 [INFO] PluginManager:220 - loadIPPluginJar : add linkedlist
2023-10-31 09:44:40,377 [INFO] IPUIPlugin:80 - create IPUIPlugin
2023-10-31 09:44:40,377 [INFO] PluginManager:220 - loadIPPluginJar : add ltdc
2023-10-31 09:44:40,379 [INFO] IPUIPlugin:80 - create IPUIPlugin
2023-10-31 09:44:40,380 [INFO] PluginManager:220 - loadIPPluginJar : add nvic
2023-10-31 09:44:40,382 [INFO] IPUIPlugin:80 - create IPUIPlugin
2023-10-31 09:44:40,382 [INFO] PluginManager:220 - loadIPPluginJar : add gtzc
2023-10-31 09:44:40,387 [INFO] IPUIPlugin:80 - create IPUIPlugin
2023-10-31 09:44:40,387 [INFO] PluginManager:220 - loadIPPluginJar : add freertos
2023-10-31 09:44:40,392 [INFO] IPUIPlugin:80 - create IPUIPlugin
2023-10-31 09:44:40,392 [INFO] PluginManager:220 - loadIPPluginJar : add dma
2023-10-31 09:44:40,393 [INFO] IPUIPlugin:80 - create IPUIPlugin
2023-10-31 09:44:40,393 [INFO] PluginManager:220 - loadIPPluginJar : add tsc
2023-10-31 09:44:40,395 [INFO] IPUIPlugin:80 - create IPUIPlugin
2023-10-31 09:44:40,395 [INFO] PluginManager:220 - loadIPPluginJar : add usart
2023-10-31 09:44:40,396 [INFO] IPUIPlugin:80 - create IPUIPlugin
2023-10-31 09:44:40,396 [INFO] PluginManager:220 - loadIPPluginJar : add comp
2023-10-31 09:44:40,398 [INFO] IPUIPlugin:80 - create IPUIPlugin
2023-10-31 09:44:40,398 [INFO] PluginManager:220 - loadIPPluginJar : add i2s
2023-10-31 09:44:40,399 [INFO] IPUIPlugin:80 - create IPUIPlugin
2023-10-31 09:44:40,399 [INFO] PluginManager:220 - loadIPPluginJar : add i2c
2023-10-31 09:44:40,401 [INFO] IPUIPlugin:80 - create IPUIPlugin
2023-10-31 09:44:40,401 [INFO] PluginManager:220 - loadIPPluginJar : add i3c
2023-10-31 09:44:40,405 [INFO] IPUIPlugin:80 - create IPUIPlugin
2023-10-31 09:44:40,405 [INFO] PluginManager:220 - loadIPPluginJar : add resmgrutility
2023-10-31 09:44:40,408 [INFO] IPUIPlugin:80 - create IPUIPlugin
2023-10-31 09:44:40,408 [INFO] PluginManager:220 - loadIPPluginJar : add stm32_wpan
2023-10-31 09:44:40,410 [INFO] IPUIPlugin:80 - create IPUIPlugin
2023-10-31 09:44:40,410 [INFO] PluginManager:220 - loadIPPluginJar : add dma3
2023-10-31 09:44:40,412 [INFO] IPUIPlugin:80 - create IPUIPlugin
2023-10-31 09:44:40,412 [INFO] PluginManager:220 - loadIPPluginJar : add touchsensing
2023-10-31 09:44:40,414 [INFO] IPUIPlugin:80 - create IPUIPlugin
2023-10-31 09:44:40,414 [INFO] PluginManager:220 - loadIPPluginJar : add can
2023-10-31 09:44:40,417 [INFO] IPUIPlugin:80 - create IPUIPlugin
2023-10-31 09:44:40,417 [INFO] PluginManager:220 - loadIPPluginJar : add fmc
2023-10-31 09:44:40,420 [INFO] IPUIPlugin:80 - create IPUIPlugin
2023-10-31 09:44:40,421 [INFO] PluginManager:220 - loadIPPluginJar : add gic
2023-10-31 09:44:40,422 [INFO] IPUIPlugin:80 - create IPUIPlugin
2023-10-31 09:44:40,422 [INFO] PluginManager:220 - loadIPPluginJar : add ts
2023-10-31 09:44:40,424 [INFO] IPUIPlugin:80 - create IPUIPlugin
2023-10-31 09:44:40,424 [INFO] PluginManager:220 - loadIPPluginJar : add opamp
2023-10-31 09:44:40,427 [INFO] IPUIPlugin:80 - create IPUIPlugin
2023-10-31 09:44:40,427 [INFO] PluginManager:220 - loadIPPluginJar : add gpio
2023-10-31 09:44:40,429 [INFO] IPUIPlugin:80 - create IPUIPlugin
2023-10-31 09:44:40,429 [INFO] PluginManager:220 - loadIPPluginJar : add openamp
2023-10-31 09:44:40,433 [INFO] IPUIPlugin:80 - create IPUIPlugin
2023-10-31 09:44:40,433 [INFO] PluginManager:220 - loadIPPluginJar : add adc
2023-10-31 09:44:40,528 [INFO] CADModel:165 - CPN selected for project level
2023-10-31 09:44:40,529 [INFO] CADModel:114 - Register for checkConnection events
2023-10-31 09:44:40,529 [FATAL] Updater:308 - Updater called before beeing initialized
2023-10-31 09:44:40,529 [ERROR] CADModel:125 - Updater not yet initialized, retry later 
2023-10-31 09:44:40,648 [INFO] CADModel:165 - CPN selected for project level
2023-10-31 09:44:40,648 [INFO] CADModel:114 - Register for checkConnection events
2023-10-31 09:44:40,648 [FATAL] Updater:308 - Updater called before beeing initialized
2023-10-31 09:44:40,648 [ERROR] CADModel:125 - Updater not yet initialized, retry later 
2023-10-31 09:44:40,651 [FATAL] Updater:308 - Updater called before beeing initialized
2023-10-31 09:44:40,717 [FATAL] Updater:308 - Updater called before beeing initialized
2023-10-31 09:44:40,722 [INFO] DbMcusAds:53 - JSON generation date=Tue Mar 07 14:20:55 IST 2023 (1678179055114)
2023-10-31 09:44:40,722 [FATAL] Updater:308 - Updater called before beeing initialized
2023-10-31 09:44:40,752 [WARN] DetailPanel:346 - Failed to get advertising image, set to default
2023-10-31 09:44:40,826 [FATAL] Updater:308 - Updater called before beeing initialized
2023-10-31 09:44:40,827 [FATAL] Updater:308 - Updater called before beeing initialized
2023-10-31 09:44:40,828 [FATAL] Updater:308 - Updater called before beeing initialized
2023-10-31 09:44:40,828 [WARN] DetailPanel:346 - Failed to get advertising image, set to default
2023-10-31 09:44:40,828 [FATAL] Updater:308 - Updater called before beeing initialized
2023-10-31 09:44:40,858 [ERROR] Updater:1120 - MainUpdater not yet initialized. External WinMGr cannot be set.
2023-10-31 09:44:40,859 [INFO] Updater:1056 - Updater Version found : 6.9.0
2023-10-31 09:44:40,875 [INFO] ApplicationProperties:184 - Using Application install path: /opt/st/stm32cubeide_1.13.0/plugins/com.st.stm32cube.common.mx_6.9.0.202307051724
2023-10-31 09:44:41,058 [INFO] MainUpdater:2868 - connection check result : 10
2023-10-31 09:44:41,059 [INFO] MainUpdater:285 - Updater Check For Update Now.
2023-10-31 09:44:41,059 [INFO] MicroXplorer:498 - Change Database Version : DB.6.0.90
2023-10-31 09:44:41,226 [INFO] CheckServerUpdateThread:120 - End of CheckServer Thread
2023-10-31 09:44:41,267 [INFO] MainUpdater:2868 - connection check result : 10
2023-10-31 09:44:41,269 [INFO] MainUpdater:2868 - connection check result : 10
2023-10-31 09:44:43,050 [WARN] PackLoader:240 - Cannot read IP mode file for STMicroelectronics.X-CUBE-SMBUS.2.1.0
2023-10-31 09:44:43,095 [WARN] PackLoader:240 - Cannot read IP mode file for STMicroelectronics.X-CUBE-AZRTOS-F7.1.1.0
2023-10-31 09:44:43,110 [WARN] PackLoader:240 - Cannot read IP mode file for STMicroelectronics.FP-SNS-MOTENV1.4.3.2
2023-10-31 09:44:43,118 [WARN] PackLoader:240 - Cannot read IP mode file for STMicroelectronics.FP-SNS-FLIGHT1.5.0.1
2023-10-31 09:44:43,127 [WARN] PackLoader:240 - Cannot read IP mode file for STMicroelectronics.X-CUBE-BLE1.6.2.4
2023-10-31 09:44:43,132 [WARN] PackLoader:240 - Cannot read IP mode file for STMicroelectronics.FP-SNS-FLIGHT1.5.0.2
2023-10-31 09:44:43,142 [WARN] PackLoader:240 - Cannot read IP mode file for STMicroelectronics.X-CUBE-DISPLAY.3.0.0
2023-10-31 09:44:43,154 [WARN] PackLoader:240 - Cannot read IP mode file for STMicroelectronics.X-CUBE-BLE1.7.0.0
2023-10-31 09:44:43,196 [WARN] PackLoader:240 - Cannot read IP mode file for emotas.I-CUBE-CANOPEN.1.3.0
2023-10-31 09:44:43,201 [WARN] PackLoader:240 - Cannot read IP mode file for STMicroelectronics.X-CUBE-TOUCHGFX.4.22.0
2023-10-31 09:44:43,208 [WARN] PackLoader:240 - Cannot read IP mode file for STMicroelectronics.X-CUBE-TOUCHGFX.4.22.1
2023-10-31 09:44:43,212 [WARN] PackLoader:240 - Cannot read IP mode file for STMicroelectronics.FP-SNS-SMARTAG2.1.2.0
2023-10-31 09:44:43,234 [INFO] LogOutputStream:77 - [STDOUT_REDIRECT] 1 : Invalid condition id : UX_CORESTACK_Condition cause : null
2023-10-31 09:44:43,235 [INFO] LogOutputStream:77 - [STDOUT_REDIRECT] 1 : Invalid condition id : UX_CORESTACK_Condition cause : null
2023-10-31 09:44:43,235 [INFO] LogOutputStream:77 - [STDOUT_REDIRECT] 1 : Invalid condition id : UX_CORESTACK_Condition cause : null
2023-10-31 09:44:43,235 [INFO] LogOutputStream:77 - [STDOUT_REDIRECT] 1 : Invalid condition id : UX_CORESTACK_Condition cause : null
2023-10-31 09:44:43,235 [INFO] LogOutputStream:77 - [STDOUT_REDIRECT] 1 : Invalid condition id : UX_CORESTACK_Condition cause : null
2023-10-31 09:44:43,240 [WARN] PackLoader:240 - Cannot read IP mode file for STMicroelectronics.X-CUBE-AZRTOS-WL.2.0.0
2023-10-31 09:44:43,253 [WARN] PackLoader:240 - Cannot read IP mode file for WES.I-CUBE-Cesium.1.3.0
2023-10-31 09:44:43,258 [WARN] PackLoader:240 - Cannot read IP mode file for STMicroelectronics.X-CUBE-BLE2.3.3.0
2023-10-31 09:44:43,266 [WARN] PackLoader:240 - Cannot read IP mode file for STMicroelectronics.X-CUBE-ALGOBUILD.1.3.0
2023-10-31 09:44:43,288 [WARN] PackLoader:240 - Cannot read IP mode file for STMicroelectronics.X-CUBE-AZRTOS-G0.1.1.0
2023-10-31 09:44:43,297 [WARN] PackLoader:240 - Cannot read IP mode file for STMicroelectronics.X-CUBE-NFC4.3.0.0
2023-10-31 09:44:43,301 [WARN] PackLoader:240 - Cannot read IP mode file for STMicroelectronics.FP-ATR-SIGFOX1.3.2.0
2023-10-31 09:44:43,336 [WARN] PackLoader:240 - Cannot read IP mode file for SEGGER.I-CUBE-embOS.1.3.1
2023-10-31 09:44:43,383 [WARN] PackLoader:240 - Cannot read IP mode file for STMicroelectronics.X-CUBE-GNSS1.6.0.0
2023-10-31 09:44:43,412 [WARN] PackLoader:240 - Cannot read IP mode file for STMicroelectronics.X-CUBE-AZRTOS-F4.1.1.0
2023-10-31 09:44:43,419 [WARN] PackLoader:240 - Cannot read IP mode file for wolfSSL.I-CUBE-wolfSSL.5.6.3
2023-10-31 09:44:43,453 [WARN] PackLoader:240 - Cannot read IP mode file for STMicroelectronics.X-CUBE-AZRTOS-L5.2.0.0
2023-10-31 09:44:43,521 [WARN] PackLoader:240 - Cannot read IP mode file for STMicroelectronics.X-CUBE-MEMS1.9.6.0
2023-10-31 09:44:43,791 [WARN] PackLoader:240 - Cannot read IP mode file for STMicroelectronics.X-CUBE-EEPRMA1.4.2.0
2023-10-31 09:44:43,797 [WARN] PackLoader:240 - Cannot read IP mode file for ITTIA_DB.I-CUBE-ITTIADB.8.8.0
2023-10-31 09:44:43,815 [WARN] PackLoader:240 - Cannot read IP mode file for STMicroelectronics.X-CUBE-BLEMGR.2.0.0
2023-10-31 09:44:43,843 [WARN] ConditionMgr:438 - getConditionDescription Invalid condition id : UX DEVICE CLASS RTOS Condition cause : null
2023-10-31 09:44:43,843 [WARN] ConditionMgr:438 - getConditionDescription Invalid condition id : UX DEVICE CLASS RTOS Condition cause : null
2023-10-31 09:44:43,847 [WARN] PackLoader:240 - Cannot read IP mode file for STMicroelectronics.X-CUBE-AZRTOS-H7.3.1.0
2023-10-31 09:44:43,849 [WARN] ConditionMgr:1039 - genDependencies : Invalid condition id : UX DEVICE CLASS RTOS Condition cause : null
2023-10-31 09:44:43,849 [WARN] ConditionMgr:1039 - genDependencies : Invalid condition id : UX DEVICE CLASS RTOS Condition cause : null
2023-10-31 09:44:43,849 [WARN] ConditionMgr:1039 - genDependencies : Invalid condition id : UX DEVICE CLASS RTOS Condition cause : null
2023-10-31 09:44:43,850 [WARN] ConditionMgr:1039 - genDependencies : Invalid condition id : UX DEVICE CLASS RTOS Condition cause : null
2023-10-31 09:44:43,850 [WARN] ConditionMgr:1039 - genDependencies : Invalid condition id : UX DEVICE CLASS RTOS Condition cause : null
2023-10-31 09:44:43,859 [WARN] PackLoader:240 - Cannot read IP mode file for STMicroelectronics.X-CUBE-NFC7.1.0.1
2023-10-31 09:44:43,868 [WARN] PackLoader:240 - Cannot read IP mode file for STMicroelectronics.X-CUBE-NFC6.3.0.0
2023-10-31 09:44:43,875 [WARN] PackLoader:240 - Cannot read IP mode file for STMicroelectronics.X-CUBE-EEPRMA1.4.1.0
2023-10-31 09:44:43,880 [WARN] PackLoader:240 - Cannot read IP mode file for STMicroelectronics.X-CUBE-AI.8.1.0
2023-10-31 09:44:43,902 [WARN] ConditionMgr:438 - getConditionDescription Invalid condition id : LAN8742 Phy interface Condition cause : null
2023-10-31 09:44:43,903 [WARN] PackLoader:240 - Cannot read IP mode file for STMicroelectronics.X-CUBE-AZRTOS-L4.2.0.0
2023-10-31 09:44:43,904 [WARN] ConditionMgr:1039 - genDependencies : Invalid condition id : LAN8742 Phy interface Condition cause : null
2023-10-31 09:44:43,904 [WARN] ConditionMgr:1039 - genDependencies : Invalid condition id : LAN8742 Phy interface Condition cause : null
2023-10-31 09:44:43,905 [WARN] ConditionMgr:1039 - genDependencies : Invalid condition id : LAN8742 Phy interface Condition cause : null
2023-10-31 09:44:43,913 [WARN] PackLoader:240 - Cannot read IP mode file for STMicroelectronics.X-CUBE-SFXS2LP1.4.0.0
2023-10-31 09:44:43,917 [WARN] PackLoader:240 - Cannot read IP mode file for STMicroelectronics.X-CUBE-ISPU.1.1.0
2023-10-31 09:44:43,935 [WARN] ConditionMgr:438 - getConditionDescription Invalid condition id : UX DEVICE CLASS RTOS Condition cause : null
2023-10-31 09:44:43,935 [WARN] ConditionMgr:438 - getConditionDescription Invalid condition id : UX DEVICE CLASS RTOS Condition cause : null
2023-10-31 09:44:43,938 [WARN] PackLoader:240 - Cannot read IP mode file for STMicroelectronics.X-CUBE-AZRTOS-WB.2.0.0
2023-10-31 09:44:43,939 [WARN] ConditionMgr:1039 - genDependencies : Invalid condition id : UX DEVICE CLASS RTOS Condition cause : null
2023-10-31 09:44:43,939 [WARN] ConditionMgr:1039 - genDependencies : Invalid condition id : UX DEVICE CLASS RTOS Condition cause : null
2023-10-31 09:44:43,939 [WARN] ConditionMgr:1039 - genDependencies : Invalid condition id : UX DEVICE CLASS RTOS Condition cause : null
2023-10-31 09:44:43,940 [WARN] ConditionMgr:1039 - genDependencies : Invalid condition id : UX DEVICE CLASS RTOS Condition cause : null
2023-10-31 09:44:43,940 [WARN] ConditionMgr:1039 - genDependencies : Invalid condition id : UX DEVICE CLASS RTOS Condition cause : null
2023-10-31 09:44:43,945 [WARN] PackLoader:240 - Cannot read IP mode file for STMicroelectronics.X-CUBE-FREERTOS.1.0.1
2023-10-31 09:44:43,959 [WARN] PackLoader:240 - Cannot read IP mode file for STMicroelectronics.X-CUBE-AZRTOS-L5.1.1.0
2023-10-31 09:44:43,964 [WARN] PackLoader:240 - Cannot read IP mode file for STMicroelectronics.X-CUBE-AI.8.0.1
2023-10-31 09:44:43,972 [WARN] PackLoader:240 - Cannot read IP mode file for STMicroelectronics.X-CUBE-SUBG2.5.0.0
2023-10-31 09:44:43,999 [WARN] PackLoader:240 - Cannot read IP mode file for STMicroelectronics.X-CUBE-TOF1.3.3.1
2023-10-31 09:44:44,034 [WARN] PackLoader:240 - Cannot read IP mode file for STMicroelectronics.X-CUBE-AZRTOS-G4.2.0.0
2023-10-31 09:44:44,053 [WARN] PackLoader:240 - Cannot read IP mode file for Infineon.AIROC-Wi-Fi-Bluetooth-STM32.1.5.1
2023-10-31 09:44:44,127 [WARN] PackLoader:240 - Cannot read IP mode file for STMicroelectronics.X-CUBE-MEMS1.10.0.0
2023-10-31 09:44:44,297 [WARN] PackLoader:240 - Cannot read IP mode file for STMicroelectronics.X-CUBE-FREERTOS.1.1.0
2023-10-31 09:44:44,309 [WARN] PackLoader:240 - Cannot read IP mode file for portGmbH.I-Cube-SoM-uGOAL.1.1.0
2023-10-31 09:44:44,317 [WARN] PackLoader:240 - Cannot read IP mode file for STMicroelectronics.X-CUBE-ALS.1.0.1
2023-10-31 09:44:44,334 [WARN] PackLoader:240 - Cannot read IP mode file for STMicroelectronics.X-CUBE-AZRTOS-WB.1.1.0
2023-10-31 09:44:44,340 [WARN] PackLoader:240 - Cannot read IP mode file for STMicroelectronics.FP-ATR-ASTRA1.2.0.0
2023-10-31 09:44:44,341 [INFO] ThirdParty:978 - Integrity check success = true
2023-10-31 09:44:44,341 [INFO] IntegrityCheckThread:100 - exiting critical section [integrity check]
2023-10-31 09:44:44,341 [INFO] IntegrityCheckThread:103 - End integrity checks thread
