2023-07-23 10:05:35,800 [INFO] Activator:176 - 


2023-07-23 10:05:35,804 [INFO] Activator:177 - !SESSION log4j initialized
2023-07-23 10:06:02,221 [INFO] LogOutputStream:77 - [STDOUT_REDIRECT] 
2023-07-23 10:06:17,960 [INFO] ApplicationProperties:184 - Using Application install path: /opt/st/stm32cubeide_1.13.0/plugins/com.st.stm32cube.common.mx_6.9.0.202307051724
2023-07-23 10:06:17,976 [INFO] DbMcusXml:78 - Set database path to: /opt/st/stm32cubeide_1.13.0/plugins/com.st.stm32cube.common.mx_6.9.0.202307051724//db//mcu/
2023-07-23 10:06:17,976 [INFO] ApiDb:274 - Set plugin database path to: /opt/st/stm32cubeide_1.13.0/plugins/com.st.stm32cube.common.mx_6.9.0.202307051724//db//plugins/boardmanager/
2023-07-23 10:06:17,976 [WARN] ApiDb:259 - Overriding images path with different value:  => /opt/st/stm32cubeide_1.13.0/plugins/com.st.stm32cube.common.mx_6.9.0.202307051724//db//plugins/mcufinder/images/
2023-07-23 10:06:17,987 [INFO] ApiDb:250 - Set database path to: /home/manjunath/.stmcufinder/plugins/mcufinder//mcu/
2023-07-23 10:06:17,988 [INFO] DbMcusAds:125 - Set database path to: /home/manjunath/.stmcufinder/plugins/mcufinder//mcu/
2023-07-23 10:06:18,055 [INFO] CrossReferenceDbSqlite:203 - Set database path to: /home/manjunath/.stmcufinder/plugins/mcufinder//mcu/cs/
2023-07-23 10:06:18,171 [INFO] RulesReader:64 - Compatibility file has been processed (293 Rules)
2023-07-23 10:06:18,231 [INFO] DbMcusXml:78 - Set database path to: /opt/st/stm32cubeide_1.13.0/plugins/com.st.stm32cube.common.mx_6.9.0.202307051724//db//mcu/
2023-07-23 10:06:18,231 [INFO] ApiDb:274 - Set plugin database path to: /opt/st/stm32cubeide_1.13.0/plugins/com.st.stm32cube.common.mx_6.9.0.202307051724//db//plugins/boardmanager/
2023-07-23 10:06:18,231 [INFO] ApiDb:261 - Set plugin images path to: /opt/st/stm32cubeide_1.13.0/plugins/com.st.stm32cube.common.mx_6.9.0.202307051724//db//plugins/mcufinder/images/
2023-07-23 10:06:18,231 [WARN] DbFile:41 - Overriding database path with different value: /home/manjunath/.stmcufinder/plugins/mcufinder/ => /home/manjunath/.stmcufinder/plugins/mcufinder
2023-07-23 10:06:18,232 [INFO] ApiDb:250 - Set database path to: /home/manjunath/.stmcufinder/plugins/mcufinder//mcu/
2023-07-23 10:06:18,232 [WARN] DbFile:41 - Overriding database path with different value: /home/manjunath/.stmcufinder/plugins/mcufinder/ => /home/manjunath/.stmcufinder/plugins/mcufinder
2023-07-23 10:06:18,232 [INFO] DbMcusAds:125 - Set database path to: /home/manjunath/.stmcufinder/plugins/mcufinder//mcu/
2023-07-23 10:06:18,232 [WARN] DbFile:41 - Overriding database path with different value: /home/manjunath/.stmcufinder/plugins/mcufinder/ => /home/manjunath/.stmcufinder/plugins/mcufinder
2023-07-23 10:06:18,232 [WARN] DbFile:41 - Overriding database path with different value: /home/manjunath/.stmcufinder/plugins/mcufinder/ => /home/manjunath/.stmcufinder/plugins/mcufinder
2023-07-23 10:06:18,295 [INFO] CrossReferenceDbSqlite:203 - Set database path to: /home/manjunath/.stmcufinder/plugins/mcufinder//mcu/cs/
2023-07-23 10:06:18,392 [INFO] MainPanel:262 - HeapMemory: 268435456
2023-07-23 10:06:18,457 [INFO] DbMcusXml:78 - Set database path to: /opt/st/stm32cubeide_1.13.0/plugins/com.st.stm32cube.common.mx_6.9.0.202307051724//db//mcu/
2023-07-23 10:06:18,457 [INFO] ApiDb:274 - Set plugin database path to: /opt/st/stm32cubeide_1.13.0/plugins/com.st.stm32cube.common.mx_6.9.0.202307051724//db//plugins/boardmanager/
2023-07-23 10:06:18,457 [INFO] ApiDb:261 - Set plugin images path to: /opt/st/stm32cubeide_1.13.0/plugins/com.st.stm32cube.common.mx_6.9.0.202307051724//db//plugins/mcufinder/images/
2023-07-23 10:06:18,458 [WARN] DbFile:41 - Overriding database path with different value: /home/manjunath/.stmcufinder/plugins/mcufinder/ => /home/manjunath/.stmcufinder/plugins/mcufinder
2023-07-23 10:06:18,458 [INFO] ApiDb:250 - Set database path to: /home/manjunath/.stmcufinder/plugins/mcufinder//mcu/
2023-07-23 10:06:18,458 [WARN] DbFile:41 - Overriding database path with different value: /home/manjunath/.stmcufinder/plugins/mcufinder/ => /home/manjunath/.stmcufinder/plugins/mcufinder
2023-07-23 10:06:18,458 [INFO] DbMcusAds:125 - Set database path to: /home/manjunath/.stmcufinder/plugins/mcufinder//mcu/
2023-07-23 10:06:18,458 [WARN] DbFile:41 - Overriding database path with different value: /home/manjunath/.stmcufinder/plugins/mcufinder/ => /home/manjunath/.stmcufinder/plugins/mcufinder
2023-07-23 10:06:18,458 [WARN] DbFile:41 - Overriding database path with different value: /home/manjunath/.stmcufinder/plugins/mcufinder/ => /home/manjunath/.stmcufinder/plugins/mcufinder
2023-07-23 10:06:18,525 [INFO] CrossReferenceDbSqlite:203 - Set database path to: /home/manjunath/.stmcufinder/plugins/mcufinder//mcu/cs/
2023-07-23 10:06:18,542 [INFO] ApplicationProperties:184 - Using Application install path: /opt/st/stm32cubeide_1.13.0/plugins/com.st.stm32cube.common.mx_6.9.0.202307051724
2023-07-23 10:06:18,544 [INFO] PluginManage:196 - Search for loadable plugins [exclusion list=, ]
2023-07-23 10:06:18,546 [INFO] PluginManage:310 - Check plugin analytics
2023-07-23 10:06:18,770 [INFO] AnalyticsPlugin:253 - Accepted Software Licenses: 
2023-07-23 10:06:18,770 [INFO] AnalyticsPlugin:255 - Accepted CMSIS Pack Licenses: 
2023-07-23 10:06:18,770 [INFO] AnalyticsPlugin:257 - Accepted Firmware Licenses: FW.F4.1.27.0
2023-07-23 10:06:18,773 [INFO] PluginManage:359 - Loaded plugin analytics (category:tool,tabindex:-1)
2023-07-23 10:06:18,773 [INFO] PluginManage:310 - Check plugin cadmodel
2023-07-23 10:06:18,800 [INFO] CADModel:105 - Init CAD model plugin
2023-07-23 10:06:18,800 [INFO] PluginManage:359 - Loaded plugin cadmodel (category:power,tabindex:5)
2023-07-23 10:06:18,800 [INFO] PluginManage:310 - Check plugin clock
2023-07-23 10:06:18,810 [INFO] PluginManage:359 - Loaded plugin clock (category:base,tabindex:2)
2023-07-23 10:06:18,810 [INFO] PluginManage:310 - Check plugin ddr
2023-07-23 10:06:18,812 [INFO] PluginManage:359 - Loaded plugin ddr (category:tool,tabindex:6)
2023-07-23 10:06:18,812 [INFO] PluginManage:310 - Check plugin filemanager
2023-07-23 10:06:18,951 [INFO] PluginManage:359 - Loaded plugin filemanager (category:base,tabindex:10)
2023-07-23 10:06:18,952 [INFO] PluginManage:310 - Check plugin ipmanager
2023-07-23 10:06:18,958 [INFO] PluginManage:359 - Loaded plugin ipmanager (category:base,tabindex:5)
2023-07-23 10:06:18,959 [INFO] PluginManage:310 - Check plugin lpbam
2023-07-23 10:06:18,970 [INFO] PluginManage:359 - Loaded plugin lpbam (category:base,tabindex:0)
2023-07-23 10:06:18,970 [INFO] PluginManage:310 - Check plugin memorymap
2023-07-23 10:06:18,981 [INFO] PluginManage:359 - Loaded plugin memorymap (category:base,tabindex:4)
2023-07-23 10:06:18,982 [INFO] PluginManage:310 - Check plugin pinoutandconfiguration
2023-07-23 10:06:18,987 [INFO] PluginManage:359 - Loaded plugin pinoutandconfiguration (category:base,tabindex:1)
2023-07-23 10:06:18,988 [INFO] PluginManage:310 - Check plugin pinoutconfig
2023-07-23 10:06:19,100 [WARN] SupportedApi:132 - Cannot load RTOS API schema: s4s-elt-must-match.1: The content of 'definitions' must match (annotation?, (simpleType | complexType)?, (unique | key | keyref)*)). A problem was found starting at: attribute.
2023-07-23 10:06:19,268 [INFO] PluginManage:359 - Loaded plugin pinoutconfig (category:base,tabindex:0)
2023-07-23 10:06:19,269 [INFO] PluginManage:310 - Check plugin power
2023-07-23 10:06:19,285 [INFO] PluginManage:359 - Loaded plugin power (category:power,tabindex:4)
2023-07-23 10:06:19,286 [INFO] PluginManage:310 - Check plugin projectmanager
2023-07-23 10:06:19,301 [INFO] PluginManage:359 - Loaded plugin projectmanager (category:projectmanager,tabindex:3)
2023-07-23 10:06:19,302 [INFO] PluginManage:310 - Check plugin thirdparty
2023-07-23 10:06:19,389 [INFO] PluginManage:359 - Loaded plugin thirdparty (category:base,tabindex:-1)
2023-07-23 10:06:19,389 [INFO] PluginManage:310 - Check plugin tools
2023-07-23 10:06:19,389 [WARN] IntegrityCheckThread:84 - waiting for thirdparty lock release [integrity check]
2023-07-23 10:06:19,389 [INFO] IntegrityCheckThread:86 - entering critical section [integrity check]
2023-07-23 10:06:19,390 [INFO] ThirdPartyUpdaterWithRetryManager:70 - Updater plugin not ready yet. [1/15]
2023-07-23 10:06:19,391 [INFO] PluginManage:359 - Loaded plugin tools (category:base,tabindex:7)
2023-07-23 10:06:19,391 [INFO] PluginManage:310 - Check plugin tutovideos
2023-07-23 10:06:19,511 [INFO] PluginManage:359 - Loaded plugin tutovideos (category:base,tabindex:-1)
2023-07-23 10:06:19,512 [INFO] PluginManage:310 - Check plugin updater
2023-07-23 10:06:19,521 [INFO] PluginManage:359 - Loaded plugin updater (category:base,tabindex:12)
2023-07-23 10:06:19,521 [INFO] PluginManage:310 - Check plugin userauth
2023-07-23 10:06:19,525 [INFO] UserAuth:113 - Init User Auth plugin
2023-07-23 10:06:19,525 [INFO] PluginManage:359 - Loaded plugin userauth (category:base,tabindex:14)
2023-07-23 10:06:19,525 [INFO] PluginManage:283 - PluginManage : Loaded plugins [17]
2023-07-23 10:06:19,663 [INFO] PinOutPanel:1499 - setPackage(No Configuration,No Configuration)
2023-07-23 10:06:19,744 [INFO] CADModel:165 - CPN selected for project level
2023-07-23 10:06:19,745 [INFO] CADModel:114 - Register for checkConnection events
2023-07-23 10:06:19,756 [INFO] IPUIPlugin:80 - create IPUIPlugin
2023-07-23 10:06:19,756 [INFO] PluginManager:220 - loadIPPluginJar : add hash
2023-07-23 10:06:19,759 [INFO] IPUIPlugin:80 - create IPUIPlugin
2023-07-23 10:06:19,759 [INFO] PluginManager:220 - loadIPPluginJar : add ipddr
2023-07-23 10:06:19,760 [INFO] IPUIPlugin:80 - create IPUIPlugin
2023-07-23 10:06:19,760 [INFO] PluginManager:220 - loadIPPluginJar : add genericplugin
2023-07-23 10:06:19,761 [INFO] IPUIPlugin:80 - create IPUIPlugin
2023-07-23 10:06:19,761 [INFO] PluginManager:220 - loadIPPluginJar : add fatfs
2023-07-23 10:06:19,765 [INFO] IPUIPlugin:80 - create IPUIPlugin
2023-07-23 10:06:19,768 [INFO] PluginManager:220 - loadIPPluginJar : add plateformsettings
2023-07-23 10:06:19,770 [INFO] IPUIPlugin:80 - create IPUIPlugin
2023-07-23 10:06:19,770 [INFO] PluginManager:220 - loadIPPluginJar : add pdm2pcm
2023-07-23 10:06:19,772 [INFO] IPUIPlugin:80 - create IPUIPlugin
2023-07-23 10:06:19,772 [INFO] PluginManager:220 - loadIPPluginJar : add cryp
2023-07-23 10:06:19,774 [INFO] IPUIPlugin:80 - create IPUIPlugin
2023-07-23 10:06:19,774 [INFO] PluginManager:220 - loadIPPluginJar : add tim
2023-07-23 10:06:19,776 [INFO] IPUIPlugin:80 - create IPUIPlugin
2023-07-23 10:06:19,776 [INFO] PluginManager:220 - loadIPPluginJar : add spi
2023-07-23 10:06:19,781 [INFO] IPUIPlugin:80 - create IPUIPlugin
2023-07-23 10:06:19,781 [INFO] PluginManager:220 - loadIPPluginJar : add mdma
2023-07-23 10:06:19,783 [INFO] IPUIPlugin:80 - create IPUIPlugin
2023-07-23 10:06:19,783 [INFO] PluginManager:220 - loadIPPluginJar : add aes
2023-07-23 10:06:19,785 [INFO] IPUIPlugin:80 - create IPUIPlugin
2023-07-23 10:06:19,785 [INFO] PluginManager:220 - loadIPPluginJar : add gfxmmu
2023-07-23 10:06:19,786 [INFO] IPUIPlugin:80 - create IPUIPlugin
2023-07-23 10:06:19,786 [INFO] PluginManager:220 - loadIPPluginJar : add ucpd
2023-07-23 10:06:19,787 [INFO] IPUIPlugin:80 - create IPUIPlugin
2023-07-23 10:06:19,787 [INFO] PluginManager:220 - loadIPPluginJar : add quadspi
2023-07-23 10:06:19,789 [INFO] IPUIPlugin:80 - create IPUIPlugin
2023-07-23 10:06:19,789 [INFO] PluginManager:220 - loadIPPluginJar : add tracer_emb
2023-07-23 10:06:19,791 [INFO] IPUIPlugin:80 - create IPUIPlugin
2023-07-23 10:06:19,791 [INFO] PluginManager:220 - loadIPPluginJar : add dfsdm
2023-07-23 10:06:19,794 [INFO] IPUIPlugin:80 - create IPUIPlugin
2023-07-23 10:06:19,794 [INFO] PluginManager:220 - loadIPPluginJar : add sai
2023-07-23 10:06:19,796 [INFO] IPUIPlugin:80 - create IPUIPlugin
2023-07-23 10:06:19,796 [INFO] PluginManager:220 - loadIPPluginJar : add lorawan
2023-07-23 10:06:19,799 [INFO] IPUIPlugin:80 - create IPUIPlugin
2023-07-23 10:06:19,799 [INFO] PluginManager:220 - loadIPPluginJar : add usbx
2023-07-23 10:06:19,805 [INFO] IPUIPlugin:80 - create IPUIPlugin
2023-07-23 10:06:19,805 [INFO] PluginManager:220 - loadIPPluginJar : add linkedlist
2023-07-23 10:06:19,807 [INFO] IPUIPlugin:80 - create IPUIPlugin
2023-07-23 10:06:19,807 [INFO] PluginManager:220 - loadIPPluginJar : add ltdc
2023-07-23 10:06:19,811 [INFO] IPUIPlugin:80 - create IPUIPlugin
2023-07-23 10:06:19,811 [INFO] PluginManager:220 - loadIPPluginJar : add nvic
2023-07-23 10:06:19,814 [INFO] IPUIPlugin:80 - create IPUIPlugin
2023-07-23 10:06:19,814 [INFO] PluginManager:220 - loadIPPluginJar : add gtzc
2023-07-23 10:06:19,819 [INFO] IPUIPlugin:80 - create IPUIPlugin
2023-07-23 10:06:19,819 [INFO] PluginManager:220 - loadIPPluginJar : add freertos
2023-07-23 10:06:19,824 [INFO] IPUIPlugin:80 - create IPUIPlugin
2023-07-23 10:06:19,824 [INFO] PluginManager:220 - loadIPPluginJar : add dma
2023-07-23 10:06:19,826 [INFO] IPUIPlugin:80 - create IPUIPlugin
2023-07-23 10:06:19,826 [INFO] PluginManager:220 - loadIPPluginJar : add tsc
2023-07-23 10:06:19,828 [INFO] IPUIPlugin:80 - create IPUIPlugin
2023-07-23 10:06:19,828 [INFO] PluginManager:220 - loadIPPluginJar : add usart
2023-07-23 10:06:19,829 [INFO] IPUIPlugin:80 - create IPUIPlugin
2023-07-23 10:06:19,829 [INFO] PluginManager:220 - loadIPPluginJar : add comp
2023-07-23 10:06:19,830 [INFO] IPUIPlugin:80 - create IPUIPlugin
2023-07-23 10:06:19,830 [INFO] PluginManager:220 - loadIPPluginJar : add i2s
2023-07-23 10:06:19,832 [INFO] IPUIPlugin:80 - create IPUIPlugin
2023-07-23 10:06:19,832 [INFO] PluginManager:220 - loadIPPluginJar : add i2c
2023-07-23 10:06:19,835 [INFO] IPUIPlugin:80 - create IPUIPlugin
2023-07-23 10:06:19,835 [INFO] PluginManager:220 - loadIPPluginJar : add i3c
2023-07-23 10:06:19,840 [INFO] IPUIPlugin:80 - create IPUIPlugin
2023-07-23 10:06:19,840 [INFO] PluginManager:220 - loadIPPluginJar : add resmgrutility
2023-07-23 10:06:19,844 [INFO] IPUIPlugin:80 - create IPUIPlugin
2023-07-23 10:06:19,845 [INFO] PluginManager:220 - loadIPPluginJar : add stm32_wpan
2023-07-23 10:06:19,847 [INFO] IPUIPlugin:80 - create IPUIPlugin
2023-07-23 10:06:19,847 [INFO] PluginManager:220 - loadIPPluginJar : add dma3
2023-07-23 10:06:19,850 [INFO] IPUIPlugin:80 - create IPUIPlugin
2023-07-23 10:06:19,850 [INFO] PluginManager:220 - loadIPPluginJar : add touchsensing
2023-07-23 10:06:19,852 [INFO] IPUIPlugin:80 - create IPUIPlugin
2023-07-23 10:06:19,852 [INFO] PluginManager:220 - loadIPPluginJar : add can
2023-07-23 10:06:19,855 [INFO] IPUIPlugin:80 - create IPUIPlugin
2023-07-23 10:06:19,855 [INFO] PluginManager:220 - loadIPPluginJar : add fmc
2023-07-23 10:06:19,860 [INFO] IPUIPlugin:80 - create IPUIPlugin
2023-07-23 10:06:19,860 [INFO] PluginManager:220 - loadIPPluginJar : add gic
2023-07-23 10:06:19,862 [INFO] IPUIPlugin:80 - create IPUIPlugin
2023-07-23 10:06:19,862 [INFO] PluginManager:220 - loadIPPluginJar : add ts
2023-07-23 10:06:19,864 [INFO] IPUIPlugin:80 - create IPUIPlugin
2023-07-23 10:06:19,864 [INFO] PluginManager:220 - loadIPPluginJar : add opamp
2023-07-23 10:06:19,868 [INFO] IPUIPlugin:80 - create IPUIPlugin
2023-07-23 10:06:19,868 [INFO] PluginManager:220 - loadIPPluginJar : add gpio
2023-07-23 10:06:19,870 [INFO] IPUIPlugin:80 - create IPUIPlugin
2023-07-23 10:06:19,871 [INFO] PluginManager:220 - loadIPPluginJar : add openamp
2023-07-23 10:06:19,875 [INFO] IPUIPlugin:80 - create IPUIPlugin
2023-07-23 10:06:19,875 [INFO] PluginManager:220 - loadIPPluginJar : add adc
2023-07-23 10:06:19,965 [INFO] CADModel:165 - CPN selected for project level
2023-07-23 10:06:19,966 [INFO] CADModel:114 - Register for checkConnection events
2023-07-23 10:06:19,966 [FATAL] Updater:308 - Updater called before beeing initialized
2023-07-23 10:06:19,966 [ERROR] CADModel:125 - Updater not yet initialized, retry later 
2023-07-23 10:06:20,097 [INFO] CADModel:165 - CPN selected for project level
2023-07-23 10:06:20,097 [INFO] CADModel:114 - Register for checkConnection events
2023-07-23 10:06:20,097 [FATAL] Updater:308 - Updater called before beeing initialized
2023-07-23 10:06:20,097 [ERROR] CADModel:125 - Updater not yet initialized, retry later 
2023-07-23 10:06:20,100 [FATAL] Updater:308 - Updater called before beeing initialized
2023-07-23 10:06:20,179 [FATAL] Updater:308 - Updater called before beeing initialized
2023-07-23 10:06:20,185 [INFO] DbMcusAds:53 - JSON generation date=Tue Mar 07 14:20:55 IST 2023 (1678179055114)
2023-07-23 10:06:20,185 [FATAL] Updater:308 - Updater called before beeing initialized
2023-07-23 10:06:20,220 [WARN] DetailPanel:346 - Failed to get advertising image, set to default
2023-07-23 10:06:20,345 [FATAL] Updater:308 - Updater called before beeing initialized
2023-07-23 10:06:20,349 [FATAL] Updater:308 - Updater called before beeing initialized
2023-07-23 10:06:20,349 [FATAL] Updater:308 - Updater called before beeing initialized
2023-07-23 10:06:20,349 [WARN] DetailPanel:346 - Failed to get advertising image, set to default
2023-07-23 10:06:20,352 [FATAL] Updater:308 - Updater called before beeing initialized
2023-07-23 10:06:20,460 [ERROR] Updater:1120 - MainUpdater not yet initialized. External WinMGr cannot be set.
2023-07-23 10:06:20,462 [INFO] Updater:1056 - Updater Version found : 6.9.0
2023-07-23 10:06:20,498 [INFO] ApplicationProperties:184 - Using Application install path: /opt/st/stm32cubeide_1.13.0/plugins/com.st.stm32cube.common.mx_6.9.0.202307051724
2023-07-23 10:06:22,390 [INFO] ThirdPartyUpdaterWithRetryManager:70 - Updater plugin not ready yet. [2/15]
2023-07-23 10:06:22,918 [INFO] MainUpdater:2868 - connection check result : 10
2023-07-23 10:06:22,921 [INFO] MainUpdater:285 - Updater Check For Update Now.
2023-07-23 10:06:22,921 [INFO] MicroXplorer:498 - Change Database Version : DB.6.0.90
2023-07-23 10:06:22,934 [INFO] McuFinderGlobals:63 - Set McuFinder mode to 2 (CubeIDE integrated)
2023-07-23 10:06:23,239 [INFO] CheckServerUpdateThread:120 - End of CheckServer Thread
2023-07-23 10:06:25,456 [WARN] PackLoader:240 - Cannot read IP mode file for STMicroelectronics.X-CUBE-SMBUS.2.1.0
2023-07-23 10:06:25,498 [WARN] PackLoader:240 - Cannot read IP mode file for STMicroelectronics.X-CUBE-AZRTOS-F7.1.1.0
2023-07-23 10:06:25,510 [WARN] PackLoader:240 - Cannot read IP mode file for STMicroelectronics.FP-SNS-MOTENV1.4.3.2
2023-07-23 10:06:25,518 [WARN] PackLoader:240 - Cannot read IP mode file for STMicroelectronics.FP-SNS-FLIGHT1.5.0.1
2023-07-23 10:06:25,526 [WARN] PackLoader:240 - Cannot read IP mode file for STMicroelectronics.X-CUBE-BLE1.6.2.4
2023-07-23 10:06:25,536 [WARN] PackLoader:240 - Cannot read IP mode file for STMicroelectronics.X-CUBE-DISPLAY.3.0.0
2023-07-23 10:06:25,549 [WARN] PackLoader:240 - Cannot read IP mode file for emotas.I-CUBE-CANOPEN.1.3.0
2023-07-23 10:06:25,553 [WARN] PackLoader:240 - Cannot read IP mode file for STMicroelectronics.X-CUBE-TOUCHGFX.4.22.0
2023-07-23 10:06:25,566 [INFO] LogOutputStream:77 - [STDOUT_REDIRECT] 1 : Invalid condition id : UX_CORESTACK_Condition cause : null
2023-07-23 10:06:25,566 [INFO] LogOutputStream:77 - [STDOUT_REDIRECT] 1 : Invalid condition id : UX_CORESTACK_Condition cause : null
2023-07-23 10:06:25,566 [INFO] LogOutputStream:77 - [STDOUT_REDIRECT] 1 : Invalid condition id : UX_CORESTACK_Condition cause : null
2023-07-23 10:06:25,567 [INFO] LogOutputStream:77 - [STDOUT_REDIRECT] 1 : Invalid condition id : UX_CORESTACK_Condition cause : null
2023-07-23 10:06:25,567 [INFO] LogOutputStream:77 - [STDOUT_REDIRECT] 1 : Invalid condition id : UX_CORESTACK_Condition cause : null
2023-07-23 10:06:25,572 [WARN] PackLoader:240 - Cannot read IP mode file for STMicroelectronics.X-CUBE-AZRTOS-WL.2.0.0
2023-07-23 10:06:25,582 [WARN] PackLoader:240 - Cannot read IP mode file for WES.I-CUBE-Cesium.1.3.0
2023-07-23 10:06:25,587 [WARN] PackLoader:240 - Cannot read IP mode file for STMicroelectronics.X-CUBE-BLE2.3.3.0
2023-07-23 10:06:25,595 [WARN] PackLoader:240 - Cannot read IP mode file for STMicroelectronics.X-CUBE-ALGOBUILD.1.3.0
2023-07-23 10:06:25,620 [WARN] PackLoader:240 - Cannot read IP mode file for STMicroelectronics.X-CUBE-AZRTOS-G0.1.1.0
2023-07-23 10:06:25,629 [WARN] PackLoader:240 - Cannot read IP mode file for STMicroelectronics.X-CUBE-NFC4.3.0.0
2023-07-23 10:06:25,634 [WARN] PackLoader:240 - Cannot read IP mode file for STMicroelectronics.FP-ATR-SIGFOX1.3.2.0
2023-07-23 10:06:25,692 [WARN] PackLoader:240 - Cannot read IP mode file for SEGGER.I-CUBE-embOS.1.3.1
2023-07-23 10:06:25,757 [WARN] PackLoader:240 - Cannot read IP mode file for STMicroelectronics.X-CUBE-GNSS1.6.0.0
2023-07-23 10:06:25,781 [WARN] PackLoader:240 - Cannot read IP mode file for STMicroelectronics.X-CUBE-AZRTOS-F4.1.1.0
2023-07-23 10:06:25,787 [WARN] PackLoader:240 - Cannot read IP mode file for wolfSSL.I-CUBE-wolfSSL.5.6.3
2023-07-23 10:06:25,842 [WARN] PackLoader:240 - Cannot read IP mode file for STMicroelectronics.X-CUBE-MEMS1.9.6.0
2023-07-23 10:06:26,093 [WARN] PackLoader:240 - Cannot read IP mode file for STMicroelectronics.X-CUBE-BLEMGR.2.0.0
2023-07-23 10:06:26,127 [WARN] ConditionMgr:438 - getConditionDescription Invalid condition id : UX DEVICE CLASS RTOS Condition cause : null
2023-07-23 10:06:26,128 [WARN] ConditionMgr:438 - getConditionDescription Invalid condition id : UX DEVICE CLASS RTOS Condition cause : null
2023-07-23 10:06:26,132 [WARN] PackLoader:240 - Cannot read IP mode file for STMicroelectronics.X-CUBE-AZRTOS-H7.3.1.0
2023-07-23 10:06:26,134 [WARN] ConditionMgr:1039 - genDependencies : Invalid condition id : UX DEVICE CLASS RTOS Condition cause : null
2023-07-23 10:06:26,134 [WARN] ConditionMgr:1039 - genDependencies : Invalid condition id : UX DEVICE CLASS RTOS Condition cause : null
2023-07-23 10:06:26,135 [WARN] ConditionMgr:1039 - genDependencies : Invalid condition id : UX DEVICE CLASS RTOS Condition cause : null
2023-07-23 10:06:26,135 [WARN] ConditionMgr:1039 - genDependencies : Invalid condition id : UX DEVICE CLASS RTOS Condition cause : null
2023-07-23 10:06:26,135 [WARN] ConditionMgr:1039 - genDependencies : Invalid condition id : UX DEVICE CLASS RTOS Condition cause : null
2023-07-23 10:06:26,142 [WARN] PackLoader:240 - Cannot read IP mode file for STMicroelectronics.X-CUBE-NFC7.1.0.1
2023-07-23 10:06:26,154 [WARN] PackLoader:240 - Cannot read IP mode file for STMicroelectronics.X-CUBE-EEPRMA1.4.1.0
2023-07-23 10:06:26,184 [WARN] ConditionMgr:438 - getConditionDescription Invalid condition id : LAN8742 Phy interface Condition cause : null
2023-07-23 10:06:26,185 [WARN] PackLoader:240 - Cannot read IP mode file for STMicroelectronics.X-CUBE-AZRTOS-L4.2.0.0
2023-07-23 10:06:26,186 [WARN] ConditionMgr:1039 - genDependencies : Invalid condition id : LAN8742 Phy interface Condition cause : null
2023-07-23 10:06:26,186 [WARN] ConditionMgr:1039 - genDependencies : Invalid condition id : LAN8742 Phy interface Condition cause : null
2023-07-23 10:06:26,187 [WARN] ConditionMgr:1039 - genDependencies : Invalid condition id : LAN8742 Phy interface Condition cause : null
2023-07-23 10:06:26,196 [WARN] PackLoader:240 - Cannot read IP mode file for STMicroelectronics.X-CUBE-SFXS2LP1.4.0.0
2023-07-23 10:06:26,201 [WARN] PackLoader:240 - Cannot read IP mode file for STMicroelectronics.X-CUBE-ISPU.1.1.0
2023-07-23 10:06:26,205 [WARN] PackLoader:240 - Cannot read IP mode file for STMicroelectronics.X-CUBE-FREERTOS.1.0.1
2023-07-23 10:06:26,220 [WARN] PackLoader:240 - Cannot read IP mode file for STMicroelectronics.X-CUBE-AZRTOS-L5.1.1.0
2023-07-23 10:06:26,225 [WARN] PackLoader:240 - Cannot read IP mode file for STMicroelectronics.X-CUBE-AI.8.0.1
2023-07-23 10:06:26,235 [WARN] PackLoader:240 - Cannot read IP mode file for STMicroelectronics.X-CUBE-SUBG2.5.0.0
2023-07-23 10:06:26,252 [WARN] PackLoader:240 - Cannot read IP mode file for STMicroelectronics.X-CUBE-TOF1.3.3.1
2023-07-23 10:06:26,281 [WARN] PackLoader:240 - Cannot read IP mode file for STMicroelectronics.X-CUBE-AZRTOS-G4.2.0.0
2023-07-23 10:06:26,288 [WARN] PackLoader:240 - Cannot read IP mode file for portGmbH.I-Cube-SoM-uGOAL.1.1.0
2023-07-23 10:06:26,291 [WARN] PackLoader:240 - Cannot read IP mode file for STMicroelectronics.X-CUBE-ALS.1.0.1
2023-07-23 10:06:26,307 [WARN] PackLoader:240 - Cannot read IP mode file for STMicroelectronics.X-CUBE-AZRTOS-WB.1.1.0
2023-07-23 10:06:26,314 [WARN] PackLoader:240 - Cannot read IP mode file for STMicroelectronics.FP-ATR-ASTRA1.2.0.0
2023-07-23 10:06:26,315 [INFO] ThirdParty:978 - Integrity check success = true
2023-07-23 10:06:26,315 [INFO] IntegrityCheckThread:100 - exiting critical section [integrity check]
2023-07-23 10:06:26,315 [INFO] IntegrityCheckThread:103 - End integrity checks thread
2023-07-23 10:06:46,963 [ERROR] LogOutputStream:75 - [STDERR_REDIRECT] SLF4J: Failed to load class "org.slf4j.impl.StaticLoggerBinder".
2023-07-23 10:06:46,964 [ERROR] LogOutputStream:75 - [STDERR_REDIRECT] SLF4J: Defaulting to no-operation (NOP) logger implementation
2023-07-23 10:06:46,964 [ERROR] LogOutputStream:75 - [STDERR_REDIRECT] SLF4J: See http://www.slf4j.org/codes.html#StaticLoggerBinder for further details.
2023-07-23 19:13:05,164 [INFO] Activator:176 - 


2023-07-23 19:13:05,166 [INFO] Activator:177 - !SESSION log4j initialized
2023-07-23 19:13:09,781 [INFO] LogOutputStream:77 - [STDOUT_REDIRECT] 
2023-07-23 19:13:14,577 [INFO] ApplicationProperties:184 - Using Application install path: /opt/st/stm32cubeide_1.13.0/plugins/com.st.stm32cube.common.mx_6.9.0.202307051724
2023-07-23 19:13:14,595 [INFO] DbMcusXml:78 - Set database path to: /opt/st/stm32cubeide_1.13.0/plugins/com.st.stm32cube.common.mx_6.9.0.202307051724//db//mcu/
2023-07-23 19:13:14,595 [INFO] ApiDb:274 - Set plugin database path to: /opt/st/stm32cubeide_1.13.0/plugins/com.st.stm32cube.common.mx_6.9.0.202307051724//db//plugins/boardmanager/
2023-07-23 19:13:14,596 [WARN] ApiDb:259 - Overriding images path with different value:  => /opt/st/stm32cubeide_1.13.0/plugins/com.st.stm32cube.common.mx_6.9.0.202307051724//db//plugins/mcufinder/images/
2023-07-23 19:13:14,607 [INFO] ApiDb:250 - Set database path to: /home/manjunath/.stmcufinder/plugins/mcufinder//mcu/
2023-07-23 19:13:14,608 [INFO] DbMcusAds:125 - Set database path to: /home/manjunath/.stmcufinder/plugins/mcufinder//mcu/
2023-07-23 19:13:14,659 [INFO] CrossReferenceDbSqlite:203 - Set database path to: /home/manjunath/.stmcufinder/plugins/mcufinder//mcu/cs/
2023-07-23 19:13:14,770 [INFO] RulesReader:64 - Compatibility file has been processed (293 Rules)
2023-07-23 19:13:14,820 [INFO] DbMcusXml:78 - Set database path to: /opt/st/stm32cubeide_1.13.0/plugins/com.st.stm32cube.common.mx_6.9.0.202307051724//db//mcu/
2023-07-23 19:13:14,820 [INFO] ApiDb:274 - Set plugin database path to: /opt/st/stm32cubeide_1.13.0/plugins/com.st.stm32cube.common.mx_6.9.0.202307051724//db//plugins/boardmanager/
2023-07-23 19:13:14,820 [INFO] ApiDb:261 - Set plugin images path to: /opt/st/stm32cubeide_1.13.0/plugins/com.st.stm32cube.common.mx_6.9.0.202307051724//db//plugins/mcufinder/images/
2023-07-23 19:13:14,820 [WARN] DbFile:41 - Overriding database path with different value: /home/manjunath/.stmcufinder/plugins/mcufinder/ => /home/manjunath/.stmcufinder/plugins/mcufinder
2023-07-23 19:13:14,821 [INFO] ApiDb:250 - Set database path to: /home/manjunath/.stmcufinder/plugins/mcufinder//mcu/
2023-07-23 19:13:14,821 [WARN] DbFile:41 - Overriding database path with different value: /home/manjunath/.stmcufinder/plugins/mcufinder/ => /home/manjunath/.stmcufinder/plugins/mcufinder
2023-07-23 19:13:14,821 [INFO] DbMcusAds:125 - Set database path to: /home/manjunath/.stmcufinder/plugins/mcufinder//mcu/
2023-07-23 19:13:14,821 [WARN] DbFile:41 - Overriding database path with different value: /home/manjunath/.stmcufinder/plugins/mcufinder/ => /home/manjunath/.stmcufinder/plugins/mcufinder
2023-07-23 19:13:14,821 [WARN] DbFile:41 - Overriding database path with different value: /home/manjunath/.stmcufinder/plugins/mcufinder/ => /home/manjunath/.stmcufinder/plugins/mcufinder
2023-07-23 19:13:14,879 [INFO] CrossReferenceDbSqlite:203 - Set database path to: /home/manjunath/.stmcufinder/plugins/mcufinder//mcu/cs/
2023-07-23 19:13:14,932 [INFO] MainPanel:262 - HeapMemory: 268435456
2023-07-23 19:13:14,998 [INFO] DbMcusXml:78 - Set database path to: /opt/st/stm32cubeide_1.13.0/plugins/com.st.stm32cube.common.mx_6.9.0.202307051724//db//mcu/
2023-07-23 19:13:14,998 [INFO] ApiDb:274 - Set plugin database path to: /opt/st/stm32cubeide_1.13.0/plugins/com.st.stm32cube.common.mx_6.9.0.202307051724//db//plugins/boardmanager/
2023-07-23 19:13:14,998 [INFO] ApiDb:261 - Set plugin images path to: /opt/st/stm32cubeide_1.13.0/plugins/com.st.stm32cube.common.mx_6.9.0.202307051724//db//plugins/mcufinder/images/
2023-07-23 19:13:14,999 [WARN] DbFile:41 - Overriding database path with different value: /home/manjunath/.stmcufinder/plugins/mcufinder/ => /home/manjunath/.stmcufinder/plugins/mcufinder
2023-07-23 19:13:14,999 [INFO] ApiDb:250 - Set database path to: /home/manjunath/.stmcufinder/plugins/mcufinder//mcu/
2023-07-23 19:13:14,999 [WARN] DbFile:41 - Overriding database path with different value: /home/manjunath/.stmcufinder/plugins/mcufinder/ => /home/manjunath/.stmcufinder/plugins/mcufinder
2023-07-23 19:13:14,999 [INFO] DbMcusAds:125 - Set database path to: /home/manjunath/.stmcufinder/plugins/mcufinder//mcu/
2023-07-23 19:13:14,999 [WARN] DbFile:41 - Overriding database path with different value: /home/manjunath/.stmcufinder/plugins/mcufinder/ => /home/manjunath/.stmcufinder/plugins/mcufinder
2023-07-23 19:13:14,999 [WARN] DbFile:41 - Overriding database path with different value: /home/manjunath/.stmcufinder/plugins/mcufinder/ => /home/manjunath/.stmcufinder/plugins/mcufinder
2023-07-23 19:13:15,047 [INFO] CrossReferenceDbSqlite:203 - Set database path to: /home/manjunath/.stmcufinder/plugins/mcufinder//mcu/cs/
2023-07-23 19:13:15,062 [INFO] ApplicationProperties:184 - Using Application install path: /opt/st/stm32cubeide_1.13.0/plugins/com.st.stm32cube.common.mx_6.9.0.202307051724
2023-07-23 19:13:15,064 [INFO] PluginManage:196 - Search for loadable plugins [exclusion list=, ]
2023-07-23 19:13:15,065 [INFO] PluginManage:310 - Check plugin analytics
2023-07-23 19:13:15,248 [INFO] AnalyticsPlugin:253 - Accepted Software Licenses: 
2023-07-23 19:13:15,249 [INFO] AnalyticsPlugin:255 - Accepted CMSIS Pack Licenses: 
2023-07-23 19:13:15,249 [INFO] AnalyticsPlugin:257 - Accepted Firmware Licenses: FW.F4.1.27.0
2023-07-23 19:13:15,251 [INFO] PluginManage:359 - Loaded plugin analytics (category:tool,tabindex:-1)
2023-07-23 19:13:15,251 [INFO] PluginManage:310 - Check plugin cadmodel
2023-07-23 19:13:15,274 [INFO] CADModel:105 - Init CAD model plugin
2023-07-23 19:13:15,274 [INFO] PluginManage:359 - Loaded plugin cadmodel (category:power,tabindex:5)
2023-07-23 19:13:15,274 [INFO] PluginManage:310 - Check plugin clock
2023-07-23 19:13:15,282 [INFO] PluginManage:359 - Loaded plugin clock (category:base,tabindex:2)
2023-07-23 19:13:15,282 [INFO] PluginManage:310 - Check plugin ddr
2023-07-23 19:13:15,283 [INFO] PluginManage:359 - Loaded plugin ddr (category:tool,tabindex:6)
2023-07-23 19:13:15,283 [INFO] PluginManage:310 - Check plugin filemanager
2023-07-23 19:13:15,379 [INFO] PluginManage:359 - Loaded plugin filemanager (category:base,tabindex:10)
2023-07-23 19:13:15,379 [INFO] PluginManage:310 - Check plugin ipmanager
2023-07-23 19:13:15,384 [INFO] PluginManage:359 - Loaded plugin ipmanager (category:base,tabindex:5)
2023-07-23 19:13:15,384 [INFO] PluginManage:310 - Check plugin lpbam
2023-07-23 19:13:15,392 [INFO] PluginManage:359 - Loaded plugin lpbam (category:base,tabindex:0)
2023-07-23 19:13:15,392 [INFO] PluginManage:310 - Check plugin memorymap
2023-07-23 19:13:15,406 [INFO] PluginManage:359 - Loaded plugin memorymap (category:base,tabindex:4)
2023-07-23 19:13:15,406 [INFO] PluginManage:310 - Check plugin pinoutandconfiguration
2023-07-23 19:13:15,412 [INFO] PluginManage:359 - Loaded plugin pinoutandconfiguration (category:base,tabindex:1)
2023-07-23 19:13:15,412 [INFO] PluginManage:310 - Check plugin pinoutconfig
2023-07-23 19:13:15,475 [WARN] SupportedApi:132 - Cannot load RTOS API schema: s4s-elt-must-match.1: The content of 'definitions' must match (annotation?, (simpleType | complexType)?, (unique | key | keyref)*)). A problem was found starting at: attribute.
2023-07-23 19:13:15,570 [INFO] PluginManage:359 - Loaded plugin pinoutconfig (category:base,tabindex:0)
2023-07-23 19:13:15,570 [INFO] PluginManage:310 - Check plugin power
2023-07-23 19:13:15,577 [INFO] PluginManage:359 - Loaded plugin power (category:power,tabindex:4)
2023-07-23 19:13:15,578 [INFO] PluginManage:310 - Check plugin projectmanager
2023-07-23 19:13:15,586 [INFO] PluginManage:359 - Loaded plugin projectmanager (category:projectmanager,tabindex:3)
2023-07-23 19:13:15,587 [INFO] PluginManage:310 - Check plugin thirdparty
2023-07-23 19:13:15,682 [INFO] PluginManage:359 - Loaded plugin thirdparty (category:base,tabindex:-1)
2023-07-23 19:13:15,682 [WARN] IntegrityCheckThread:84 - waiting for thirdparty lock release [integrity check]
2023-07-23 19:13:15,682 [INFO] IntegrityCheckThread:86 - entering critical section [integrity check]
2023-07-23 19:13:15,682 [INFO] PluginManage:310 - Check plugin tools
2023-07-23 19:13:15,683 [INFO] ThirdPartyUpdaterWithRetryManager:70 - Updater plugin not ready yet. [1/15]
2023-07-23 19:13:15,684 [INFO] PluginManage:359 - Loaded plugin tools (category:base,tabindex:7)
2023-07-23 19:13:15,684 [INFO] PluginManage:310 - Check plugin tutovideos
2023-07-23 19:13:15,811 [INFO] PluginManage:359 - Loaded plugin tutovideos (category:base,tabindex:-1)
2023-07-23 19:13:15,811 [INFO] PluginManage:310 - Check plugin updater
2023-07-23 19:13:15,819 [INFO] PluginManage:359 - Loaded plugin updater (category:base,tabindex:12)
2023-07-23 19:13:15,820 [INFO] PluginManage:310 - Check plugin userauth
2023-07-23 19:13:15,824 [INFO] UserAuth:113 - Init User Auth plugin
2023-07-23 19:13:15,824 [INFO] PluginManage:359 - Loaded plugin userauth (category:base,tabindex:14)
2023-07-23 19:13:15,824 [INFO] PluginManage:283 - PluginManage : Loaded plugins [17]
2023-07-23 19:13:15,961 [INFO] PinOutPanel:1499 - setPackage(No Configuration,No Configuration)
2023-07-23 19:13:16,023 [INFO] CADModel:165 - CPN selected for project level
2023-07-23 19:13:16,023 [INFO] CADModel:114 - Register for checkConnection events
2023-07-23 19:13:16,032 [INFO] IPUIPlugin:80 - create IPUIPlugin
2023-07-23 19:13:16,033 [INFO] PluginManager:220 - loadIPPluginJar : add hash
2023-07-23 19:13:16,035 [INFO] IPUIPlugin:80 - create IPUIPlugin
2023-07-23 19:13:16,036 [INFO] PluginManager:220 - loadIPPluginJar : add ipddr
2023-07-23 19:13:16,037 [INFO] IPUIPlugin:80 - create IPUIPlugin
2023-07-23 19:13:16,037 [INFO] PluginManager:220 - loadIPPluginJar : add genericplugin
2023-07-23 19:13:16,038 [INFO] IPUIPlugin:80 - create IPUIPlugin
2023-07-23 19:13:16,038 [INFO] PluginManager:220 - loadIPPluginJar : add fatfs
2023-07-23 19:13:16,042 [INFO] IPUIPlugin:80 - create IPUIPlugin
2023-07-23 19:13:16,044 [INFO] PluginManager:220 - loadIPPluginJar : add plateformsettings
2023-07-23 19:13:16,046 [INFO] IPUIPlugin:80 - create IPUIPlugin
2023-07-23 19:13:16,046 [INFO] PluginManager:220 - loadIPPluginJar : add pdm2pcm
2023-07-23 19:13:16,047 [INFO] IPUIPlugin:80 - create IPUIPlugin
2023-07-23 19:13:16,047 [INFO] PluginManager:220 - loadIPPluginJar : add cryp
2023-07-23 19:13:16,049 [INFO] IPUIPlugin:80 - create IPUIPlugin
2023-07-23 19:13:16,049 [INFO] PluginManager:220 - loadIPPluginJar : add tim
2023-07-23 19:13:16,050 [INFO] IPUIPlugin:80 - create IPUIPlugin
2023-07-23 19:13:16,050 [INFO] PluginManager:220 - loadIPPluginJar : add spi
2023-07-23 19:13:16,054 [INFO] IPUIPlugin:80 - create IPUIPlugin
2023-07-23 19:13:16,055 [INFO] PluginManager:220 - loadIPPluginJar : add mdma
2023-07-23 19:13:16,056 [INFO] IPUIPlugin:80 - create IPUIPlugin
2023-07-23 19:13:16,056 [INFO] PluginManager:220 - loadIPPluginJar : add aes
2023-07-23 19:13:16,058 [INFO] IPUIPlugin:80 - create IPUIPlugin
2023-07-23 19:13:16,058 [INFO] PluginManager:220 - loadIPPluginJar : add gfxmmu
2023-07-23 19:13:16,059 [INFO] IPUIPlugin:80 - create IPUIPlugin
2023-07-23 19:13:16,059 [INFO] PluginManager:220 - loadIPPluginJar : add ucpd
2023-07-23 19:13:16,060 [INFO] IPUIPlugin:80 - create IPUIPlugin
2023-07-23 19:13:16,060 [INFO] PluginManager:220 - loadIPPluginJar : add quadspi
2023-07-23 19:13:16,061 [INFO] IPUIPlugin:80 - create IPUIPlugin
2023-07-23 19:13:16,061 [INFO] PluginManager:220 - loadIPPluginJar : add tracer_emb
2023-07-23 19:13:16,062 [INFO] IPUIPlugin:80 - create IPUIPlugin
2023-07-23 19:13:16,063 [INFO] PluginManager:220 - loadIPPluginJar : add dfsdm
2023-07-23 19:13:16,064 [INFO] IPUIPlugin:80 - create IPUIPlugin
2023-07-23 19:13:16,065 [INFO] PluginManager:220 - loadIPPluginJar : add sai
2023-07-23 19:13:16,066 [INFO] IPUIPlugin:80 - create IPUIPlugin
2023-07-23 19:13:16,066 [INFO] PluginManager:220 - loadIPPluginJar : add lorawan
2023-07-23 19:13:16,068 [INFO] IPUIPlugin:80 - create IPUIPlugin
2023-07-23 19:13:16,068 [INFO] PluginManager:220 - loadIPPluginJar : add usbx
2023-07-23 19:13:16,073 [INFO] IPUIPlugin:80 - create IPUIPlugin
2023-07-23 19:13:16,073 [INFO] PluginManager:220 - loadIPPluginJar : add linkedlist
2023-07-23 19:13:16,074 [INFO] IPUIPlugin:80 - create IPUIPlugin
2023-07-23 19:13:16,074 [INFO] PluginManager:220 - loadIPPluginJar : add ltdc
2023-07-23 19:13:16,076 [INFO] IPUIPlugin:80 - create IPUIPlugin
2023-07-23 19:13:16,077 [INFO] PluginManager:220 - loadIPPluginJar : add nvic
2023-07-23 19:13:16,078 [INFO] IPUIPlugin:80 - create IPUIPlugin
2023-07-23 19:13:16,079 [INFO] PluginManager:220 - loadIPPluginJar : add gtzc
2023-07-23 19:13:16,082 [INFO] IPUIPlugin:80 - create IPUIPlugin
2023-07-23 19:13:16,083 [INFO] PluginManager:220 - loadIPPluginJar : add freertos
2023-07-23 19:13:16,087 [INFO] IPUIPlugin:80 - create IPUIPlugin
2023-07-23 19:13:16,087 [INFO] PluginManager:220 - loadIPPluginJar : add dma
2023-07-23 19:13:16,089 [INFO] IPUIPlugin:80 - create IPUIPlugin
2023-07-23 19:13:16,089 [INFO] PluginManager:220 - loadIPPluginJar : add tsc
2023-07-23 19:13:16,090 [INFO] IPUIPlugin:80 - create IPUIPlugin
2023-07-23 19:13:16,090 [INFO] PluginManager:220 - loadIPPluginJar : add usart
2023-07-23 19:13:16,091 [INFO] IPUIPlugin:80 - create IPUIPlugin
2023-07-23 19:13:16,091 [INFO] PluginManager:220 - loadIPPluginJar : add comp
2023-07-23 19:13:16,092 [INFO] IPUIPlugin:80 - create IPUIPlugin
2023-07-23 19:13:16,093 [INFO] PluginManager:220 - loadIPPluginJar : add i2s
2023-07-23 19:13:16,094 [INFO] IPUIPlugin:80 - create IPUIPlugin
2023-07-23 19:13:16,094 [INFO] PluginManager:220 - loadIPPluginJar : add i2c
2023-07-23 19:13:16,096 [INFO] IPUIPlugin:80 - create IPUIPlugin
2023-07-23 19:13:16,096 [INFO] PluginManager:220 - loadIPPluginJar : add i3c
2023-07-23 19:13:16,099 [INFO] IPUIPlugin:80 - create IPUIPlugin
2023-07-23 19:13:16,099 [INFO] PluginManager:220 - loadIPPluginJar : add resmgrutility
2023-07-23 19:13:16,102 [INFO] IPUIPlugin:80 - create IPUIPlugin
2023-07-23 19:13:16,102 [INFO] PluginManager:220 - loadIPPluginJar : add stm32_wpan
2023-07-23 19:13:16,104 [INFO] IPUIPlugin:80 - create IPUIPlugin
2023-07-23 19:13:16,104 [INFO] PluginManager:220 - loadIPPluginJar : add dma3
2023-07-23 19:13:16,107 [INFO] IPUIPlugin:80 - create IPUIPlugin
2023-07-23 19:13:16,107 [INFO] PluginManager:220 - loadIPPluginJar : add touchsensing
2023-07-23 19:13:16,108 [INFO] IPUIPlugin:80 - create IPUIPlugin
2023-07-23 19:13:16,108 [INFO] PluginManager:220 - loadIPPluginJar : add can
2023-07-23 19:13:16,111 [INFO] IPUIPlugin:80 - create IPUIPlugin
2023-07-23 19:13:16,111 [INFO] PluginManager:220 - loadIPPluginJar : add fmc
2023-07-23 19:13:16,115 [INFO] IPUIPlugin:80 - create IPUIPlugin
2023-07-23 19:13:16,115 [INFO] PluginManager:220 - loadIPPluginJar : add gic
2023-07-23 19:13:16,116 [INFO] IPUIPlugin:80 - create IPUIPlugin
2023-07-23 19:13:16,116 [INFO] PluginManager:220 - loadIPPluginJar : add ts
2023-07-23 19:13:16,118 [INFO] IPUIPlugin:80 - create IPUIPlugin
2023-07-23 19:13:16,118 [INFO] PluginManager:220 - loadIPPluginJar : add opamp
2023-07-23 19:13:16,121 [INFO] IPUIPlugin:80 - create IPUIPlugin
2023-07-23 19:13:16,121 [INFO] PluginManager:220 - loadIPPluginJar : add gpio
2023-07-23 19:13:16,123 [INFO] IPUIPlugin:80 - create IPUIPlugin
2023-07-23 19:13:16,123 [INFO] PluginManager:220 - loadIPPluginJar : add openamp
2023-07-23 19:13:16,128 [INFO] IPUIPlugin:80 - create IPUIPlugin
2023-07-23 19:13:16,128 [INFO] PluginManager:220 - loadIPPluginJar : add adc
2023-07-23 19:13:16,218 [INFO] CADModel:165 - CPN selected for project level
2023-07-23 19:13:16,218 [INFO] CADModel:114 - Register for checkConnection events
2023-07-23 19:13:16,219 [FATAL] Updater:308 - Updater called before beeing initialized
2023-07-23 19:13:16,219 [ERROR] CADModel:125 - Updater not yet initialized, retry later 
2023-07-23 19:13:16,308 [INFO] CADModel:165 - CPN selected for project level
2023-07-23 19:13:16,308 [INFO] CADModel:114 - Register for checkConnection events
2023-07-23 19:13:16,308 [FATAL] Updater:308 - Updater called before beeing initialized
2023-07-23 19:13:16,308 [ERROR] CADModel:125 - Updater not yet initialized, retry later 
2023-07-23 19:13:16,311 [FATAL] Updater:308 - Updater called before beeing initialized
2023-07-23 19:13:16,397 [FATAL] Updater:308 - Updater called before beeing initialized
2023-07-23 19:13:16,402 [INFO] DbMcusAds:53 - JSON generation date=Tue Mar 07 14:20:55 IST 2023 (1678179055114)
2023-07-23 19:13:16,402 [FATAL] Updater:308 - Updater called before beeing initialized
2023-07-23 19:13:16,425 [WARN] DetailPanel:346 - Failed to get advertising image, set to default
2023-07-23 19:13:16,488 [FATAL] Updater:308 - Updater called before beeing initialized
2023-07-23 19:13:16,490 [FATAL] Updater:308 - Updater called before beeing initialized
2023-07-23 19:13:16,490 [FATAL] Updater:308 - Updater called before beeing initialized
2023-07-23 19:13:16,490 [WARN] DetailPanel:346 - Failed to get advertising image, set to default
2023-07-23 19:13:16,491 [FATAL] Updater:308 - Updater called before beeing initialized
2023-07-23 19:13:16,510 [ERROR] Updater:1120 - MainUpdater not yet initialized. External WinMGr cannot be set.
2023-07-23 19:13:16,511 [INFO] Updater:1056 - Updater Version found : 6.9.0
2023-07-23 19:13:16,525 [INFO] ApplicationProperties:184 - Using Application install path: /opt/st/stm32cubeide_1.13.0/plugins/com.st.stm32cube.common.mx_6.9.0.202307051724
2023-07-23 19:13:16,624 [INFO] MainUpdater:2868 - connection check result : 10
2023-07-23 19:13:16,625 [INFO] MainUpdater:285 - Updater Check For Update Now.
2023-07-23 19:13:16,625 [INFO] MicroXplorer:498 - Change Database Version : DB.6.0.90
2023-07-23 19:13:16,629 [INFO] McuFinderGlobals:63 - Set McuFinder mode to 2 (CubeIDE integrated)
2023-07-23 19:13:16,789 [INFO] CheckServerUpdateThread:120 - End of CheckServer Thread
2023-07-23 19:13:18,765 [WARN] PackLoader:240 - Cannot read IP mode file for STMicroelectronics.X-CUBE-SMBUS.2.1.0
2023-07-23 19:13:18,797 [WARN] PackLoader:240 - Cannot read IP mode file for STMicroelectronics.X-CUBE-AZRTOS-F7.1.1.0
2023-07-23 19:13:18,808 [WARN] PackLoader:240 - Cannot read IP mode file for STMicroelectronics.FP-SNS-MOTENV1.4.3.2
2023-07-23 19:13:18,814 [WARN] PackLoader:240 - Cannot read IP mode file for STMicroelectronics.FP-SNS-FLIGHT1.5.0.1
2023-07-23 19:13:18,820 [WARN] PackLoader:240 - Cannot read IP mode file for STMicroelectronics.X-CUBE-BLE1.6.2.4
2023-07-23 19:13:18,828 [WARN] PackLoader:240 - Cannot read IP mode file for STMicroelectronics.X-CUBE-DISPLAY.3.0.0
2023-07-23 19:13:18,839 [WARN] PackLoader:240 - Cannot read IP mode file for emotas.I-CUBE-CANOPEN.1.3.0
2023-07-23 19:13:18,844 [WARN] PackLoader:240 - Cannot read IP mode file for STMicroelectronics.X-CUBE-TOUCHGFX.4.22.0
2023-07-23 19:13:18,857 [INFO] LogOutputStream:77 - [STDOUT_REDIRECT] 1 : Invalid condition id : UX_CORESTACK_Condition cause : null
2023-07-23 19:13:18,857 [INFO] LogOutputStream:77 - [STDOUT_REDIRECT] 1 : Invalid condition id : UX_CORESTACK_Condition cause : null
2023-07-23 19:13:18,858 [INFO] LogOutputStream:77 - [STDOUT_REDIRECT] 1 : Invalid condition id : UX_CORESTACK_Condition cause : null
2023-07-23 19:13:18,858 [INFO] LogOutputStream:77 - [STDOUT_REDIRECT] 1 : Invalid condition id : UX_CORESTACK_Condition cause : null
2023-07-23 19:13:18,858 [INFO] LogOutputStream:77 - [STDOUT_REDIRECT] 1 : Invalid condition id : UX_CORESTACK_Condition cause : null
2023-07-23 19:13:18,862 [WARN] PackLoader:240 - Cannot read IP mode file for STMicroelectronics.X-CUBE-AZRTOS-WL.2.0.0
2023-07-23 19:13:18,870 [WARN] PackLoader:240 - Cannot read IP mode file for WES.I-CUBE-Cesium.1.3.0
2023-07-23 19:13:18,875 [WARN] PackLoader:240 - Cannot read IP mode file for STMicroelectronics.X-CUBE-BLE2.3.3.0
2023-07-23 19:13:18,881 [WARN] PackLoader:240 - Cannot read IP mode file for STMicroelectronics.X-CUBE-ALGOBUILD.1.3.0
2023-07-23 19:13:18,905 [WARN] PackLoader:240 - Cannot read IP mode file for STMicroelectronics.X-CUBE-AZRTOS-G0.1.1.0
2023-07-23 19:13:18,913 [WARN] PackLoader:240 - Cannot read IP mode file for STMicroelectronics.X-CUBE-NFC4.3.0.0
2023-07-23 19:13:18,917 [WARN] PackLoader:240 - Cannot read IP mode file for STMicroelectronics.FP-ATR-SIGFOX1.3.2.0
2023-07-23 19:13:18,960 [WARN] PackLoader:240 - Cannot read IP mode file for SEGGER.I-CUBE-embOS.1.3.1
2023-07-23 19:13:18,991 [WARN] PackLoader:240 - Cannot read IP mode file for STMicroelectronics.X-CUBE-GNSS1.6.0.0
2023-07-23 19:13:19,004 [WARN] PackLoader:240 - Cannot read IP mode file for STMicroelectronics.X-CUBE-AZRTOS-F4.1.1.0
2023-07-23 19:13:19,009 [WARN] PackLoader:240 - Cannot read IP mode file for wolfSSL.I-CUBE-wolfSSL.5.6.3
2023-07-23 19:13:19,042 [WARN] PackLoader:240 - Cannot read IP mode file for STMicroelectronics.X-CUBE-MEMS1.9.6.0
2023-07-23 19:13:19,258 [WARN] PackLoader:240 - Cannot read IP mode file for STMicroelectronics.X-CUBE-BLEMGR.2.0.0
2023-07-23 19:13:19,279 [WARN] ConditionMgr:438 - getConditionDescription Invalid condition id : UX DEVICE CLASS RTOS Condition cause : null
2023-07-23 19:13:19,279 [WARN] ConditionMgr:438 - getConditionDescription Invalid condition id : UX DEVICE CLASS RTOS Condition cause : null
2023-07-23 19:13:19,283 [WARN] PackLoader:240 - Cannot read IP mode file for STMicroelectronics.X-CUBE-AZRTOS-H7.3.1.0
2023-07-23 19:13:19,285 [WARN] ConditionMgr:1039 - genDependencies : Invalid condition id : UX DEVICE CLASS RTOS Condition cause : null
2023-07-23 19:13:19,285 [WARN] ConditionMgr:1039 - genDependencies : Invalid condition id : UX DEVICE CLASS RTOS Condition cause : null
2023-07-23 19:13:19,286 [WARN] ConditionMgr:1039 - genDependencies : Invalid condition id : UX DEVICE CLASS RTOS Condition cause : null
2023-07-23 19:13:19,286 [WARN] ConditionMgr:1039 - genDependencies : Invalid condition id : UX DEVICE CLASS RTOS Condition cause : null
2023-07-23 19:13:19,286 [WARN] ConditionMgr:1039 - genDependencies : Invalid condition id : UX DEVICE CLASS RTOS Condition cause : null
2023-07-23 19:13:19,291 [WARN] PackLoader:240 - Cannot read IP mode file for STMicroelectronics.X-CUBE-NFC7.1.0.1
2023-07-23 19:13:19,296 [WARN] PackLoader:240 - Cannot read IP mode file for STMicroelectronics.X-CUBE-EEPRMA1.4.1.0
2023-07-23 19:13:19,315 [WARN] ConditionMgr:438 - getConditionDescription Invalid condition id : LAN8742 Phy interface Condition cause : null
2023-07-23 19:13:19,316 [WARN] PackLoader:240 - Cannot read IP mode file for STMicroelectronics.X-CUBE-AZRTOS-L4.2.0.0
2023-07-23 19:13:19,317 [WARN] ConditionMgr:1039 - genDependencies : Invalid condition id : LAN8742 Phy interface Condition cause : null
2023-07-23 19:13:19,317 [WARN] ConditionMgr:1039 - genDependencies : Invalid condition id : LAN8742 Phy interface Condition cause : null
2023-07-23 19:13:19,318 [WARN] ConditionMgr:1039 - genDependencies : Invalid condition id : LAN8742 Phy interface Condition cause : null
2023-07-23 19:13:19,346 [WARN] PackLoader:240 - Cannot read IP mode file for STMicroelectronics.X-CUBE-SFXS2LP1.4.0.0
2023-07-23 19:13:19,350 [WARN] PackLoader:240 - Cannot read IP mode file for STMicroelectronics.X-CUBE-ISPU.1.1.0
2023-07-23 19:13:19,366 [WARN] PackLoader:240 - Cannot read IP mode file for STMicroelectronics.X-CUBE-FREERTOS.1.0.1
2023-07-23 19:13:19,385 [WARN] PackLoader:240 - Cannot read IP mode file for STMicroelectronics.X-CUBE-AZRTOS-L5.1.1.0
2023-07-23 19:13:19,391 [WARN] PackLoader:240 - Cannot read IP mode file for STMicroelectronics.X-CUBE-AI.8.0.1
2023-07-23 19:13:19,402 [WARN] PackLoader:240 - Cannot read IP mode file for STMicroelectronics.X-CUBE-SUBG2.5.0.0
2023-07-23 19:13:19,421 [WARN] PackLoader:240 - Cannot read IP mode file for STMicroelectronics.X-CUBE-TOF1.3.3.1
2023-07-23 19:13:19,462 [WARN] PackLoader:240 - Cannot read IP mode file for STMicroelectronics.X-CUBE-AZRTOS-G4.2.0.0
2023-07-23 19:13:19,468 [WARN] PackLoader:240 - Cannot read IP mode file for portGmbH.I-Cube-SoM-uGOAL.1.1.0
2023-07-23 19:13:19,473 [WARN] PackLoader:240 - Cannot read IP mode file for STMicroelectronics.X-CUBE-ALS.1.0.1
2023-07-23 19:13:19,483 [WARN] PackLoader:240 - Cannot read IP mode file for STMicroelectronics.X-CUBE-AZRTOS-WB.1.1.0
2023-07-23 19:13:19,487 [WARN] PackLoader:240 - Cannot read IP mode file for STMicroelectronics.FP-ATR-ASTRA1.2.0.0
2023-07-23 19:13:19,488 [INFO] ThirdParty:978 - Integrity check success = true
2023-07-23 19:13:19,488 [INFO] IntegrityCheckThread:100 - exiting critical section [integrity check]
2023-07-23 19:13:19,488 [INFO] IntegrityCheckThread:103 - End integrity checks thread
2023-07-23 19:13:37,298 [ERROR] LogOutputStream:75 - [STDERR_REDIRECT] SLF4J: Failed to load class "org.slf4j.impl.StaticLoggerBinder".
2023-07-23 19:13:37,298 [ERROR] LogOutputStream:75 - [STDERR_REDIRECT] SLF4J: Defaulting to no-operation (NOP) logger implementation
2023-07-23 19:13:37,299 [ERROR] LogOutputStream:75 - [STDERR_REDIRECT] SLF4J: See http://www.slf4j.org/codes.html#StaticLoggerBinder for further details.
2023-07-23 19:14:03,078 [INFO] LogOutputStream:77 - [STDOUT_REDIRECT] Unexpected error loading extension: org.eclipse.equinox.p2.metadata.repository.compositeRepository
2023-07-23 19:14:03,079 [ERROR] LogOutputStream:75 - [STDERR_REDIRECT] java.lang.IllegalStateException: bundle org.eclipse.equinox.p2.repositoryis not started
2023-07-23 19:14:03,079 [ERROR] LogOutputStream:75 - [STDERR_REDIRECT] 	at org.eclipse.equinox.internal.p2.repository.Activator.getContext(Activator.java:65)
2023-07-23 19:14:03,079 [ERROR] LogOutputStream:75 - [STDERR_REDIRECT] 	at org.eclipse.equinox.internal.p2.repository.helpers.AbstractRepositoryManager.restoreFromSystemProperty(AbstractRepositoryManager.java:1013)
2023-07-23 19:14:03,080 [ERROR] LogOutputStream:75 - [STDERR_REDIRECT] 	at org.eclipse.equinox.internal.p2.repository.helpers.AbstractRepositoryManager.restoreRepositories(AbstractRepositoryManager.java:1033)
2023-07-23 19:14:03,080 [ERROR] LogOutputStream:75 - [STDERR_REDIRECT] 	at org.eclipse.equinox.internal.p2.repository.helpers.AbstractRepositoryManager.sortSuffixes(AbstractRepositoryManager.java:1112)
2023-07-23 19:14:03,080 [ERROR] LogOutputStream:75 - [STDERR_REDIRECT] 	at org.eclipse.equinox.internal.p2.repository.helpers.AbstractRepositoryManager.loadRepository(AbstractRepositoryManager.java:676)
2023-07-23 19:14:03,080 [ERROR] LogOutputStream:75 - [STDERR_REDIRECT] 	at org.eclipse.equinox.internal.p2.metadata.repository.MetadataRepositoryManager.loadRepository(MetadataRepositoryManager.java:110)
2023-07-23 19:14:03,081 [ERROR] LogOutputStream:75 - [STDERR_REDIRECT] 	at org.eclipse.equinox.internal.p2.metadata.repository.MetadataRepositoryManager.loadRepository(MetadataRepositoryManager.java:105)
2023-07-23 19:14:03,081 [ERROR] LogOutputStream:75 - [STDERR_REDIRECT] 	at org.eclipse.equinox.internal.p2.metadata.repository.CompositeMetadataRepository.addChild(CompositeMetadataRepository.java:171)
2023-07-23 19:14:03,081 [ERROR] LogOutputStream:75 - [STDERR_REDIRECT] 	at org.eclipse.equinox.internal.p2.metadata.repository.CompositeMetadataRepository.<init>(CompositeMetadataRepository.java:113)
2023-07-23 19:14:03,081 [ERROR] LogOutputStream:75 - [STDERR_REDIRECT] 	at org.eclipse.equinox.internal.p2.metadata.repository.CompositeMetadataRepositoryFactory.load(CompositeMetadataRepositoryFactory.java:124)
2023-07-23 19:14:03,082 [ERROR] LogOutputStream:75 - [STDERR_REDIRECT] 	at org.eclipse.equinox.internal.p2.metadata.repository.MetadataRepositoryManager.factoryLoad(MetadataRepositoryManager.java:63)
2023-07-23 19:14:03,082 [ERROR] LogOutputStream:75 - [STDERR_REDIRECT] 	at org.eclipse.equinox.internal.p2.repository.helpers.AbstractRepositoryManager.loadRepository(AbstractRepositoryManager.java:787)
2023-07-23 19:14:03,082 [ERROR] LogOutputStream:75 - [STDERR_REDIRECT] 	at org.eclipse.equinox.internal.p2.repository.helpers.AbstractRepositoryManager.loadRepository(AbstractRepositoryManager.java:685)
2023-07-23 19:14:03,082 [ERROR] LogOutputStream:75 - [STDERR_REDIRECT] 	at org.eclipse.equinox.internal.p2.metadata.repository.MetadataRepositoryManager.loadRepository(MetadataRepositoryManager.java:110)
2023-07-23 19:14:03,082 [ERROR] LogOutputStream:75 - [STDERR_REDIRECT] 	at org.eclipse.equinox.internal.p2.metadata.repository.MetadataRepositoryManager.loadRepository(MetadataRepositoryManager.java:105)
2023-07-23 19:14:03,082 [ERROR] LogOutputStream:75 - [STDERR_REDIRECT] 	at org.eclipse.equinox.internal.p2.updatechecker.UpdateChecker.getAvailableRepositories(UpdateChecker.java:152)
2023-07-23 19:14:03,082 [ERROR] LogOutputStream:75 - [STDERR_REDIRECT] 	at org.eclipse.equinox.internal.p2.updatechecker.UpdateChecker.checkForUpdates(UpdateChecker.java:130)
2023-07-23 19:14:03,083 [ERROR] LogOutputStream:75 - [STDERR_REDIRECT] 	at org.eclipse.equinox.internal.p2.updatechecker.UpdateChecker$UpdateCheckThread.run(UpdateChecker.java:78)
2023-07-23 19:14:03,083 [INFO] LogOutputStream:77 - [STDOUT_REDIRECT] Unexpected error loading extension: org.eclipse.equinox.p2.metadata.repository.simpleRepository
2023-07-23 19:14:03,083 [ERROR] LogOutputStream:75 - [STDERR_REDIRECT] java.lang.IllegalStateException: Attempt to access stopped agent: org.eclipse.equinox.internal.p2.core.ProvisioningAgent@7b50fe07
2023-07-23 19:14:03,083 [ERROR] LogOutputStream:75 - [STDERR_REDIRECT] 	at org.eclipse.equinox.internal.p2.core.ProvisioningAgent.checkRunning(ProvisioningAgent.java:86)
2023-07-23 19:14:03,083 [ERROR] LogOutputStream:75 - [STDERR_REDIRECT] 	at org.eclipse.equinox.internal.p2.core.ProvisioningAgent.getService(ProvisioningAgent.java:50)
2023-07-23 19:14:03,084 [ERROR] LogOutputStream:75 - [STDERR_REDIRECT] 	at org.eclipse.equinox.p2.core.IProvisioningAgent.getService(IProvisioningAgent.java:86)
2023-07-23 19:14:03,084 [ERROR] LogOutputStream:75 - [STDERR_REDIRECT] 	at org.eclipse.equinox.internal.p2.metadata.repository.SimpleMetadataRepositoryFactory.getLocalFile(SimpleMetadataRepositoryFactory.java:66)
2023-07-23 19:14:03,084 [ERROR] LogOutputStream:75 - [STDERR_REDIRECT] 	at org.eclipse.equinox.internal.p2.metadata.repository.SimpleMetadataRepositoryFactory.load(SimpleMetadataRepositoryFactory.java:89)
2023-07-23 19:14:03,084 [ERROR] LogOutputStream:75 - [STDERR_REDIRECT] 	at org.eclipse.equinox.internal.p2.metadata.repository.MetadataRepositoryManager.factoryLoad(MetadataRepositoryManager.java:63)
2023-07-23 19:14:03,084 [ERROR] LogOutputStream:75 - [STDERR_REDIRECT] 	at org.eclipse.equinox.internal.p2.repository.helpers.AbstractRepositoryManager.loadRepository(AbstractRepositoryManager.java:787)
2023-07-23 19:14:03,084 [ERROR] LogOutputStream:75 - [STDERR_REDIRECT] 	at org.eclipse.equinox.internal.p2.repository.helpers.AbstractRepositoryManager.loadRepository(AbstractRepositoryManager.java:685)
2023-07-23 19:14:03,084 [ERROR] LogOutputStream:75 - [STDERR_REDIRECT] 	at org.eclipse.equinox.internal.p2.metadata.repository.MetadataRepositoryManager.loadRepository(MetadataRepositoryManager.java:110)
2023-07-23 19:14:03,085 [ERROR] LogOutputStream:75 - [STDERR_REDIRECT] 	at org.eclipse.equinox.internal.p2.metadata.repository.MetadataRepositoryManager.loadRepository(MetadataRepositoryManager.java:105)
2023-07-23 19:14:03,085 [ERROR] LogOutputStream:75 - [STDERR_REDIRECT] 	at org.eclipse.equinox.internal.p2.updatechecker.UpdateChecker.getAvailableRepositories(UpdateChecker.java:152)
2023-07-23 19:14:03,085 [ERROR] LogOutputStream:75 - [STDERR_REDIRECT] 	at org.eclipse.equinox.internal.p2.updatechecker.UpdateChecker.checkForUpdates(UpdateChecker.java:130)
2023-07-23 19:14:03,085 [ERROR] LogOutputStream:75 - [STDERR_REDIRECT] 	at org.eclipse.equinox.internal.p2.updatechecker.UpdateChecker$UpdateCheckThread.run(UpdateChecker.java:78)
2023-07-23 19:14:03,094 [INFO] LogOutputStream:77 - [STDOUT_REDIRECT] Unexpected error loading extension: org.eclipse.equinox.p2.metadata.repository.XZedRepository
2023-07-23 19:14:03,095 [ERROR] LogOutputStream:75 - [STDERR_REDIRECT] java.lang.IllegalStateException: Attempt to access stopped agent: org.eclipse.equinox.internal.p2.core.ProvisioningAgent@7b50fe07
2023-07-23 19:14:03,095 [ERROR] LogOutputStream:75 - [STDERR_REDIRECT] 	at org.eclipse.equinox.internal.p2.core.ProvisioningAgent.checkRunning(ProvisioningAgent.java:86)
2023-07-23 19:14:03,095 [ERROR] LogOutputStream:75 - [STDERR_REDIRECT] 	at org.eclipse.equinox.internal.p2.core.ProvisioningAgent.getService(ProvisioningAgent.java:50)
2023-07-23 19:14:03,095 [ERROR] LogOutputStream:75 - [STDERR_REDIRECT] 	at org.eclipse.equinox.p2.core.IProvisioningAgent.getService(IProvisioningAgent.java:86)
2023-07-23 19:14:03,095 [ERROR] LogOutputStream:75 - [STDERR_REDIRECT] 	at org.eclipse.equinox.internal.p2.metadata.repository.XZedSimpleMetadataRepositoryFactory.getLocalFile(XZedSimpleMetadataRepositoryFactory.java:57)
2023-07-23 19:14:03,095 [ERROR] LogOutputStream:75 - [STDERR_REDIRECT] 	at org.eclipse.equinox.internal.p2.metadata.repository.XZedSimpleMetadataRepositoryFactory.load(XZedSimpleMetadataRepositoryFactory.java:80)
2023-07-23 19:14:03,095 [ERROR] LogOutputStream:75 - [STDERR_REDIRECT] 	at org.eclipse.equinox.internal.p2.metadata.repository.MetadataRepositoryManager.factoryLoad(MetadataRepositoryManager.java:63)
2023-07-23 19:14:03,096 [ERROR] LogOutputStream:75 - [STDERR_REDIRECT] 	at org.eclipse.equinox.internal.p2.repository.helpers.AbstractRepositoryManager.loadRepository(AbstractRepositoryManager.java:787)
2023-07-23 19:14:03,096 [ERROR] LogOutputStream:75 - [STDERR_REDIRECT] 	at org.eclipse.equinox.internal.p2.repository.helpers.AbstractRepositoryManager.loadRepository(AbstractRepositoryManager.java:685)
2023-07-23 19:14:03,096 [ERROR] LogOutputStream:75 - [STDERR_REDIRECT] 	at org.eclipse.equinox.internal.p2.metadata.repository.MetadataRepositoryManager.loadRepository(MetadataRepositoryManager.java:110)
2023-07-23 19:14:03,096 [ERROR] LogOutputStream:75 - [STDERR_REDIRECT] 	at org.eclipse.equinox.internal.p2.metadata.repository.MetadataRepositoryManager.loadRepository(MetadataRepositoryManager.java:105)
2023-07-23 19:14:03,096 [ERROR] LogOutputStream:75 - [STDERR_REDIRECT] 	at org.eclipse.equinox.internal.p2.updatechecker.UpdateChecker.getAvailableRepositories(UpdateChecker.java:152)
2023-07-23 19:14:03,096 [ERROR] LogOutputStream:75 - [STDERR_REDIRECT] 	at org.eclipse.equinox.internal.p2.updatechecker.UpdateChecker.checkForUpdates(UpdateChecker.java:130)
2023-07-23 19:14:03,096 [ERROR] LogOutputStream:75 - [STDERR_REDIRECT] 	at org.eclipse.equinox.internal.p2.updatechecker.UpdateChecker$UpdateCheckThread.run(UpdateChecker.java:78)
