2023-10-04 16:42:59,295 [INFO] Activator:176 - 


2023-10-04 16:42:59,299 [INFO] Activator:177 - !SESSION log4j initialized
2023-10-04 16:43:03,353 [INFO] LogOutputStream:77 - [STDOUT_REDIRECT] 
2023-10-04 16:43:06,582 [INFO] ApplicationProperties:184 - Using Application install path: /opt/st/stm32cubeide_1.13.0/plugins/com.st.stm32cube.common.mx_6.9.0.202307051724
2023-10-04 16:43:06,603 [INFO] DbMcusXml:78 - Set database path to: /opt/st/stm32cubeide_1.13.0/plugins/com.st.stm32cube.common.mx_6.9.0.202307051724//db//mcu/
2023-10-04 16:43:06,603 [INFO] ApiDb:274 - Set plugin database path to: /opt/st/stm32cubeide_1.13.0/plugins/com.st.stm32cube.common.mx_6.9.0.202307051724//db//plugins/boardmanager/
2023-10-04 16:43:06,604 [WARN] ApiDb:259 - Overriding images path with different value:  => /opt/st/stm32cubeide_1.13.0/plugins/com.st.stm32cube.common.mx_6.9.0.202307051724//db//plugins/mcufinder/images/
2023-10-04 16:43:06,614 [INFO] ApiDb:250 - Set database path to: /home/manjunath/.stmcufinder/plugins/mcufinder//mcu/
2023-10-04 16:43:06,616 [INFO] DbMcusAds:125 - Set database path to: /home/manjunath/.stmcufinder/plugins/mcufinder//mcu/
2023-10-04 16:43:06,619 [INFO] CrossReferenceDbSqlite:203 - Set database path to: /home/manjunath/.stmcufinder/plugins/mcufinder//mcu/cs/
2023-10-04 16:43:06,750 [INFO] RulesReader:64 - Compatibility file has been processed (293 Rules)
2023-10-04 16:43:06,810 [INFO] DbMcusXml:78 - Set database path to: /opt/st/stm32cubeide_1.13.0/plugins/com.st.stm32cube.common.mx_6.9.0.202307051724//db//mcu/
2023-10-04 16:43:06,811 [INFO] ApiDb:274 - Set plugin database path to: /opt/st/stm32cubeide_1.13.0/plugins/com.st.stm32cube.common.mx_6.9.0.202307051724//db//plugins/boardmanager/
2023-10-04 16:43:06,811 [INFO] ApiDb:261 - Set plugin images path to: /opt/st/stm32cubeide_1.13.0/plugins/com.st.stm32cube.common.mx_6.9.0.202307051724//db//plugins/mcufinder/images/
2023-10-04 16:43:06,811 [WARN] DbFile:41 - Overriding database path with different value: /home/manjunath/.stmcufinder/plugins/mcufinder/ => /home/manjunath/.stmcufinder/plugins/mcufinder
2023-10-04 16:43:06,811 [INFO] ApiDb:250 - Set database path to: /home/manjunath/.stmcufinder/plugins/mcufinder//mcu/
2023-10-04 16:43:06,811 [WARN] DbFile:41 - Overriding database path with different value: /home/manjunath/.stmcufinder/plugins/mcufinder/ => /home/manjunath/.stmcufinder/plugins/mcufinder
2023-10-04 16:43:06,811 [INFO] DbMcusAds:125 - Set database path to: /home/manjunath/.stmcufinder/plugins/mcufinder//mcu/
2023-10-04 16:43:06,811 [WARN] DbFile:41 - Overriding database path with different value: /home/manjunath/.stmcufinder/plugins/mcufinder/ => /home/manjunath/.stmcufinder/plugins/mcufinder
2023-10-04 16:43:06,811 [WARN] DbFile:41 - Overriding database path with different value: /home/manjunath/.stmcufinder/plugins/mcufinder/ => /home/manjunath/.stmcufinder/plugins/mcufinder
2023-10-04 16:43:06,811 [INFO] CrossReferenceDbSqlite:203 - Set database path to: /home/manjunath/.stmcufinder/plugins/mcufinder//mcu/cs/
2023-10-04 16:43:06,869 [INFO] MainPanel:262 - HeapMemory: 268435456
2023-10-04 16:43:06,950 [INFO] DbMcusXml:78 - Set database path to: /opt/st/stm32cubeide_1.13.0/plugins/com.st.stm32cube.common.mx_6.9.0.202307051724//db//mcu/
2023-10-04 16:43:06,950 [INFO] ApiDb:274 - Set plugin database path to: /opt/st/stm32cubeide_1.13.0/plugins/com.st.stm32cube.common.mx_6.9.0.202307051724//db//plugins/boardmanager/
2023-10-04 16:43:06,950 [INFO] ApiDb:261 - Set plugin images path to: /opt/st/stm32cubeide_1.13.0/plugins/com.st.stm32cube.common.mx_6.9.0.202307051724//db//plugins/mcufinder/images/
2023-10-04 16:43:06,951 [WARN] DbFile:41 - Overriding database path with different value: /home/manjunath/.stmcufinder/plugins/mcufinder/ => /home/manjunath/.stmcufinder/plugins/mcufinder
2023-10-04 16:43:06,951 [INFO] ApiDb:250 - Set database path to: /home/manjunath/.stmcufinder/plugins/mcufinder//mcu/
2023-10-04 16:43:06,951 [WARN] DbFile:41 - Overriding database path with different value: /home/manjunath/.stmcufinder/plugins/mcufinder/ => /home/manjunath/.stmcufinder/plugins/mcufinder
2023-10-04 16:43:06,951 [INFO] DbMcusAds:125 - Set database path to: /home/manjunath/.stmcufinder/plugins/mcufinder//mcu/
2023-10-04 16:43:06,951 [WARN] DbFile:41 - Overriding database path with different value: /home/manjunath/.stmcufinder/plugins/mcufinder/ => /home/manjunath/.stmcufinder/plugins/mcufinder
2023-10-04 16:43:06,951 [WARN] DbFile:41 - Overriding database path with different value: /home/manjunath/.stmcufinder/plugins/mcufinder/ => /home/manjunath/.stmcufinder/plugins/mcufinder
2023-10-04 16:43:06,951 [INFO] CrossReferenceDbSqlite:203 - Set database path to: /home/manjunath/.stmcufinder/plugins/mcufinder//mcu/cs/
2023-10-04 16:43:06,967 [INFO] ApplicationProperties:184 - Using Application install path: /opt/st/stm32cubeide_1.13.0/plugins/com.st.stm32cube.common.mx_6.9.0.202307051724
2023-10-04 16:43:06,969 [INFO] PluginManage:196 - Search for loadable plugins [exclusion list=, ]
2023-10-04 16:43:06,970 [INFO] PluginManage:310 - Check plugin analytics
2023-10-04 16:43:07,107 [INFO] AnalyticsPlugin:253 - Accepted Software Licenses: 
2023-10-04 16:43:07,108 [INFO] AnalyticsPlugin:255 - Accepted CMSIS Pack Licenses: 
2023-10-04 16:43:07,108 [INFO] AnalyticsPlugin:257 - Accepted Firmware Licenses: FW.F4.1.27.0
2023-10-04 16:43:07,110 [INFO] PluginManage:359 - Loaded plugin analytics (category:tool,tabindex:-1)
2023-10-04 16:43:07,110 [INFO] PluginManage:310 - Check plugin cadmodel
2023-10-04 16:43:07,134 [INFO] CADModel:105 - Init CAD model plugin
2023-10-04 16:43:07,134 [INFO] PluginManage:359 - Loaded plugin cadmodel (category:power,tabindex:5)
2023-10-04 16:43:07,134 [INFO] PluginManage:310 - Check plugin clock
2023-10-04 16:43:07,143 [INFO] PluginManage:359 - Loaded plugin clock (category:base,tabindex:2)
2023-10-04 16:43:07,143 [INFO] PluginManage:310 - Check plugin ddr
2023-10-04 16:43:07,145 [INFO] PluginManage:359 - Loaded plugin ddr (category:tool,tabindex:6)
2023-10-04 16:43:07,146 [INFO] PluginManage:310 - Check plugin filemanager
2023-10-04 16:43:07,259 [INFO] PluginManage:359 - Loaded plugin filemanager (category:base,tabindex:10)
2023-10-04 16:43:07,259 [INFO] PluginManage:310 - Check plugin ipmanager
2023-10-04 16:43:07,263 [INFO] PluginManage:359 - Loaded plugin ipmanager (category:base,tabindex:5)
2023-10-04 16:43:07,264 [INFO] PluginManage:310 - Check plugin lpbam
2023-10-04 16:43:07,273 [INFO] PluginManage:359 - Loaded plugin lpbam (category:base,tabindex:0)
2023-10-04 16:43:07,273 [INFO] PluginManage:310 - Check plugin memorymap
2023-10-04 16:43:07,285 [INFO] PluginManage:359 - Loaded plugin memorymap (category:base,tabindex:4)
2023-10-04 16:43:07,285 [INFO] PluginManage:310 - Check plugin pinoutandconfiguration
2023-10-04 16:43:07,293 [INFO] PluginManage:359 - Loaded plugin pinoutandconfiguration (category:base,tabindex:1)
2023-10-04 16:43:07,293 [INFO] PluginManage:310 - Check plugin pinoutconfig
2023-10-04 16:43:07,377 [WARN] SupportedApi:132 - Cannot load RTOS API schema: s4s-elt-must-match.1: The content of 'definitions' must match (annotation?, (simpleType | complexType)?, (unique | key | keyref)*)). A problem was found starting at: attribute.
2023-10-04 16:43:07,486 [INFO] PluginManage:359 - Loaded plugin pinoutconfig (category:base,tabindex:0)
2023-10-04 16:43:07,487 [INFO] PluginManage:310 - Check plugin power
2023-10-04 16:43:07,495 [INFO] PluginManage:359 - Loaded plugin power (category:power,tabindex:4)
2023-10-04 16:43:07,496 [INFO] PluginManage:310 - Check plugin projectmanager
2023-10-04 16:43:07,506 [INFO] PluginManage:359 - Loaded plugin projectmanager (category:projectmanager,tabindex:3)
2023-10-04 16:43:07,506 [INFO] PluginManage:310 - Check plugin thirdparty
2023-10-04 16:43:07,611 [INFO] PluginManage:359 - Loaded plugin thirdparty (category:base,tabindex:-1)
2023-10-04 16:43:07,611 [WARN] IntegrityCheckThread:84 - waiting for thirdparty lock release [integrity check]
2023-10-04 16:43:07,611 [INFO] PluginManage:310 - Check plugin tools
2023-10-04 16:43:07,611 [INFO] IntegrityCheckThread:86 - entering critical section [integrity check]
2023-10-04 16:43:07,612 [INFO] ThirdPartyUpdaterWithRetryManager:70 - Updater plugin not ready yet. [1/15]
2023-10-04 16:43:07,613 [INFO] PluginManage:359 - Loaded plugin tools (category:base,tabindex:7)
2023-10-04 16:43:07,613 [INFO] PluginManage:310 - Check plugin tutovideos
2023-10-04 16:43:07,826 [INFO] PluginManage:359 - Loaded plugin tutovideos (category:base,tabindex:-1)
2023-10-04 16:43:07,826 [INFO] PluginManage:310 - Check plugin updater
2023-10-04 16:43:07,842 [INFO] PluginManage:359 - Loaded plugin updater (category:base,tabindex:12)
2023-10-04 16:43:07,842 [INFO] PluginManage:310 - Check plugin userauth
2023-10-04 16:43:07,852 [INFO] UserAuth:113 - Init User Auth plugin
2023-10-04 16:43:07,852 [INFO] PluginManage:359 - Loaded plugin userauth (category:base,tabindex:14)
2023-10-04 16:43:07,855 [INFO] PluginManage:283 - PluginManage : Loaded plugins [17]
2023-10-04 16:43:08,175 [INFO] PinOutPanel:1499 - setPackage(No Configuration,No Configuration)
2023-10-04 16:43:08,328 [INFO] CADModel:165 - CPN selected for project level
2023-10-04 16:43:08,328 [INFO] CADModel:114 - Register for checkConnection events
2023-10-04 16:43:08,346 [INFO] IPUIPlugin:80 - create IPUIPlugin
2023-10-04 16:43:08,346 [INFO] PluginManager:220 - loadIPPluginJar : add hash
2023-10-04 16:43:08,350 [INFO] IPUIPlugin:80 - create IPUIPlugin
2023-10-04 16:43:08,351 [INFO] PluginManager:220 - loadIPPluginJar : add ipddr
2023-10-04 16:43:08,352 [INFO] IPUIPlugin:80 - create IPUIPlugin
2023-10-04 16:43:08,352 [INFO] PluginManager:220 - loadIPPluginJar : add genericplugin
2023-10-04 16:43:08,357 [INFO] IPUIPlugin:80 - create IPUIPlugin
2023-10-04 16:43:08,357 [INFO] PluginManager:220 - loadIPPluginJar : add fatfs
2023-10-04 16:43:08,364 [INFO] IPUIPlugin:80 - create IPUIPlugin
2023-10-04 16:43:08,367 [INFO] PluginManager:220 - loadIPPluginJar : add plateformsettings
2023-10-04 16:43:08,373 [INFO] IPUIPlugin:80 - create IPUIPlugin
2023-10-04 16:43:08,373 [INFO] PluginManager:220 - loadIPPluginJar : add pdm2pcm
2023-10-04 16:43:08,376 [INFO] IPUIPlugin:80 - create IPUIPlugin
2023-10-04 16:43:08,376 [INFO] PluginManager:220 - loadIPPluginJar : add cryp
2023-10-04 16:43:08,379 [INFO] IPUIPlugin:80 - create IPUIPlugin
2023-10-04 16:43:08,379 [INFO] PluginManager:220 - loadIPPluginJar : add tim
2023-10-04 16:43:08,381 [INFO] IPUIPlugin:80 - create IPUIPlugin
2023-10-04 16:43:08,382 [INFO] PluginManager:220 - loadIPPluginJar : add spi
2023-10-04 16:43:08,387 [INFO] IPUIPlugin:80 - create IPUIPlugin
2023-10-04 16:43:08,388 [INFO] PluginManager:220 - loadIPPluginJar : add mdma
2023-10-04 16:43:08,390 [INFO] IPUIPlugin:80 - create IPUIPlugin
2023-10-04 16:43:08,390 [INFO] PluginManager:220 - loadIPPluginJar : add aes
2023-10-04 16:43:08,392 [INFO] IPUIPlugin:80 - create IPUIPlugin
2023-10-04 16:43:08,393 [INFO] PluginManager:220 - loadIPPluginJar : add gfxmmu
2023-10-04 16:43:08,395 [INFO] IPUIPlugin:80 - create IPUIPlugin
2023-10-04 16:43:08,395 [INFO] PluginManager:220 - loadIPPluginJar : add ucpd
2023-10-04 16:43:08,396 [INFO] IPUIPlugin:80 - create IPUIPlugin
2023-10-04 16:43:08,397 [INFO] PluginManager:220 - loadIPPluginJar : add quadspi
2023-10-04 16:43:08,398 [INFO] IPUIPlugin:80 - create IPUIPlugin
2023-10-04 16:43:08,398 [INFO] PluginManager:220 - loadIPPluginJar : add tracer_emb
2023-10-04 16:43:08,401 [INFO] IPUIPlugin:80 - create IPUIPlugin
2023-10-04 16:43:08,401 [INFO] PluginManager:220 - loadIPPluginJar : add dfsdm
2023-10-04 16:43:08,406 [INFO] IPUIPlugin:80 - create IPUIPlugin
2023-10-04 16:43:08,406 [INFO] PluginManager:220 - loadIPPluginJar : add sai
2023-10-04 16:43:08,408 [INFO] IPUIPlugin:80 - create IPUIPlugin
2023-10-04 16:43:08,408 [INFO] PluginManager:220 - loadIPPluginJar : add lorawan
2023-10-04 16:43:08,410 [INFO] IPUIPlugin:80 - create IPUIPlugin
2023-10-04 16:43:08,411 [INFO] PluginManager:220 - loadIPPluginJar : add usbx
2023-10-04 16:43:08,418 [INFO] IPUIPlugin:80 - create IPUIPlugin
2023-10-04 16:43:08,418 [INFO] PluginManager:220 - loadIPPluginJar : add linkedlist
2023-10-04 16:43:08,419 [INFO] IPUIPlugin:80 - create IPUIPlugin
2023-10-04 16:43:08,419 [INFO] PluginManager:220 - loadIPPluginJar : add ltdc
2023-10-04 16:43:08,424 [INFO] IPUIPlugin:80 - create IPUIPlugin
2023-10-04 16:43:08,424 [INFO] PluginManager:220 - loadIPPluginJar : add nvic
2023-10-04 16:43:08,427 [INFO] IPUIPlugin:80 - create IPUIPlugin
2023-10-04 16:43:08,427 [INFO] PluginManager:220 - loadIPPluginJar : add gtzc
2023-10-04 16:43:08,435 [INFO] IPUIPlugin:80 - create IPUIPlugin
2023-10-04 16:43:08,435 [INFO] PluginManager:220 - loadIPPluginJar : add freertos
2023-10-04 16:43:08,442 [INFO] IPUIPlugin:80 - create IPUIPlugin
2023-10-04 16:43:08,442 [INFO] PluginManager:220 - loadIPPluginJar : add dma
2023-10-04 16:43:08,444 [INFO] IPUIPlugin:80 - create IPUIPlugin
2023-10-04 16:43:08,444 [INFO] PluginManager:220 - loadIPPluginJar : add tsc
2023-10-04 16:43:08,446 [INFO] IPUIPlugin:80 - create IPUIPlugin
2023-10-04 16:43:08,447 [INFO] PluginManager:220 - loadIPPluginJar : add usart
2023-10-04 16:43:08,452 [INFO] IPUIPlugin:80 - create IPUIPlugin
2023-10-04 16:43:08,452 [INFO] PluginManager:220 - loadIPPluginJar : add comp
2023-10-04 16:43:08,454 [INFO] IPUIPlugin:80 - create IPUIPlugin
2023-10-04 16:43:08,454 [INFO] PluginManager:220 - loadIPPluginJar : add i2s
2023-10-04 16:43:08,457 [INFO] IPUIPlugin:80 - create IPUIPlugin
2023-10-04 16:43:08,457 [INFO] PluginManager:220 - loadIPPluginJar : add i2c
2023-10-04 16:43:08,459 [INFO] IPUIPlugin:80 - create IPUIPlugin
2023-10-04 16:43:08,459 [INFO] PluginManager:220 - loadIPPluginJar : add i3c
2023-10-04 16:43:08,466 [INFO] IPUIPlugin:80 - create IPUIPlugin
2023-10-04 16:43:08,466 [INFO] PluginManager:220 - loadIPPluginJar : add resmgrutility
2023-10-04 16:43:08,471 [INFO] IPUIPlugin:80 - create IPUIPlugin
2023-10-04 16:43:08,471 [INFO] PluginManager:220 - loadIPPluginJar : add stm32_wpan
2023-10-04 16:43:08,473 [INFO] IPUIPlugin:80 - create IPUIPlugin
2023-10-04 16:43:08,473 [INFO] PluginManager:220 - loadIPPluginJar : add dma3
2023-10-04 16:43:08,478 [INFO] IPUIPlugin:80 - create IPUIPlugin
2023-10-04 16:43:08,478 [INFO] PluginManager:220 - loadIPPluginJar : add touchsensing
2023-10-04 16:43:08,484 [INFO] IPUIPlugin:80 - create IPUIPlugin
2023-10-04 16:43:08,484 [INFO] PluginManager:220 - loadIPPluginJar : add can
2023-10-04 16:43:08,489 [INFO] IPUIPlugin:80 - create IPUIPlugin
2023-10-04 16:43:08,489 [INFO] PluginManager:220 - loadIPPluginJar : add fmc
2023-10-04 16:43:08,494 [INFO] IPUIPlugin:80 - create IPUIPlugin
2023-10-04 16:43:08,495 [INFO] PluginManager:220 - loadIPPluginJar : add gic
2023-10-04 16:43:08,497 [INFO] IPUIPlugin:80 - create IPUIPlugin
2023-10-04 16:43:08,497 [INFO] PluginManager:220 - loadIPPluginJar : add ts
2023-10-04 16:43:08,500 [INFO] IPUIPlugin:80 - create IPUIPlugin
2023-10-04 16:43:08,500 [INFO] PluginManager:220 - loadIPPluginJar : add opamp
2023-10-04 16:43:08,504 [INFO] IPUIPlugin:80 - create IPUIPlugin
2023-10-04 16:43:08,507 [INFO] PluginManager:220 - loadIPPluginJar : add gpio
2023-10-04 16:43:08,509 [INFO] IPUIPlugin:80 - create IPUIPlugin
2023-10-04 16:43:08,510 [INFO] PluginManager:220 - loadIPPluginJar : add openamp
2023-10-04 16:43:08,517 [INFO] IPUIPlugin:80 - create IPUIPlugin
2023-10-04 16:43:08,517 [INFO] PluginManager:220 - loadIPPluginJar : add adc
2023-10-04 16:43:08,619 [INFO] CADModel:165 - CPN selected for project level
2023-10-04 16:43:08,620 [INFO] CADModel:114 - Register for checkConnection events
2023-10-04 16:43:08,620 [FATAL] Updater:308 - Updater called before beeing initialized
2023-10-04 16:43:08,620 [ERROR] CADModel:125 - Updater not yet initialized, retry later 
2023-10-04 16:43:08,751 [INFO] CADModel:165 - CPN selected for project level
2023-10-04 16:43:08,751 [INFO] CADModel:114 - Register for checkConnection events
2023-10-04 16:43:08,752 [FATAL] Updater:308 - Updater called before beeing initialized
2023-10-04 16:43:08,752 [ERROR] CADModel:125 - Updater not yet initialized, retry later 
2023-10-04 16:43:08,755 [FATAL] Updater:308 - Updater called before beeing initialized
2023-10-04 16:43:08,825 [FATAL] Updater:308 - Updater called before beeing initialized
2023-10-04 16:43:08,830 [INFO] DbMcusAds:53 - JSON generation date=Tue Mar 07 14:20:55 IST 2023 (1678179055114)
2023-10-04 16:43:08,831 [FATAL] Updater:308 - Updater called before beeing initialized
2023-10-04 16:43:08,866 [WARN] DetailPanel:346 - Failed to get advertising image, set to default
2023-10-04 16:43:08,918 [ERROR] IconsList:403 - IO error while reading file com/st/microxplorer/image/ad/ad01.png
