2024-01-03 14:07:49,136 [INFO] Activator:176 - 


2024-01-03 14:07:49,139 [INFO] Activator:177 - !SESSION log4j initialized
2024-01-03 14:07:51,167 [INFO] ApplicationProperties:184 - Using Application install path: /opt/st/stm32cubeide_1.13.0/plugins/com.st.stm32cube.common.mx_6.9.0.202307051724
2024-01-03 14:07:51,186 [INFO] DbMcusXml:78 - Set database path to: /opt/st/stm32cubeide_1.13.0/plugins/com.st.stm32cube.common.mx_6.9.0.202307051724//db//mcu/
2024-01-03 14:07:51,186 [INFO] ApiDb:274 - Set plugin database path to: /opt/st/stm32cubeide_1.13.0/plugins/com.st.stm32cube.common.mx_6.9.0.202307051724//db//plugins/boardmanager/
2024-01-03 14:07:51,187 [WARN] ApiDb:259 - Overriding images path with different value:  => /opt/st/stm32cubeide_1.13.0/plugins/com.st.stm32cube.common.mx_6.9.0.202307051724//db//plugins/mcufinder/images/
2024-01-03 14:07:51,199 [INFO] ApiDb:250 - Set database path to: /home/manjunath/.stmcufinder/plugins/mcufinder//mcu/
2024-01-03 14:07:51,200 [INFO] DbMcusAds:125 - Set database path to: /home/manjunath/.stmcufinder/plugins/mcufinder//mcu/
2024-01-03 14:07:51,542 [INFO] CrossReferenceDbSqlite:203 - Set database path to: /home/manjunath/.stmcufinder/plugins/mcufinder//mcu/cs/
2024-01-03 14:07:51,660 [INFO] RulesReader:64 - Compatibility file has been processed (293 Rules)
2024-01-03 14:07:51,725 [INFO] DbMcusXml:78 - Set database path to: /opt/st/stm32cubeide_1.13.0/plugins/com.st.stm32cube.common.mx_6.9.0.202307051724//db//mcu/
2024-01-03 14:07:51,726 [INFO] ApiDb:274 - Set plugin database path to: /opt/st/stm32cubeide_1.13.0/plugins/com.st.stm32cube.common.mx_6.9.0.202307051724//db//plugins/boardmanager/
2024-01-03 14:07:51,726 [INFO] ApiDb:261 - Set plugin images path to: /opt/st/stm32cubeide_1.13.0/plugins/com.st.stm32cube.common.mx_6.9.0.202307051724//db//plugins/mcufinder/images/
2024-01-03 14:07:51,726 [WARN] DbFile:41 - Overriding database path with different value: /home/manjunath/.stmcufinder/plugins/mcufinder/ => /home/manjunath/.stmcufinder/plugins/mcufinder
2024-01-03 14:07:51,726 [INFO] ApiDb:250 - Set database path to: /home/manjunath/.stmcufinder/plugins/mcufinder//mcu/
2024-01-03 14:07:51,726 [WARN] DbFile:41 - Overriding database path with different value: /home/manjunath/.stmcufinder/plugins/mcufinder/ => /home/manjunath/.stmcufinder/plugins/mcufinder
2024-01-03 14:07:51,727 [INFO] DbMcusAds:125 - Set database path to: /home/manjunath/.stmcufinder/plugins/mcufinder//mcu/
2024-01-03 14:07:51,727 [WARN] DbFile:41 - Overriding database path with different value: /home/manjunath/.stmcufinder/plugins/mcufinder/ => /home/manjunath/.stmcufinder/plugins/mcufinder
2024-01-03 14:07:51,727 [WARN] DbFile:41 - Overriding database path with different value: /home/manjunath/.stmcufinder/plugins/mcufinder/ => /home/manjunath/.stmcufinder/plugins/mcufinder
2024-01-03 14:07:51,727 [INFO] CrossReferenceDbSqlite:203 - Set database path to: /home/manjunath/.stmcufinder/plugins/mcufinder//mcu/cs/
2024-01-03 14:07:51,796 [INFO] MainPanel:262 - HeapMemory: 268435456
2024-01-03 14:07:51,877 [INFO] DbMcusXml:78 - Set database path to: /opt/st/stm32cubeide_1.13.0/plugins/com.st.stm32cube.common.mx_6.9.0.202307051724//db//mcu/
2024-01-03 14:07:51,877 [INFO] ApiDb:274 - Set plugin database path to: /opt/st/stm32cubeide_1.13.0/plugins/com.st.stm32cube.common.mx_6.9.0.202307051724//db//plugins/boardmanager/
2024-01-03 14:07:51,877 [INFO] ApiDb:261 - Set plugin images path to: /opt/st/stm32cubeide_1.13.0/plugins/com.st.stm32cube.common.mx_6.9.0.202307051724//db//plugins/mcufinder/images/
2024-01-03 14:07:51,878 [WARN] DbFile:41 - Overriding database path with different value: /home/manjunath/.stmcufinder/plugins/mcufinder/ => /home/manjunath/.stmcufinder/plugins/mcufinder
2024-01-03 14:07:51,878 [INFO] ApiDb:250 - Set database path to: /home/manjunath/.stmcufinder/plugins/mcufinder//mcu/
2024-01-03 14:07:51,878 [WARN] DbFile:41 - Overriding database path with different value: /home/manjunath/.stmcufinder/plugins/mcufinder/ => /home/manjunath/.stmcufinder/plugins/mcufinder
2024-01-03 14:07:51,878 [INFO] DbMcusAds:125 - Set database path to: /home/manjunath/.stmcufinder/plugins/mcufinder//mcu/
2024-01-03 14:07:51,878 [WARN] DbFile:41 - Overriding database path with different value: /home/manjunath/.stmcufinder/plugins/mcufinder/ => /home/manjunath/.stmcufinder/plugins/mcufinder
2024-01-03 14:07:51,879 [WARN] DbFile:41 - Overriding database path with different value: /home/manjunath/.stmcufinder/plugins/mcufinder/ => /home/manjunath/.stmcufinder/plugins/mcufinder
2024-01-03 14:07:51,879 [INFO] CrossReferenceDbSqlite:203 - Set database path to: /home/manjunath/.stmcufinder/plugins/mcufinder//mcu/cs/
2024-01-03 14:07:51,895 [INFO] ApplicationProperties:184 - Using Application install path: /opt/st/stm32cubeide_1.13.0/plugins/com.st.stm32cube.common.mx_6.9.0.202307051724
2024-01-03 14:07:51,897 [INFO] PluginManage:196 - Search for loadable plugins [exclusion list=, ]
2024-01-03 14:07:51,899 [INFO] PluginManage:310 - Check plugin analytics
2024-01-03 14:07:52,158 [INFO] AnalyticsPlugin:253 - Accepted Software Licenses: 
2024-01-03 14:07:52,158 [INFO] AnalyticsPlugin:255 - Accepted CMSIS Pack Licenses: 
2024-01-03 14:07:52,158 [INFO] AnalyticsPlugin:257 - Accepted Firmware Licenses: FW.F4.1.27.0
2024-01-03 14:07:52,163 [INFO] PluginManage:359 - Loaded plugin analytics (category:tool,tabindex:-1)
2024-01-03 14:07:52,163 [INFO] PluginManage:310 - Check plugin cadmodel
2024-01-03 14:07:52,202 [INFO] CADModel:105 - Init CAD model plugin
2024-01-03 14:07:52,202 [INFO] PluginManage:359 - Loaded plugin cadmodel (category:power,tabindex:5)
2024-01-03 14:07:52,202 [INFO] PluginManage:310 - Check plugin clock
2024-01-03 14:07:52,220 [INFO] PluginManage:359 - Loaded plugin clock (category:base,tabindex:2)
2024-01-03 14:07:52,220 [INFO] PluginManage:310 - Check plugin ddr
2024-01-03 14:07:52,224 [INFO] PluginManage:359 - Loaded plugin ddr (category:tool,tabindex:6)
2024-01-03 14:07:52,224 [INFO] PluginManage:310 - Check plugin filemanager
2024-01-03 14:07:52,466 [INFO] PluginManage:359 - Loaded plugin filemanager (category:base,tabindex:10)
2024-01-03 14:07:52,466 [INFO] PluginManage:310 - Check plugin ipmanager
2024-01-03 14:07:52,473 [INFO] PluginManage:359 - Loaded plugin ipmanager (category:base,tabindex:5)
2024-01-03 14:07:52,473 [INFO] PluginManage:310 - Check plugin lpbam
2024-01-03 14:07:52,483 [INFO] PluginManage:359 - Loaded plugin lpbam (category:base,tabindex:0)
2024-01-03 14:07:52,483 [INFO] PluginManage:310 - Check plugin memorymap
2024-01-03 14:07:52,496 [INFO] PluginManage:359 - Loaded plugin memorymap (category:base,tabindex:4)
2024-01-03 14:07:52,497 [INFO] PluginManage:310 - Check plugin pinoutandconfiguration
2024-01-03 14:07:52,509 [INFO] PluginManage:359 - Loaded plugin pinoutandconfiguration (category:base,tabindex:1)
2024-01-03 14:07:52,509 [INFO] PluginManage:310 - Check plugin pinoutconfig
2024-01-03 14:07:52,593 [WARN] SupportedApi:132 - Cannot load RTOS API schema: s4s-elt-must-match.1: The content of 'definitions' must match (annotation?, (simpleType | complexType)?, (unique | key | keyref)*)). A problem was found starting at: attribute.
2024-01-03 14:07:52,740 [INFO] PluginManage:359 - Loaded plugin pinoutconfig (category:base,tabindex:0)
2024-01-03 14:07:52,740 [INFO] PluginManage:310 - Check plugin power
2024-01-03 14:07:52,759 [INFO] PluginManage:359 - Loaded plugin power (category:power,tabindex:4)
2024-01-03 14:07:52,759 [INFO] PluginManage:310 - Check plugin projectmanager
2024-01-03 14:07:52,774 [INFO] PluginManage:359 - Loaded plugin projectmanager (category:projectmanager,tabindex:3)
2024-01-03 14:07:52,774 [INFO] PluginManage:310 - Check plugin thirdparty
2024-01-03 14:07:52,921 [INFO] PluginManage:359 - Loaded plugin thirdparty (category:base,tabindex:-1)
2024-01-03 14:07:52,921 [INFO] PluginManage:310 - Check plugin tools
2024-01-03 14:07:52,921 [WARN] IntegrityCheckThread:84 - waiting for thirdparty lock release [integrity check]
2024-01-03 14:07:52,922 [INFO] IntegrityCheckThread:86 - entering critical section [integrity check]
2024-01-03 14:07:52,922 [INFO] ThirdPartyUpdaterWithRetryManager:70 - Updater plugin not ready yet. [1/15]
2024-01-03 14:07:52,924 [INFO] PluginManage:359 - Loaded plugin tools (category:base,tabindex:7)
2024-01-03 14:07:52,924 [INFO] PluginManage:310 - Check plugin tutovideos
2024-01-03 14:07:53,082 [INFO] PluginManage:359 - Loaded plugin tutovideos (category:base,tabindex:-1)
2024-01-03 14:07:53,082 [INFO] PluginManage:310 - Check plugin updater
2024-01-03 14:07:53,106 [INFO] PluginManage:359 - Loaded plugin updater (category:base,tabindex:12)
2024-01-03 14:07:53,106 [INFO] PluginManage:310 - Check plugin userauth
2024-01-03 14:07:53,111 [INFO] UserAuth:113 - Init User Auth plugin
2024-01-03 14:07:53,111 [INFO] PluginManage:359 - Loaded plugin userauth (category:base,tabindex:14)
2024-01-03 14:07:53,112 [INFO] PluginManage:283 - PluginManage : Loaded plugins [17]
2024-01-03 14:07:53,318 [INFO] PinOutPanel:1499 - setPackage(No Configuration,No Configuration)
2024-01-03 14:07:53,413 [INFO] CADModel:165 - CPN selected for project level
2024-01-03 14:07:53,413 [INFO] CADModel:114 - Register for checkConnection events
2024-01-03 14:07:53,427 [INFO] IPUIPlugin:80 - create IPUIPlugin
2024-01-03 14:07:53,428 [INFO] PluginManager:220 - loadIPPluginJar : add hash
2024-01-03 14:07:53,432 [INFO] IPUIPlugin:80 - create IPUIPlugin
2024-01-03 14:07:53,433 [INFO] PluginManager:220 - loadIPPluginJar : add ipddr
2024-01-03 14:07:53,434 [INFO] IPUIPlugin:80 - create IPUIPlugin
2024-01-03 14:07:53,434 [INFO] PluginManager:220 - loadIPPluginJar : add genericplugin
2024-01-03 14:07:53,436 [INFO] IPUIPlugin:80 - create IPUIPlugin
2024-01-03 14:07:53,436 [INFO] PluginManager:220 - loadIPPluginJar : add fatfs
2024-01-03 14:07:53,442 [INFO] IPUIPlugin:80 - create IPUIPlugin
2024-01-03 14:07:53,445 [INFO] PluginManager:220 - loadIPPluginJar : add plateformsettings
2024-01-03 14:07:53,448 [INFO] IPUIPlugin:80 - create IPUIPlugin
2024-01-03 14:07:53,448 [INFO] PluginManager:220 - loadIPPluginJar : add pdm2pcm
2024-01-03 14:07:53,451 [INFO] IPUIPlugin:80 - create IPUIPlugin
2024-01-03 14:07:53,451 [INFO] PluginManager:220 - loadIPPluginJar : add cryp
2024-01-03 14:07:53,453 [INFO] IPUIPlugin:80 - create IPUIPlugin
2024-01-03 14:07:53,453 [INFO] PluginManager:220 - loadIPPluginJar : add tim
2024-01-03 14:07:53,455 [INFO] IPUIPlugin:80 - create IPUIPlugin
2024-01-03 14:07:53,456 [INFO] PluginManager:220 - loadIPPluginJar : add spi
2024-01-03 14:07:53,462 [INFO] IPUIPlugin:80 - create IPUIPlugin
2024-01-03 14:07:53,463 [INFO] PluginManager:220 - loadIPPluginJar : add mdma
2024-01-03 14:07:53,465 [INFO] IPUIPlugin:80 - create IPUIPlugin
2024-01-03 14:07:53,465 [INFO] PluginManager:220 - loadIPPluginJar : add aes
2024-01-03 14:07:53,467 [INFO] IPUIPlugin:80 - create IPUIPlugin
2024-01-03 14:07:53,467 [INFO] PluginManager:220 - loadIPPluginJar : add gfxmmu
2024-01-03 14:07:53,469 [INFO] IPUIPlugin:80 - create IPUIPlugin
2024-01-03 14:07:53,469 [INFO] PluginManager:220 - loadIPPluginJar : add ucpd
2024-01-03 14:07:53,470 [INFO] IPUIPlugin:80 - create IPUIPlugin
2024-01-03 14:07:53,470 [INFO] PluginManager:220 - loadIPPluginJar : add quadspi
2024-01-03 14:07:53,471 [INFO] IPUIPlugin:80 - create IPUIPlugin
2024-01-03 14:07:53,472 [INFO] PluginManager:220 - loadIPPluginJar : add tracer_emb
2024-01-03 14:07:53,474 [INFO] IPUIPlugin:80 - create IPUIPlugin
2024-01-03 14:07:53,474 [INFO] PluginManager:220 - loadIPPluginJar : add dfsdm
2024-01-03 14:07:53,478 [INFO] IPUIPlugin:80 - create IPUIPlugin
2024-01-03 14:07:53,478 [INFO] PluginManager:220 - loadIPPluginJar : add sai
2024-01-03 14:07:53,481 [INFO] IPUIPlugin:80 - create IPUIPlugin
2024-01-03 14:07:53,481 [INFO] PluginManager:220 - loadIPPluginJar : add lorawan
2024-01-03 14:07:53,484 [INFO] IPUIPlugin:80 - create IPUIPlugin
2024-01-03 14:07:53,484 [INFO] PluginManager:220 - loadIPPluginJar : add usbx
2024-01-03 14:07:53,493 [INFO] IPUIPlugin:80 - create IPUIPlugin
2024-01-03 14:07:53,493 [INFO] PluginManager:220 - loadIPPluginJar : add linkedlist
2024-01-03 14:07:53,494 [INFO] IPUIPlugin:80 - create IPUIPlugin
2024-01-03 14:07:53,494 [INFO] PluginManager:220 - loadIPPluginJar : add ltdc
2024-01-03 14:07:53,498 [INFO] IPUIPlugin:80 - create IPUIPlugin
2024-01-03 14:07:53,498 [INFO] PluginManager:220 - loadIPPluginJar : add nvic
2024-01-03 14:07:53,501 [INFO] IPUIPlugin:80 - create IPUIPlugin
2024-01-03 14:07:53,502 [INFO] PluginManager:220 - loadIPPluginJar : add gtzc
2024-01-03 14:07:53,508 [INFO] IPUIPlugin:80 - create IPUIPlugin
2024-01-03 14:07:53,508 [INFO] PluginManager:220 - loadIPPluginJar : add freertos
2024-01-03 14:07:53,516 [INFO] IPUIPlugin:80 - create IPUIPlugin
2024-01-03 14:07:53,516 [INFO] PluginManager:220 - loadIPPluginJar : add dma
2024-01-03 14:07:53,518 [INFO] IPUIPlugin:80 - create IPUIPlugin
2024-01-03 14:07:53,518 [INFO] PluginManager:220 - loadIPPluginJar : add tsc
2024-01-03 14:07:53,520 [INFO] IPUIPlugin:80 - create IPUIPlugin
2024-01-03 14:07:53,521 [INFO] PluginManager:220 - loadIPPluginJar : add usart
2024-01-03 14:07:53,522 [INFO] IPUIPlugin:80 - create IPUIPlugin
2024-01-03 14:07:53,522 [INFO] PluginManager:220 - loadIPPluginJar : add comp
2024-01-03 14:07:53,524 [INFO] IPUIPlugin:80 - create IPUIPlugin
2024-01-03 14:07:53,524 [INFO] PluginManager:220 - loadIPPluginJar : add i2s
2024-01-03 14:07:53,526 [INFO] IPUIPlugin:80 - create IPUIPlugin
2024-01-03 14:07:53,526 [INFO] PluginManager:220 - loadIPPluginJar : add i2c
2024-01-03 14:07:53,528 [INFO] IPUIPlugin:80 - create IPUIPlugin
2024-01-03 14:07:53,528 [INFO] PluginManager:220 - loadIPPluginJar : add i3c
2024-01-03 14:07:53,532 [INFO] IPUIPlugin:80 - create IPUIPlugin
2024-01-03 14:07:53,532 [INFO] PluginManager:220 - loadIPPluginJar : add resmgrutility
2024-01-03 14:07:53,536 [INFO] IPUIPlugin:80 - create IPUIPlugin
2024-01-03 14:07:53,537 [INFO] PluginManager:220 - loadIPPluginJar : add stm32_wpan
2024-01-03 14:07:53,539 [INFO] IPUIPlugin:80 - create IPUIPlugin
2024-01-03 14:07:53,539 [INFO] PluginManager:220 - loadIPPluginJar : add dma3
2024-01-03 14:07:53,541 [INFO] IPUIPlugin:80 - create IPUIPlugin
2024-01-03 14:07:53,541 [INFO] PluginManager:220 - loadIPPluginJar : add touchsensing
2024-01-03 14:07:53,544 [INFO] IPUIPlugin:80 - create IPUIPlugin
2024-01-03 14:07:53,544 [INFO] PluginManager:220 - loadIPPluginJar : add can
2024-01-03 14:07:53,548 [INFO] IPUIPlugin:80 - create IPUIPlugin
2024-01-03 14:07:53,548 [INFO] PluginManager:220 - loadIPPluginJar : add fmc
2024-01-03 14:07:53,553 [INFO] IPUIPlugin:80 - create IPUIPlugin
2024-01-03 14:07:53,554 [INFO] PluginManager:220 - loadIPPluginJar : add gic
2024-01-03 14:07:53,555 [INFO] IPUIPlugin:80 - create IPUIPlugin
2024-01-03 14:07:53,555 [INFO] PluginManager:220 - loadIPPluginJar : add ts
2024-01-03 14:07:53,558 [INFO] IPUIPlugin:80 - create IPUIPlugin
2024-01-03 14:07:53,558 [INFO] PluginManager:220 - loadIPPluginJar : add opamp
2024-01-03 14:07:53,562 [INFO] IPUIPlugin:80 - create IPUIPlugin
2024-01-03 14:07:53,562 [INFO] PluginManager:220 - loadIPPluginJar : add gpio
2024-01-03 14:07:53,567 [INFO] IPUIPlugin:80 - create IPUIPlugin
2024-01-03 14:07:53,567 [INFO] PluginManager:220 - loadIPPluginJar : add openamp
2024-01-03 14:07:53,572 [INFO] IPUIPlugin:80 - create IPUIPlugin
2024-01-03 14:07:53,572 [INFO] PluginManager:220 - loadIPPluginJar : add adc
2024-01-03 14:07:53,669 [INFO] CADModel:165 - CPN selected for project level
2024-01-03 14:07:53,669 [INFO] CADModel:114 - Register for checkConnection events
2024-01-03 14:07:53,669 [FATAL] Updater:308 - Updater called before beeing initialized
2024-01-03 14:07:53,669 [ERROR] CADModel:125 - Updater not yet initialized, retry later 
2024-01-03 14:07:53,799 [INFO] CADModel:165 - CPN selected for project level
2024-01-03 14:07:53,799 [INFO] CADModel:114 - Register for checkConnection events
2024-01-03 14:07:53,799 [FATAL] Updater:308 - Updater called before beeing initialized
2024-01-03 14:07:53,799 [ERROR] CADModel:125 - Updater not yet initialized, retry later 
2024-01-03 14:07:53,802 [FATAL] Updater:308 - Updater called before beeing initialized
2024-01-03 14:07:53,881 [FATAL] Updater:308 - Updater called before beeing initialized
2024-01-03 14:07:53,886 [INFO] DbMcusAds:53 - JSON generation date=Wed Nov 29 16:22:27 IST 2023 (1701255147349)
2024-01-03 14:07:53,886 [FATAL] Updater:308 - Updater called before beeing initialized
2024-01-03 14:07:53,919 [WARN] DetailPanel:346 - Failed to get advertising image, set to default
2024-01-03 14:07:54,002 [FATAL] Updater:308 - Updater called before beeing initialized
2024-01-03 14:07:54,003 [FATAL] Updater:308 - Updater called before beeing initialized
2024-01-03 14:07:54,003 [FATAL] Updater:308 - Updater called before beeing initialized
2024-01-03 14:07:54,004 [WARN] DetailPanel:346 - Failed to get advertising image, set to default
2024-01-03 14:07:54,004 [FATAL] Updater:308 - Updater called before beeing initialized
2024-01-03 14:07:54,033 [ERROR] Updater:1120 - MainUpdater not yet initialized. External WinMGr cannot be set.
2024-01-03 14:07:54,034 [INFO] Updater:1056 - Updater Version found : 6.9.0
2024-01-03 14:07:54,051 [INFO] ApplicationProperties:184 - Using Application install path: /opt/st/stm32cubeide_1.13.0/plugins/com.st.stm32cube.common.mx_6.9.0.202307051724
2024-01-03 14:07:54,282 [INFO] MainUpdater:2868 - connection check result : 10
2024-01-03 14:07:54,283 [INFO] MainUpdater:285 - Updater Check For Update Now.
2024-01-03 14:07:54,283 [INFO] MicroXplorer:498 - Change Database Version : DB.6.0.90
2024-01-03 14:07:54,447 [INFO] CheckServerUpdateThread:120 - End of CheckServer Thread
2024-01-03 14:07:54,492 [INFO] MainUpdater:2868 - connection check result : 10
2024-01-03 14:07:54,494 [INFO] MainUpdater:2868 - connection check result : 10
2024-01-03 14:07:56,042 [WARN] PackLoader:240 - Cannot read IP mode file for STMicroelectronics.X-CUBE-SMBUS.2.1.0
2024-01-03 14:07:56,047 [WARN] PackLoader:240 - Cannot read IP mode file for STMicroelectronics.X-CUBE-TOUCHGFX.4.23.0
2024-01-03 14:07:56,089 [WARN] PackLoader:240 - Cannot read IP mode file for STMicroelectronics.X-CUBE-AZRTOS-F7.1.1.0
2024-01-03 14:07:56,103 [WARN] PackLoader:240 - Cannot read IP mode file for STMicroelectronics.FP-SNS-MOTENV1.4.3.2
2024-01-03 14:07:56,110 [WARN] PackLoader:240 - Cannot read IP mode file for STMicroelectronics.FP-SNS-FLIGHT1.5.0.1
2024-01-03 14:07:56,117 [WARN] PackLoader:240 - Cannot read IP mode file for STMicroelectronics.X-CUBE-BLE1.6.2.4
2024-01-03 14:07:56,122 [WARN] PackLoader:240 - Cannot read IP mode file for STMicroelectronics.FP-SNS-FLIGHT1.5.0.2
2024-01-03 14:07:56,131 [WARN] PackLoader:240 - Cannot read IP mode file for STMicroelectronics.X-CUBE-DISPLAY.3.0.0
2024-01-03 14:07:56,143 [WARN] PackLoader:240 - Cannot read IP mode file for STMicroelectronics.X-CUBE-BLE1.7.0.0
2024-01-03 14:07:56,148 [WARN] PackLoader:240 - Cannot read IP mode file for emotas.I-CUBE-CANOPEN.1.3.0
2024-01-03 14:07:56,152 [WARN] PackLoader:240 - Cannot read IP mode file for STMicroelectronics.X-CUBE-TOUCHGFX.4.22.0
2024-01-03 14:07:56,187 [WARN] PackLoader:240 - Cannot read IP mode file for STMicroelectronics.X-CUBE-TOUCHGFX.4.22.1
2024-01-03 14:07:56,195 [WARN] PackLoader:240 - Cannot read IP mode file for STMicroelectronics.FP-SNS-SMARTAG2.1.2.0
2024-01-03 14:07:56,231 [INFO] LogOutputStream:77 - [STDOUT_REDIRECT] 1 : Invalid condition id : UX_CORESTACK_Condition cause : null
2024-01-03 14:07:56,231 [INFO] LogOutputStream:77 - [STDOUT_REDIRECT] 1 : Invalid condition id : UX_CORESTACK_Condition cause : null
2024-01-03 14:07:56,231 [INFO] LogOutputStream:77 - [STDOUT_REDIRECT] 1 : Invalid condition id : UX_CORESTACK_Condition cause : null
2024-01-03 14:07:56,232 [INFO] LogOutputStream:77 - [STDOUT_REDIRECT] 1 : Invalid condition id : UX_CORESTACK_Condition cause : null
2024-01-03 14:07:56,232 [INFO] LogOutputStream:77 - [STDOUT_REDIRECT] 1 : Invalid condition id : UX_CORESTACK_Condition cause : null
2024-01-03 14:07:56,238 [WARN] PackLoader:240 - Cannot read IP mode file for STMicroelectronics.X-CUBE-AZRTOS-WL.2.0.0
2024-01-03 14:07:56,247 [WARN] PackLoader:240 - Cannot read IP mode file for WES.I-CUBE-Cesium.1.3.0
2024-01-03 14:07:56,251 [WARN] PackLoader:240 - Cannot read IP mode file for STMicroelectronics.X-CUBE-BLE2.3.3.0
2024-01-03 14:07:56,261 [WARN] PackLoader:240 - Cannot read IP mode file for STMicroelectronics.X-CUBE-ALGOBUILD.1.3.0
2024-01-03 14:07:56,288 [WARN] PackLoader:240 - Cannot read IP mode file for STMicroelectronics.X-CUBE-AZRTOS-G0.1.1.0
2024-01-03 14:07:56,297 [WARN] PackLoader:240 - Cannot read IP mode file for STMicroelectronics.X-CUBE-NFC4.3.0.0
2024-01-03 14:07:56,309 [WARN] PackLoader:240 - Cannot read IP mode file for STMicroelectronics.X-CUBE-BLEMGR.3.0.0
2024-01-03 14:07:56,316 [WARN] PackLoader:240 - Cannot read IP mode file for STMicroelectronics.FP-ATR-SIGFOX1.3.2.0
2024-01-03 14:07:56,361 [WARN] PackLoader:240 - Cannot read IP mode file for SEGGER.I-CUBE-embOS.1.3.1
2024-01-03 14:07:56,409 [WARN] PackLoader:240 - Cannot read IP mode file for STMicroelectronics.X-CUBE-GNSS1.6.0.0
2024-01-03 14:07:56,430 [WARN] PackLoader:240 - Cannot read IP mode file for STMicroelectronics.X-CUBE-AZRTOS-F4.1.1.0
2024-01-03 14:07:56,436 [WARN] PackLoader:240 - Cannot read IP mode file for wolfSSL.I-CUBE-wolfSSL.5.6.3
2024-01-03 14:07:56,456 [WARN] PackLoader:240 - Cannot read IP mode file for STMicroelectronics.X-CUBE-AZRTOS-L5.2.0.0
2024-01-03 14:07:56,494 [WARN] PackLoader:240 - Cannot read IP mode file for STMicroelectronics.X-CUBE-MEMS1.9.6.0
2024-01-03 14:07:56,624 [WARN] PackLoader:240 - Cannot read IP mode file for STMicroelectronics.X-CUBE-EEPRMA1.4.2.0
2024-01-03 14:07:56,628 [WARN] PackLoader:240 - Cannot read IP mode file for ITTIA_DB.I-CUBE-ITTIADB.8.8.0
2024-01-03 14:07:56,632 [WARN] PackLoader:240 - Cannot read IP mode file for STMicroelectronics.X-CUBE-BLEMGR.2.0.0
2024-01-03 14:07:56,649 [WARN] ConditionMgr:438 - getConditionDescription Invalid condition id : UX DEVICE CLASS RTOS Condition cause : null
2024-01-03 14:07:56,649 [WARN] ConditionMgr:438 - getConditionDescription Invalid condition id : UX DEVICE CLASS RTOS Condition cause : null
2024-01-03 14:07:56,651 [WARN] PackLoader:240 - Cannot read IP mode file for STMicroelectronics.X-CUBE-AZRTOS-H7.3.1.0
2024-01-03 14:07:56,652 [WARN] ConditionMgr:1039 - genDependencies : Invalid condition id : UX DEVICE CLASS RTOS Condition cause : null
2024-01-03 14:07:56,652 [WARN] ConditionMgr:1039 - genDependencies : Invalid condition id : UX DEVICE CLASS RTOS Condition cause : null
2024-01-03 14:07:56,653 [WARN] ConditionMgr:1039 - genDependencies : Invalid condition id : UX DEVICE CLASS RTOS Condition cause : null
2024-01-03 14:07:56,653 [WARN] ConditionMgr:1039 - genDependencies : Invalid condition id : UX DEVICE CLASS RTOS Condition cause : null
2024-01-03 14:07:56,653 [WARN] ConditionMgr:1039 - genDependencies : Invalid condition id : UX DEVICE CLASS RTOS Condition cause : null
2024-01-03 14:07:56,657 [WARN] PackLoader:240 - Cannot read IP mode file for STMicroelectronics.X-CUBE-NFC7.1.0.1
2024-01-03 14:07:56,662 [WARN] PackLoader:240 - Cannot read IP mode file for STMicroelectronics.X-CUBE-NFC6.3.0.0
2024-01-03 14:07:56,666 [WARN] PackLoader:240 - Cannot read IP mode file for STMicroelectronics.X-CUBE-EEPRMA1.4.1.0
2024-01-03 14:07:56,670 [WARN] PackLoader:240 - Cannot read IP mode file for STMicroelectronics.X-CUBE-AI.8.1.0
2024-01-03 14:07:56,684 [WARN] ConditionMgr:438 - getConditionDescription Invalid condition id : LAN8742 Phy interface Condition cause : null
2024-01-03 14:07:56,685 [WARN] PackLoader:240 - Cannot read IP mode file for STMicroelectronics.X-CUBE-AZRTOS-L4.2.0.0
2024-01-03 14:07:56,686 [WARN] ConditionMgr:1039 - genDependencies : Invalid condition id : LAN8742 Phy interface Condition cause : null
2024-01-03 14:07:56,686 [WARN] ConditionMgr:1039 - genDependencies : Invalid condition id : LAN8742 Phy interface Condition cause : null
2024-01-03 14:07:56,687 [WARN] ConditionMgr:1039 - genDependencies : Invalid condition id : LAN8742 Phy interface Condition cause : null
2024-01-03 14:07:56,692 [WARN] PackLoader:240 - Cannot read IP mode file for STMicroelectronics.X-CUBE-SFXS2LP1.4.0.0
2024-01-03 14:07:56,696 [WARN] PackLoader:240 - Cannot read IP mode file for STMicroelectronics.X-CUBE-ISPU.1.1.0
2024-01-03 14:07:56,708 [WARN] ConditionMgr:438 - getConditionDescription Invalid condition id : UX DEVICE CLASS RTOS Condition cause : null
2024-01-03 14:07:56,708 [WARN] ConditionMgr:438 - getConditionDescription Invalid condition id : UX DEVICE CLASS RTOS Condition cause : null
2024-01-03 14:07:56,710 [WARN] PackLoader:240 - Cannot read IP mode file for STMicroelectronics.X-CUBE-AZRTOS-WB.2.0.0
2024-01-03 14:07:56,711 [WARN] ConditionMgr:1039 - genDependencies : Invalid condition id : UX DEVICE CLASS RTOS Condition cause : null
2024-01-03 14:07:56,711 [WARN] ConditionMgr:1039 - genDependencies : Invalid condition id : UX DEVICE CLASS RTOS Condition cause : null
2024-01-03 14:07:56,711 [WARN] ConditionMgr:1039 - genDependencies : Invalid condition id : UX DEVICE CLASS RTOS Condition cause : null
2024-01-03 14:07:56,711 [WARN] ConditionMgr:1039 - genDependencies : Invalid condition id : UX DEVICE CLASS RTOS Condition cause : null
2024-01-03 14:07:56,711 [WARN] ConditionMgr:1039 - genDependencies : Invalid condition id : UX DEVICE CLASS RTOS Condition cause : null
2024-01-03 14:07:56,715 [WARN] PackLoader:240 - Cannot read IP mode file for STMicroelectronics.X-CUBE-FREERTOS.1.0.1
2024-01-03 14:07:56,729 [WARN] PackLoader:240 - Cannot read IP mode file for STMicroelectronics.X-CUBE-AZRTOS-L5.1.1.0
2024-01-03 14:07:56,733 [WARN] PackLoader:240 - Cannot read IP mode file for STMicroelectronics.X-CUBE-AI.8.0.1
2024-01-03 14:07:56,740 [WARN] PackLoader:240 - Cannot read IP mode file for STMicroelectronics.X-CUBE-SUBG2.5.0.0
2024-01-03 14:07:56,759 [WARN] PackLoader:240 - Cannot read IP mode file for STMicroelectronics.X-CUBE-TOF1.3.3.1
2024-01-03 14:07:56,780 [WARN] PackLoader:240 - Cannot read IP mode file for STMicroelectronics.X-CUBE-AZRTOS-G4.2.0.0
2024-01-03 14:07:56,792 [WARN] PackLoader:240 - Cannot read IP mode file for Infineon.AIROC-Wi-Fi-Bluetooth-STM32.1.5.1
2024-01-03 14:07:56,797 [WARN] PackLoader:240 - Cannot read IP mode file for STMicroelectronics.FP-SNS-MOTENVWB1.1.3.0
2024-01-03 14:07:56,800 [WARN] PackLoader:240 - Cannot read IP mode file for STMicroelectronics.FP-SNS-MOTENVWB1.1.3.1
2024-01-03 14:07:56,802 [WARN] PackLoader:240 - Cannot read IP mode file for STMicroelectronics.X-CUBE-ISPU.2.0.0
2024-01-03 14:07:56,841 [WARN] PackLoader:240 - Cannot read IP mode file for STMicroelectronics.X-CUBE-MEMS1.10.0.0
2024-01-03 14:07:56,949 [WARN] PackLoader:240 - Cannot read IP mode file for STMicroelectronics.X-CUBE-FREERTOS.1.1.0
2024-01-03 14:07:56,954 [WARN] PackLoader:240 - Cannot read IP mode file for portGmbH.I-Cube-SoM-uGOAL.1.1.0
2024-01-03 14:07:56,956 [WARN] PackLoader:240 - Cannot read IP mode file for STMicroelectronics.X-CUBE-ALS.1.0.1
2024-01-03 14:07:56,966 [WARN] PackLoader:240 - Cannot read IP mode file for STMicroelectronics.X-CUBE-AZRTOS-WB.1.1.0
2024-01-03 14:07:56,969 [WARN] PackLoader:240 - Cannot read IP mode file for STMicroelectronics.FP-ATR-ASTRA1.2.0.0
2024-01-03 14:07:56,977 [WARN] PackLoader:240 - Cannot read IP mode file for STMicroelectronics.X-CUBE-TOF1.3.4.0
2024-01-03 14:07:57,007 [WARN] PackLoader:240 - Cannot read IP mode file for STMicroelectronics.X-CUBE-AZRTOS-H7.3.2.0
2024-01-03 14:07:57,011 [INFO] ThirdParty:978 - Integrity check success = true
2024-01-03 14:07:57,011 [INFO] IntegrityCheckThread:100 - exiting critical section [integrity check]
2024-01-03 14:07:57,011 [INFO] IntegrityCheckThread:103 - End integrity checks thread
2024-01-03 16:00:27,807 [ERROR] LogOutputStream:75 - [STDERR_REDIRECT] Jan 03, 2024 3:59:11 PM java.util.prefs.FileSystemPreferences syncWorld
2024-01-03 16:00:28,527 [ERROR] LogOutputStream:75 - [STDERR_REDIRECT] WARNING: Couldn't flush user prefs: java.util.prefs.BackingStoreException: Couldn't get file lock.
2024-01-03 16:00:28,663 [ERROR] LogOutputStream:75 - [STDERR_REDIRECT] 
2024-01-03 16:10:47,086 [INFO] Activator:176 - 


2024-01-03 16:10:47,089 [INFO] Activator:177 - !SESSION log4j initialized
2024-01-03 16:10:49,243 [INFO] ApplicationProperties:184 - Using Application install path: /opt/st/stm32cubeide_1.13.0/plugins/com.st.stm32cube.common.mx_6.9.0.202307051724
2024-01-03 16:10:49,263 [INFO] DbMcusXml:78 - Set database path to: /opt/st/stm32cubeide_1.13.0/plugins/com.st.stm32cube.common.mx_6.9.0.202307051724//db//mcu/
2024-01-03 16:10:49,263 [INFO] ApiDb:274 - Set plugin database path to: /opt/st/stm32cubeide_1.13.0/plugins/com.st.stm32cube.common.mx_6.9.0.202307051724//db//plugins/boardmanager/
2024-01-03 16:10:49,263 [WARN] ApiDb:259 - Overriding images path with different value:  => /opt/st/stm32cubeide_1.13.0/plugins/com.st.stm32cube.common.mx_6.9.0.202307051724//db//plugins/mcufinder/images/
2024-01-03 16:10:49,275 [INFO] ApiDb:250 - Set database path to: /home/manjunath/.stmcufinder/plugins/mcufinder//mcu/
2024-01-03 16:10:49,277 [INFO] DbMcusAds:125 - Set database path to: /home/manjunath/.stmcufinder/plugins/mcufinder//mcu/
2024-01-03 16:10:49,979 [INFO] CrossReferenceDbSqlite:203 - Set database path to: /home/manjunath/.stmcufinder/plugins/mcufinder//mcu/cs/
2024-01-03 16:10:50,136 [INFO] RulesReader:64 - Compatibility file has been processed (293 Rules)
2024-01-03 16:10:50,218 [INFO] DbMcusXml:78 - Set database path to: /opt/st/stm32cubeide_1.13.0/plugins/com.st.stm32cube.common.mx_6.9.0.202307051724//db//mcu/
2024-01-03 16:10:50,218 [INFO] ApiDb:274 - Set plugin database path to: /opt/st/stm32cubeide_1.13.0/plugins/com.st.stm32cube.common.mx_6.9.0.202307051724//db//plugins/boardmanager/
2024-01-03 16:10:50,219 [INFO] ApiDb:261 - Set plugin images path to: /opt/st/stm32cubeide_1.13.0/plugins/com.st.stm32cube.common.mx_6.9.0.202307051724//db//plugins/mcufinder/images/
2024-01-03 16:10:50,219 [WARN] DbFile:41 - Overriding database path with different value: /home/manjunath/.stmcufinder/plugins/mcufinder/ => /home/manjunath/.stmcufinder/plugins/mcufinder
2024-01-03 16:10:50,219 [INFO] ApiDb:250 - Set database path to: /home/manjunath/.stmcufinder/plugins/mcufinder//mcu/
2024-01-03 16:10:50,219 [WARN] DbFile:41 - Overriding database path with different value: /home/manjunath/.stmcufinder/plugins/mcufinder/ => /home/manjunath/.stmcufinder/plugins/mcufinder
2024-01-03 16:10:50,219 [INFO] DbMcusAds:125 - Set database path to: /home/manjunath/.stmcufinder/plugins/mcufinder//mcu/
2024-01-03 16:10:50,219 [WARN] DbFile:41 - Overriding database path with different value: /home/manjunath/.stmcufinder/plugins/mcufinder/ => /home/manjunath/.stmcufinder/plugins/mcufinder
2024-01-03 16:10:50,219 [WARN] DbFile:41 - Overriding database path with different value: /home/manjunath/.stmcufinder/plugins/mcufinder/ => /home/manjunath/.stmcufinder/plugins/mcufinder
2024-01-03 16:10:50,220 [INFO] CrossReferenceDbSqlite:203 - Set database path to: /home/manjunath/.stmcufinder/plugins/mcufinder//mcu/cs/
2024-01-03 16:10:50,302 [INFO] MainPanel:262 - HeapMemory: 268435456
2024-01-03 16:10:50,395 [INFO] DbMcusXml:78 - Set database path to: /opt/st/stm32cubeide_1.13.0/plugins/com.st.stm32cube.common.mx_6.9.0.202307051724//db//mcu/
2024-01-03 16:10:50,395 [INFO] ApiDb:274 - Set plugin database path to: /opt/st/stm32cubeide_1.13.0/plugins/com.st.stm32cube.common.mx_6.9.0.202307051724//db//plugins/boardmanager/
2024-01-03 16:10:50,395 [INFO] ApiDb:261 - Set plugin images path to: /opt/st/stm32cubeide_1.13.0/plugins/com.st.stm32cube.common.mx_6.9.0.202307051724//db//plugins/mcufinder/images/
2024-01-03 16:10:50,396 [WARN] DbFile:41 - Overriding database path with different value: /home/manjunath/.stmcufinder/plugins/mcufinder/ => /home/manjunath/.stmcufinder/plugins/mcufinder
2024-01-03 16:10:50,396 [INFO] ApiDb:250 - Set database path to: /home/manjunath/.stmcufinder/plugins/mcufinder//mcu/
2024-01-03 16:10:50,396 [WARN] DbFile:41 - Overriding database path with different value: /home/manjunath/.stmcufinder/plugins/mcufinder/ => /home/manjunath/.stmcufinder/plugins/mcufinder
2024-01-03 16:10:50,396 [INFO] DbMcusAds:125 - Set database path to: /home/manjunath/.stmcufinder/plugins/mcufinder//mcu/
2024-01-03 16:10:50,396 [WARN] DbFile:41 - Overriding database path with different value: /home/manjunath/.stmcufinder/plugins/mcufinder/ => /home/manjunath/.stmcufinder/plugins/mcufinder
2024-01-03 16:10:50,396 [WARN] DbFile:41 - Overriding database path with different value: /home/manjunath/.stmcufinder/plugins/mcufinder/ => /home/manjunath/.stmcufinder/plugins/mcufinder
2024-01-03 16:10:50,396 [INFO] CrossReferenceDbSqlite:203 - Set database path to: /home/manjunath/.stmcufinder/plugins/mcufinder//mcu/cs/
2024-01-03 16:10:50,409 [INFO] ApplicationProperties:184 - Using Application install path: /opt/st/stm32cubeide_1.13.0/plugins/com.st.stm32cube.common.mx_6.9.0.202307051724
2024-01-03 16:10:50,411 [INFO] PluginManage:196 - Search for loadable plugins [exclusion list=, ]
2024-01-03 16:10:50,412 [INFO] PluginManage:310 - Check plugin analytics
2024-01-03 16:10:50,713 [INFO] AnalyticsPlugin:253 - Accepted Software Licenses: 
2024-01-03 16:10:50,713 [INFO] AnalyticsPlugin:255 - Accepted CMSIS Pack Licenses: 
2024-01-03 16:10:50,713 [INFO] AnalyticsPlugin:257 - Accepted Firmware Licenses: FW.F4.1.27.0
2024-01-03 16:10:50,716 [INFO] PluginManage:359 - Loaded plugin analytics (category:tool,tabindex:-1)
2024-01-03 16:10:50,717 [INFO] PluginManage:310 - Check plugin cadmodel
2024-01-03 16:10:50,762 [INFO] CADModel:105 - Init CAD model plugin
2024-01-03 16:10:50,763 [INFO] PluginManage:359 - Loaded plugin cadmodel (category:power,tabindex:5)
2024-01-03 16:10:50,763 [INFO] PluginManage:310 - Check plugin clock
2024-01-03 16:10:50,782 [INFO] PluginManage:359 - Loaded plugin clock (category:base,tabindex:2)
2024-01-03 16:10:50,783 [INFO] PluginManage:310 - Check plugin ddr
2024-01-03 16:10:50,786 [INFO] PluginManage:359 - Loaded plugin ddr (category:tool,tabindex:6)
2024-01-03 16:10:50,786 [INFO] PluginManage:310 - Check plugin filemanager
2024-01-03 16:10:51,023 [INFO] PluginManage:359 - Loaded plugin filemanager (category:base,tabindex:10)
2024-01-03 16:10:51,024 [INFO] PluginManage:310 - Check plugin ipmanager
2024-01-03 16:10:51,031 [INFO] PluginManage:359 - Loaded plugin ipmanager (category:base,tabindex:5)
2024-01-03 16:10:51,031 [INFO] PluginManage:310 - Check plugin lpbam
2024-01-03 16:10:51,043 [INFO] PluginManage:359 - Loaded plugin lpbam (category:base,tabindex:0)
2024-01-03 16:10:51,044 [INFO] PluginManage:310 - Check plugin memorymap
2024-01-03 16:10:51,059 [INFO] PluginManage:359 - Loaded plugin memorymap (category:base,tabindex:4)
2024-01-03 16:10:51,059 [INFO] PluginManage:310 - Check plugin pinoutandconfiguration
2024-01-03 16:10:51,073 [INFO] PluginManage:359 - Loaded plugin pinoutandconfiguration (category:base,tabindex:1)
2024-01-03 16:10:51,073 [INFO] PluginManage:310 - Check plugin pinoutconfig
2024-01-03 16:10:51,220 [WARN] SupportedApi:132 - Cannot load RTOS API schema: s4s-elt-must-match.1: The content of 'definitions' must match (annotation?, (simpleType | complexType)?, (unique | key | keyref)*)). A problem was found starting at: attribute.
2024-01-03 16:10:51,394 [INFO] PluginManage:359 - Loaded plugin pinoutconfig (category:base,tabindex:0)
2024-01-03 16:10:51,394 [INFO] PluginManage:310 - Check plugin power
2024-01-03 16:10:51,417 [INFO] PluginManage:359 - Loaded plugin power (category:power,tabindex:4)
2024-01-03 16:10:51,418 [INFO] PluginManage:310 - Check plugin projectmanager
2024-01-03 16:10:51,435 [INFO] PluginManage:359 - Loaded plugin projectmanager (category:projectmanager,tabindex:3)
2024-01-03 16:10:51,435 [INFO] PluginManage:310 - Check plugin thirdparty
2024-01-03 16:10:51,573 [INFO] PluginManage:359 - Loaded plugin thirdparty (category:base,tabindex:-1)
2024-01-03 16:10:51,574 [INFO] PluginManage:310 - Check plugin tools
2024-01-03 16:10:51,573 [WARN] IntegrityCheckThread:84 - waiting for thirdparty lock release [integrity check]
2024-01-03 16:10:51,574 [INFO] IntegrityCheckThread:86 - entering critical section [integrity check]
2024-01-03 16:10:51,574 [INFO] ThirdPartyUpdaterWithRetryManager:70 - Updater plugin not ready yet. [1/15]
2024-01-03 16:10:51,576 [INFO] PluginManage:359 - Loaded plugin tools (category:base,tabindex:7)
2024-01-03 16:10:51,577 [INFO] PluginManage:310 - Check plugin tutovideos
2024-01-03 16:10:51,770 [INFO] PluginManage:359 - Loaded plugin tutovideos (category:base,tabindex:-1)
2024-01-03 16:10:51,771 [INFO] PluginManage:310 - Check plugin updater
2024-01-03 16:10:51,789 [INFO] PluginManage:359 - Loaded plugin updater (category:base,tabindex:12)
2024-01-03 16:10:51,790 [INFO] PluginManage:310 - Check plugin userauth
2024-01-03 16:10:51,796 [INFO] UserAuth:113 - Init User Auth plugin
2024-01-03 16:10:51,796 [INFO] PluginManage:359 - Loaded plugin userauth (category:base,tabindex:14)
2024-01-03 16:10:51,797 [INFO] PluginManage:283 - PluginManage : Loaded plugins [17]
2024-01-03 16:10:52,014 [INFO] PinOutPanel:1499 - setPackage(No Configuration,No Configuration)
2024-01-03 16:10:52,107 [INFO] CADModel:165 - CPN selected for project level
2024-01-03 16:10:52,107 [INFO] CADModel:114 - Register for checkConnection events
2024-01-03 16:10:52,121 [INFO] IPUIPlugin:80 - create IPUIPlugin
2024-01-03 16:10:52,122 [INFO] PluginManager:220 - loadIPPluginJar : add hash
2024-01-03 16:10:52,126 [INFO] IPUIPlugin:80 - create IPUIPlugin
2024-01-03 16:10:52,126 [INFO] PluginManager:220 - loadIPPluginJar : add ipddr
2024-01-03 16:10:52,128 [INFO] IPUIPlugin:80 - create IPUIPlugin
2024-01-03 16:10:52,128 [INFO] PluginManager:220 - loadIPPluginJar : add genericplugin
2024-01-03 16:10:52,130 [INFO] IPUIPlugin:80 - create IPUIPlugin
2024-01-03 16:10:52,130 [INFO] PluginManager:220 - loadIPPluginJar : add fatfs
2024-01-03 16:10:52,138 [INFO] IPUIPlugin:80 - create IPUIPlugin
2024-01-03 16:10:52,141 [INFO] PluginManager:220 - loadIPPluginJar : add plateformsettings
2024-01-03 16:10:52,144 [INFO] IPUIPlugin:80 - create IPUIPlugin
2024-01-03 16:10:52,145 [INFO] PluginManager:220 - loadIPPluginJar : add pdm2pcm
2024-01-03 16:10:52,148 [INFO] IPUIPlugin:80 - create IPUIPlugin
2024-01-03 16:10:52,148 [INFO] PluginManager:220 - loadIPPluginJar : add cryp
2024-01-03 16:10:52,150 [INFO] IPUIPlugin:80 - create IPUIPlugin
2024-01-03 16:10:52,150 [INFO] PluginManager:220 - loadIPPluginJar : add tim
2024-01-03 16:10:52,153 [INFO] IPUIPlugin:80 - create IPUIPlugin
2024-01-03 16:10:52,153 [INFO] PluginManager:220 - loadIPPluginJar : add spi
2024-01-03 16:10:52,161 [INFO] IPUIPlugin:80 - create IPUIPlugin
2024-01-03 16:10:52,162 [INFO] PluginManager:220 - loadIPPluginJar : add mdma
2024-01-03 16:10:52,164 [INFO] IPUIPlugin:80 - create IPUIPlugin
2024-01-03 16:10:52,165 [INFO] PluginManager:220 - loadIPPluginJar : add aes
2024-01-03 16:10:52,168 [INFO] IPUIPlugin:80 - create IPUIPlugin
2024-01-03 16:10:52,168 [INFO] PluginManager:220 - loadIPPluginJar : add gfxmmu
2024-01-03 16:10:52,170 [INFO] IPUIPlugin:80 - create IPUIPlugin
2024-01-03 16:10:52,170 [INFO] PluginManager:220 - loadIPPluginJar : add ucpd
2024-01-03 16:10:52,171 [INFO] IPUIPlugin:80 - create IPUIPlugin
2024-01-03 16:10:52,172 [INFO] PluginManager:220 - loadIPPluginJar : add quadspi
2024-01-03 16:10:52,174 [INFO] IPUIPlugin:80 - create IPUIPlugin
2024-01-03 16:10:52,174 [INFO] PluginManager:220 - loadIPPluginJar : add tracer_emb
2024-01-03 16:10:52,176 [INFO] IPUIPlugin:80 - create IPUIPlugin
2024-01-03 16:10:52,177 [INFO] PluginManager:220 - loadIPPluginJar : add dfsdm
2024-01-03 16:10:52,181 [INFO] IPUIPlugin:80 - create IPUIPlugin
2024-01-03 16:10:52,182 [INFO] PluginManager:220 - loadIPPluginJar : add sai
2024-01-03 16:10:52,185 [INFO] IPUIPlugin:80 - create IPUIPlugin
2024-01-03 16:10:52,185 [INFO] PluginManager:220 - loadIPPluginJar : add lorawan
2024-01-03 16:10:52,188 [INFO] IPUIPlugin:80 - create IPUIPlugin
2024-01-03 16:10:52,188 [INFO] PluginManager:220 - loadIPPluginJar : add usbx
2024-01-03 16:10:52,196 [INFO] IPUIPlugin:80 - create IPUIPlugin
2024-01-03 16:10:52,196 [INFO] PluginManager:220 - loadIPPluginJar : add linkedlist
2024-01-03 16:10:52,197 [INFO] IPUIPlugin:80 - create IPUIPlugin
2024-01-03 16:10:52,198 [INFO] PluginManager:220 - loadIPPluginJar : add ltdc
2024-01-03 16:10:52,201 [INFO] IPUIPlugin:80 - create IPUIPlugin
2024-01-03 16:10:52,202 [INFO] PluginManager:220 - loadIPPluginJar : add nvic
2024-01-03 16:10:52,206 [INFO] IPUIPlugin:80 - create IPUIPlugin
2024-01-03 16:10:52,206 [INFO] PluginManager:220 - loadIPPluginJar : add gtzc
2024-01-03 16:10:52,215 [INFO] IPUIPlugin:80 - create IPUIPlugin
2024-01-03 16:10:52,216 [INFO] PluginManager:220 - loadIPPluginJar : add freertos
2024-01-03 16:10:52,223 [INFO] IPUIPlugin:80 - create IPUIPlugin
2024-01-03 16:10:52,224 [INFO] PluginManager:220 - loadIPPluginJar : add dma
2024-01-03 16:10:52,226 [INFO] IPUIPlugin:80 - create IPUIPlugin
2024-01-03 16:10:52,226 [INFO] PluginManager:220 - loadIPPluginJar : add tsc
2024-01-03 16:10:52,228 [INFO] IPUIPlugin:80 - create IPUIPlugin
2024-01-03 16:10:52,229 [INFO] PluginManager:220 - loadIPPluginJar : add usart
2024-01-03 16:10:52,230 [INFO] IPUIPlugin:80 - create IPUIPlugin
2024-01-03 16:10:52,230 [INFO] PluginManager:220 - loadIPPluginJar : add comp
2024-01-03 16:10:52,233 [INFO] IPUIPlugin:80 - create IPUIPlugin
2024-01-03 16:10:52,233 [INFO] PluginManager:220 - loadIPPluginJar : add i2s
2024-01-03 16:10:52,236 [INFO] IPUIPlugin:80 - create IPUIPlugin
2024-01-03 16:10:52,236 [INFO] PluginManager:220 - loadIPPluginJar : add i2c
2024-01-03 16:10:52,239 [INFO] IPUIPlugin:80 - create IPUIPlugin
2024-01-03 16:10:52,239 [INFO] PluginManager:220 - loadIPPluginJar : add i3c
2024-01-03 16:10:52,245 [INFO] IPUIPlugin:80 - create IPUIPlugin
2024-01-03 16:10:52,245 [INFO] PluginManager:220 - loadIPPluginJar : add resmgrutility
2024-01-03 16:10:52,251 [INFO] IPUIPlugin:80 - create IPUIPlugin
2024-01-03 16:10:52,251 [INFO] PluginManager:220 - loadIPPluginJar : add stm32_wpan
2024-01-03 16:10:52,253 [INFO] IPUIPlugin:80 - create IPUIPlugin
2024-01-03 16:10:52,254 [INFO] PluginManager:220 - loadIPPluginJar : add dma3
2024-01-03 16:10:52,258 [INFO] IPUIPlugin:80 - create IPUIPlugin
2024-01-03 16:10:52,258 [INFO] PluginManager:220 - loadIPPluginJar : add touchsensing
2024-01-03 16:10:52,262 [INFO] IPUIPlugin:80 - create IPUIPlugin
2024-01-03 16:10:52,262 [INFO] PluginManager:220 - loadIPPluginJar : add can
2024-01-03 16:10:52,266 [INFO] IPUIPlugin:80 - create IPUIPlugin
2024-01-03 16:10:52,266 [INFO] PluginManager:220 - loadIPPluginJar : add fmc
2024-01-03 16:10:52,273 [INFO] IPUIPlugin:80 - create IPUIPlugin
2024-01-03 16:10:52,273 [INFO] PluginManager:220 - loadIPPluginJar : add gic
2024-01-03 16:10:52,276 [INFO] IPUIPlugin:80 - create IPUIPlugin
2024-01-03 16:10:52,276 [INFO] PluginManager:220 - loadIPPluginJar : add ts
2024-01-03 16:10:52,279 [INFO] IPUIPlugin:80 - create IPUIPlugin
2024-01-03 16:10:52,279 [INFO] PluginManager:220 - loadIPPluginJar : add opamp
2024-01-03 16:10:52,285 [INFO] IPUIPlugin:80 - create IPUIPlugin
2024-01-03 16:10:52,286 [INFO] PluginManager:220 - loadIPPluginJar : add gpio
2024-01-03 16:10:52,290 [INFO] IPUIPlugin:80 - create IPUIPlugin
2024-01-03 16:10:52,290 [INFO] PluginManager:220 - loadIPPluginJar : add openamp
2024-01-03 16:10:52,297 [INFO] IPUIPlugin:80 - create IPUIPlugin
2024-01-03 16:10:52,297 [INFO] PluginManager:220 - loadIPPluginJar : add adc
2024-01-03 16:10:52,402 [INFO] CADModel:165 - CPN selected for project level
2024-01-03 16:10:52,402 [INFO] CADModel:114 - Register for checkConnection events
2024-01-03 16:10:52,402 [FATAL] Updater:308 - Updater called before beeing initialized
2024-01-03 16:10:52,403 [ERROR] CADModel:125 - Updater not yet initialized, retry later 
2024-01-03 16:10:52,542 [INFO] CADModel:165 - CPN selected for project level
2024-01-03 16:10:52,542 [INFO] CADModel:114 - Register for checkConnection events
2024-01-03 16:10:52,542 [FATAL] Updater:308 - Updater called before beeing initialized
2024-01-03 16:10:52,542 [ERROR] CADModel:125 - Updater not yet initialized, retry later 
2024-01-03 16:10:52,546 [FATAL] Updater:308 - Updater called before beeing initialized
2024-01-03 16:10:52,631 [FATAL] Updater:308 - Updater called before beeing initialized
2024-01-03 16:10:52,637 [INFO] DbMcusAds:53 - JSON generation date=Wed Nov 29 16:22:27 IST 2023 (1701255147349)
2024-01-03 16:10:52,637 [FATAL] Updater:308 - Updater called before beeing initialized
2024-01-03 16:10:52,673 [WARN] DetailPanel:346 - Failed to get advertising image, set to default
2024-01-03 16:10:52,758 [FATAL] Updater:308 - Updater called before beeing initialized
2024-01-03 16:10:52,760 [FATAL] Updater:308 - Updater called before beeing initialized
2024-01-03 16:10:52,760 [FATAL] Updater:308 - Updater called before beeing initialized
2024-01-03 16:10:52,761 [WARN] DetailPanel:346 - Failed to get advertising image, set to default
2024-01-03 16:10:52,762 [FATAL] Updater:308 - Updater called before beeing initialized
2024-01-03 16:10:52,796 [ERROR] Updater:1120 - MainUpdater not yet initialized. External WinMGr cannot be set.
2024-01-03 16:10:52,798 [INFO] Updater:1056 - Updater Version found : 6.9.0
2024-01-03 16:10:52,821 [INFO] ApplicationProperties:184 - Using Application install path: /opt/st/stm32cubeide_1.13.0/plugins/com.st.stm32cube.common.mx_6.9.0.202307051724
2024-01-03 16:10:53,020 [INFO] MainUpdater:2868 - connection check result : 10
2024-01-03 16:10:53,020 [INFO] MainUpdater:285 - Updater Check For Update Now.
2024-01-03 16:10:53,021 [INFO] MicroXplorer:498 - Change Database Version : DB.6.0.90
2024-01-03 16:10:53,206 [INFO] CheckServerUpdateThread:120 - End of CheckServer Thread
2024-01-03 16:10:53,231 [INFO] MainUpdater:2868 - connection check result : 10
2024-01-03 16:10:53,233 [INFO] MainUpdater:2868 - connection check result : 10
2024-01-03 16:10:54,721 [WARN] PackLoader:240 - Cannot read IP mode file for STMicroelectronics.X-CUBE-SMBUS.2.1.0
2024-01-03 16:10:54,728 [WARN] PackLoader:240 - Cannot read IP mode file for STMicroelectronics.X-CUBE-TOUCHGFX.4.23.0
2024-01-03 16:10:54,771 [WARN] PackLoader:240 - Cannot read IP mode file for STMicroelectronics.X-CUBE-AZRTOS-F7.1.1.0
2024-01-03 16:10:54,785 [WARN] PackLoader:240 - Cannot read IP mode file for STMicroelectronics.FP-SNS-MOTENV1.4.3.2
2024-01-03 16:10:54,793 [WARN] PackLoader:240 - Cannot read IP mode file for STMicroelectronics.FP-SNS-FLIGHT1.5.0.1
2024-01-03 16:10:54,801 [WARN] PackLoader:240 - Cannot read IP mode file for STMicroelectronics.X-CUBE-BLE1.6.2.4
2024-01-03 16:10:54,806 [WARN] PackLoader:240 - Cannot read IP mode file for STMicroelectronics.FP-SNS-FLIGHT1.5.0.2
2024-01-03 16:10:54,816 [WARN] PackLoader:240 - Cannot read IP mode file for STMicroelectronics.X-CUBE-DISPLAY.3.0.0
2024-01-03 16:10:54,829 [WARN] PackLoader:240 - Cannot read IP mode file for STMicroelectronics.X-CUBE-BLE1.7.0.0
2024-01-03 16:10:54,834 [WARN] PackLoader:240 - Cannot read IP mode file for emotas.I-CUBE-CANOPEN.1.3.0
2024-01-03 16:10:54,838 [WARN] PackLoader:240 - Cannot read IP mode file for STMicroelectronics.X-CUBE-TOUCHGFX.4.22.0
2024-01-03 16:10:54,840 [WARN] PackLoader:240 - Cannot read IP mode file for STMicroelectronics.X-CUBE-TOUCHGFX.4.22.1
2024-01-03 16:10:54,845 [WARN] PackLoader:240 - Cannot read IP mode file for STMicroelectronics.FP-SNS-SMARTAG2.1.2.0
2024-01-03 16:10:54,887 [INFO] LogOutputStream:77 - [STDOUT_REDIRECT] 1 : Invalid condition id : UX_CORESTACK_Condition cause : null
2024-01-03 16:10:54,887 [INFO] LogOutputStream:77 - [STDOUT_REDIRECT] 1 : Invalid condition id : UX_CORESTACK_Condition cause : null
2024-01-03 16:10:54,888 [INFO] LogOutputStream:77 - [STDOUT_REDIRECT] 1 : Invalid condition id : UX_CORESTACK_Condition cause : null
2024-01-03 16:10:54,888 [INFO] LogOutputStream:77 - [STDOUT_REDIRECT] 1 : Invalid condition id : UX_CORESTACK_Condition cause : null
2024-01-03 16:10:54,888 [INFO] LogOutputStream:77 - [STDOUT_REDIRECT] 1 : Invalid condition id : UX_CORESTACK_Condition cause : null
2024-01-03 16:10:54,903 [WARN] PackLoader:240 - Cannot read IP mode file for STMicroelectronics.X-CUBE-AZRTOS-WL.2.0.0
2024-01-03 16:10:54,912 [WARN] PackLoader:240 - Cannot read IP mode file for WES.I-CUBE-Cesium.1.3.0
2024-01-03 16:10:54,917 [WARN] PackLoader:240 - Cannot read IP mode file for STMicroelectronics.X-CUBE-BLE2.3.3.0
2024-01-03 16:10:54,925 [WARN] PackLoader:240 - Cannot read IP mode file for STMicroelectronics.X-CUBE-ALGOBUILD.1.3.0
2024-01-03 16:10:54,951 [WARN] PackLoader:240 - Cannot read IP mode file for STMicroelectronics.X-CUBE-AZRTOS-G0.1.1.0
2024-01-03 16:10:54,966 [WARN] PackLoader:240 - Cannot read IP mode file for STMicroelectronics.X-CUBE-NFC4.3.0.0
2024-01-03 16:10:54,993 [WARN] PackLoader:240 - Cannot read IP mode file for STMicroelectronics.X-CUBE-BLEMGR.3.0.0
2024-01-03 16:10:54,999 [WARN] PackLoader:240 - Cannot read IP mode file for STMicroelectronics.FP-ATR-SIGFOX1.3.2.0
2024-01-03 16:10:55,038 [WARN] PackLoader:240 - Cannot read IP mode file for SEGGER.I-CUBE-embOS.1.3.1
2024-01-03 16:10:55,093 [WARN] PackLoader:240 - Cannot read IP mode file for STMicroelectronics.X-CUBE-GNSS1.6.0.0
2024-01-03 16:10:55,112 [WARN] PackLoader:240 - Cannot read IP mode file for STMicroelectronics.X-CUBE-AZRTOS-F4.1.1.0
2024-01-03 16:10:55,118 [WARN] PackLoader:240 - Cannot read IP mode file for wolfSSL.I-CUBE-wolfSSL.5.6.3
2024-01-03 16:10:55,139 [WARN] PackLoader:240 - Cannot read IP mode file for STMicroelectronics.X-CUBE-AZRTOS-L5.2.0.0
2024-01-03 16:10:55,182 [WARN] PackLoader:240 - Cannot read IP mode file for STMicroelectronics.X-CUBE-MEMS1.9.6.0
2024-01-03 16:10:55,394 [WARN] PackLoader:240 - Cannot read IP mode file for STMicroelectronics.X-CUBE-EEPRMA1.4.2.0
2024-01-03 16:10:55,399 [WARN] PackLoader:240 - Cannot read IP mode file for ITTIA_DB.I-CUBE-ITTIADB.8.8.0
2024-01-03 16:10:55,406 [WARN] PackLoader:240 - Cannot read IP mode file for STMicroelectronics.X-CUBE-BLEMGR.2.0.0
2024-01-03 16:10:55,426 [WARN] ConditionMgr:438 - getConditionDescription Invalid condition id : UX DEVICE CLASS RTOS Condition cause : null
2024-01-03 16:10:55,427 [WARN] ConditionMgr:438 - getConditionDescription Invalid condition id : UX DEVICE CLASS RTOS Condition cause : null
2024-01-03 16:10:55,431 [WARN] PackLoader:240 - Cannot read IP mode file for STMicroelectronics.X-CUBE-AZRTOS-H7.3.1.0
2024-01-03 16:10:55,432 [WARN] ConditionMgr:1039 - genDependencies : Invalid condition id : UX DEVICE CLASS RTOS Condition cause : null
2024-01-03 16:10:55,433 [WARN] ConditionMgr:1039 - genDependencies : Invalid condition id : UX DEVICE CLASS RTOS Condition cause : null
2024-01-03 16:10:55,434 [WARN] ConditionMgr:1039 - genDependencies : Invalid condition id : UX DEVICE CLASS RTOS Condition cause : null
2024-01-03 16:10:55,434 [WARN] ConditionMgr:1039 - genDependencies : Invalid condition id : UX DEVICE CLASS RTOS Condition cause : null
2024-01-03 16:10:55,434 [WARN] ConditionMgr:1039 - genDependencies : Invalid condition id : UX DEVICE CLASS RTOS Condition cause : null
2024-01-03 16:10:55,440 [WARN] PackLoader:240 - Cannot read IP mode file for STMicroelectronics.X-CUBE-NFC7.1.0.1
2024-01-03 16:10:55,448 [WARN] PackLoader:240 - Cannot read IP mode file for STMicroelectronics.X-CUBE-NFC6.3.0.0
2024-01-03 16:10:55,455 [WARN] PackLoader:240 - Cannot read IP mode file for STMicroelectronics.X-CUBE-EEPRMA1.4.1.0
2024-01-03 16:10:55,461 [WARN] PackLoader:240 - Cannot read IP mode file for STMicroelectronics.X-CUBE-AI.8.1.0
2024-01-03 16:10:55,481 [WARN] ConditionMgr:438 - getConditionDescription Invalid condition id : LAN8742 Phy interface Condition cause : null
2024-01-03 16:10:55,481 [WARN] PackLoader:240 - Cannot read IP mode file for STMicroelectronics.X-CUBE-AZRTOS-L4.2.0.0
2024-01-03 16:10:55,483 [WARN] ConditionMgr:1039 - genDependencies : Invalid condition id : LAN8742 Phy interface Condition cause : null
2024-01-03 16:10:55,483 [WARN] ConditionMgr:1039 - genDependencies : Invalid condition id : LAN8742 Phy interface Condition cause : null
2024-01-03 16:10:55,483 [WARN] ConditionMgr:1039 - genDependencies : Invalid condition id : LAN8742 Phy interface Condition cause : null
2024-01-03 16:10:55,490 [WARN] PackLoader:240 - Cannot read IP mode file for STMicroelectronics.X-CUBE-SFXS2LP1.4.0.0
2024-01-03 16:10:55,495 [WARN] PackLoader:240 - Cannot read IP mode file for STMicroelectronics.X-CUBE-ISPU.1.1.0
2024-01-03 16:10:55,509 [WARN] ConditionMgr:438 - getConditionDescription Invalid condition id : UX DEVICE CLASS RTOS Condition cause : null
2024-01-03 16:10:55,509 [WARN] ConditionMgr:438 - getConditionDescription Invalid condition id : UX DEVICE CLASS RTOS Condition cause : null
2024-01-03 16:10:55,511 [WARN] PackLoader:240 - Cannot read IP mode file for STMicroelectronics.X-CUBE-AZRTOS-WB.2.0.0
2024-01-03 16:10:55,512 [WARN] ConditionMgr:1039 - genDependencies : Invalid condition id : UX DEVICE CLASS RTOS Condition cause : null
2024-01-03 16:10:55,512 [WARN] ConditionMgr:1039 - genDependencies : Invalid condition id : UX DEVICE CLASS RTOS Condition cause : null
2024-01-03 16:10:55,512 [WARN] ConditionMgr:1039 - genDependencies : Invalid condition id : UX DEVICE CLASS RTOS Condition cause : null
2024-01-03 16:10:55,513 [WARN] ConditionMgr:1039 - genDependencies : Invalid condition id : UX DEVICE CLASS RTOS Condition cause : null
2024-01-03 16:10:55,513 [WARN] ConditionMgr:1039 - genDependencies : Invalid condition id : UX DEVICE CLASS RTOS Condition cause : null
2024-01-03 16:10:55,517 [WARN] PackLoader:240 - Cannot read IP mode file for STMicroelectronics.X-CUBE-FREERTOS.1.0.1
2024-01-03 16:10:55,530 [WARN] PackLoader:240 - Cannot read IP mode file for STMicroelectronics.X-CUBE-AZRTOS-L5.1.1.0
2024-01-03 16:10:55,535 [WARN] PackLoader:240 - Cannot read IP mode file for STMicroelectronics.X-CUBE-AI.8.0.1
2024-01-03 16:10:55,544 [WARN] PackLoader:240 - Cannot read IP mode file for STMicroelectronics.X-CUBE-SUBG2.5.0.0
2024-01-03 16:10:55,565 [WARN] PackLoader:240 - Cannot read IP mode file for STMicroelectronics.X-CUBE-TOF1.3.3.1
2024-01-03 16:10:55,588 [WARN] PackLoader:240 - Cannot read IP mode file for STMicroelectronics.X-CUBE-AZRTOS-G4.2.0.0
2024-01-03 16:10:55,602 [WARN] PackLoader:240 - Cannot read IP mode file for Infineon.AIROC-Wi-Fi-Bluetooth-STM32.1.5.1
2024-01-03 16:10:55,609 [WARN] PackLoader:240 - Cannot read IP mode file for STMicroelectronics.FP-SNS-MOTENVWB1.1.3.0
2024-01-03 16:10:55,612 [WARN] PackLoader:240 - Cannot read IP mode file for STMicroelectronics.FP-SNS-MOTENVWB1.1.3.1
2024-01-03 16:10:55,616 [WARN] PackLoader:240 - Cannot read IP mode file for STMicroelectronics.X-CUBE-ISPU.2.0.0
2024-01-03 16:10:55,656 [WARN] PackLoader:240 - Cannot read IP mode file for STMicroelectronics.X-CUBE-MEMS1.10.0.0
2024-01-03 16:10:55,784 [WARN] PackLoader:240 - Cannot read IP mode file for STMicroelectronics.X-CUBE-FREERTOS.1.1.0
2024-01-03 16:10:55,790 [WARN] PackLoader:240 - Cannot read IP mode file for portGmbH.I-Cube-SoM-uGOAL.1.1.0
2024-01-03 16:10:55,794 [WARN] PackLoader:240 - Cannot read IP mode file for STMicroelectronics.X-CUBE-ALS.1.0.1
2024-01-03 16:10:55,807 [WARN] PackLoader:240 - Cannot read IP mode file for STMicroelectronics.X-CUBE-AZRTOS-WB.1.1.0
2024-01-03 16:10:55,812 [WARN] PackLoader:240 - Cannot read IP mode file for STMicroelectronics.FP-ATR-ASTRA1.2.0.0
2024-01-03 16:10:55,822 [WARN] PackLoader:240 - Cannot read IP mode file for STMicroelectronics.X-CUBE-TOF1.3.4.0
2024-01-03 16:10:55,863 [WARN] PackLoader:240 - Cannot read IP mode file for STMicroelectronics.X-CUBE-AZRTOS-H7.3.2.0
2024-01-03 16:10:55,868 [INFO] ThirdParty:978 - Integrity check success = true
2024-01-03 16:10:55,868 [INFO] IntegrityCheckThread:100 - exiting critical section [integrity check]
2024-01-03 16:10:55,868 [INFO] IntegrityCheckThread:103 - End integrity checks thread
