2023-11-18 18:18:19,776 [INFO] Activator:176 - 


2023-11-18 18:18:19,782 [INFO] Activator:177 - !SESSION log4j initialized
2023-11-18 18:18:21,539 [INFO] ApplicationProperties:184 - Using Application install path: /opt/st/stm32cubeide_1.13.0/plugins/com.st.stm32cube.common.mx_6.9.0.202307051724
2023-11-18 18:18:21,560 [INFO] DbMcusXml:78 - Set database path to: /opt/st/stm32cubeide_1.13.0/plugins/com.st.stm32cube.common.mx_6.9.0.202307051724//db//mcu/
2023-11-18 18:18:21,560 [INFO] ApiDb:274 - Set plugin database path to: /opt/st/stm32cubeide_1.13.0/plugins/com.st.stm32cube.common.mx_6.9.0.202307051724//db//plugins/boardmanager/
2023-11-18 18:18:21,560 [WARN] ApiDb:259 - Overriding images path with different value:  => /opt/st/stm32cubeide_1.13.0/plugins/com.st.stm32cube.common.mx_6.9.0.202307051724//db//plugins/mcufinder/images/
2023-11-18 18:18:21,572 [INFO] ApiDb:250 - Set database path to: /home/manjunath/.stmcufinder/plugins/mcufinder//mcu/
2023-11-18 18:18:21,574 [INFO] DbMcusAds:125 - Set database path to: /home/manjunath/.stmcufinder/plugins/mcufinder//mcu/
2023-11-18 18:18:30,050 [INFO] CrossReferenceDbSqlite:203 - Set database path to: /home/manjunath/.stmcufinder/plugins/mcufinder//mcu/cs/
2023-11-18 18:18:30,186 [INFO] RulesReader:64 - Compatibility file has been processed (293 Rules)
2023-11-18 18:18:30,249 [INFO] DbMcusXml:78 - Set database path to: /opt/st/stm32cubeide_1.13.0/plugins/com.st.stm32cube.common.mx_6.9.0.202307051724//db//mcu/
2023-11-18 18:18:30,249 [INFO] ApiDb:274 - Set plugin database path to: /opt/st/stm32cubeide_1.13.0/plugins/com.st.stm32cube.common.mx_6.9.0.202307051724//db//plugins/boardmanager/
2023-11-18 18:18:30,249 [INFO] ApiDb:261 - Set plugin images path to: /opt/st/stm32cubeide_1.13.0/plugins/com.st.stm32cube.common.mx_6.9.0.202307051724//db//plugins/mcufinder/images/
2023-11-18 18:18:30,249 [WARN] DbFile:41 - Overriding database path with different value: /home/manjunath/.stmcufinder/plugins/mcufinder/ => /home/manjunath/.stmcufinder/plugins/mcufinder
2023-11-18 18:18:30,250 [INFO] ApiDb:250 - Set database path to: /home/manjunath/.stmcufinder/plugins/mcufinder//mcu/
2023-11-18 18:18:30,250 [WARN] DbFile:41 - Overriding database path with different value: /home/manjunath/.stmcufinder/plugins/mcufinder/ => /home/manjunath/.stmcufinder/plugins/mcufinder
2023-11-18 18:18:30,250 [INFO] DbMcusAds:125 - Set database path to: /home/manjunath/.stmcufinder/plugins/mcufinder//mcu/
2023-11-18 18:18:30,250 [WARN] DbFile:41 - Overriding database path with different value: /home/manjunath/.stmcufinder/plugins/mcufinder/ => /home/manjunath/.stmcufinder/plugins/mcufinder
2023-11-18 18:18:30,250 [WARN] DbFile:41 - Overriding database path with different value: /home/manjunath/.stmcufinder/plugins/mcufinder/ => /home/manjunath/.stmcufinder/plugins/mcufinder
2023-11-18 18:18:31,252 [INFO] CrossReferenceDbSqlite:203 - Set database path to: /home/manjunath/.stmcufinder/plugins/mcufinder//mcu/cs/
2023-11-18 18:18:31,327 [INFO] MainPanel:262 - HeapMemory: 268435456
2023-11-18 18:18:31,400 [INFO] DbMcusXml:78 - Set database path to: /opt/st/stm32cubeide_1.13.0/plugins/com.st.stm32cube.common.mx_6.9.0.202307051724//db//mcu/
2023-11-18 18:18:31,400 [INFO] ApiDb:274 - Set plugin database path to: /opt/st/stm32cubeide_1.13.0/plugins/com.st.stm32cube.common.mx_6.9.0.202307051724//db//plugins/boardmanager/
2023-11-18 18:18:31,400 [INFO] ApiDb:261 - Set plugin images path to: /opt/st/stm32cubeide_1.13.0/plugins/com.st.stm32cube.common.mx_6.9.0.202307051724//db//plugins/mcufinder/images/
2023-11-18 18:18:31,400 [WARN] DbFile:41 - Overriding database path with different value: /home/manjunath/.stmcufinder/plugins/mcufinder/ => /home/manjunath/.stmcufinder/plugins/mcufinder
2023-11-18 18:18:31,401 [INFO] ApiDb:250 - Set database path to: /home/manjunath/.stmcufinder/plugins/mcufinder//mcu/
2023-11-18 18:18:31,401 [WARN] DbFile:41 - Overriding database path with different value: /home/manjunath/.stmcufinder/plugins/mcufinder/ => /home/manjunath/.stmcufinder/plugins/mcufinder
2023-11-18 18:18:31,401 [INFO] DbMcusAds:125 - Set database path to: /home/manjunath/.stmcufinder/plugins/mcufinder//mcu/
2023-11-18 18:18:31,401 [WARN] DbFile:41 - Overriding database path with different value: /home/manjunath/.stmcufinder/plugins/mcufinder/ => /home/manjunath/.stmcufinder/plugins/mcufinder
2023-11-18 18:18:31,401 [WARN] DbFile:41 - Overriding database path with different value: /home/manjunath/.stmcufinder/plugins/mcufinder/ => /home/manjunath/.stmcufinder/plugins/mcufinder
2023-11-18 18:18:31,828 [INFO] CrossReferenceDbSqlite:203 - Set database path to: /home/manjunath/.stmcufinder/plugins/mcufinder//mcu/cs/
2023-11-18 18:18:31,854 [INFO] ApplicationProperties:184 - Using Application install path: /opt/st/stm32cubeide_1.13.0/plugins/com.st.stm32cube.common.mx_6.9.0.202307051724
2023-11-18 18:18:31,855 [INFO] PluginManage:196 - Search for loadable plugins [exclusion list=, ]
2023-11-18 18:18:31,856 [INFO] PluginManage:310 - Check plugin analytics
2023-11-18 18:18:32,139 [INFO] AnalyticsPlugin:253 - Accepted Software Licenses: 
2023-11-18 18:18:32,139 [INFO] AnalyticsPlugin:255 - Accepted CMSIS Pack Licenses: 
2023-11-18 18:18:32,139 [INFO] AnalyticsPlugin:257 - Accepted Firmware Licenses: FW.F4.1.27.0
2023-11-18 18:18:32,141 [INFO] PluginManage:359 - Loaded plugin analytics (category:tool,tabindex:-1)
2023-11-18 18:18:32,142 [INFO] PluginManage:310 - Check plugin cadmodel
2023-11-18 18:18:32,220 [INFO] CADModel:105 - Init CAD model plugin
2023-11-18 18:18:32,220 [INFO] PluginManage:359 - Loaded plugin cadmodel (category:power,tabindex:5)
2023-11-18 18:18:32,221 [INFO] PluginManage:310 - Check plugin clock
2023-11-18 18:18:32,237 [INFO] PluginManage:359 - Loaded plugin clock (category:base,tabindex:2)
2023-11-18 18:18:32,238 [INFO] PluginManage:310 - Check plugin ddr
2023-11-18 18:18:32,243 [INFO] PluginManage:359 - Loaded plugin ddr (category:tool,tabindex:6)
2023-11-18 18:18:32,244 [INFO] PluginManage:310 - Check plugin filemanager
2023-11-18 18:18:32,399 [INFO] PluginManage:359 - Loaded plugin filemanager (category:base,tabindex:10)
2023-11-18 18:18:32,399 [INFO] PluginManage:310 - Check plugin ipmanager
2023-11-18 18:18:32,405 [INFO] PluginManage:359 - Loaded plugin ipmanager (category:base,tabindex:5)
2023-11-18 18:18:32,406 [INFO] PluginManage:310 - Check plugin lpbam
2023-11-18 18:18:32,413 [INFO] PluginManage:359 - Loaded plugin lpbam (category:base,tabindex:0)
2023-11-18 18:18:32,414 [INFO] PluginManage:310 - Check plugin memorymap
2023-11-18 18:18:32,423 [INFO] PluginManage:359 - Loaded plugin memorymap (category:base,tabindex:4)
2023-11-18 18:18:32,423 [INFO] PluginManage:310 - Check plugin pinoutandconfiguration
2023-11-18 18:18:32,429 [INFO] PluginManage:359 - Loaded plugin pinoutandconfiguration (category:base,tabindex:1)
2023-11-18 18:18:32,430 [INFO] PluginManage:310 - Check plugin pinoutconfig
2023-11-18 18:18:32,502 [WARN] SupportedApi:132 - Cannot load RTOS API schema: s4s-elt-must-match.1: The content of 'definitions' must match (annotation?, (simpleType | complexType)?, (unique | key | keyref)*)). A problem was found starting at: attribute.
2023-11-18 18:18:32,610 [INFO] PluginManage:359 - Loaded plugin pinoutconfig (category:base,tabindex:0)
2023-11-18 18:18:32,610 [INFO] PluginManage:310 - Check plugin power
2023-11-18 18:18:32,624 [INFO] PluginManage:359 - Loaded plugin power (category:power,tabindex:4)
2023-11-18 18:18:32,624 [INFO] PluginManage:310 - Check plugin projectmanager
2023-11-18 18:18:32,637 [INFO] PluginManage:359 - Loaded plugin projectmanager (category:projectmanager,tabindex:3)
2023-11-18 18:18:32,637 [INFO] PluginManage:310 - Check plugin thirdparty
2023-11-18 18:18:32,748 [INFO] PluginManage:359 - Loaded plugin thirdparty (category:base,tabindex:-1)
2023-11-18 18:18:32,748 [WARN] IntegrityCheckThread:84 - waiting for thirdparty lock release [integrity check]
2023-11-18 18:18:32,748 [INFO] PluginManage:310 - Check plugin tools
2023-11-18 18:18:32,749 [INFO] IntegrityCheckThread:86 - entering critical section [integrity check]
2023-11-18 18:18:32,749 [INFO] ThirdPartyUpdaterWithRetryManager:70 - Updater plugin not ready yet. [1/15]
2023-11-18 18:18:32,751 [INFO] PluginManage:359 - Loaded plugin tools (category:base,tabindex:7)
2023-11-18 18:18:32,751 [INFO] PluginManage:310 - Check plugin tutovideos
2023-11-18 18:18:32,890 [INFO] PluginManage:359 - Loaded plugin tutovideos (category:base,tabindex:-1)
2023-11-18 18:18:32,890 [INFO] PluginManage:310 - Check plugin updater
2023-11-18 18:18:32,903 [INFO] PluginManage:359 - Loaded plugin updater (category:base,tabindex:12)
2023-11-18 18:18:32,904 [INFO] PluginManage:310 - Check plugin userauth
2023-11-18 18:18:32,908 [INFO] UserAuth:113 - Init User Auth plugin
2023-11-18 18:18:32,909 [INFO] PluginManage:359 - Loaded plugin userauth (category:base,tabindex:14)
2023-11-18 18:18:32,909 [INFO] PluginManage:283 - PluginManage : Loaded plugins [17]
2023-11-18 18:18:33,091 [INFO] PinOutPanel:1499 - setPackage(No Configuration,No Configuration)
2023-11-18 18:18:33,209 [INFO] CADModel:165 - CPN selected for project level
2023-11-18 18:18:33,210 [INFO] CADModel:114 - Register for checkConnection events
2023-11-18 18:18:33,244 [INFO] IPUIPlugin:80 - create IPUIPlugin
2023-11-18 18:18:33,244 [INFO] PluginManager:220 - loadIPPluginJar : add hash
2023-11-18 18:18:33,255 [INFO] IPUIPlugin:80 - create IPUIPlugin
2023-11-18 18:18:33,255 [INFO] PluginManager:220 - loadIPPluginJar : add ipddr
2023-11-18 18:18:33,257 [INFO] IPUIPlugin:80 - create IPUIPlugin
2023-11-18 18:18:33,257 [INFO] PluginManager:220 - loadIPPluginJar : add genericplugin
2023-11-18 18:18:33,260 [INFO] IPUIPlugin:80 - create IPUIPlugin
2023-11-18 18:18:33,260 [INFO] PluginManager:220 - loadIPPluginJar : add fatfs
2023-11-18 18:18:33,270 [INFO] IPUIPlugin:80 - create IPUIPlugin
2023-11-18 18:18:33,273 [INFO] PluginManager:220 - loadIPPluginJar : add plateformsettings
2023-11-18 18:18:33,302 [INFO] IPUIPlugin:80 - create IPUIPlugin
2023-11-18 18:18:33,302 [INFO] PluginManager:220 - loadIPPluginJar : add pdm2pcm
2023-11-18 18:18:33,305 [INFO] IPUIPlugin:80 - create IPUIPlugin
2023-11-18 18:18:33,306 [INFO] PluginManager:220 - loadIPPluginJar : add cryp
2023-11-18 18:18:33,307 [INFO] IPUIPlugin:80 - create IPUIPlugin
2023-11-18 18:18:33,307 [INFO] PluginManager:220 - loadIPPluginJar : add tim
2023-11-18 18:18:33,310 [INFO] IPUIPlugin:80 - create IPUIPlugin
2023-11-18 18:18:33,310 [INFO] PluginManager:220 - loadIPPluginJar : add spi
2023-11-18 18:18:33,318 [INFO] IPUIPlugin:80 - create IPUIPlugin
2023-11-18 18:18:33,319 [INFO] PluginManager:220 - loadIPPluginJar : add mdma
2023-11-18 18:18:33,321 [INFO] IPUIPlugin:80 - create IPUIPlugin
2023-11-18 18:18:33,321 [INFO] PluginManager:220 - loadIPPluginJar : add aes
2023-11-18 18:18:33,325 [INFO] IPUIPlugin:80 - create IPUIPlugin
2023-11-18 18:18:33,325 [INFO] PluginManager:220 - loadIPPluginJar : add gfxmmu
2023-11-18 18:18:33,329 [INFO] IPUIPlugin:80 - create IPUIPlugin
2023-11-18 18:18:33,329 [INFO] PluginManager:220 - loadIPPluginJar : add ucpd
2023-11-18 18:18:33,340 [INFO] IPUIPlugin:80 - create IPUIPlugin
2023-11-18 18:18:33,340 [INFO] PluginManager:220 - loadIPPluginJar : add quadspi
2023-11-18 18:18:33,342 [INFO] IPUIPlugin:80 - create IPUIPlugin
2023-11-18 18:18:33,342 [INFO] PluginManager:220 - loadIPPluginJar : add tracer_emb
2023-11-18 18:18:33,344 [INFO] IPUIPlugin:80 - create IPUIPlugin
2023-11-18 18:18:33,344 [INFO] PluginManager:220 - loadIPPluginJar : add dfsdm
2023-11-18 18:18:33,348 [INFO] IPUIPlugin:80 - create IPUIPlugin
2023-11-18 18:18:33,348 [INFO] PluginManager:220 - loadIPPluginJar : add sai
2023-11-18 18:18:33,351 [INFO] IPUIPlugin:80 - create IPUIPlugin
2023-11-18 18:18:33,351 [INFO] PluginManager:220 - loadIPPluginJar : add lorawan
2023-11-18 18:18:33,354 [INFO] IPUIPlugin:80 - create IPUIPlugin
2023-11-18 18:18:33,354 [INFO] PluginManager:220 - loadIPPluginJar : add usbx
2023-11-18 18:18:33,361 [INFO] IPUIPlugin:80 - create IPUIPlugin
2023-11-18 18:18:33,362 [INFO] PluginManager:220 - loadIPPluginJar : add linkedlist
2023-11-18 18:18:33,363 [INFO] IPUIPlugin:80 - create IPUIPlugin
2023-11-18 18:18:33,363 [INFO] PluginManager:220 - loadIPPluginJar : add ltdc
2023-11-18 18:18:33,365 [INFO] IPUIPlugin:80 - create IPUIPlugin
2023-11-18 18:18:33,365 [INFO] PluginManager:220 - loadIPPluginJar : add nvic
2023-11-18 18:18:33,368 [INFO] IPUIPlugin:80 - create IPUIPlugin
2023-11-18 18:18:33,368 [INFO] PluginManager:220 - loadIPPluginJar : add gtzc
2023-11-18 18:18:33,372 [INFO] IPUIPlugin:80 - create IPUIPlugin
2023-11-18 18:18:33,372 [INFO] PluginManager:220 - loadIPPluginJar : add freertos
2023-11-18 18:18:33,377 [INFO] IPUIPlugin:80 - create IPUIPlugin
2023-11-18 18:18:33,377 [INFO] PluginManager:220 - loadIPPluginJar : add dma
2023-11-18 18:18:33,378 [INFO] IPUIPlugin:80 - create IPUIPlugin
2023-11-18 18:18:33,379 [INFO] PluginManager:220 - loadIPPluginJar : add tsc
2023-11-18 18:18:33,380 [INFO] IPUIPlugin:80 - create IPUIPlugin
2023-11-18 18:18:33,380 [INFO] PluginManager:220 - loadIPPluginJar : add usart
2023-11-18 18:18:33,381 [INFO] IPUIPlugin:80 - create IPUIPlugin
2023-11-18 18:18:33,382 [INFO] PluginManager:220 - loadIPPluginJar : add comp
2023-11-18 18:18:33,383 [INFO] IPUIPlugin:80 - create IPUIPlugin
2023-11-18 18:18:33,383 [INFO] PluginManager:220 - loadIPPluginJar : add i2s
2023-11-18 18:18:33,385 [INFO] IPUIPlugin:80 - create IPUIPlugin
2023-11-18 18:18:33,385 [INFO] PluginManager:220 - loadIPPluginJar : add i2c
2023-11-18 18:18:33,387 [INFO] IPUIPlugin:80 - create IPUIPlugin
2023-11-18 18:18:33,387 [INFO] PluginManager:220 - loadIPPluginJar : add i3c
2023-11-18 18:18:33,391 [INFO] IPUIPlugin:80 - create IPUIPlugin
2023-11-18 18:18:33,391 [INFO] PluginManager:220 - loadIPPluginJar : add resmgrutility
2023-11-18 18:18:33,394 [INFO] IPUIPlugin:80 - create IPUIPlugin
2023-11-18 18:18:33,394 [INFO] PluginManager:220 - loadIPPluginJar : add stm32_wpan
2023-11-18 18:18:33,396 [INFO] IPUIPlugin:80 - create IPUIPlugin
2023-11-18 18:18:33,396 [INFO] PluginManager:220 - loadIPPluginJar : add dma3
2023-11-18 18:18:33,398 [INFO] IPUIPlugin:80 - create IPUIPlugin
2023-11-18 18:18:33,399 [INFO] PluginManager:220 - loadIPPluginJar : add touchsensing
2023-11-18 18:18:33,401 [INFO] IPUIPlugin:80 - create IPUIPlugin
2023-11-18 18:18:33,401 [INFO] PluginManager:220 - loadIPPluginJar : add can
2023-11-18 18:18:33,404 [INFO] IPUIPlugin:80 - create IPUIPlugin
2023-11-18 18:18:33,404 [INFO] PluginManager:220 - loadIPPluginJar : add fmc
2023-11-18 18:18:33,408 [INFO] IPUIPlugin:80 - create IPUIPlugin
2023-11-18 18:18:33,408 [INFO] PluginManager:220 - loadIPPluginJar : add gic
2023-11-18 18:18:33,409 [INFO] IPUIPlugin:80 - create IPUIPlugin
2023-11-18 18:18:33,409 [INFO] PluginManager:220 - loadIPPluginJar : add ts
2023-11-18 18:18:33,411 [INFO] IPUIPlugin:80 - create IPUIPlugin
2023-11-18 18:18:33,412 [INFO] PluginManager:220 - loadIPPluginJar : add opamp
2023-11-18 18:18:33,414 [INFO] IPUIPlugin:80 - create IPUIPlugin
2023-11-18 18:18:33,415 [INFO] PluginManager:220 - loadIPPluginJar : add gpio
2023-11-18 18:18:33,416 [INFO] IPUIPlugin:80 - create IPUIPlugin
2023-11-18 18:18:33,417 [INFO] PluginManager:220 - loadIPPluginJar : add openamp
2023-11-18 18:18:33,421 [INFO] IPUIPlugin:80 - create IPUIPlugin
2023-11-18 18:18:33,421 [INFO] PluginManager:220 - loadIPPluginJar : add adc
2023-11-18 18:18:33,517 [INFO] CADModel:165 - CPN selected for project level
2023-11-18 18:18:33,517 [INFO] CADModel:114 - Register for checkConnection events
2023-11-18 18:18:33,517 [FATAL] Updater:308 - Updater called before beeing initialized
2023-11-18 18:18:33,518 [ERROR] CADModel:125 - Updater not yet initialized, retry later 
2023-11-18 18:18:33,620 [INFO] CADModel:165 - CPN selected for project level
2023-11-18 18:18:33,621 [INFO] CADModel:114 - Register for checkConnection events
2023-11-18 18:18:33,621 [FATAL] Updater:308 - Updater called before beeing initialized
2023-11-18 18:18:33,621 [ERROR] CADModel:125 - Updater not yet initialized, retry later 
2023-11-18 18:18:33,624 [FATAL] Updater:308 - Updater called before beeing initialized
2023-11-18 18:18:33,697 [FATAL] Updater:308 - Updater called before beeing initialized
2023-11-18 18:18:33,703 [INFO] DbMcusAds:53 - JSON generation date=Tue Mar 07 14:20:55 IST 2023 (1678179055114)
2023-11-18 18:18:33,703 [FATAL] Updater:308 - Updater called before beeing initialized
2023-11-18 18:18:33,729 [WARN] DetailPanel:346 - Failed to get advertising image, set to default
2023-11-18 18:18:33,796 [FATAL] Updater:308 - Updater called before beeing initialized
2023-11-18 18:18:33,798 [FATAL] Updater:308 - Updater called before beeing initialized
2023-11-18 18:18:33,798 [FATAL] Updater:308 - Updater called before beeing initialized
2023-11-18 18:18:33,798 [WARN] DetailPanel:346 - Failed to get advertising image, set to default
2023-11-18 18:18:33,799 [FATAL] Updater:308 - Updater called before beeing initialized
2023-11-18 18:18:33,826 [ERROR] Updater:1120 - MainUpdater not yet initialized. External WinMGr cannot be set.
2023-11-18 18:18:33,828 [INFO] Updater:1056 - Updater Version found : 6.9.0
2023-11-18 18:18:33,846 [INFO] ApplicationProperties:184 - Using Application install path: /opt/st/stm32cubeide_1.13.0/plugins/com.st.stm32cube.common.mx_6.9.0.202307051724
2023-11-18 18:18:34,046 [INFO] MainUpdater:2868 - connection check result : 10
2023-11-18 18:18:34,047 [INFO] MainUpdater:3562 - Updater definition file requires update
2023-11-18 18:18:34,047 [INFO] MainUpdater:285 - Updater Check For Update Now.
2023-11-18 18:18:34,047 [INFO] MicroXplorer:498 - Change Database Version : DB.6.0.90
2023-11-18 18:18:34,198 [INFO] ServerAccessManage:473 - Download File updaters.zip
2023-11-18 18:18:34,315 [INFO] FileExtend:240 - Unzip File : updaters.zip
2023-11-18 18:18:34,315 [INFO] FileExtend:255 - Standard Zip Deflate
2023-11-18 18:18:34,632 [INFO] ServerAccessManage:473 - Download File PacksControlFlags.xml
2023-11-18 18:18:34,878 [INFO] ServerAccessManage:473 - Download File cubemx.pidx
2023-11-18 18:18:35,750 [WARN] MainUpdater:1189 - Updater busy. Cannot search thirdparties
2023-11-18 18:18:35,751 [INFO] ThirdPartyUpdaterWithRetryManager:96 - Updater plugin is busy. [1/15]
2023-11-18 18:18:36,317 [INFO] ServerAccessManage:473 - Download File STMicroelectronics.FP-SNS-MOTENVWB1.pdsc
2023-11-18 18:18:38,569 [ERROR] ServerAccessManage:1096 - Problem, Http access forbiden
2023-11-18 18:18:38,573 [ERROR] ServerAccessManage:651 - Problem, Http access forbiden : RoweBots.I-CUBE-UNISONRTOS.pdsc.
2023-11-18 18:18:38,724 [WARN] PackLoader:240 - Cannot read IP mode file for STMicroelectronics.FP-SNS-MOTENVWB1.1.3.0
2023-11-18 18:18:38,727 [INFO] PopulateThirdPartyThread:66 - Ending populate Thread
2023-11-18 18:18:38,729 [INFO] ThirdParty:1030 - CMSIS Pack Vendor :STMicroelectronics FP-SNS-MOTENVWB1 1.3.0
2023-11-18 18:18:38,729 [INFO] LoadServerUpdatesThread:373 - End of LoadServerUpdate Thread
2023-11-18 18:18:38,751 [WARN] MainUpdater:1189 - Updater busy. Cannot search thirdparties
2023-11-18 18:18:38,751 [INFO] ThirdPartyUpdaterWithRetryManager:96 - Updater plugin is busy. [2/15]
2023-11-18 18:18:38,863 [INFO] CheckServerUpdateThread:120 - End of CheckServer Thread
2023-11-18 18:18:39,058 [INFO] MainUpdater:2868 - connection check result : 10
2023-11-18 18:18:39,061 [INFO] MainUpdater:2868 - connection check result : 10
2023-11-18 18:18:41,832 [WARN] PackLoader:240 - Cannot read IP mode file for STMicroelectronics.X-CUBE-SMBUS.2.1.0
2023-11-18 18:18:41,867 [WARN] PackLoader:240 - Cannot read IP mode file for STMicroelectronics.X-CUBE-AZRTOS-F7.1.1.0
2023-11-18 18:18:41,879 [WARN] PackLoader:240 - Cannot read IP mode file for STMicroelectronics.FP-SNS-MOTENV1.4.3.2
2023-11-18 18:18:41,886 [WARN] PackLoader:240 - Cannot read IP mode file for STMicroelectronics.FP-SNS-FLIGHT1.5.0.1
2023-11-18 18:18:41,893 [WARN] PackLoader:240 - Cannot read IP mode file for STMicroelectronics.X-CUBE-BLE1.6.2.4
2023-11-18 18:18:41,898 [WARN] PackLoader:240 - Cannot read IP mode file for STMicroelectronics.FP-SNS-FLIGHT1.5.0.2
2023-11-18 18:18:41,907 [WARN] PackLoader:240 - Cannot read IP mode file for STMicroelectronics.X-CUBE-DISPLAY.3.0.0
2023-11-18 18:18:41,919 [WARN] PackLoader:240 - Cannot read IP mode file for STMicroelectronics.X-CUBE-BLE1.7.0.0
2023-11-18 18:18:41,926 [WARN] PackLoader:240 - Cannot read IP mode file for emotas.I-CUBE-CANOPEN.1.3.0
2023-11-18 18:18:41,930 [WARN] PackLoader:240 - Cannot read IP mode file for STMicroelectronics.X-CUBE-TOUCHGFX.4.22.0
2023-11-18 18:18:41,932 [WARN] PackLoader:240 - Cannot read IP mode file for STMicroelectronics.X-CUBE-TOUCHGFX.4.22.1
2023-11-18 18:18:41,937 [WARN] PackLoader:240 - Cannot read IP mode file for STMicroelectronics.FP-SNS-SMARTAG2.1.2.0
2023-11-18 18:18:41,949 [INFO] LogOutputStream:77 - [STDOUT_REDIRECT] 1 : Invalid condition id : UX_CORESTACK_Condition cause : null
2023-11-18 18:18:41,950 [INFO] LogOutputStream:77 - [STDOUT_REDIRECT] 1 : Invalid condition id : UX_CORESTACK_Condition cause : null
2023-11-18 18:18:41,950 [INFO] LogOutputStream:77 - [STDOUT_REDIRECT] 1 : Invalid condition id : UX_CORESTACK_Condition cause : null
2023-11-18 18:18:41,950 [INFO] LogOutputStream:77 - [STDOUT_REDIRECT] 1 : Invalid condition id : UX_CORESTACK_Condition cause : null
2023-11-18 18:18:41,951 [INFO] LogOutputStream:77 - [STDOUT_REDIRECT] 1 : Invalid condition id : UX_CORESTACK_Condition cause : null
2023-11-18 18:18:41,956 [WARN] PackLoader:240 - Cannot read IP mode file for STMicroelectronics.X-CUBE-AZRTOS-WL.2.0.0
2023-11-18 18:18:41,964 [WARN] PackLoader:240 - Cannot read IP mode file for WES.I-CUBE-Cesium.1.3.0
2023-11-18 18:18:41,969 [WARN] PackLoader:240 - Cannot read IP mode file for STMicroelectronics.X-CUBE-BLE2.3.3.0
2023-11-18 18:18:41,976 [WARN] PackLoader:240 - Cannot read IP mode file for STMicroelectronics.X-CUBE-ALGOBUILD.1.3.0
2023-11-18 18:18:41,997 [WARN] PackLoader:240 - Cannot read IP mode file for STMicroelectronics.X-CUBE-AZRTOS-G0.1.1.0
2023-11-18 18:18:42,005 [WARN] PackLoader:240 - Cannot read IP mode file for STMicroelectronics.X-CUBE-NFC4.3.0.0
2023-11-18 18:18:42,015 [WARN] PackLoader:240 - Cannot read IP mode file for STMicroelectronics.X-CUBE-BLEMGR.3.0.0
2023-11-18 18:18:42,022 [WARN] PackLoader:240 - Cannot read IP mode file for STMicroelectronics.FP-ATR-SIGFOX1.3.2.0
2023-11-18 18:18:42,059 [WARN] PackLoader:240 - Cannot read IP mode file for SEGGER.I-CUBE-embOS.1.3.1
2023-11-18 18:18:42,109 [WARN] PackLoader:240 - Cannot read IP mode file for STMicroelectronics.X-CUBE-GNSS1.6.0.0
2023-11-18 18:18:42,127 [WARN] PackLoader:240 - Cannot read IP mode file for STMicroelectronics.X-CUBE-AZRTOS-F4.1.1.0
2023-11-18 18:18:42,133 [WARN] PackLoader:240 - Cannot read IP mode file for wolfSSL.I-CUBE-wolfSSL.5.6.3
2023-11-18 18:18:42,153 [WARN] PackLoader:240 - Cannot read IP mode file for STMicroelectronics.X-CUBE-AZRTOS-L5.2.0.0
2023-11-18 18:18:42,197 [WARN] PackLoader:240 - Cannot read IP mode file for STMicroelectronics.X-CUBE-MEMS1.9.6.0
2023-11-18 18:18:42,372 [WARN] PackLoader:240 - Cannot read IP mode file for STMicroelectronics.X-CUBE-EEPRMA1.4.2.0
2023-11-18 18:18:42,377 [WARN] PackLoader:240 - Cannot read IP mode file for ITTIA_DB.I-CUBE-ITTIADB.8.8.0
2023-11-18 18:18:42,384 [WARN] PackLoader:240 - Cannot read IP mode file for STMicroelectronics.X-CUBE-BLEMGR.2.0.0
2023-11-18 18:18:42,403 [WARN] ConditionMgr:438 - getConditionDescription Invalid condition id : UX DEVICE CLASS RTOS Condition cause : null
2023-11-18 18:18:42,403 [WARN] ConditionMgr:438 - getConditionDescription Invalid condition id : UX DEVICE CLASS RTOS Condition cause : null
2023-11-18 18:18:42,406 [WARN] PackLoader:240 - Cannot read IP mode file for STMicroelectronics.X-CUBE-AZRTOS-H7.3.1.0
2023-11-18 18:18:42,407 [WARN] ConditionMgr:1039 - genDependencies : Invalid condition id : UX DEVICE CLASS RTOS Condition cause : null
2023-11-18 18:18:42,408 [WARN] ConditionMgr:1039 - genDependencies : Invalid condition id : UX DEVICE CLASS RTOS Condition cause : null
2023-11-18 18:18:42,408 [WARN] ConditionMgr:1039 - genDependencies : Invalid condition id : UX DEVICE CLASS RTOS Condition cause : null
2023-11-18 18:18:42,409 [WARN] ConditionMgr:1039 - genDependencies : Invalid condition id : UX DEVICE CLASS RTOS Condition cause : null
2023-11-18 18:18:42,409 [WARN] ConditionMgr:1039 - genDependencies : Invalid condition id : UX DEVICE CLASS RTOS Condition cause : null
2023-11-18 18:18:42,415 [WARN] PackLoader:240 - Cannot read IP mode file for STMicroelectronics.X-CUBE-NFC7.1.0.1
2023-11-18 18:18:42,423 [WARN] PackLoader:240 - Cannot read IP mode file for STMicroelectronics.X-CUBE-NFC6.3.0.0
2023-11-18 18:18:42,428 [WARN] PackLoader:240 - Cannot read IP mode file for STMicroelectronics.X-CUBE-EEPRMA1.4.1.0
2023-11-18 18:18:42,431 [WARN] PackLoader:240 - Cannot read IP mode file for STMicroelectronics.X-CUBE-AI.8.1.0
2023-11-18 18:18:42,447 [WARN] ConditionMgr:438 - getConditionDescription Invalid condition id : LAN8742 Phy interface Condition cause : null
2023-11-18 18:18:42,448 [WARN] PackLoader:240 - Cannot read IP mode file for STMicroelectronics.X-CUBE-AZRTOS-L4.2.0.0
2023-11-18 18:18:42,449 [WARN] ConditionMgr:1039 - genDependencies : Invalid condition id : LAN8742 Phy interface Condition cause : null
2023-11-18 18:18:42,450 [WARN] ConditionMgr:1039 - genDependencies : Invalid condition id : LAN8742 Phy interface Condition cause : null
2023-11-18 18:18:42,450 [WARN] ConditionMgr:1039 - genDependencies : Invalid condition id : LAN8742 Phy interface Condition cause : null
2023-11-18 18:18:42,457 [WARN] PackLoader:240 - Cannot read IP mode file for STMicroelectronics.X-CUBE-SFXS2LP1.4.0.0
2023-11-18 18:18:42,461 [WARN] PackLoader:240 - Cannot read IP mode file for STMicroelectronics.X-CUBE-ISPU.1.1.0
2023-11-18 18:18:42,471 [WARN] ConditionMgr:438 - getConditionDescription Invalid condition id : UX DEVICE CLASS RTOS Condition cause : null
2023-11-18 18:18:42,471 [WARN] ConditionMgr:438 - getConditionDescription Invalid condition id : UX DEVICE CLASS RTOS Condition cause : null
2023-11-18 18:18:42,472 [WARN] PackLoader:240 - Cannot read IP mode file for STMicroelectronics.X-CUBE-AZRTOS-WB.2.0.0
2023-11-18 18:18:42,472 [WARN] ConditionMgr:1039 - genDependencies : Invalid condition id : UX DEVICE CLASS RTOS Condition cause : null
2023-11-18 18:18:42,472 [WARN] ConditionMgr:1039 - genDependencies : Invalid condition id : UX DEVICE CLASS RTOS Condition cause : null
2023-11-18 18:18:42,473 [WARN] ConditionMgr:1039 - genDependencies : Invalid condition id : UX DEVICE CLASS RTOS Condition cause : null
2023-11-18 18:18:42,473 [WARN] ConditionMgr:1039 - genDependencies : Invalid condition id : UX DEVICE CLASS RTOS Condition cause : null
2023-11-18 18:18:42,473 [WARN] ConditionMgr:1039 - genDependencies : Invalid condition id : UX DEVICE CLASS RTOS Condition cause : null
2023-11-18 18:18:42,476 [WARN] PackLoader:240 - Cannot read IP mode file for STMicroelectronics.X-CUBE-FREERTOS.1.0.1
2023-11-18 18:18:42,485 [WARN] PackLoader:240 - Cannot read IP mode file for STMicroelectronics.X-CUBE-AZRTOS-L5.1.1.0
2023-11-18 18:18:42,488 [WARN] PackLoader:240 - Cannot read IP mode file for STMicroelectronics.X-CUBE-AI.8.0.1
2023-11-18 18:18:42,493 [WARN] PackLoader:240 - Cannot read IP mode file for STMicroelectronics.X-CUBE-SUBG2.5.0.0
2023-11-18 18:18:42,502 [WARN] PackLoader:240 - Cannot read IP mode file for STMicroelectronics.X-CUBE-TOF1.3.3.1
2023-11-18 18:18:42,526 [WARN] PackLoader:240 - Cannot read IP mode file for STMicroelectronics.X-CUBE-AZRTOS-G4.2.0.0
2023-11-18 18:18:42,533 [WARN] PackLoader:240 - Cannot read IP mode file for Infineon.AIROC-Wi-Fi-Bluetooth-STM32.1.5.1
2023-11-18 18:18:42,539 [WARN] PackLoader:240 - Cannot read IP mode file for STMicroelectronics.FP-SNS-MOTENVWB1.1.3.0
2023-11-18 18:18:42,578 [WARN] PackLoader:240 - Cannot read IP mode file for STMicroelectronics.X-CUBE-MEMS1.10.0.0
2023-11-18 18:18:42,689 [WARN] PackLoader:240 - Cannot read IP mode file for STMicroelectronics.X-CUBE-FREERTOS.1.1.0
2023-11-18 18:18:42,693 [WARN] PackLoader:240 - Cannot read IP mode file for portGmbH.I-Cube-SoM-uGOAL.1.1.0
2023-11-18 18:18:42,696 [WARN] PackLoader:240 - Cannot read IP mode file for STMicroelectronics.X-CUBE-ALS.1.0.1
2023-11-18 18:18:42,707 [WARN] PackLoader:240 - Cannot read IP mode file for STMicroelectronics.X-CUBE-AZRTOS-WB.1.1.0
2023-11-18 18:18:42,710 [WARN] PackLoader:240 - Cannot read IP mode file for STMicroelectronics.FP-ATR-ASTRA1.2.0.0
2023-11-18 18:18:42,711 [INFO] ThirdParty:978 - Integrity check success = true
2023-11-18 18:18:42,711 [INFO] IntegrityCheckThread:100 - exiting critical section [integrity check]
2023-11-18 18:18:42,711 [INFO] IntegrityCheckThread:103 - End integrity checks thread
