2023-07-27 19:10:34,580 [INFO] Activator:176 - 


2023-07-27 19:10:34,583 [INFO] Activator:177 - !SESSION log4j initialized
2023-07-27 19:10:38,278 [INFO] LogOutputStream:77 - [STDOUT_REDIRECT] 
2023-07-27 19:10:40,099 [INFO] ApplicationProperties:184 - Using Application install path: /opt/st/stm32cubeide_1.13.0/plugins/com.st.stm32cube.common.mx_6.9.0.202307051724
2023-07-27 19:10:40,119 [INFO] DbMcusXml:78 - Set database path to: /opt/st/stm32cubeide_1.13.0/plugins/com.st.stm32cube.common.mx_6.9.0.202307051724//db//mcu/
2023-07-27 19:10:40,119 [INFO] ApiDb:274 - Set plugin database path to: /opt/st/stm32cubeide_1.13.0/plugins/com.st.stm32cube.common.mx_6.9.0.202307051724//db//plugins/boardmanager/
2023-07-27 19:10:40,120 [WARN] ApiDb:259 - Overriding images path with different value:  => /opt/st/stm32cubeide_1.13.0/plugins/com.st.stm32cube.common.mx_6.9.0.202307051724//db//plugins/mcufinder/images/
2023-07-27 19:10:40,130 [INFO] ApiDb:250 - Set database path to: /home/manjunath/.stmcufinder/plugins/mcufinder//mcu/
2023-07-27 19:10:40,131 [INFO] DbMcusAds:125 - Set database path to: /home/manjunath/.stmcufinder/plugins/mcufinder//mcu/
2023-07-27 19:10:40,133 [INFO] CrossReferenceDbSqlite:203 - Set database path to: /home/manjunath/.stmcufinder/plugins/mcufinder//mcu/cs/
2023-07-27 19:10:40,255 [INFO] RulesReader:64 - Compatibility file has been processed (293 Rules)
2023-07-27 19:10:40,307 [INFO] DbMcusXml:78 - Set database path to: /opt/st/stm32cubeide_1.13.0/plugins/com.st.stm32cube.common.mx_6.9.0.202307051724//db//mcu/
2023-07-27 19:10:40,307 [INFO] ApiDb:274 - Set plugin database path to: /opt/st/stm32cubeide_1.13.0/plugins/com.st.stm32cube.common.mx_6.9.0.202307051724//db//plugins/boardmanager/
2023-07-27 19:10:40,307 [INFO] ApiDb:261 - Set plugin images path to: /opt/st/stm32cubeide_1.13.0/plugins/com.st.stm32cube.common.mx_6.9.0.202307051724//db//plugins/mcufinder/images/
2023-07-27 19:10:40,307 [WARN] DbFile:41 - Overriding database path with different value: /home/manjunath/.stmcufinder/plugins/mcufinder/ => /home/manjunath/.stmcufinder/plugins/mcufinder
2023-07-27 19:10:40,308 [INFO] ApiDb:250 - Set database path to: /home/manjunath/.stmcufinder/plugins/mcufinder//mcu/
2023-07-27 19:10:40,308 [WARN] DbFile:41 - Overriding database path with different value: /home/manjunath/.stmcufinder/plugins/mcufinder/ => /home/manjunath/.stmcufinder/plugins/mcufinder
2023-07-27 19:10:40,308 [INFO] DbMcusAds:125 - Set database path to: /home/manjunath/.stmcufinder/plugins/mcufinder//mcu/
2023-07-27 19:10:40,308 [WARN] DbFile:41 - Overriding database path with different value: /home/manjunath/.stmcufinder/plugins/mcufinder/ => /home/manjunath/.stmcufinder/plugins/mcufinder
2023-07-27 19:10:40,308 [WARN] DbFile:41 - Overriding database path with different value: /home/manjunath/.stmcufinder/plugins/mcufinder/ => /home/manjunath/.stmcufinder/plugins/mcufinder
2023-07-27 19:10:40,308 [INFO] CrossReferenceDbSqlite:203 - Set database path to: /home/manjunath/.stmcufinder/plugins/mcufinder//mcu/cs/
2023-07-27 19:10:40,384 [INFO] MainPanel:262 - HeapMemory: 268435456
2023-07-27 19:10:40,477 [INFO] DbMcusXml:78 - Set database path to: /opt/st/stm32cubeide_1.13.0/plugins/com.st.stm32cube.common.mx_6.9.0.202307051724//db//mcu/
2023-07-27 19:10:40,477 [INFO] ApiDb:274 - Set plugin database path to: /opt/st/stm32cubeide_1.13.0/plugins/com.st.stm32cube.common.mx_6.9.0.202307051724//db//plugins/boardmanager/
2023-07-27 19:10:40,477 [INFO] ApiDb:261 - Set plugin images path to: /opt/st/stm32cubeide_1.13.0/plugins/com.st.stm32cube.common.mx_6.9.0.202307051724//db//plugins/mcufinder/images/
2023-07-27 19:10:40,477 [WARN] DbFile:41 - Overriding database path with different value: /home/manjunath/.stmcufinder/plugins/mcufinder/ => /home/manjunath/.stmcufinder/plugins/mcufinder
2023-07-27 19:10:40,478 [INFO] ApiDb:250 - Set database path to: /home/manjunath/.stmcufinder/plugins/mcufinder//mcu/
2023-07-27 19:10:40,478 [WARN] DbFile:41 - Overriding database path with different value: /home/manjunath/.stmcufinder/plugins/mcufinder/ => /home/manjunath/.stmcufinder/plugins/mcufinder
2023-07-27 19:10:40,478 [INFO] DbMcusAds:125 - Set database path to: /home/manjunath/.stmcufinder/plugins/mcufinder//mcu/
2023-07-27 19:10:40,478 [WARN] DbFile:41 - Overriding database path with different value: /home/manjunath/.stmcufinder/plugins/mcufinder/ => /home/manjunath/.stmcufinder/plugins/mcufinder
2023-07-27 19:10:40,478 [WARN] DbFile:41 - Overriding database path with different value: /home/manjunath/.stmcufinder/plugins/mcufinder/ => /home/manjunath/.stmcufinder/plugins/mcufinder
2023-07-27 19:10:40,478 [INFO] CrossReferenceDbSqlite:203 - Set database path to: /home/manjunath/.stmcufinder/plugins/mcufinder//mcu/cs/
2023-07-27 19:10:40,495 [INFO] ApplicationProperties:184 - Using Application install path: /opt/st/stm32cubeide_1.13.0/plugins/com.st.stm32cube.common.mx_6.9.0.202307051724
2023-07-27 19:10:40,497 [INFO] PluginManage:196 - Search for loadable plugins [exclusion list=, ]
2023-07-27 19:10:40,499 [INFO] PluginManage:310 - Check plugin analytics
2023-07-27 19:10:40,651 [INFO] AnalyticsPlugin:253 - Accepted Software Licenses: 
2023-07-27 19:10:40,652 [INFO] AnalyticsPlugin:255 - Accepted CMSIS Pack Licenses: 
2023-07-27 19:10:40,652 [INFO] AnalyticsPlugin:257 - Accepted Firmware Licenses: FW.F4.1.27.0
2023-07-27 19:10:40,654 [INFO] PluginManage:359 - Loaded plugin analytics (category:tool,tabindex:-1)
2023-07-27 19:10:40,654 [INFO] PluginManage:310 - Check plugin cadmodel
2023-07-27 19:10:40,682 [INFO] CADModel:105 - Init CAD model plugin
2023-07-27 19:10:40,682 [INFO] PluginManage:359 - Loaded plugin cadmodel (category:power,tabindex:5)
2023-07-27 19:10:40,682 [INFO] PluginManage:310 - Check plugin clock
2023-07-27 19:10:40,690 [INFO] PluginManage:359 - Loaded plugin clock (category:base,tabindex:2)
2023-07-27 19:10:40,690 [INFO] PluginManage:310 - Check plugin ddr
2023-07-27 19:10:40,692 [INFO] PluginManage:359 - Loaded plugin ddr (category:tool,tabindex:6)
2023-07-27 19:10:40,692 [INFO] PluginManage:310 - Check plugin filemanager
2023-07-27 19:10:40,829 [INFO] PluginManage:359 - Loaded plugin filemanager (category:base,tabindex:10)
2023-07-27 19:10:40,829 [INFO] PluginManage:310 - Check plugin ipmanager
2023-07-27 19:10:40,835 [INFO] PluginManage:359 - Loaded plugin ipmanager (category:base,tabindex:5)
2023-07-27 19:10:40,835 [INFO] PluginManage:310 - Check plugin lpbam
2023-07-27 19:10:40,845 [INFO] PluginManage:359 - Loaded plugin lpbam (category:base,tabindex:0)
2023-07-27 19:10:40,845 [INFO] PluginManage:310 - Check plugin memorymap
2023-07-27 19:10:40,856 [INFO] PluginManage:359 - Loaded plugin memorymap (category:base,tabindex:4)
2023-07-27 19:10:40,856 [INFO] PluginManage:310 - Check plugin pinoutandconfiguration
2023-07-27 19:10:40,864 [INFO] PluginManage:359 - Loaded plugin pinoutandconfiguration (category:base,tabindex:1)
2023-07-27 19:10:40,865 [INFO] PluginManage:310 - Check plugin pinoutconfig
2023-07-27 19:10:40,947 [WARN] SupportedApi:132 - Cannot load RTOS API schema: s4s-elt-must-match.1: The content of 'definitions' must match (annotation?, (simpleType | complexType)?, (unique | key | keyref)*)). A problem was found starting at: attribute.
2023-07-27 19:10:41,075 [INFO] PluginManage:359 - Loaded plugin pinoutconfig (category:base,tabindex:0)
2023-07-27 19:10:41,076 [INFO] PluginManage:310 - Check plugin power
2023-07-27 19:10:41,088 [INFO] PluginManage:359 - Loaded plugin power (category:power,tabindex:4)
2023-07-27 19:10:41,088 [INFO] PluginManage:310 - Check plugin projectmanager
2023-07-27 19:10:41,101 [INFO] PluginManage:359 - Loaded plugin projectmanager (category:projectmanager,tabindex:3)
2023-07-27 19:10:41,101 [INFO] PluginManage:310 - Check plugin thirdparty
2023-07-27 19:10:41,193 [ERROR] ConfigurationRetriever:142 - IOException on connection: Connect timed out
2023-07-27 19:10:41,265 [WARN] IntegrityCheckThread:84 - waiting for thirdparty lock release [integrity check]
2023-07-27 19:10:41,265 [INFO] PluginManage:359 - Loaded plugin thirdparty (category:base,tabindex:-1)
2023-07-27 19:10:41,265 [INFO] IntegrityCheckThread:86 - entering critical section [integrity check]
2023-07-27 19:10:41,265 [INFO] PluginManage:310 - Check plugin tools
2023-07-27 19:10:41,266 [INFO] ThirdPartyUpdaterWithRetryManager:70 - Updater plugin not ready yet. [1/15]
2023-07-27 19:10:41,268 [INFO] PluginManage:359 - Loaded plugin tools (category:base,tabindex:7)
2023-07-27 19:10:41,268 [INFO] PluginManage:310 - Check plugin tutovideos
2023-07-27 19:10:41,437 [INFO] PluginManage:359 - Loaded plugin tutovideos (category:base,tabindex:-1)
2023-07-27 19:10:41,438 [INFO] PluginManage:310 - Check plugin updater
2023-07-27 19:10:41,448 [INFO] PluginManage:359 - Loaded plugin updater (category:base,tabindex:12)
2023-07-27 19:10:41,448 [INFO] PluginManage:310 - Check plugin userauth
2023-07-27 19:10:41,453 [INFO] UserAuth:113 - Init User Auth plugin
2023-07-27 19:10:41,453 [INFO] PluginManage:359 - Loaded plugin userauth (category:base,tabindex:14)
2023-07-27 19:10:41,453 [INFO] PluginManage:283 - PluginManage : Loaded plugins [17]
2023-07-27 19:10:41,620 [INFO] PinOutPanel:1499 - setPackage(No Configuration,No Configuration)
2023-07-27 19:10:41,698 [INFO] CADModel:165 - CPN selected for project level
2023-07-27 19:10:41,699 [INFO] CADModel:114 - Register for checkConnection events
2023-07-27 19:10:41,711 [INFO] IPUIPlugin:80 - create IPUIPlugin
2023-07-27 19:10:41,711 [INFO] PluginManager:220 - loadIPPluginJar : add hash
2023-07-27 19:10:41,714 [INFO] IPUIPlugin:80 - create IPUIPlugin
2023-07-27 19:10:41,714 [INFO] PluginManager:220 - loadIPPluginJar : add ipddr
2023-07-27 19:10:41,716 [INFO] IPUIPlugin:80 - create IPUIPlugin
2023-07-27 19:10:41,716 [INFO] PluginManager:220 - loadIPPluginJar : add genericplugin
2023-07-27 19:10:41,717 [INFO] IPUIPlugin:80 - create IPUIPlugin
2023-07-27 19:10:41,717 [INFO] PluginManager:220 - loadIPPluginJar : add fatfs
2023-07-27 19:10:41,723 [INFO] IPUIPlugin:80 - create IPUIPlugin
2023-07-27 19:10:41,725 [INFO] PluginManager:220 - loadIPPluginJar : add plateformsettings
2023-07-27 19:10:41,728 [INFO] IPUIPlugin:80 - create IPUIPlugin
2023-07-27 19:10:41,728 [INFO] PluginManager:220 - loadIPPluginJar : add pdm2pcm
2023-07-27 19:10:41,731 [INFO] IPUIPlugin:80 - create IPUIPlugin
2023-07-27 19:10:41,731 [INFO] PluginManager:220 - loadIPPluginJar : add cryp
2023-07-27 19:10:41,733 [INFO] IPUIPlugin:80 - create IPUIPlugin
2023-07-27 19:10:41,733 [INFO] PluginManager:220 - loadIPPluginJar : add tim
2023-07-27 19:10:41,734 [INFO] IPUIPlugin:80 - create IPUIPlugin
2023-07-27 19:10:41,734 [INFO] PluginManager:220 - loadIPPluginJar : add spi
2023-07-27 19:10:41,741 [INFO] IPUIPlugin:80 - create IPUIPlugin
2023-07-27 19:10:41,741 [INFO] PluginManager:220 - loadIPPluginJar : add mdma
2023-07-27 19:10:41,743 [INFO] IPUIPlugin:80 - create IPUIPlugin
2023-07-27 19:10:41,743 [INFO] PluginManager:220 - loadIPPluginJar : add aes
2023-07-27 19:10:41,745 [INFO] IPUIPlugin:80 - create IPUIPlugin
2023-07-27 19:10:41,745 [INFO] PluginManager:220 - loadIPPluginJar : add gfxmmu
2023-07-27 19:10:41,747 [INFO] IPUIPlugin:80 - create IPUIPlugin
2023-07-27 19:10:41,748 [INFO] PluginManager:220 - loadIPPluginJar : add ucpd
2023-07-27 19:10:41,749 [INFO] IPUIPlugin:80 - create IPUIPlugin
2023-07-27 19:10:41,749 [INFO] PluginManager:220 - loadIPPluginJar : add quadspi
2023-07-27 19:10:41,750 [INFO] IPUIPlugin:80 - create IPUIPlugin
2023-07-27 19:10:41,750 [INFO] PluginManager:220 - loadIPPluginJar : add tracer_emb
2023-07-27 19:10:41,752 [INFO] IPUIPlugin:80 - create IPUIPlugin
2023-07-27 19:10:41,752 [INFO] PluginManager:220 - loadIPPluginJar : add dfsdm
2023-07-27 19:10:41,755 [INFO] IPUIPlugin:80 - create IPUIPlugin
2023-07-27 19:10:41,756 [INFO] PluginManager:220 - loadIPPluginJar : add sai
2023-07-27 19:10:41,758 [INFO] IPUIPlugin:80 - create IPUIPlugin
2023-07-27 19:10:41,758 [INFO] PluginManager:220 - loadIPPluginJar : add lorawan
2023-07-27 19:10:41,761 [INFO] IPUIPlugin:80 - create IPUIPlugin
2023-07-27 19:10:41,761 [INFO] PluginManager:220 - loadIPPluginJar : add usbx
2023-07-27 19:10:41,768 [INFO] IPUIPlugin:80 - create IPUIPlugin
2023-07-27 19:10:41,768 [INFO] PluginManager:220 - loadIPPluginJar : add linkedlist
2023-07-27 19:10:41,769 [INFO] IPUIPlugin:80 - create IPUIPlugin
2023-07-27 19:10:41,769 [INFO] PluginManager:220 - loadIPPluginJar : add ltdc
2023-07-27 19:10:41,772 [INFO] IPUIPlugin:80 - create IPUIPlugin
2023-07-27 19:10:41,772 [INFO] PluginManager:220 - loadIPPluginJar : add nvic
2023-07-27 19:10:41,774 [INFO] IPUIPlugin:80 - create IPUIPlugin
2023-07-27 19:10:41,774 [INFO] PluginManager:220 - loadIPPluginJar : add gtzc
2023-07-27 19:10:41,780 [INFO] IPUIPlugin:80 - create IPUIPlugin
2023-07-27 19:10:41,780 [INFO] PluginManager:220 - loadIPPluginJar : add freertos
2023-07-27 19:10:41,786 [INFO] IPUIPlugin:80 - create IPUIPlugin
2023-07-27 19:10:41,786 [INFO] PluginManager:220 - loadIPPluginJar : add dma
2023-07-27 19:10:41,787 [INFO] IPUIPlugin:80 - create IPUIPlugin
2023-07-27 19:10:41,787 [INFO] PluginManager:220 - loadIPPluginJar : add tsc
2023-07-27 19:10:41,790 [INFO] IPUIPlugin:80 - create IPUIPlugin
2023-07-27 19:10:41,790 [INFO] PluginManager:220 - loadIPPluginJar : add usart
2023-07-27 19:10:41,792 [INFO] IPUIPlugin:80 - create IPUIPlugin
2023-07-27 19:10:41,792 [INFO] PluginManager:220 - loadIPPluginJar : add comp
2023-07-27 19:10:41,794 [INFO] IPUIPlugin:80 - create IPUIPlugin
2023-07-27 19:10:41,794 [INFO] PluginManager:220 - loadIPPluginJar : add i2s
2023-07-27 19:10:41,796 [INFO] IPUIPlugin:80 - create IPUIPlugin
2023-07-27 19:10:41,796 [INFO] PluginManager:220 - loadIPPluginJar : add i2c
2023-07-27 19:10:41,798 [INFO] IPUIPlugin:80 - create IPUIPlugin
2023-07-27 19:10:41,798 [INFO] PluginManager:220 - loadIPPluginJar : add i3c
2023-07-27 19:10:41,802 [INFO] IPUIPlugin:80 - create IPUIPlugin
2023-07-27 19:10:41,802 [INFO] PluginManager:220 - loadIPPluginJar : add resmgrutility
2023-07-27 19:10:41,806 [INFO] IPUIPlugin:80 - create IPUIPlugin
2023-07-27 19:10:41,807 [INFO] PluginManager:220 - loadIPPluginJar : add stm32_wpan
2023-07-27 19:10:41,809 [INFO] IPUIPlugin:80 - create IPUIPlugin
2023-07-27 19:10:41,809 [INFO] PluginManager:220 - loadIPPluginJar : add dma3
2023-07-27 19:10:41,812 [INFO] IPUIPlugin:80 - create IPUIPlugin
2023-07-27 19:10:41,812 [INFO] PluginManager:220 - loadIPPluginJar : add touchsensing
2023-07-27 19:10:41,814 [INFO] IPUIPlugin:80 - create IPUIPlugin
2023-07-27 19:10:41,814 [INFO] PluginManager:220 - loadIPPluginJar : add can
2023-07-27 19:10:41,818 [INFO] IPUIPlugin:80 - create IPUIPlugin
2023-07-27 19:10:41,818 [INFO] PluginManager:220 - loadIPPluginJar : add fmc
2023-07-27 19:10:41,822 [INFO] IPUIPlugin:80 - create IPUIPlugin
2023-07-27 19:10:41,822 [INFO] PluginManager:220 - loadIPPluginJar : add gic
2023-07-27 19:10:41,824 [INFO] IPUIPlugin:80 - create IPUIPlugin
2023-07-27 19:10:41,824 [INFO] PluginManager:220 - loadIPPluginJar : add ts
2023-07-27 19:10:41,826 [INFO] IPUIPlugin:80 - create IPUIPlugin
2023-07-27 19:10:41,826 [INFO] PluginManager:220 - loadIPPluginJar : add opamp
2023-07-27 19:10:41,830 [INFO] IPUIPlugin:80 - create IPUIPlugin
2023-07-27 19:10:41,831 [INFO] PluginManager:220 - loadIPPluginJar : add gpio
2023-07-27 19:10:41,833 [INFO] IPUIPlugin:80 - create IPUIPlugin
2023-07-27 19:10:41,834 [INFO] PluginManager:220 - loadIPPluginJar : add openamp
2023-07-27 19:10:41,839 [INFO] IPUIPlugin:80 - create IPUIPlugin
2023-07-27 19:10:41,839 [INFO] PluginManager:220 - loadIPPluginJar : add adc
2023-07-27 19:10:41,936 [INFO] CADModel:165 - CPN selected for project level
2023-07-27 19:10:41,936 [INFO] CADModel:114 - Register for checkConnection events
2023-07-27 19:10:41,936 [FATAL] Updater:308 - Updater called before beeing initialized
2023-07-27 19:10:41,936 [ERROR] CADModel:125 - Updater not yet initialized, retry later 
2023-07-27 19:10:42,037 [INFO] CADModel:165 - CPN selected for project level
2023-07-27 19:10:42,037 [INFO] CADModel:114 - Register for checkConnection events
2023-07-27 19:10:42,037 [FATAL] Updater:308 - Updater called before beeing initialized
2023-07-27 19:10:42,037 [ERROR] CADModel:125 - Updater not yet initialized, retry later 
2023-07-27 19:10:42,040 [FATAL] Updater:308 - Updater called before beeing initialized
2023-07-27 19:10:42,105 [FATAL] Updater:308 - Updater called before beeing initialized
2023-07-27 19:10:42,110 [INFO] DbMcusAds:53 - JSON generation date=Tue Mar 07 14:20:55 IST 2023 (1678179055114)
2023-07-27 19:10:42,110 [FATAL] Updater:308 - Updater called before beeing initialized
2023-07-27 19:10:42,140 [WARN] DetailPanel:346 - Failed to get advertising image, set to default
2023-07-27 19:10:42,264 [FATAL] Updater:308 - Updater called before beeing initialized
2023-07-27 19:10:42,265 [FATAL] Updater:308 - Updater called before beeing initialized
2023-07-27 19:10:42,265 [FATAL] Updater:308 - Updater called before beeing initialized
2023-07-27 19:10:42,265 [WARN] DetailPanel:346 - Failed to get advertising image, set to default
2023-07-27 19:10:42,266 [FATAL] Updater:308 - Updater called before beeing initialized
2023-07-27 19:10:42,301 [ERROR] Updater:1120 - MainUpdater not yet initialized. External WinMGr cannot be set.
2023-07-27 19:10:42,302 [INFO] Updater:1056 - Updater Version found : 6.9.0
2023-07-27 19:10:42,322 [INFO] ApplicationProperties:184 - Using Application install path: /opt/st/stm32cubeide_1.13.0/plugins/com.st.stm32cube.common.mx_6.9.0.202307051724
2023-07-27 19:10:43,195 [ERROR] ConfigurationRetriever:142 - IOException on connection: Connect timed out
2023-07-27 19:10:44,266 [INFO] ThirdPartyUpdaterWithRetryManager:70 - Updater plugin not ready yet. [2/15]
2023-07-27 19:10:44,475 [WARN] ServerAccessManage:1168 - Warning during Server Connection :  timeout Connect timed out
2023-07-27 19:10:45,196 [ERROR] ConfigurationRetriever:142 - IOException on connection: Connect timed out
2023-07-27 19:10:45,657 [ERROR] ConfigurationRetriever:142 - IOException on connection: Connect timed out
2023-07-27 19:10:46,479 [WARN] ServerAccessManage:1168 - Warning during Server Connection :  timeout Connect timed out
2023-07-27 19:10:46,483 [INFO] MainUpdater:2868 - connection check result : 22
2023-07-27 19:10:46,484 [INFO] MainUpdater:285 - Updater Check For Update Now.
2023-07-27 19:10:46,485 [INFO] MicroXplorer:498 - Change Database Version : DB.6.0.90
2023-07-27 19:10:46,491 [INFO] McuFinderGlobals:63 - Set McuFinder mode to 2 (CubeIDE integrated)
2023-07-27 19:10:46,664 [INFO] CheckServerUpdateThread:120 - End of CheckServer Thread
2023-07-27 19:10:47,338 [WARN] PackLoader:240 - Cannot read IP mode file for STMicroelectronics.X-CUBE-SMBUS.2.1.0
2023-07-27 19:10:47,377 [WARN] PackLoader:240 - Cannot read IP mode file for STMicroelectronics.X-CUBE-AZRTOS-F7.1.1.0
2023-07-27 19:10:47,389 [WARN] PackLoader:240 - Cannot read IP mode file for STMicroelectronics.FP-SNS-MOTENV1.4.3.2
2023-07-27 19:10:47,396 [WARN] PackLoader:240 - Cannot read IP mode file for STMicroelectronics.FP-SNS-FLIGHT1.5.0.1
2023-07-27 19:10:47,404 [WARN] PackLoader:240 - Cannot read IP mode file for STMicroelectronics.X-CUBE-BLE1.6.2.4
2023-07-27 19:10:47,413 [WARN] PackLoader:240 - Cannot read IP mode file for STMicroelectronics.X-CUBE-DISPLAY.3.0.0
2023-07-27 19:10:47,423 [WARN] PackLoader:240 - Cannot read IP mode file for emotas.I-CUBE-CANOPEN.1.3.0
2023-07-27 19:10:47,426 [WARN] PackLoader:240 - Cannot read IP mode file for STMicroelectronics.X-CUBE-TOUCHGFX.4.22.0
2023-07-27 19:10:47,437 [INFO] LogOutputStream:77 - [STDOUT_REDIRECT] 1 : Invalid condition id : UX_CORESTACK_Condition cause : null
2023-07-27 19:10:47,438 [INFO] LogOutputStream:77 - [STDOUT_REDIRECT] 1 : Invalid condition id : UX_CORESTACK_Condition cause : null
2023-07-27 19:10:47,438 [INFO] LogOutputStream:77 - [STDOUT_REDIRECT] 1 : Invalid condition id : UX_CORESTACK_Condition cause : null
2023-07-27 19:10:47,438 [INFO] LogOutputStream:77 - [STDOUT_REDIRECT] 1 : Invalid condition id : UX_CORESTACK_Condition cause : null
2023-07-27 19:10:47,438 [INFO] LogOutputStream:77 - [STDOUT_REDIRECT] 1 : Invalid condition id : UX_CORESTACK_Condition cause : null
2023-07-27 19:10:47,443 [WARN] PackLoader:240 - Cannot read IP mode file for STMicroelectronics.X-CUBE-AZRTOS-WL.2.0.0
2023-07-27 19:10:47,450 [WARN] PackLoader:240 - Cannot read IP mode file for WES.I-CUBE-Cesium.1.3.0
2023-07-27 19:10:47,454 [WARN] PackLoader:240 - Cannot read IP mode file for STMicroelectronics.X-CUBE-BLE2.3.3.0
2023-07-27 19:10:47,460 [WARN] PackLoader:240 - Cannot read IP mode file for STMicroelectronics.X-CUBE-ALGOBUILD.1.3.0
2023-07-27 19:10:47,489 [WARN] PackLoader:240 - Cannot read IP mode file for STMicroelectronics.X-CUBE-AZRTOS-G0.1.1.0
2023-07-27 19:10:47,496 [WARN] PackLoader:240 - Cannot read IP mode file for STMicroelectronics.X-CUBE-NFC4.3.0.0
2023-07-27 19:10:47,500 [WARN] PackLoader:240 - Cannot read IP mode file for STMicroelectronics.FP-ATR-SIGFOX1.3.2.0
2023-07-27 19:10:47,532 [WARN] PackLoader:240 - Cannot read IP mode file for SEGGER.I-CUBE-embOS.1.3.1
2023-07-27 19:10:47,589 [WARN] PackLoader:240 - Cannot read IP mode file for STMicroelectronics.X-CUBE-GNSS1.6.0.0
2023-07-27 19:10:47,613 [WARN] PackLoader:240 - Cannot read IP mode file for STMicroelectronics.X-CUBE-AZRTOS-F4.1.1.0
2023-07-27 19:10:47,620 [WARN] PackLoader:240 - Cannot read IP mode file for wolfSSL.I-CUBE-wolfSSL.5.6.3
2023-07-27 19:10:47,675 [WARN] PackLoader:240 - Cannot read IP mode file for STMicroelectronics.X-CUBE-MEMS1.9.6.0
2023-07-27 19:10:47,904 [WARN] PackLoader:240 - Cannot read IP mode file for STMicroelectronics.X-CUBE-BLEMGR.2.0.0
2023-07-27 19:10:47,920 [WARN] ConditionMgr:438 - getConditionDescription Invalid condition id : UX DEVICE CLASS RTOS Condition cause : null
2023-07-27 19:10:47,920 [WARN] ConditionMgr:438 - getConditionDescription Invalid condition id : UX DEVICE CLASS RTOS Condition cause : null
2023-07-27 19:10:47,922 [WARN] PackLoader:240 - Cannot read IP mode file for STMicroelectronics.X-CUBE-AZRTOS-H7.3.1.0
2023-07-27 19:10:47,923 [WARN] ConditionMgr:1039 - genDependencies : Invalid condition id : UX DEVICE CLASS RTOS Condition cause : null
2023-07-27 19:10:47,923 [WARN] ConditionMgr:1039 - genDependencies : Invalid condition id : UX DEVICE CLASS RTOS Condition cause : null
2023-07-27 19:10:47,924 [WARN] ConditionMgr:1039 - genDependencies : Invalid condition id : UX DEVICE CLASS RTOS Condition cause : null
2023-07-27 19:10:47,924 [WARN] ConditionMgr:1039 - genDependencies : Invalid condition id : UX DEVICE CLASS RTOS Condition cause : null
2023-07-27 19:10:47,924 [WARN] ConditionMgr:1039 - genDependencies : Invalid condition id : UX DEVICE CLASS RTOS Condition cause : null
2023-07-27 19:10:47,930 [WARN] PackLoader:240 - Cannot read IP mode file for STMicroelectronics.X-CUBE-NFC7.1.0.1
2023-07-27 19:10:47,934 [WARN] PackLoader:240 - Cannot read IP mode file for STMicroelectronics.X-CUBE-EEPRMA1.4.1.0
2023-07-27 19:10:47,951 [WARN] ConditionMgr:438 - getConditionDescription Invalid condition id : LAN8742 Phy interface Condition cause : null
2023-07-27 19:10:47,952 [WARN] PackLoader:240 - Cannot read IP mode file for STMicroelectronics.X-CUBE-AZRTOS-L4.2.0.0
2023-07-27 19:10:47,953 [WARN] ConditionMgr:1039 - genDependencies : Invalid condition id : LAN8742 Phy interface Condition cause : null
2023-07-27 19:10:47,953 [WARN] ConditionMgr:1039 - genDependencies : Invalid condition id : LAN8742 Phy interface Condition cause : null
2023-07-27 19:10:47,953 [WARN] ConditionMgr:1039 - genDependencies : Invalid condition id : LAN8742 Phy interface Condition cause : null
2023-07-27 19:10:47,958 [WARN] PackLoader:240 - Cannot read IP mode file for STMicroelectronics.X-CUBE-SFXS2LP1.4.0.0
2023-07-27 19:10:47,961 [WARN] PackLoader:240 - Cannot read IP mode file for STMicroelectronics.X-CUBE-ISPU.1.1.0
2023-07-27 19:10:47,964 [WARN] PackLoader:240 - Cannot read IP mode file for STMicroelectronics.X-CUBE-FREERTOS.1.0.1
2023-07-27 19:10:47,982 [WARN] PackLoader:240 - Cannot read IP mode file for STMicroelectronics.X-CUBE-AZRTOS-L5.1.1.0
2023-07-27 19:10:47,987 [WARN] PackLoader:240 - Cannot read IP mode file for STMicroelectronics.X-CUBE-AI.8.0.1
2023-07-27 19:10:47,995 [WARN] PackLoader:240 - Cannot read IP mode file for STMicroelectronics.X-CUBE-SUBG2.5.0.0
2023-07-27 19:10:48,008 [WARN] PackLoader:240 - Cannot read IP mode file for STMicroelectronics.X-CUBE-TOF1.3.3.1
2023-07-27 19:10:48,031 [WARN] PackLoader:240 - Cannot read IP mode file for STMicroelectronics.X-CUBE-AZRTOS-G4.2.0.0
2023-07-27 19:10:48,037 [WARN] PackLoader:240 - Cannot read IP mode file for portGmbH.I-Cube-SoM-uGOAL.1.1.0
2023-07-27 19:10:48,040 [WARN] PackLoader:240 - Cannot read IP mode file for STMicroelectronics.X-CUBE-ALS.1.0.1
2023-07-27 19:10:48,052 [WARN] PackLoader:240 - Cannot read IP mode file for STMicroelectronics.X-CUBE-AZRTOS-WB.1.1.0
2023-07-27 19:10:48,056 [WARN] PackLoader:240 - Cannot read IP mode file for STMicroelectronics.FP-ATR-ASTRA1.2.0.0
2023-07-27 19:10:48,057 [INFO] ThirdParty:978 - Integrity check success = true
2023-07-27 19:10:48,057 [INFO] IntegrityCheckThread:100 - exiting critical section [integrity check]
2023-07-27 19:10:48,057 [INFO] IntegrityCheckThread:103 - End integrity checks thread
2023-07-27 19:10:50,659 [ERROR] ConfigurationRetriever:142 - IOException on connection: Connect timed out
2023-07-27 19:11:06,821 [ERROR] LogOutputStream:75 - [STDERR_REDIRECT] SLF4J: Failed to load class "org.slf4j.impl.StaticLoggerBinder".
2023-07-27 19:11:06,821 [ERROR] LogOutputStream:75 - [STDERR_REDIRECT] SLF4J: Defaulting to no-operation (NOP) logger implementation
2023-07-27 19:11:06,821 [ERROR] LogOutputStream:75 - [STDERR_REDIRECT] SLF4J: See http://www.slf4j.org/codes.html#StaticLoggerBinder for further details.
