2023-08-06 16:52:58,969 [INFO] Activator:176 - 


2023-08-06 16:52:58,974 [INFO] Activator:177 - !SESSION log4j initialized
2023-08-06 16:53:02,341 [INFO] LogOutputStream:77 - [STDOUT_REDIRECT] 
2023-08-06 16:53:02,840 [ERROR] ConfigurationRetriever:142 - IOException on connection: sw-center.st.com
2023-08-06 16:53:02,850 [ERROR] ConfigurationRetriever:142 - IOException on connection: sw-center.st.com
2023-08-06 16:53:02,851 [ERROR] ConfigurationRetriever:142 - IOException on connection: sw-center.st.com
2023-08-06 16:53:02,858 [ERROR] ConfigurationRetriever:142 - IOException on connection: sw-center.st.com
2023-08-06 16:53:02,859 [ERROR] ConfigurationRetriever:142 - IOException on connection: sw-center.st.com
2023-08-06 16:53:02,859 [ERROR] ConfigurationRetriever:142 - IOException on connection: sw-center.st.com
2023-08-06 16:53:04,639 [INFO] ApplicationProperties:184 - Using Application install path: /opt/st/stm32cubeide_1.13.0/plugins/com.st.stm32cube.common.mx_6.9.0.202307051724
2023-08-06 16:53:04,658 [INFO] DbMcusXml:78 - Set database path to: /opt/st/stm32cubeide_1.13.0/plugins/com.st.stm32cube.common.mx_6.9.0.202307051724//db//mcu/
2023-08-06 16:53:04,659 [INFO] ApiDb:274 - Set plugin database path to: /opt/st/stm32cubeide_1.13.0/plugins/com.st.stm32cube.common.mx_6.9.0.202307051724//db//plugins/boardmanager/
2023-08-06 16:53:04,659 [WARN] ApiDb:259 - Overriding images path with different value:  => /opt/st/stm32cubeide_1.13.0/plugins/com.st.stm32cube.common.mx_6.9.0.202307051724//db//plugins/mcufinder/images/
2023-08-06 16:53:04,675 [INFO] ApiDb:250 - Set database path to: /home/manjunath/.stmcufinder/plugins/mcufinder//mcu/
2023-08-06 16:53:04,677 [INFO] DbMcusAds:125 - Set database path to: /home/manjunath/.stmcufinder/plugins/mcufinder//mcu/
2023-08-06 16:53:04,679 [INFO] CrossReferenceDbSqlite:203 - Set database path to: /home/manjunath/.stmcufinder/plugins/mcufinder//mcu/cs/
2023-08-06 16:53:04,839 [INFO] RulesReader:64 - Compatibility file has been processed (293 Rules)
2023-08-06 16:53:04,906 [INFO] DbMcusXml:78 - Set database path to: /opt/st/stm32cubeide_1.13.0/plugins/com.st.stm32cube.common.mx_6.9.0.202307051724//db//mcu/
2023-08-06 16:53:04,906 [INFO] ApiDb:274 - Set plugin database path to: /opt/st/stm32cubeide_1.13.0/plugins/com.st.stm32cube.common.mx_6.9.0.202307051724//db//plugins/boardmanager/
2023-08-06 16:53:04,906 [INFO] ApiDb:261 - Set plugin images path to: /opt/st/stm32cubeide_1.13.0/plugins/com.st.stm32cube.common.mx_6.9.0.202307051724//db//plugins/mcufinder/images/
2023-08-06 16:53:04,906 [WARN] DbFile:41 - Overriding database path with different value: /home/manjunath/.stmcufinder/plugins/mcufinder/ => /home/manjunath/.stmcufinder/plugins/mcufinder
2023-08-06 16:53:04,907 [INFO] ApiDb:250 - Set database path to: /home/manjunath/.stmcufinder/plugins/mcufinder//mcu/
2023-08-06 16:53:04,907 [WARN] DbFile:41 - Overriding database path with different value: /home/manjunath/.stmcufinder/plugins/mcufinder/ => /home/manjunath/.stmcufinder/plugins/mcufinder
2023-08-06 16:53:04,907 [INFO] DbMcusAds:125 - Set database path to: /home/manjunath/.stmcufinder/plugins/mcufinder//mcu/
2023-08-06 16:53:04,907 [WARN] DbFile:41 - Overriding database path with different value: /home/manjunath/.stmcufinder/plugins/mcufinder/ => /home/manjunath/.stmcufinder/plugins/mcufinder
2023-08-06 16:53:04,907 [WARN] DbFile:41 - Overriding database path with different value: /home/manjunath/.stmcufinder/plugins/mcufinder/ => /home/manjunath/.stmcufinder/plugins/mcufinder
2023-08-06 16:53:04,907 [INFO] CrossReferenceDbSqlite:203 - Set database path to: /home/manjunath/.stmcufinder/plugins/mcufinder//mcu/cs/
2023-08-06 16:53:05,037 [INFO] MainPanel:262 - HeapMemory: 268435456
2023-08-06 16:53:05,147 [INFO] DbMcusXml:78 - Set database path to: /opt/st/stm32cubeide_1.13.0/plugins/com.st.stm32cube.common.mx_6.9.0.202307051724//db//mcu/
2023-08-06 16:53:05,147 [INFO] ApiDb:274 - Set plugin database path to: /opt/st/stm32cubeide_1.13.0/plugins/com.st.stm32cube.common.mx_6.9.0.202307051724//db//plugins/boardmanager/
2023-08-06 16:53:05,147 [INFO] ApiDb:261 - Set plugin images path to: /opt/st/stm32cubeide_1.13.0/plugins/com.st.stm32cube.common.mx_6.9.0.202307051724//db//plugins/mcufinder/images/
2023-08-06 16:53:05,147 [WARN] DbFile:41 - Overriding database path with different value: /home/manjunath/.stmcufinder/plugins/mcufinder/ => /home/manjunath/.stmcufinder/plugins/mcufinder
2023-08-06 16:53:05,148 [INFO] ApiDb:250 - Set database path to: /home/manjunath/.stmcufinder/plugins/mcufinder//mcu/
2023-08-06 16:53:05,148 [WARN] DbFile:41 - Overriding database path with different value: /home/manjunath/.stmcufinder/plugins/mcufinder/ => /home/manjunath/.stmcufinder/plugins/mcufinder
2023-08-06 16:53:05,148 [INFO] DbMcusAds:125 - Set database path to: /home/manjunath/.stmcufinder/plugins/mcufinder//mcu/
2023-08-06 16:53:05,148 [WARN] DbFile:41 - Overriding database path with different value: /home/manjunath/.stmcufinder/plugins/mcufinder/ => /home/manjunath/.stmcufinder/plugins/mcufinder
2023-08-06 16:53:05,148 [WARN] DbFile:41 - Overriding database path with different value: /home/manjunath/.stmcufinder/plugins/mcufinder/ => /home/manjunath/.stmcufinder/plugins/mcufinder
2023-08-06 16:53:05,148 [INFO] CrossReferenceDbSqlite:203 - Set database path to: /home/manjunath/.stmcufinder/plugins/mcufinder//mcu/cs/
2023-08-06 16:53:05,164 [INFO] ApplicationProperties:184 - Using Application install path: /opt/st/stm32cubeide_1.13.0/plugins/com.st.stm32cube.common.mx_6.9.0.202307051724
2023-08-06 16:53:05,166 [INFO] PluginManage:196 - Search for loadable plugins [exclusion list=, ]
2023-08-06 16:53:05,168 [INFO] PluginManage:310 - Check plugin analytics
2023-08-06 16:53:05,390 [INFO] AnalyticsPlugin:253 - Accepted Software Licenses: 
2023-08-06 16:53:05,390 [INFO] AnalyticsPlugin:255 - Accepted CMSIS Pack Licenses: 
2023-08-06 16:53:05,390 [INFO] AnalyticsPlugin:257 - Accepted Firmware Licenses: FW.F4.1.27.0
2023-08-06 16:53:05,393 [INFO] PluginManage:359 - Loaded plugin analytics (category:tool,tabindex:-1)
2023-08-06 16:53:05,393 [INFO] PluginManage:310 - Check plugin cadmodel
2023-08-06 16:53:05,404 [ERROR] ConfigurationRetriever:142 - IOException on connection: sw-center.st.com
2023-08-06 16:53:05,405 [ERROR] ConfigurationRetriever:142 - IOException on connection: sw-center.st.com
2023-08-06 16:53:05,405 [ERROR] ConfigurationRetriever:142 - IOException on connection: sw-center.st.com
2023-08-06 16:53:05,427 [INFO] CADModel:105 - Init CAD model plugin
2023-08-06 16:53:05,428 [INFO] PluginManage:359 - Loaded plugin cadmodel (category:power,tabindex:5)
2023-08-06 16:53:05,428 [INFO] PluginManage:310 - Check plugin clock
2023-08-06 16:53:05,440 [INFO] PluginManage:359 - Loaded plugin clock (category:base,tabindex:2)
2023-08-06 16:53:05,440 [INFO] PluginManage:310 - Check plugin ddr
2023-08-06 16:53:05,442 [INFO] PluginManage:359 - Loaded plugin ddr (category:tool,tabindex:6)
2023-08-06 16:53:05,442 [INFO] PluginManage:310 - Check plugin filemanager
2023-08-06 16:53:05,580 [INFO] PluginManage:359 - Loaded plugin filemanager (category:base,tabindex:10)
2023-08-06 16:53:05,581 [INFO] PluginManage:310 - Check plugin ipmanager
2023-08-06 16:53:05,587 [INFO] PluginManage:359 - Loaded plugin ipmanager (category:base,tabindex:5)
2023-08-06 16:53:05,588 [INFO] PluginManage:310 - Check plugin lpbam
2023-08-06 16:53:05,597 [INFO] PluginManage:359 - Loaded plugin lpbam (category:base,tabindex:0)
2023-08-06 16:53:05,598 [INFO] PluginManage:310 - Check plugin memorymap
2023-08-06 16:53:05,609 [INFO] PluginManage:359 - Loaded plugin memorymap (category:base,tabindex:4)
2023-08-06 16:53:05,609 [INFO] PluginManage:310 - Check plugin pinoutandconfiguration
2023-08-06 16:53:05,616 [INFO] PluginManage:359 - Loaded plugin pinoutandconfiguration (category:base,tabindex:1)
2023-08-06 16:53:05,616 [INFO] PluginManage:310 - Check plugin pinoutconfig
2023-08-06 16:53:05,701 [WARN] SupportedApi:132 - Cannot load RTOS API schema: s4s-elt-must-match.1: The content of 'definitions' must match (annotation?, (simpleType | complexType)?, (unique | key | keyref)*)). A problem was found starting at: attribute.
2023-08-06 16:53:05,862 [INFO] PluginManage:359 - Loaded plugin pinoutconfig (category:base,tabindex:0)
2023-08-06 16:53:05,863 [INFO] PluginManage:310 - Check plugin power
2023-08-06 16:53:05,877 [INFO] PluginManage:359 - Loaded plugin power (category:power,tabindex:4)
2023-08-06 16:53:05,877 [INFO] PluginManage:310 - Check plugin projectmanager
2023-08-06 16:53:05,897 [INFO] PluginManage:359 - Loaded plugin projectmanager (category:projectmanager,tabindex:3)
2023-08-06 16:53:05,897 [INFO] PluginManage:310 - Check plugin thirdparty
2023-08-06 16:53:06,028 [INFO] PluginManage:359 - Loaded plugin thirdparty (category:base,tabindex:-1)
2023-08-06 16:53:06,029 [INFO] PluginManage:310 - Check plugin tools
2023-08-06 16:53:06,029 [WARN] IntegrityCheckThread:84 - waiting for thirdparty lock release [integrity check]
2023-08-06 16:53:06,029 [INFO] IntegrityCheckThread:86 - entering critical section [integrity check]
2023-08-06 16:53:06,030 [INFO] ThirdPartyUpdaterWithRetryManager:70 - Updater plugin not ready yet. [1/15]
2023-08-06 16:53:06,032 [INFO] PluginManage:359 - Loaded plugin tools (category:base,tabindex:7)
2023-08-06 16:53:06,032 [INFO] PluginManage:310 - Check plugin tutovideos
2023-08-06 16:53:06,206 [INFO] PluginManage:359 - Loaded plugin tutovideos (category:base,tabindex:-1)
2023-08-06 16:53:06,206 [INFO] PluginManage:310 - Check plugin updater
2023-08-06 16:53:06,218 [INFO] PluginManage:359 - Loaded plugin updater (category:base,tabindex:12)
2023-08-06 16:53:06,218 [INFO] PluginManage:310 - Check plugin userauth
2023-08-06 16:53:06,223 [INFO] UserAuth:113 - Init User Auth plugin
2023-08-06 16:53:06,223 [INFO] PluginManage:359 - Loaded plugin userauth (category:base,tabindex:14)
2023-08-06 16:53:06,224 [INFO] PluginManage:283 - PluginManage : Loaded plugins [17]
2023-08-06 16:53:06,405 [INFO] PinOutPanel:1499 - setPackage(No Configuration,No Configuration)
2023-08-06 16:53:06,508 [INFO] CADModel:165 - CPN selected for project level
2023-08-06 16:53:06,509 [INFO] CADModel:114 - Register for checkConnection events
2023-08-06 16:53:06,527 [INFO] IPUIPlugin:80 - create IPUIPlugin
2023-08-06 16:53:06,527 [INFO] PluginManager:220 - loadIPPluginJar : add hash
2023-08-06 16:53:06,531 [INFO] IPUIPlugin:80 - create IPUIPlugin
2023-08-06 16:53:06,531 [INFO] PluginManager:220 - loadIPPluginJar : add ipddr
2023-08-06 16:53:06,535 [INFO] IPUIPlugin:80 - create IPUIPlugin
2023-08-06 16:53:06,535 [INFO] PluginManager:220 - loadIPPluginJar : add genericplugin
2023-08-06 16:53:06,537 [INFO] IPUIPlugin:80 - create IPUIPlugin
2023-08-06 16:53:06,537 [INFO] PluginManager:220 - loadIPPluginJar : add fatfs
2023-08-06 16:53:06,546 [INFO] IPUIPlugin:80 - create IPUIPlugin
2023-08-06 16:53:06,550 [INFO] PluginManager:220 - loadIPPluginJar : add plateformsettings
2023-08-06 16:53:06,554 [INFO] IPUIPlugin:80 - create IPUIPlugin
2023-08-06 16:53:06,554 [INFO] PluginManager:220 - loadIPPluginJar : add pdm2pcm
2023-08-06 16:53:06,556 [INFO] IPUIPlugin:80 - create IPUIPlugin
2023-08-06 16:53:06,556 [INFO] PluginManager:220 - loadIPPluginJar : add cryp
2023-08-06 16:53:06,559 [INFO] IPUIPlugin:80 - create IPUIPlugin
2023-08-06 16:53:06,559 [INFO] PluginManager:220 - loadIPPluginJar : add tim
2023-08-06 16:53:06,561 [INFO] IPUIPlugin:80 - create IPUIPlugin
2023-08-06 16:53:06,562 [INFO] PluginManager:220 - loadIPPluginJar : add spi
2023-08-06 16:53:06,567 [INFO] IPUIPlugin:80 - create IPUIPlugin
2023-08-06 16:53:06,568 [INFO] PluginManager:220 - loadIPPluginJar : add mdma
2023-08-06 16:53:06,571 [INFO] IPUIPlugin:80 - create IPUIPlugin
2023-08-06 16:53:06,571 [INFO] PluginManager:220 - loadIPPluginJar : add aes
2023-08-06 16:53:06,573 [INFO] IPUIPlugin:80 - create IPUIPlugin
2023-08-06 16:53:06,573 [INFO] PluginManager:220 - loadIPPluginJar : add gfxmmu
2023-08-06 16:53:06,575 [INFO] IPUIPlugin:80 - create IPUIPlugin
2023-08-06 16:53:06,575 [INFO] PluginManager:220 - loadIPPluginJar : add ucpd
2023-08-06 16:53:06,576 [INFO] IPUIPlugin:80 - create IPUIPlugin
2023-08-06 16:53:06,576 [INFO] PluginManager:220 - loadIPPluginJar : add quadspi
2023-08-06 16:53:06,577 [INFO] IPUIPlugin:80 - create IPUIPlugin
2023-08-06 16:53:06,578 [INFO] PluginManager:220 - loadIPPluginJar : add tracer_emb
2023-08-06 16:53:06,579 [INFO] IPUIPlugin:80 - create IPUIPlugin
2023-08-06 16:53:06,580 [INFO] PluginManager:220 - loadIPPluginJar : add dfsdm
2023-08-06 16:53:06,582 [INFO] IPUIPlugin:80 - create IPUIPlugin
2023-08-06 16:53:06,582 [INFO] PluginManager:220 - loadIPPluginJar : add sai
2023-08-06 16:53:06,585 [INFO] IPUIPlugin:80 - create IPUIPlugin
2023-08-06 16:53:06,585 [INFO] PluginManager:220 - loadIPPluginJar : add lorawan
2023-08-06 16:53:06,587 [INFO] IPUIPlugin:80 - create IPUIPlugin
2023-08-06 16:53:06,587 [INFO] PluginManager:220 - loadIPPluginJar : add usbx
2023-08-06 16:53:06,593 [INFO] IPUIPlugin:80 - create IPUIPlugin
2023-08-06 16:53:06,593 [INFO] PluginManager:220 - loadIPPluginJar : add linkedlist
2023-08-06 16:53:06,594 [INFO] IPUIPlugin:80 - create IPUIPlugin
2023-08-06 16:53:06,594 [INFO] PluginManager:220 - loadIPPluginJar : add ltdc
2023-08-06 16:53:06,596 [INFO] IPUIPlugin:80 - create IPUIPlugin
2023-08-06 16:53:06,596 [INFO] PluginManager:220 - loadIPPluginJar : add nvic
2023-08-06 16:53:06,599 [INFO] IPUIPlugin:80 - create IPUIPlugin
2023-08-06 16:53:06,599 [INFO] PluginManager:220 - loadIPPluginJar : add gtzc
2023-08-06 16:53:06,604 [INFO] IPUIPlugin:80 - create IPUIPlugin
2023-08-06 16:53:06,604 [INFO] PluginManager:220 - loadIPPluginJar : add freertos
2023-08-06 16:53:06,610 [INFO] IPUIPlugin:80 - create IPUIPlugin
2023-08-06 16:53:06,610 [INFO] PluginManager:220 - loadIPPluginJar : add dma
2023-08-06 16:53:06,611 [INFO] IPUIPlugin:80 - create IPUIPlugin
2023-08-06 16:53:06,611 [INFO] PluginManager:220 - loadIPPluginJar : add tsc
2023-08-06 16:53:06,613 [INFO] IPUIPlugin:80 - create IPUIPlugin
2023-08-06 16:53:06,614 [INFO] PluginManager:220 - loadIPPluginJar : add usart
2023-08-06 16:53:06,615 [INFO] IPUIPlugin:80 - create IPUIPlugin
2023-08-06 16:53:06,615 [INFO] PluginManager:220 - loadIPPluginJar : add comp
2023-08-06 16:53:06,617 [INFO] IPUIPlugin:80 - create IPUIPlugin
2023-08-06 16:53:06,617 [INFO] PluginManager:220 - loadIPPluginJar : add i2s
2023-08-06 16:53:06,619 [INFO] IPUIPlugin:80 - create IPUIPlugin
2023-08-06 16:53:06,619 [INFO] PluginManager:220 - loadIPPluginJar : add i2c
2023-08-06 16:53:06,621 [INFO] IPUIPlugin:80 - create IPUIPlugin
2023-08-06 16:53:06,621 [INFO] PluginManager:220 - loadIPPluginJar : add i3c
2023-08-06 16:53:06,627 [INFO] IPUIPlugin:80 - create IPUIPlugin
2023-08-06 16:53:06,627 [INFO] PluginManager:220 - loadIPPluginJar : add resmgrutility
2023-08-06 16:53:06,630 [INFO] IPUIPlugin:80 - create IPUIPlugin
2023-08-06 16:53:06,630 [INFO] PluginManager:220 - loadIPPluginJar : add stm32_wpan
2023-08-06 16:53:06,632 [INFO] IPUIPlugin:80 - create IPUIPlugin
2023-08-06 16:53:06,632 [INFO] PluginManager:220 - loadIPPluginJar : add dma3
2023-08-06 16:53:06,633 [INFO] IPUIPlugin:80 - create IPUIPlugin
2023-08-06 16:53:06,634 [INFO] PluginManager:220 - loadIPPluginJar : add touchsensing
2023-08-06 16:53:06,635 [INFO] IPUIPlugin:80 - create IPUIPlugin
2023-08-06 16:53:06,635 [INFO] PluginManager:220 - loadIPPluginJar : add can
2023-08-06 16:53:06,638 [INFO] IPUIPlugin:80 - create IPUIPlugin
2023-08-06 16:53:06,638 [INFO] PluginManager:220 - loadIPPluginJar : add fmc
2023-08-06 16:53:06,641 [INFO] IPUIPlugin:80 - create IPUIPlugin
2023-08-06 16:53:06,641 [INFO] PluginManager:220 - loadIPPluginJar : add gic
2023-08-06 16:53:06,642 [INFO] IPUIPlugin:80 - create IPUIPlugin
2023-08-06 16:53:06,642 [INFO] PluginManager:220 - loadIPPluginJar : add ts
2023-08-06 16:53:06,643 [INFO] IPUIPlugin:80 - create IPUIPlugin
2023-08-06 16:53:06,644 [INFO] PluginManager:220 - loadIPPluginJar : add opamp
2023-08-06 16:53:06,646 [INFO] IPUIPlugin:80 - create IPUIPlugin
2023-08-06 16:53:06,646 [INFO] PluginManager:220 - loadIPPluginJar : add gpio
2023-08-06 16:53:06,648 [INFO] IPUIPlugin:80 - create IPUIPlugin
2023-08-06 16:53:06,648 [INFO] PluginManager:220 - loadIPPluginJar : add openamp
2023-08-06 16:53:06,652 [INFO] IPUIPlugin:80 - create IPUIPlugin
2023-08-06 16:53:06,652 [INFO] PluginManager:220 - loadIPPluginJar : add adc
2023-08-06 16:53:06,749 [INFO] CADModel:165 - CPN selected for project level
2023-08-06 16:53:06,750 [INFO] CADModel:114 - Register for checkConnection events
2023-08-06 16:53:06,750 [FATAL] Updater:308 - Updater called before beeing initialized
2023-08-06 16:53:06,750 [ERROR] CADModel:125 - Updater not yet initialized, retry later 
2023-08-06 16:53:06,843 [INFO] CADModel:165 - CPN selected for project level
2023-08-06 16:53:06,843 [INFO] CADModel:114 - Register for checkConnection events
2023-08-06 16:53:06,843 [FATAL] Updater:308 - Updater called before beeing initialized
2023-08-06 16:53:06,843 [ERROR] CADModel:125 - Updater not yet initialized, retry later 
2023-08-06 16:53:06,846 [FATAL] Updater:308 - Updater called before beeing initialized
2023-08-06 16:53:06,919 [FATAL] Updater:308 - Updater called before beeing initialized
2023-08-06 16:53:06,924 [INFO] DbMcusAds:53 - JSON generation date=Tue Mar 07 14:20:55 IST 2023 (1678179055114)
2023-08-06 16:53:06,925 [FATAL] Updater:308 - Updater called before beeing initialized
2023-08-06 16:53:06,952 [WARN] DetailPanel:346 - Failed to get advertising image, set to default
2023-08-06 16:53:07,023 [FATAL] Updater:308 - Updater called before beeing initialized
2023-08-06 16:53:07,024 [FATAL] Updater:308 - Updater called before beeing initialized
2023-08-06 16:53:07,024 [FATAL] Updater:308 - Updater called before beeing initialized
2023-08-06 16:53:07,025 [WARN] DetailPanel:346 - Failed to get advertising image, set to default
2023-08-06 16:53:07,025 [FATAL] Updater:308 - Updater called before beeing initialized
2023-08-06 16:53:07,051 [ERROR] Updater:1120 - MainUpdater not yet initialized. External WinMGr cannot be set.
2023-08-06 16:53:07,053 [INFO] Updater:1056 - Updater Version found : 6.9.0
2023-08-06 16:53:07,069 [INFO] ApplicationProperties:184 - Using Application install path: /opt/st/stm32cubeide_1.13.0/plugins/com.st.stm32cube.common.mx_6.9.0.202307051724
2023-08-06 16:53:07,155 [ERROR] ServerAccessManage:1146 - Warning during Server Connection :  Unknown host sw-center.st.com
2023-08-06 16:53:07,158 [INFO] MainUpdater:2868 - connection check result : 22
2023-08-06 16:53:07,159 [INFO] MainUpdater:285 - Updater Check For Update Now.
2023-08-06 16:53:07,159 [INFO] MicroXplorer:498 - Change Database Version : DB.6.0.90
2023-08-06 16:53:07,165 [INFO] McuFinderGlobals:63 - Set McuFinder mode to 2 (CubeIDE integrated)
2023-08-06 16:53:07,369 [INFO] CheckServerUpdateThread:120 - End of CheckServer Thread
2023-08-06 16:53:09,108 [WARN] PackLoader:240 - Cannot read IP mode file for STMicroelectronics.X-CUBE-SMBUS.2.1.0
2023-08-06 16:53:09,149 [WARN] PackLoader:240 - Cannot read IP mode file for STMicroelectronics.X-CUBE-AZRTOS-F7.1.1.0
2023-08-06 16:53:09,162 [WARN] PackLoader:240 - Cannot read IP mode file for STMicroelectronics.FP-SNS-MOTENV1.4.3.2
2023-08-06 16:53:09,170 [WARN] PackLoader:240 - Cannot read IP mode file for STMicroelectronics.FP-SNS-FLIGHT1.5.0.1
2023-08-06 16:53:09,178 [WARN] PackLoader:240 - Cannot read IP mode file for STMicroelectronics.X-CUBE-BLE1.6.2.4
2023-08-06 16:53:09,187 [WARN] PackLoader:240 - Cannot read IP mode file for STMicroelectronics.X-CUBE-DISPLAY.3.0.0
2023-08-06 16:53:09,198 [WARN] PackLoader:240 - Cannot read IP mode file for emotas.I-CUBE-CANOPEN.1.3.0
2023-08-06 16:53:09,203 [WARN] PackLoader:240 - Cannot read IP mode file for STMicroelectronics.X-CUBE-TOUCHGFX.4.22.0
2023-08-06 16:53:09,216 [INFO] LogOutputStream:77 - [STDOUT_REDIRECT] 1 : Invalid condition id : UX_CORESTACK_Condition cause : null
2023-08-06 16:53:09,216 [INFO] LogOutputStream:77 - [STDOUT_REDIRECT] 1 : Invalid condition id : UX_CORESTACK_Condition cause : null
2023-08-06 16:53:09,217 [INFO] LogOutputStream:77 - [STDOUT_REDIRECT] 1 : Invalid condition id : UX_CORESTACK_Condition cause : null
2023-08-06 16:53:09,217 [INFO] LogOutputStream:77 - [STDOUT_REDIRECT] 1 : Invalid condition id : UX_CORESTACK_Condition cause : null
2023-08-06 16:53:09,217 [INFO] LogOutputStream:77 - [STDOUT_REDIRECT] 1 : Invalid condition id : UX_CORESTACK_Condition cause : null
2023-08-06 16:53:09,222 [WARN] PackLoader:240 - Cannot read IP mode file for STMicroelectronics.X-CUBE-AZRTOS-WL.2.0.0
2023-08-06 16:53:09,231 [WARN] PackLoader:240 - Cannot read IP mode file for WES.I-CUBE-Cesium.1.3.0
2023-08-06 16:53:09,236 [WARN] PackLoader:240 - Cannot read IP mode file for STMicroelectronics.X-CUBE-BLE2.3.3.0
2023-08-06 16:53:09,244 [WARN] PackLoader:240 - Cannot read IP mode file for STMicroelectronics.X-CUBE-ALGOBUILD.1.3.0
2023-08-06 16:53:09,270 [WARN] PackLoader:240 - Cannot read IP mode file for STMicroelectronics.X-CUBE-AZRTOS-G0.1.1.0
2023-08-06 16:53:09,279 [WARN] PackLoader:240 - Cannot read IP mode file for STMicroelectronics.X-CUBE-NFC4.3.0.0
2023-08-06 16:53:09,284 [WARN] PackLoader:240 - Cannot read IP mode file for STMicroelectronics.FP-ATR-SIGFOX1.3.2.0
2023-08-06 16:53:09,326 [WARN] PackLoader:240 - Cannot read IP mode file for SEGGER.I-CUBE-embOS.1.3.1
2023-08-06 16:53:09,408 [WARN] PackLoader:240 - Cannot read IP mode file for STMicroelectronics.X-CUBE-GNSS1.6.0.0
2023-08-06 16:53:09,448 [WARN] PackLoader:240 - Cannot read IP mode file for STMicroelectronics.X-CUBE-AZRTOS-F4.1.1.0
2023-08-06 16:53:09,454 [WARN] PackLoader:240 - Cannot read IP mode file for wolfSSL.I-CUBE-wolfSSL.5.6.3
2023-08-06 16:53:09,497 [WARN] PackLoader:240 - Cannot read IP mode file for STMicroelectronics.X-CUBE-MEMS1.9.6.0
2023-08-06 16:53:09,654 [WARN] PackLoader:240 - Cannot read IP mode file for STMicroelectronics.X-CUBE-BLEMGR.2.0.0
2023-08-06 16:53:09,668 [WARN] ConditionMgr:438 - getConditionDescription Invalid condition id : UX DEVICE CLASS RTOS Condition cause : null
2023-08-06 16:53:09,669 [WARN] ConditionMgr:438 - getConditionDescription Invalid condition id : UX DEVICE CLASS RTOS Condition cause : null
2023-08-06 16:53:09,672 [WARN] PackLoader:240 - Cannot read IP mode file for STMicroelectronics.X-CUBE-AZRTOS-H7.3.1.0
2023-08-06 16:53:09,673 [WARN] ConditionMgr:1039 - genDependencies : Invalid condition id : UX DEVICE CLASS RTOS Condition cause : null
2023-08-06 16:53:09,673 [WARN] ConditionMgr:1039 - genDependencies : Invalid condition id : UX DEVICE CLASS RTOS Condition cause : null
2023-08-06 16:53:09,674 [WARN] ConditionMgr:1039 - genDependencies : Invalid condition id : UX DEVICE CLASS RTOS Condition cause : null
2023-08-06 16:53:09,674 [WARN] ConditionMgr:1039 - genDependencies : Invalid condition id : UX DEVICE CLASS RTOS Condition cause : null
2023-08-06 16:53:09,674 [WARN] ConditionMgr:1039 - genDependencies : Invalid condition id : UX DEVICE CLASS RTOS Condition cause : null
2023-08-06 16:53:09,680 [WARN] PackLoader:240 - Cannot read IP mode file for STMicroelectronics.X-CUBE-NFC7.1.0.1
2023-08-06 16:53:09,686 [WARN] PackLoader:240 - Cannot read IP mode file for STMicroelectronics.X-CUBE-EEPRMA1.4.1.0
2023-08-06 16:53:09,703 [WARN] ConditionMgr:438 - getConditionDescription Invalid condition id : LAN8742 Phy interface Condition cause : null
2023-08-06 16:53:09,704 [WARN] PackLoader:240 - Cannot read IP mode file for STMicroelectronics.X-CUBE-AZRTOS-L4.2.0.0
2023-08-06 16:53:09,705 [WARN] ConditionMgr:1039 - genDependencies : Invalid condition id : LAN8742 Phy interface Condition cause : null
2023-08-06 16:53:09,706 [WARN] ConditionMgr:1039 - genDependencies : Invalid condition id : LAN8742 Phy interface Condition cause : null
2023-08-06 16:53:09,706 [WARN] ConditionMgr:1039 - genDependencies : Invalid condition id : LAN8742 Phy interface Condition cause : null
2023-08-06 16:53:09,714 [WARN] PackLoader:240 - Cannot read IP mode file for STMicroelectronics.X-CUBE-SFXS2LP1.4.0.0
2023-08-06 16:53:09,719 [WARN] PackLoader:240 - Cannot read IP mode file for STMicroelectronics.X-CUBE-ISPU.1.1.0
2023-08-06 16:53:09,723 [WARN] PackLoader:240 - Cannot read IP mode file for STMicroelectronics.X-CUBE-FREERTOS.1.0.1
2023-08-06 16:53:09,740 [WARN] PackLoader:240 - Cannot read IP mode file for STMicroelectronics.X-CUBE-AZRTOS-L5.1.1.0
2023-08-06 16:53:09,745 [WARN] PackLoader:240 - Cannot read IP mode file for STMicroelectronics.X-CUBE-AI.8.0.1
2023-08-06 16:53:09,754 [WARN] PackLoader:240 - Cannot read IP mode file for STMicroelectronics.X-CUBE-SUBG2.5.0.0
2023-08-06 16:53:09,772 [WARN] PackLoader:240 - Cannot read IP mode file for STMicroelectronics.X-CUBE-TOF1.3.3.1
2023-08-06 16:53:09,790 [WARN] PackLoader:240 - Cannot read IP mode file for STMicroelectronics.X-CUBE-AZRTOS-G4.2.0.0
2023-08-06 16:53:09,795 [WARN] PackLoader:240 - Cannot read IP mode file for portGmbH.I-Cube-SoM-uGOAL.1.1.0
2023-08-06 16:53:09,800 [WARN] PackLoader:240 - Cannot read IP mode file for STMicroelectronics.X-CUBE-ALS.1.0.1
2023-08-06 16:53:09,808 [WARN] PackLoader:240 - Cannot read IP mode file for STMicroelectronics.X-CUBE-AZRTOS-WB.1.1.0
2023-08-06 16:53:09,812 [WARN] PackLoader:240 - Cannot read IP mode file for STMicroelectronics.FP-ATR-ASTRA1.2.0.0
2023-08-06 16:53:09,813 [INFO] ThirdParty:978 - Integrity check success = true
2023-08-06 16:53:09,813 [INFO] IntegrityCheckThread:100 - exiting critical section [integrity check]
2023-08-06 16:53:09,813 [INFO] IntegrityCheckThread:103 - End integrity checks thread
2023-08-06 16:53:27,529 [ERROR] LogOutputStream:75 - [STDERR_REDIRECT] SLF4J: Failed to load class "org.slf4j.impl.StaticLoggerBinder".
2023-08-06 16:53:27,529 [ERROR] LogOutputStream:75 - [STDERR_REDIRECT] SLF4J: Defaulting to no-operation (NOP) logger implementation
2023-08-06 16:53:27,530 [ERROR] LogOutputStream:75 - [STDERR_REDIRECT] SLF4J: See http://www.slf4j.org/codes.html#StaticLoggerBinder for further details.
2023-08-06 17:00:16,098 [ERROR] ConfigurationRetriever:142 - IOException on connection: sw-center.st.com
2023-08-06 17:00:16,099 [ERROR] ConfigurationRetriever:142 - IOException on connection: sw-center.st.com
2023-08-06 17:00:16,099 [ERROR] ConfigurationRetriever:142 - IOException on connection: sw-center.st.com
