12:08:32 **** Incremental Build of configuration Debug for project new_rtos ****
make -j4 all 
arm-none-eabi-gcc "../Third_Party/SEGGER/SEGGER/Syscalls/SEGGER_RTT_Syscalls_GCC.c" -mcpu=cortex-m4 -std=gnu11 -g3 -DDEBUG -DUSE_HAL_DRIVER -DSTM32F446xx -c -I../Core/Inc -I../Drivers/STM32F4xx_HAL_Driver/Inc -I../Drivers/STM32F4xx_HAL_Driver/Inc/Legacy -I../Drivers/CMSIS/Device/ST/STM32F4xx/Include -I../Drivers/CMSIS/Include -O0 -ffunction-sections -fdata-sections -Wall -fstack-usage -fcyclomatic-complexity -MMD -MP -MF"Third_Party/SEGGER/SEGGER/Syscalls/SEGGER_RTT_Syscalls_GCC.d" -MT"Third_Party/SEGGER/SEGGER/Syscalls/SEGGER_RTT_Syscalls_GCC.o" --specs=nano.specs -mfpu=fpv4-sp-d16 -mfloat-abi=hard -mthumb -o "Third_Party/SEGGER/SEGGER/Syscalls/SEGGER_RTT_Syscalls_GCC.o"
arm-none-eabi-gcc -mcpu=cortex-m4 -g3 -DDEBUG -c -I"/home/manjunath/stm/new_rtos/Third_Party/FreeRTOS/Config" -I"/home/manjunath/stm/new_rtos/Third_Party/FreeRTOS/include" -I"/home/manjunath/stm/new_rtos/Third_Party/FreeRTOS/portable/GCC/ARM_CM4F" -I"/home/manjunath/stm/new_rtos/Third_Party/SEGGER/Config" -I"/home/manjunath/stm/new_rtos/Third_Party/SEGGER/OS" -I"/home/manjunath/stm/new_rtos/Third_Party/SEGGER/SEGGER" -x assembler-with-cpp -MMD -MP -MF"Third_Party/SEGGER/SEGGER/SEGGER_RTT_ASM_ARMv7M.d" -MT"Third_Party/SEGGER/SEGGER/SEGGER_RTT_ASM_ARMv7M.o" --specs=nano.specs -mfpu=fpv4-sp-d16 -mfloat-abi=hard -mthumb -o "Third_Party/SEGGER/SEGGER/SEGGER_RTT_ASM_ARMv7M.o" "../Third_Party/SEGGER/SEGGER/SEGGER_RTT_ASM_ARMv7M.S"
arm-none-eabi-gcc "../Third_Party/SEGGER/SEGGER/SEGGER_RTT_printf.c" -mcpu=cortex-m4 -std=gnu11 -g3 -DDEBUG -DUSE_HAL_DRIVER -DSTM32F446xx -c -I../Core/Inc -I../Drivers/STM32F4xx_HAL_Driver/Inc -I../Drivers/STM32F4xx_HAL_Driver/Inc/Legacy -I../Drivers/CMSIS/Device/ST/STM32F4xx/Include -I../Drivers/CMSIS/Include -O0 -ffunction-sections -fdata-sections -Wall -fstack-usage -fcyclomatic-complexity -MMD -MP -MF"Third_Party/SEGGER/SEGGER/SEGGER_RTT_printf.d" -MT"Third_Party/SEGGER/SEGGER/SEGGER_RTT_printf.o" --specs=nano.specs -mfpu=fpv4-sp-d16 -mfloat-abi=hard -mthumb -o "Third_Party/SEGGER/SEGGER/SEGGER_RTT_printf.o"
arm-none-eabi-gcc "../Third_Party/SEGGER/SEGGER/SEGGER_SYSVIEW.c" -mcpu=cortex-m4 -std=gnu11 -g3 -DDEBUG -DUSE_HAL_DRIVER -DSTM32F446xx -c -I../Core/Inc -I../Drivers/STM32F4xx_HAL_Driver/Inc -I../Drivers/STM32F4xx_HAL_Driver/Inc/Legacy -I../Drivers/CMSIS/Device/ST/STM32F4xx/Include -I../Drivers/CMSIS/Include -O0 -ffunction-sections -fdata-sections -Wall -fstack-usage -fcyclomatic-complexity -MMD -MP -MF"Third_Party/SEGGER/SEGGER/SEGGER_SYSVIEW.d" -MT"Third_Party/SEGGER/SEGGER/SEGGER_SYSVIEW.o" --specs=nano.specs -mfpu=fpv4-sp-d16 -mfloat-abi=hard -mthumb -o "Third_Party/SEGGER/SEGGER/SEGGER_SYSVIEW.o"
../Third_Party/SEGGER/SEGGER/Syscalls/SEGGER_RTT_Syscalls_GCC.c:59:10: fatal error: SEGGER_RTT.h: No such file or directory
   59 | #include "SEGGER_RTT.h"
      |          ^~~~~~~~~~~~~~
compilation terminated.
../Third_Party/SEGGER/SEGGER/SEGGER_RTT_printf.c:55:10: fatal error: SEGGER_RTT_Conf.h: No such file or directory
   55 | #include "SEGGER_RTT_Conf.h"
      |          ^~~~~~~~~~~~~~~~~~~
compilation terminated.
In file included from ../Third_Party/SEGGER/SEGGER/SEGGER_SYSVIEW.h:64,
                 from ../Third_Party/SEGGER/SEGGER/SEGGER_SYSVIEW_Int.h:64,
                 from ../Third_Party/SEGGER/SEGGER/SEGGER_SYSVIEW.c:146:
../Third_Party/SEGGER/SEGGER/SEGGER.h:59:10: fatal error: Global.h: No such file or directory
   59 | #include "Global.h"         // Type definitions: U8, U16, U32, I8, I16, I32
      |          ^~~~~~~~~~
compilation terminated.
make: *** [Third_Party/SEGGER/SEGGER/Syscalls/subdir.mk:19: Third_Party/SEGGER/SEGGER/Syscalls/SEGGER_RTT_Syscalls_GCC.o] Error 1
make: *** Waiting for unfinished jobs....
make: *** [Third_Party/SEGGER/SEGGER/subdir.mk:32: Third_Party/SEGGER/SEGGER/SEGGER_RTT_printf.o] Error 1
make: *** [Third_Party/SEGGER/SEGGER/subdir.mk:32: Third_Party/SEGGER/SEGGER/SEGGER_SYSVIEW.o] Error 1
"make -j4 all" terminated with exit code 2. Build might be incomplete.

12:08:32 Build Failed. 7 errors, 0 warnings. (took 222ms)

